#
# There is insufficient memory for the Java Runtime Environment to continue.
# Native memory allocation (malloc) failed to allocate 725136 bytes. Error detail: Chunk::new
# Possible reasons:
#   The system is out of physical RAM or swap space
#   This process is running with CompressedOops enabled, and the Java Heap may be blocking the growth of the native heap
# Possible solutions:
#   Reduce memory load on the system
#   Increase physical memory or swap space
#   Check if swap backing store is full
#   Decrease Java heap size (-Xmx/-Xms)
#   Decrease number of Java threads
#   Decrease Java thread stack sizes (-Xss)
#   Set larger code cache with -XX:ReservedCodeCacheSize=
#   JVM is running with Unscaled Compressed Oops mode in which the Java heap is
#     placed in the first 4GB address space. The Java Heap base address is the
#     maximum limit for the native heap growth. Please use -XX:HeapBaseMinAddress
#     to set the Java Heap base and to place the Java Heap above 4GB virtual address.
# This output file may be truncated or incomplete.
#
#  Out of Memory Error (arena.cpp:191), pid=12364, tid=13048
#
# JRE version: OpenJDK Runtime Environment Corretto-17.0.12.7.1 (17.0.12+7) (build 17.0.12+7-LTS)
# Java VM: OpenJDK 64-Bit Server VM Corretto-17.0.12.7.1 (17.0.12+7-LTS, mixed mode, sharing, tiered, compressed oops, compressed class ptrs, g1 gc, windows-amd64)
# No core dump will be written. Minidumps are not enabled by default on client versions of Windows
#

---------------  S U M M A R Y ------------

Command Line: --add-opens=java.base/java.lang=ALL-UNNAMED --add-opens=java.base/java.lang.invoke=ALL-UNNAMED --add-opens=java.base/java.util=ALL-UNNAMED --add-opens=java.prefs/java.util.prefs=ALL-UNNAMED --add-exports=jdk.compiler/com.sun.tools.javac.api=ALL-UNNAMED --add-exports=jdk.compiler/com.sun.tools.javac.util=ALL-UNNAMED --add-opens=java.base/java.util=ALL-UNNAMED --add-opens=java.prefs/java.util.prefs=ALL-UNNAMED --add-opens=java.base/java.nio.charset=ALL-UNNAMED --add-opens=java.base/java.net=ALL-UNNAMED --add-opens=java.base/java.util.concurrent.atomic=ALL-UNNAMED --add-opens=java.xml/javax.xml.namespace=ALL-UNNAMED -XX:MaxMetaspaceSize=384m -XX:+HeapDumpOnOutOfMemoryError -Xms256m -Xmx512m -Dfile.encoding=windows-1252 -Duser.country=US -Duser.language=en -Duser.variant -javaagent:C:\Users\ASUS\.gradle\wrapper\dists\gradle-8.11.1-bin\bpt9gzteqjrbo1mjrsomdt32c\gradle-8.11.1\lib\agents\gradle-instrumentation-agent-8.11.1.jar org.gradle.launcher.daemon.bootstrap.GradleDaemon 8.11.1

Host: Intel(R) Core(TM) i5-7300HQ CPU @ 2.50GHz, 4 cores, 7G,  Windows 10 , 64 bit Build 19041 (10.0.19041.2546)
Time: Thu Feb  6 16:36:14 2025 SE Asia Standard Time elapsed time: 43.803414 seconds (0d 0h 0m 43s)

---------------  T H R E A D  ---------------

Current thread (0x000001a2df603f00):  JavaThread "C2 CompilerThread0" daemon [_thread_in_native, id=13048, stack(0x0000002f0c700000,0x0000002f0c800000)]


Current CompileTask:
C2:  43803 7431       4       io.spring.gradle.dependencymanagement.org.apache.maven.model.interpolation.StringSearchModelInterpolator$InterpolateObjectAction::traverseObjectWithParents (49 bytes)

Stack: [0x0000002f0c700000,0x0000002f0c800000]
Native frames: (J=compiled Java code, j=interpreted, Vv=VM code, C=native code)
V  [jvm.dll+0x67f4f9]
V  [jvm.dll+0x836eaa]
V  [jvm.dll+0x83896e]
V  [jvm.dll+0x838fd3]
V  [jvm.dll+0x247f6f]
V  [jvm.dll+0xac9d4]
V  [jvm.dll+0xad01c]
V  [jvm.dll+0x2af56f]
V  [jvm.dll+0x5864f7]
V  [jvm.dll+0x222e12]
V  [jvm.dll+0x21bfcf]
V  [jvm.dll+0x219831]
V  [jvm.dll+0x1a57bd]
V  [jvm.dll+0x22966d]
V  [jvm.dll+0x22781c]
V  [jvm.dll+0x7ebec7]
V  [jvm.dll+0x7e62ac]
V  [jvm.dll+0x67e3c7]
C  [ucrtbase.dll+0x21bb2]
C  [KERNEL32.DLL+0x17614]
C  [ntdll.dll+0x526a1]


---------------  P R O C E S S  ---------------

Threads class SMR info:
_java_thread_list=0x000001a2fac8b4f0, length=82, elements={
0x000001a2c52f50c0, 0x000001a2df5e5cd0, 0x000001a2df5e67a0, 0x000001a2df6017e0,
0x000001a2df6020b0, 0x000001a2df602980, 0x000001a2df603250, 0x000001a2df603f00,
0x000001a2df6058d0, 0x000001a2df778010, 0x000001a2df5ce8e0, 0x000001a2df905f90,
0x000001a2f9fe2f90, 0x000001a2f980d0d0, 0x000001a2fa5f94a0, 0x000001a2dfa6a5b0,
0x000001a2f985e150, 0x000001a2df7fd4d0, 0x000001a2df7ff840, 0x000001a2df7fdef0,
0x000001a2df7fc5a0, 0x000001a2df7ff330, 0x000001a2df7fcab0, 0x000001a2df7fc090,
0x000001a2df7fcfc0, 0x000001a2df7fd9e0, 0x000001a2df7fe400, 0x000001a2df7fe910,
0x000001a2df7fee20, 0x000001a2fa9505c0, 0x000001a2fa94e250, 0x000001a2fa94e760,
0x000001a2fa94ec70, 0x000001a2fa94dd40, 0x000001a2fa9500b0, 0x000001a2fa94f180,
0x000001a2fa94fba0, 0x000001a2fa950ad0, 0x000001a2fa94d320, 0x000001a2fce10b40,
0x000001a2fce11f80, 0x000001a2fce0d8a0, 0x000001a2fce0bf50, 0x000001a2fce11050,
0x000001a2fce0e2c0, 0x000001a2fce0f1f0, 0x000001a2fce0c460, 0x000001a2fce12eb0,
0x000001a2fce0ddb0, 0x000001a2fce11560, 0x000001a2fce0fc10, 0x000001a2fce133c0,
0x000001a2fce11a70, 0x000001a2fce129a0, 0x000001a2fce138d0, 0x000001a2fce0c970,
0x000001a2fce0f700, 0x000001a2fce10630, 0x000001a2fce0ce80, 0x000001a2fce0d390,
0x000001a2fce0ece0, 0x000001a2fab134b0, 0x000001a2fab15820, 0x000001a2fab139c0,
0x000001a2fab0fd00, 0x000001a2fab148f0, 0x000001a2fab10210, 0x000001a2fab16240,
0x000001a2fab10720, 0x000001a2fab13ed0, 0x000001a2fab15d30, 0x000001a2fab10c30,
0x000001a2fab11650, 0x000001a2fab11140, 0x000001a2fab11b60, 0x000001a2fab12070,
0x000001a2fab143e0, 0x000001a2fab16750, 0x000001a2fab12a90, 0x000001a2fab12fa0,
0x000001a2fab0f7f0, 0x000001a2fab12580
}

Java Threads: ( => current thread )
  0x000001a2c52f50c0 JavaThread "main" [_thread_blocked, id=13656, stack(0x0000002f0ba00000,0x0000002f0bb00000)]
  0x000001a2df5e5cd0 JavaThread "Reference Handler" daemon [_thread_blocked, id=7196, stack(0x0000002f0c100000,0x0000002f0c200000)]
  0x000001a2df5e67a0 JavaThread "Finalizer" daemon [_thread_blocked, id=9740, stack(0x0000002f0c200000,0x0000002f0c300000)]
  0x000001a2df6017e0 JavaThread "Signal Dispatcher" daemon [_thread_blocked, id=8300, stack(0x0000002f0c300000,0x0000002f0c400000)]
  0x000001a2df6020b0 JavaThread "Attach Listener" daemon [_thread_blocked, id=512, stack(0x0000002f0c400000,0x0000002f0c500000)]
  0x000001a2df602980 JavaThread "Service Thread" daemon [_thread_blocked, id=4692, stack(0x0000002f0c500000,0x0000002f0c600000)]
  0x000001a2df603250 JavaThread "Monitor Deflation Thread" daemon [_thread_blocked, id=13536, stack(0x0000002f0c600000,0x0000002f0c700000)]
=>0x000001a2df603f00 JavaThread "C2 CompilerThread0" daemon [_thread_in_native, id=13048, stack(0x0000002f0c700000,0x0000002f0c800000)]
  0x000001a2df6058d0 JavaThread "C1 CompilerThread0" daemon [_thread_blocked, id=8496, stack(0x0000002f0c800000,0x0000002f0c900000)]
  0x000001a2df778010 JavaThread "Sweeper thread" daemon [_thread_blocked, id=5900, stack(0x0000002f0c900000,0x0000002f0ca00000)]
  0x000001a2df5ce8e0 JavaThread "Common-Cleaner" daemon [_thread_blocked, id=7560, stack(0x0000002f0ca00000,0x0000002f0cb00000)]
  0x000001a2df905f90 JavaThread "Notification Thread" daemon [_thread_blocked, id=10952, stack(0x0000002f0cb00000,0x0000002f0cc00000)]
  0x000001a2f9fe2f90 JavaThread "Daemon health stats" [_thread_blocked, id=12196, stack(0x0000002f0d000000,0x0000002f0d100000)]
  0x000001a2f980d0d0 JavaThread "Incoming local TCP Connector on port 56190" [_thread_in_native, id=13780, stack(0x0000002f0d100000,0x0000002f0d200000)]
  0x000001a2fa5f94a0 JavaThread "Daemon periodic checks" [_thread_blocked, id=6276, stack(0x0000002f0d200000,0x0000002f0d300000)]
  0x000001a2dfa6a5b0 JavaThread "Daemon" [_thread_blocked, id=13996, stack(0x0000002f0d300000,0x0000002f0d400000)]
  0x000001a2f985e150 JavaThread "Handler for socket connection from /127.0.0.1:56190 to /127.0.0.1:56192" [_thread_in_native, id=1140, stack(0x0000002f0d400000,0x0000002f0d500000)]
  0x000001a2df7fd4d0 JavaThread "Cancel handler" [_thread_blocked, id=11788, stack(0x0000002f0d500000,0x0000002f0d600000)]
  0x000001a2df7ff840 JavaThread "Daemon worker" [_thread_in_Java, id=13588, stack(0x0000002f0d600000,0x0000002f0d700000)]
  0x000001a2df7fdef0 JavaThread "Asynchronous log dispatcher for DefaultDaemonConnection: socket connection from /127.0.0.1:56190 to /127.0.0.1:56192" [_thread_blocked, id=14184, stack(0x0000002f0d700000,0x0000002f0d800000)]
  0x000001a2df7fc5a0 JavaThread "Stdin handler" [_thread_blocked, id=10640, stack(0x0000002f0d800000,0x0000002f0d900000)]
  0x000001a2df7ff330 JavaThread "Daemon client event forwarder" [_thread_blocked, id=7588, stack(0x0000002f0d900000,0x0000002f0da00000)]
  0x000001a2df7fcab0 JavaThread "Cache worker for journal cache (C:\Users\ASUS\.gradle\caches\journal-1)" [_thread_blocked, id=3500, stack(0x0000002f0da00000,0x0000002f0db00000)]
  0x000001a2df7fc090 JavaThread "File lock request listener" [_thread_in_native, id=9056, stack(0x0000002f0db00000,0x0000002f0dc00000)]
  0x000001a2df7fcfc0 JavaThread "File lock release action executor" [_thread_blocked, id=3336, stack(0x0000002f0dc00000,0x0000002f0dd00000)]
  0x000001a2df7fd9e0 JavaThread "Cache worker for file hash cache (C:\Users\ASUS\.gradle\caches\8.11.1\fileHashes)" [_thread_blocked, id=12528, stack(0x0000002f0dd00000,0x0000002f0de00000)]
  0x000001a2df7fe400 JavaThread "Cache worker for file content cache (C:\Users\ASUS\.gradle\caches\8.11.1\fileContent)" [_thread_blocked, id=10756, stack(0x0000002f0de00000,0x0000002f0df00000)]
  0x000001a2df7fe910 JavaThread "Cache worker for file hash cache (D:\codegym\bat_dong_san\case_study_module_4\case_study\case_study\.gradle\8.11.1\fileHashes)" [_thread_blocked, id=10748, stack(0x0000002f0df00000,0x0000002f0e000000)]
  0x000001a2df7fee20 JavaThread "Cache worker for Build Output Cleanup Cache (D:\codegym\bat_dong_san\case_study_module_4\case_study\case_study\.gradle\buildOutputCleanup)" [_thread_blocked, id=11048, stack(0x0000002f0e000000,0x0000002f0e100000)]
  0x000001a2fa9505c0 JavaThread "File watcher server" daemon [_thread_in_native, id=5476, stack(0x0000002f0e200000,0x0000002f0e300000)]
  0x000001a2fa94e250 JavaThread "File watcher consumer" daemon [_thread_blocked, id=9836, stack(0x0000002f0e300000,0x0000002f0e400000)]
  0x000001a2fa94e760 JavaThread "Cache worker for checksums cache (D:\codegym\bat_dong_san\case_study_module_4\case_study\case_study\.gradle\8.11.1\checksums)" [_thread_blocked, id=3312, stack(0x0000002f0e100000,0x0000002f0e200000)]
  0x000001a2fa94ec70 JavaThread "Cache worker for cache directory md-rule (C:\Users\ASUS\.gradle\caches\8.11.1\md-rule)" [_thread_blocked, id=988, stack(0x0000002f0e400000,0x0000002f0e500000)]
  0x000001a2fa94dd40 JavaThread "Cache worker for cache directory md-supplier (C:\Users\ASUS\.gradle\caches\8.11.1\md-supplier)" [_thread_blocked, id=11452, stack(0x0000002f0e500000,0x0000002f0e600000)]
  0x000001a2fa9500b0 JavaThread "jar transforms" [_thread_blocked, id=6552, stack(0x0000002f0e600000,0x0000002f0e700000)]
  0x000001a2fa94f180 JavaThread "jar transforms Thread 2" [_thread_blocked, id=7536, stack(0x0000002f0e700000,0x0000002f0e800000)]
  0x000001a2fa94fba0 JavaThread "jar transforms Thread 3" [_thread_blocked, id=3044, stack(0x0000002f0e800000,0x0000002f0e900000)]
  0x000001a2fa950ad0 JavaThread "jar transforms Thread 4" [_thread_blocked, id=8888, stack(0x0000002f0e900000,0x0000002f0ea00000)]
  0x000001a2fa94d320 JavaThread "File lock release action executor Thread 2" [_thread_blocked, id=424, stack(0x0000002f0ec00000,0x0000002f0ed00000)]
  0x000001a2fce10b40 JavaThread "Unconstrained build operations" [_thread_blocked, id=4276, stack(0x0000002f0ed00000,0x0000002f0ee00000)]
  0x000001a2fce11f80 JavaThread "Unconstrained build operations Thread 2" [_thread_blocked, id=13964, stack(0x0000002f0ee00000,0x0000002f0ef00000)]
  0x000001a2fce0d8a0 JavaThread "Unconstrained build operations Thread 3" [_thread_blocked, id=2740, stack(0x0000002f0ef00000,0x0000002f0f000000)]
  0x000001a2fce0bf50 JavaThread "Unconstrained build operations Thread 4" [_thread_blocked, id=4784, stack(0x0000002f0f000000,0x0000002f0f100000)]
  0x000001a2fce11050 JavaThread "Unconstrained build operations Thread 5" [_thread_blocked, id=7880, stack(0x0000002f0f100000,0x0000002f0f200000)]
  0x000001a2fce0e2c0 JavaThread "Unconstrained build operations Thread 6" [_thread_blocked, id=9116, stack(0x0000002f0f200000,0x0000002f0f300000)]
  0x000001a2fce0f1f0 JavaThread "Unconstrained build operations Thread 7" [_thread_blocked, id=6372, stack(0x0000002f0f300000,0x0000002f0f400000)]
  0x000001a2fce0c460 JavaThread "Unconstrained build operations Thread 8" [_thread_blocked, id=4396, stack(0x0000002f0f400000,0x0000002f0f500000)]
  0x000001a2fce12eb0 JavaThread "Unconstrained build operations Thread 9" [_thread_blocked, id=3120, stack(0x0000002f0f500000,0x0000002f0f600000)]
  0x000001a2fce0ddb0 JavaThread "Memory manager" [_thread_blocked, id=2824, stack(0x0000002f0f600000,0x0000002f0f700000)]
  0x000001a2fce11560 JavaThread "Daemon Thread 2" [_thread_blocked, id=2744, stack(0x0000002f0eb00000,0x0000002f0ec00000)]
  0x000001a2fce0fc10 JavaThread "ForkJoinPool.commonPool-worker-1" daemon [_thread_blocked, id=5560, stack(0x0000002f0f900000,0x0000002f0fa00000)]
  0x000001a2fce133c0 JavaThread "ForkJoinPool.commonPool-worker-2" daemon [_thread_blocked, id=11908, stack(0x0000002f0fa00000,0x0000002f0fb00000)]
  0x000001a2fce11a70 JavaThread "ForkJoinPool.commonPool-worker-3" daemon [_thread_blocked, id=14104, stack(0x0000002f0fb00000,0x0000002f0fc00000)]
  0x000001a2fce129a0 JavaThread "Exec process" [_thread_blocked, id=11836, stack(0x0000002f0fc00000,0x0000002f0fd00000)]
  0x000001a2fce138d0 JavaThread "Exec process Thread 2" [_thread_blocked, id=13908, stack(0x0000002f0fd00000,0x0000002f0fe00000)]
  0x000001a2fce0c970 JavaThread "Exec process Thread 3" [_thread_blocked, id=11924, stack(0x0000002f0fe00000,0x0000002f0ff00000)]
  0x000001a2fce0f700 JavaThread "Unconstrained build operations Thread 10" [_thread_blocked, id=11492, stack(0x0000002f0ff00000,0x0000002f10000000)]
  0x000001a2fce10630 JavaThread "Unconstrained build operations Thread 11" [_thread_blocked, id=11308, stack(0x0000002f0f800000,0x0000002f0f900000)]
  0x000001a2fce0ce80 JavaThread "Unconstrained build operations Thread 12" [_thread_blocked, id=12080, stack(0x0000002f10100000,0x0000002f10200000)]
  0x000001a2fce0d390 JavaThread "Unconstrained build operations Thread 13" [_thread_blocked, id=5492, stack(0x0000002f10200000,0x0000002f10300000)]
  0x000001a2fce0ece0 JavaThread "Unconstrained build operations Thread 14" [_thread_blocked, id=12660, stack(0x0000002f10300000,0x0000002f10400000)]
  0x000001a2fab134b0 JavaThread "Unconstrained build operations Thread 15" [_thread_blocked, id=13168, stack(0x0000002f10400000,0x0000002f10500000)]
  0x000001a2fab15820 JavaThread "Unconstrained build operations Thread 16" [_thread_blocked, id=10988, stack(0x0000002f10500000,0x0000002f10600000)]
  0x000001a2fab139c0 JavaThread "Unconstrained build operations Thread 17" [_thread_blocked, id=8476, stack(0x0000002f10000000,0x0000002f10100000)]
  0x000001a2fab0fd00 JavaThread "Unconstrained build operations Thread 18" [_thread_blocked, id=6652, stack(0x0000002f10600000,0x0000002f10700000)]
  0x000001a2fab148f0 JavaThread "Unconstrained build operations Thread 19" [_thread_blocked, id=13792, stack(0x0000002f10700000,0x0000002f10800000)]
  0x000001a2fab10210 JavaThread "Unconstrained build operations Thread 20" [_thread_blocked, id=8292, stack(0x0000002f10800000,0x0000002f10900000)]
  0x000001a2fab16240 JavaThread "Unconstrained build operations Thread 21" [_thread_blocked, id=1200, stack(0x0000002f10900000,0x0000002f10a00000)]
  0x000001a2fab10720 JavaThread "Unconstrained build operations Thread 22" [_thread_blocked, id=1208, stack(0x0000002f10a00000,0x0000002f10b00000)]
  0x000001a2fab13ed0 JavaThread "Unconstrained build operations Thread 23" [_thread_blocked, id=7144, stack(0x0000002f10b00000,0x0000002f10c00000)]
  0x000001a2fab15d30 JavaThread "Unconstrained build operations Thread 24" [_thread_blocked, id=8052, stack(0x0000002f10e00000,0x0000002f10f00000)]
  0x000001a2fab10c30 JavaThread "Unconstrained build operations Thread 25" [_thread_blocked, id=12904, stack(0x0000002f10f00000,0x0000002f11000000)]
  0x000001a2fab11650 JavaThread "Unconstrained build operations Thread 26" [_thread_blocked, id=3468, stack(0x0000002f11000000,0x0000002f11100000)]
  0x000001a2fab11140 JavaThread "Unconstrained build operations Thread 27" [_thread_blocked, id=11768, stack(0x0000002f11100000,0x0000002f11200000)]
  0x000001a2fab11b60 JavaThread "Unconstrained build operations Thread 28" [_thread_blocked, id=7668, stack(0x0000002f11200000,0x0000002f11300000)]
  0x000001a2fab12070 JavaThread "Unconstrained build operations Thread 29" [_thread_blocked, id=4104, stack(0x0000002f11300000,0x0000002f11400000)]
  0x000001a2fab143e0 JavaThread "Unconstrained build operations Thread 30" [_thread_blocked, id=8432, stack(0x0000002f11400000,0x0000002f11500000)]
  0x000001a2fab16750 JavaThread "Unconstrained build operations Thread 31" [_thread_blocked, id=5312, stack(0x0000002f11500000,0x0000002f11600000)]
  0x000001a2fab12a90 JavaThread "Unconstrained build operations Thread 32" [_thread_blocked, id=13124, stack(0x0000002f11600000,0x0000002f11700000)]
  0x000001a2fab12fa0 JavaThread "Unconstrained build operations Thread 33" [_thread_blocked, id=7352, stack(0x0000002f11700000,0x0000002f11800000)]
  0x000001a2fab0f7f0 JavaThread "Unconstrained build operations Thread 34" [_thread_blocked, id=6772, stack(0x0000002f11800000,0x0000002f11900000)]
  0x000001a2fab12580 JavaThread "Unconstrained build operations Thread 35" [_thread_blocked, id=8760, stack(0x0000002f11900000,0x0000002f11a00000)]

Other Threads:
  0x000001a2df5de290 VMThread "VM Thread" [stack: 0x0000002f0c000000,0x0000002f0c100000] [id=9816]
  0x000001a2df896ef0 WatcherThread [stack: 0x0000002f0cc00000,0x0000002f0cd00000] [id=13664]
  0x000001a2c531c7a0 GCTaskThread "GC Thread#0" [stack: 0x0000002f0bb00000,0x0000002f0bc00000] [id=2052]
  0x000001a2df9b0e30 GCTaskThread "GC Thread#1" [stack: 0x0000002f0cd00000,0x0000002f0ce00000] [id=1268]
  0x000001a2df9b10f0 GCTaskThread "GC Thread#2" [stack: 0x0000002f0ce00000,0x0000002f0cf00000] [id=8936]
  0x000001a2df9b33c0 GCTaskThread "GC Thread#3" [stack: 0x0000002f0cf00000,0x0000002f0d000000] [id=9612]
  0x000001a2c53224b0 ConcurrentGCThread "G1 Main Marker" [stack: 0x0000002f0bc00000,0x0000002f0bd00000] [id=12984]
  0x000001a2c5322c80 ConcurrentGCThread "G1 Conc#0" [stack: 0x0000002f0bd00000,0x0000002f0be00000] [id=10496]
  0x000001a2c537e6b0 ConcurrentGCThread "G1 Refine#0" [stack: 0x0000002f0be00000,0x0000002f0bf00000] [id=13772]
  0x000001a2fa7ffd20 ConcurrentGCThread "G1 Refine#1" [stack: 0x0000002f0ea00000,0x0000002f0eb00000] [id=6404]
  0x000001a2fe1b9240 ConcurrentGCThread "G1 Refine#2" [stack: 0x0000002f0f700000,0x0000002f0f800000] [id=1088]
  0x000001a2df4a0140 ConcurrentGCThread "G1 Service" [stack: 0x0000002f0bf00000,0x0000002f0c000000] [id=3248]

Threads with active compile tasks:
C2 CompilerThread0    43847 7431       4       io.spring.gradle.dependencymanagement.org.apache.maven.model.interpolation.StringSearchModelInterpolator$InterpolateObjectAction::traverseObjectWithParents (49 bytes)
C1 CompilerThread0    43847 7452       3       io.spring.gradle.dependencymanagement.org.apache.maven.model.merge.MavenModelMerger::mergePlugin_Executions (235 bytes)

VM state: not at safepoint (normal execution)

VM Mutex/Monitor currently owned by a thread: None

Heap address: 0x00000000e0000000, size: 512 MB, Compressed Oops mode: 32-bit

CDS archive(s) mapped at: [0x000001a2e0000000-0x000001a2e0bb0000-0x000001a2e0bb0000), size 12255232, SharedBaseAddress: 0x000001a2e0000000, ArchiveRelocationMode: 1.
Compressed class space mapped at: 0x000001a2e1000000-0x000001a2f5000000, reserved size: 335544320
Narrow klass base: 0x000001a2e0000000, Narrow klass shift: 0, Narrow klass range: 0x100000000

GC Precious Log:
 CPUs: 4 total, 4 available
 Memory: 8076M
 Large Page Support: Disabled
 NUMA Support: Disabled
 Compressed Oops: Enabled (32-bit)
 Heap Region Size: 1M
 Heap Min Capacity: 256M
 Heap Initial Capacity: 256M
 Heap Max Capacity: 512M
 Pre-touch: Disabled
 Parallel Workers: 4
 Concurrent Workers: 1
 Concurrent Refinement Workers: 4
 Periodic GC: Disabled

Heap:
 garbage-first heap   total 262144K, used 113499K [0x00000000e0000000, 0x0000000100000000)
  region size 1024K, 82 young (83968K), 9 survivors (9216K)
 Metaspace       used 53870K, committed 54400K, reserved 393216K
  class space    used 7597K, committed 7872K, reserved 327680K

Heap Regions: E=young(eden), S=young(survivor), O=old, HS=humongous(starts), HC=humongous(continues), CS=collection set, F=free, OA=open archive, CA=closed archive, TAMS=top-at-mark-start (previous, next)
|   0|0x00000000e0000000, 0x00000000e0100000, 0x00000000e0100000|100%|HS|  |TAMS 0x00000000e0100000, 0x00000000e0000000| Complete 
|   1|0x00000000e0100000, 0x00000000e0200000, 0x00000000e0200000|100%|HC|  |TAMS 0x00000000e0200000, 0x00000000e0100000| Complete 
|   2|0x00000000e0200000, 0x00000000e0300000, 0x00000000e0300000|100%|HC|  |TAMS 0x00000000e0300000, 0x00000000e0200000| Complete 
|   3|0x00000000e0300000, 0x00000000e0400000, 0x00000000e0400000|100%| O|  |TAMS 0x00000000e0400000, 0x00000000e0300000| Untracked 
|   4|0x00000000e0400000, 0x00000000e0400000, 0x00000000e0500000|  0%| F|  |TAMS 0x00000000e0400000, 0x00000000e0400000| Untracked 
|   5|0x00000000e0500000, 0x00000000e0600000, 0x00000000e0600000|100%| O|  |TAMS 0x00000000e0600000, 0x00000000e0500000| Untracked 
|   6|0x00000000e0600000, 0x00000000e0700000, 0x00000000e0700000|100%| O|  |TAMS 0x00000000e0700000, 0x00000000e0600000| Untracked 
|   7|0x00000000e0700000, 0x00000000e0800000, 0x00000000e0800000|100%|HS|  |TAMS 0x00000000e0800000, 0x00000000e0700000| Complete 
|   8|0x00000000e0800000, 0x00000000e0900000, 0x00000000e0900000|100%| O|  |TAMS 0x00000000e0900000, 0x00000000e0800000| Untracked 
|   9|0x00000000e0900000, 0x00000000e0a00000, 0x00000000e0a00000|100%| O|  |TAMS 0x00000000e0a00000, 0x00000000e0900000| Untracked 
|  10|0x00000000e0a00000, 0x00000000e0b00000, 0x00000000e0b00000|100%| O|  |TAMS 0x00000000e0b00000, 0x00000000e0a00000| Untracked 
|  11|0x00000000e0b00000, 0x00000000e0c00000, 0x00000000e0c00000|100%| O|  |TAMS 0x00000000e0c00000, 0x00000000e0b00000| Untracked 
|  12|0x00000000e0c00000, 0x00000000e0d00000, 0x00000000e0d00000|100%| O|  |TAMS 0x00000000e0d00000, 0x00000000e0c00000| Untracked 
|  13|0x00000000e0d00000, 0x00000000e0e00000, 0x00000000e0e00000|100%| O|  |TAMS 0x00000000e0e00000, 0x00000000e0d00000| Untracked 
|  14|0x00000000e0e00000, 0x00000000e0f00000, 0x00000000e0f00000|100%| O|  |TAMS 0x00000000e0f00000, 0x00000000e0e00000| Untracked 
|  15|0x00000000e0f00000, 0x00000000e1000000, 0x00000000e1000000|100%| O|  |TAMS 0x00000000e1000000, 0x00000000e0f00000| Untracked 
|  16|0x00000000e1000000, 0x00000000e1100000, 0x00000000e1100000|100%| O|  |TAMS 0x00000000e1100000, 0x00000000e1000000| Untracked 
|  17|0x00000000e1100000, 0x00000000e1200000, 0x00000000e1200000|100%| O|  |TAMS 0x00000000e1200000, 0x00000000e1100000| Untracked 
|  18|0x00000000e1200000, 0x00000000e1300000, 0x00000000e1300000|100%| O|  |TAMS 0x00000000e1300000, 0x00000000e1200000| Untracked 
|  19|0x00000000e1300000, 0x00000000e1400000, 0x00000000e1400000|100%| O|  |TAMS 0x00000000e1400000, 0x00000000e1300000| Untracked 
|  20|0x00000000e1400000, 0x00000000e1500000, 0x00000000e1500000|100%| O|  |TAMS 0x00000000e1500000, 0x00000000e1400000| Untracked 
|  21|0x00000000e1500000, 0x00000000e1600000, 0x00000000e1600000|100%| O|  |TAMS 0x00000000e1600000, 0x00000000e1500000| Untracked 
|  22|0x00000000e1600000, 0x00000000e1700000, 0x00000000e1700000|100%| O|  |TAMS 0x00000000e1700000, 0x00000000e1600000| Untracked 
|  23|0x00000000e1700000, 0x00000000e1800000, 0x00000000e1800000|100%| O|  |TAMS 0x00000000e1800000, 0x00000000e1700000| Untracked 
|  24|0x00000000e1800000, 0x00000000e1900000, 0x00000000e1900000|100%| O|  |TAMS 0x00000000e1900000, 0x00000000e1800000| Untracked 
|  25|0x00000000e1900000, 0x00000000e1a00000, 0x00000000e1a00000|100%| O|  |TAMS 0x00000000e1a00000, 0x00000000e1900000| Untracked 
|  26|0x00000000e1a00000, 0x00000000e1b00000, 0x00000000e1b00000|100%| O|  |TAMS 0x00000000e1b00000, 0x00000000e1a00000| Untracked 
|  27|0x00000000e1b00000, 0x00000000e1c00000, 0x00000000e1c00000|100%| O|  |TAMS 0x00000000e1c00000, 0x00000000e1b00000| Untracked 
|  28|0x00000000e1c00000, 0x00000000e1d00000, 0x00000000e1d00000|100%| O|  |TAMS 0x00000000e1d00000, 0x00000000e1c00000| Untracked 
|  29|0x00000000e1d00000, 0x00000000e1e00000, 0x00000000e1e00000|100%| O|  |TAMS 0x00000000e1e00000, 0x00000000e1d00000| Untracked 
|  30|0x00000000e1e00000, 0x00000000e1ef7000, 0x00000000e1f00000| 96%| O|  |TAMS 0x00000000e1ef7000, 0x00000000e1e00000| Untracked 
|  31|0x00000000e1f00000, 0x00000000e1f00000, 0x00000000e2000000|  0%| F|  |TAMS 0x00000000e1f00000, 0x00000000e1f00000| Untracked 
|  32|0x00000000e2000000, 0x00000000e2000000, 0x00000000e2100000|  0%| F|  |TAMS 0x00000000e2000000, 0x00000000e2000000| Untracked 
|  33|0x00000000e2100000, 0x00000000e2100000, 0x00000000e2200000|  0%| F|  |TAMS 0x00000000e2100000, 0x00000000e2100000| Untracked 
|  34|0x00000000e2200000, 0x00000000e2200000, 0x00000000e2300000|  0%| F|  |TAMS 0x00000000e2200000, 0x00000000e2200000| Untracked 
|  35|0x00000000e2300000, 0x00000000e2300000, 0x00000000e2400000|  0%| F|  |TAMS 0x00000000e2300000, 0x00000000e2300000| Untracked 
|  36|0x00000000e2400000, 0x00000000e2400000, 0x00000000e2500000|  0%| F|  |TAMS 0x00000000e2400000, 0x00000000e2400000| Untracked 
|  37|0x00000000e2500000, 0x00000000e2500000, 0x00000000e2600000|  0%| F|  |TAMS 0x00000000e2500000, 0x00000000e2500000| Untracked 
|  38|0x00000000e2600000, 0x00000000e2600000, 0x00000000e2700000|  0%| F|  |TAMS 0x00000000e2600000, 0x00000000e2600000| Untracked 
|  39|0x00000000e2700000, 0x00000000e2700000, 0x00000000e2800000|  0%| F|  |TAMS 0x00000000e2700000, 0x00000000e2700000| Untracked 
|  40|0x00000000e2800000, 0x00000000e2800000, 0x00000000e2900000|  0%| F|  |TAMS 0x00000000e2800000, 0x00000000e2800000| Untracked 
|  41|0x00000000e2900000, 0x00000000e2900000, 0x00000000e2a00000|  0%| F|  |TAMS 0x00000000e2900000, 0x00000000e2900000| Untracked 
|  42|0x00000000e2a00000, 0x00000000e2a00000, 0x00000000e2b00000|  0%| F|  |TAMS 0x00000000e2a00000, 0x00000000e2a00000| Untracked 
|  43|0x00000000e2b00000, 0x00000000e2b00000, 0x00000000e2c00000|  0%| F|  |TAMS 0x00000000e2b00000, 0x00000000e2b00000| Untracked 
|  44|0x00000000e2c00000, 0x00000000e2c00000, 0x00000000e2d00000|  0%| F|  |TAMS 0x00000000e2c00000, 0x00000000e2c00000| Untracked 
|  45|0x00000000e2d00000, 0x00000000e2d00000, 0x00000000e2e00000|  0%| F|  |TAMS 0x00000000e2d00000, 0x00000000e2d00000| Untracked 
|  46|0x00000000e2e00000, 0x00000000e2e00000, 0x00000000e2f00000|  0%| F|  |TAMS 0x00000000e2e00000, 0x00000000e2e00000| Untracked 
|  47|0x00000000e2f00000, 0x00000000e2f00000, 0x00000000e3000000|  0%| F|  |TAMS 0x00000000e2f00000, 0x00000000e2f00000| Untracked 
|  48|0x00000000e3000000, 0x00000000e3000000, 0x00000000e3100000|  0%| F|  |TAMS 0x00000000e3000000, 0x00000000e3000000| Untracked 
|  49|0x00000000e3100000, 0x00000000e3100000, 0x00000000e3200000|  0%| F|  |TAMS 0x00000000e3100000, 0x00000000e3100000| Untracked 
|  50|0x00000000e3200000, 0x00000000e3200000, 0x00000000e3300000|  0%| F|  |TAMS 0x00000000e3200000, 0x00000000e3200000| Untracked 
|  51|0x00000000e3300000, 0x00000000e3300000, 0x00000000e3400000|  0%| F|  |TAMS 0x00000000e3300000, 0x00000000e3300000| Untracked 
|  52|0x00000000e3400000, 0x00000000e3400000, 0x00000000e3500000|  0%| F|  |TAMS 0x00000000e3400000, 0x00000000e3400000| Untracked 
|  53|0x00000000e3500000, 0x00000000e3500000, 0x00000000e3600000|  0%| F|  |TAMS 0x00000000e3500000, 0x00000000e3500000| Untracked 
|  54|0x00000000e3600000, 0x00000000e3600000, 0x00000000e3700000|  0%| F|  |TAMS 0x00000000e3600000, 0x00000000e3600000| Untracked 
|  55|0x00000000e3700000, 0x00000000e3700000, 0x00000000e3800000|  0%| F|  |TAMS 0x00000000e3700000, 0x00000000e3700000| Untracked 
|  56|0x00000000e3800000, 0x00000000e3800000, 0x00000000e3900000|  0%| F|  |TAMS 0x00000000e3800000, 0x00000000e3800000| Untracked 
|  57|0x00000000e3900000, 0x00000000e3900000, 0x00000000e3a00000|  0%| F|  |TAMS 0x00000000e3900000, 0x00000000e3900000| Untracked 
|  58|0x00000000e3a00000, 0x00000000e3a00000, 0x00000000e3b00000|  0%| F|  |TAMS 0x00000000e3a00000, 0x00000000e3a00000| Untracked 
|  59|0x00000000e3b00000, 0x00000000e3b00000, 0x00000000e3c00000|  0%| F|  |TAMS 0x00000000e3b00000, 0x00000000e3b00000| Untracked 
|  60|0x00000000e3c00000, 0x00000000e3c00000, 0x00000000e3d00000|  0%| F|  |TAMS 0x00000000e3c00000, 0x00000000e3c00000| Untracked 
|  61|0x00000000e3d00000, 0x00000000e3d00000, 0x00000000e3e00000|  0%| F|  |TAMS 0x00000000e3d00000, 0x00000000e3d00000| Untracked 
|  62|0x00000000e3e00000, 0x00000000e3e00000, 0x00000000e3f00000|  0%| F|  |TAMS 0x00000000e3e00000, 0x00000000e3e00000| Untracked 
|  63|0x00000000e3f00000, 0x00000000e3f00000, 0x00000000e4000000|  0%| F|  |TAMS 0x00000000e3f00000, 0x00000000e3f00000| Untracked 
|  64|0x00000000e4000000, 0x00000000e4000000, 0x00000000e4100000|  0%| F|  |TAMS 0x00000000e4000000, 0x00000000e4000000| Untracked 
|  65|0x00000000e4100000, 0x00000000e4100000, 0x00000000e4200000|  0%| F|  |TAMS 0x00000000e4100000, 0x00000000e4100000| Untracked 
|  66|0x00000000e4200000, 0x00000000e4200000, 0x00000000e4300000|  0%| F|  |TAMS 0x00000000e4200000, 0x00000000e4200000| Untracked 
|  67|0x00000000e4300000, 0x00000000e4300000, 0x00000000e4400000|  0%| F|  |TAMS 0x00000000e4300000, 0x00000000e4300000| Untracked 
|  68|0x00000000e4400000, 0x00000000e4400000, 0x00000000e4500000|  0%| F|  |TAMS 0x00000000e4400000, 0x00000000e4400000| Untracked 
|  69|0x00000000e4500000, 0x00000000e4500000, 0x00000000e4600000|  0%| F|  |TAMS 0x00000000e4500000, 0x00000000e4500000| Untracked 
|  70|0x00000000e4600000, 0x00000000e4600000, 0x00000000e4700000|  0%| F|  |TAMS 0x00000000e4600000, 0x00000000e4600000| Untracked 
|  71|0x00000000e4700000, 0x00000000e4700000, 0x00000000e4800000|  0%| F|  |TAMS 0x00000000e4700000, 0x00000000e4700000| Untracked 
|  72|0x00000000e4800000, 0x00000000e4800000, 0x00000000e4900000|  0%| F|  |TAMS 0x00000000e4800000, 0x00000000e4800000| Untracked 
|  73|0x00000000e4900000, 0x00000000e4900000, 0x00000000e4a00000|  0%| F|  |TAMS 0x00000000e4900000, 0x00000000e4900000| Untracked 
|  74|0x00000000e4a00000, 0x00000000e4a00000, 0x00000000e4b00000|  0%| F|  |TAMS 0x00000000e4a00000, 0x00000000e4a00000| Untracked 
|  75|0x00000000e4b00000, 0x00000000e4b00000, 0x00000000e4c00000|  0%| F|  |TAMS 0x00000000e4b00000, 0x00000000e4b00000| Untracked 
|  76|0x00000000e4c00000, 0x00000000e4c00000, 0x00000000e4d00000|  0%| F|  |TAMS 0x00000000e4c00000, 0x00000000e4c00000| Untracked 
|  77|0x00000000e4d00000, 0x00000000e4d00000, 0x00000000e4e00000|  0%| F|  |TAMS 0x00000000e4d00000, 0x00000000e4d00000| Untracked 
|  78|0x00000000e4e00000, 0x00000000e4e00000, 0x00000000e4f00000|  0%| F|  |TAMS 0x00000000e4e00000, 0x00000000e4e00000| Untracked 
|  79|0x00000000e4f00000, 0x00000000e4f00000, 0x00000000e5000000|  0%| F|  |TAMS 0x00000000e4f00000, 0x00000000e4f00000| Untracked 
|  80|0x00000000e5000000, 0x00000000e5000000, 0x00000000e5100000|  0%| F|  |TAMS 0x00000000e5000000, 0x00000000e5000000| Untracked 
|  81|0x00000000e5100000, 0x00000000e5100000, 0x00000000e5200000|  0%| F|  |TAMS 0x00000000e5100000, 0x00000000e5100000| Untracked 
|  82|0x00000000e5200000, 0x00000000e5200000, 0x00000000e5300000|  0%| F|  |TAMS 0x00000000e5200000, 0x00000000e5200000| Untracked 
|  83|0x00000000e5300000, 0x00000000e5300000, 0x00000000e5400000|  0%| F|  |TAMS 0x00000000e5300000, 0x00000000e5300000| Untracked 
|  84|0x00000000e5400000, 0x00000000e5400000, 0x00000000e5500000|  0%| F|  |TAMS 0x00000000e5400000, 0x00000000e5400000| Untracked 
|  85|0x00000000e5500000, 0x00000000e5500000, 0x00000000e5600000|  0%| F|  |TAMS 0x00000000e5500000, 0x00000000e5500000| Untracked 
|  86|0x00000000e5600000, 0x00000000e5600000, 0x00000000e5700000|  0%| F|  |TAMS 0x00000000e5600000, 0x00000000e5600000| Untracked 
|  87|0x00000000e5700000, 0x00000000e5700000, 0x00000000e5800000|  0%| F|  |TAMS 0x00000000e5700000, 0x00000000e5700000| Untracked 
|  88|0x00000000e5800000, 0x00000000e5800000, 0x00000000e5900000|  0%| F|  |TAMS 0x00000000e5800000, 0x00000000e5800000| Untracked 
|  89|0x00000000e5900000, 0x00000000e5900000, 0x00000000e5a00000|  0%| F|  |TAMS 0x00000000e5900000, 0x00000000e5900000| Untracked 
|  90|0x00000000e5a00000, 0x00000000e5a00000, 0x00000000e5b00000|  0%| F|  |TAMS 0x00000000e5a00000, 0x00000000e5a00000| Untracked 
|  91|0x00000000e5b00000, 0x00000000e5b00000, 0x00000000e5c00000|  0%| F|  |TAMS 0x00000000e5b00000, 0x00000000e5b00000| Untracked 
|  92|0x00000000e5c00000, 0x00000000e5c00000, 0x00000000e5d00000|  0%| F|  |TAMS 0x00000000e5c00000, 0x00000000e5c00000| Untracked 
|  93|0x00000000e5d00000, 0x00000000e5d00000, 0x00000000e5e00000|  0%| F|  |TAMS 0x00000000e5d00000, 0x00000000e5d00000| Untracked 
|  94|0x00000000e5e00000, 0x00000000e5edffb0, 0x00000000e5f00000| 87%| S|CS|TAMS 0x00000000e5e00000, 0x00000000e5e00000| Complete 
|  95|0x00000000e5f00000, 0x00000000e6000000, 0x00000000e6000000|100%| S|CS|TAMS 0x00000000e5f00000, 0x00000000e5f00000| Complete 
|  96|0x00000000e6000000, 0x00000000e6100000, 0x00000000e6100000|100%| S|CS|TAMS 0x00000000e6000000, 0x00000000e6000000| Complete 
|  97|0x00000000e6100000, 0x00000000e6200000, 0x00000000e6200000|100%| S|CS|TAMS 0x00000000e6100000, 0x00000000e6100000| Complete 
|  98|0x00000000e6200000, 0x00000000e6300000, 0x00000000e6300000|100%| S|CS|TAMS 0x00000000e6200000, 0x00000000e6200000| Complete 
|  99|0x00000000e6300000, 0x00000000e6400000, 0x00000000e6400000|100%| S|CS|TAMS 0x00000000e6300000, 0x00000000e6300000| Complete 
| 100|0x00000000e6400000, 0x00000000e6500000, 0x00000000e6500000|100%| S|CS|TAMS 0x00000000e6400000, 0x00000000e6400000| Complete 
| 101|0x00000000e6500000, 0x00000000e6600000, 0x00000000e6600000|100%| S|CS|TAMS 0x00000000e6500000, 0x00000000e6500000| Complete 
| 102|0x00000000e6600000, 0x00000000e6700000, 0x00000000e6700000|100%| S|CS|TAMS 0x00000000e6600000, 0x00000000e6600000| Complete 
| 103|0x00000000e6700000, 0x00000000e6700000, 0x00000000e6800000|  0%| F|  |TAMS 0x00000000e6700000, 0x00000000e6700000| Untracked 
| 104|0x00000000e6800000, 0x00000000e6800000, 0x00000000e6900000|  0%| F|  |TAMS 0x00000000e6800000, 0x00000000e6800000| Untracked 
| 105|0x00000000e6900000, 0x00000000e6900000, 0x00000000e6a00000|  0%| F|  |TAMS 0x00000000e6900000, 0x00000000e6900000| Untracked 
| 106|0x00000000e6a00000, 0x00000000e6a00000, 0x00000000e6b00000|  0%| F|  |TAMS 0x00000000e6a00000, 0x00000000e6a00000| Untracked 
| 107|0x00000000e6b00000, 0x00000000e6b00000, 0x00000000e6c00000|  0%| F|  |TAMS 0x00000000e6b00000, 0x00000000e6b00000| Untracked 
| 108|0x00000000e6c00000, 0x00000000e6c00000, 0x00000000e6d00000|  0%| F|  |TAMS 0x00000000e6c00000, 0x00000000e6c00000| Untracked 
| 109|0x00000000e6d00000, 0x00000000e6d00000, 0x00000000e6e00000|  0%| F|  |TAMS 0x00000000e6d00000, 0x00000000e6d00000| Untracked 
| 110|0x00000000e6e00000, 0x00000000e6e00000, 0x00000000e6f00000|  0%| F|  |TAMS 0x00000000e6e00000, 0x00000000e6e00000| Untracked 
| 111|0x00000000e6f00000, 0x00000000e6f00000, 0x00000000e7000000|  0%| F|  |TAMS 0x00000000e6f00000, 0x00000000e6f00000| Untracked 
| 112|0x00000000e7000000, 0x00000000e7000000, 0x00000000e7100000|  0%| F|  |TAMS 0x00000000e7000000, 0x00000000e7000000| Untracked 
| 113|0x00000000e7100000, 0x00000000e7100000, 0x00000000e7200000|  0%| F|  |TAMS 0x00000000e7100000, 0x00000000e7100000| Untracked 
| 114|0x00000000e7200000, 0x00000000e7200000, 0x00000000e7300000|  0%| F|  |TAMS 0x00000000e7200000, 0x00000000e7200000| Untracked 
| 115|0x00000000e7300000, 0x00000000e7300000, 0x00000000e7400000|  0%| F|  |TAMS 0x00000000e7300000, 0x00000000e7300000| Untracked 
| 116|0x00000000e7400000, 0x00000000e7400000, 0x00000000e7500000|  0%| F|  |TAMS 0x00000000e7400000, 0x00000000e7400000| Untracked 
| 117|0x00000000e7500000, 0x00000000e7500000, 0x00000000e7600000|  0%| F|  |TAMS 0x00000000e7500000, 0x00000000e7500000| Untracked 
| 118|0x00000000e7600000, 0x00000000e7600000, 0x00000000e7700000|  0%| F|  |TAMS 0x00000000e7600000, 0x00000000e7600000| Untracked 
| 119|0x00000000e7700000, 0x00000000e7700000, 0x00000000e7800000|  0%| F|  |TAMS 0x00000000e7700000, 0x00000000e7700000| Untracked 
| 120|0x00000000e7800000, 0x00000000e7800000, 0x00000000e7900000|  0%| F|  |TAMS 0x00000000e7800000, 0x00000000e7800000| Untracked 
| 121|0x00000000e7900000, 0x00000000e7900000, 0x00000000e7a00000|  0%| F|  |TAMS 0x00000000e7900000, 0x00000000e7900000| Untracked 
| 122|0x00000000e7a00000, 0x00000000e7a00000, 0x00000000e7b00000|  0%| F|  |TAMS 0x00000000e7a00000, 0x00000000e7a00000| Untracked 
| 123|0x00000000e7b00000, 0x00000000e7b00000, 0x00000000e7c00000|  0%| F|  |TAMS 0x00000000e7b00000, 0x00000000e7b00000| Untracked 
| 124|0x00000000e7c00000, 0x00000000e7c00000, 0x00000000e7d00000|  0%| F|  |TAMS 0x00000000e7c00000, 0x00000000e7c00000| Untracked 
| 125|0x00000000e7d00000, 0x00000000e7d00000, 0x00000000e7e00000|  0%| F|  |TAMS 0x00000000e7d00000, 0x00000000e7d00000| Untracked 
| 126|0x00000000e7e00000, 0x00000000e7e00000, 0x00000000e7f00000|  0%| F|  |TAMS 0x00000000e7e00000, 0x00000000e7e00000| Untracked 
| 127|0x00000000e7f00000, 0x00000000e7f00000, 0x00000000e8000000|  0%| F|  |TAMS 0x00000000e7f00000, 0x00000000e7f00000| Untracked 
| 128|0x00000000e8000000, 0x00000000e8000000, 0x00000000e8100000|  0%| F|  |TAMS 0x00000000e8000000, 0x00000000e8000000| Untracked 
| 129|0x00000000e8100000, 0x00000000e8100000, 0x00000000e8200000|  0%| F|  |TAMS 0x00000000e8100000, 0x00000000e8100000| Untracked 
| 130|0x00000000e8200000, 0x00000000e8200000, 0x00000000e8300000|  0%| F|  |TAMS 0x00000000e8200000, 0x00000000e8200000| Untracked 
| 131|0x00000000e8300000, 0x00000000e8300000, 0x00000000e8400000|  0%| F|  |TAMS 0x00000000e8300000, 0x00000000e8300000| Untracked 
| 132|0x00000000e8400000, 0x00000000e8400000, 0x00000000e8500000|  0%| F|  |TAMS 0x00000000e8400000, 0x00000000e8400000| Untracked 
| 133|0x00000000e8500000, 0x00000000e8500000, 0x00000000e8600000|  0%| F|  |TAMS 0x00000000e8500000, 0x00000000e8500000| Untracked 
| 134|0x00000000e8600000, 0x00000000e8600000, 0x00000000e8700000|  0%| F|  |TAMS 0x00000000e8600000, 0x00000000e8600000| Untracked 
| 135|0x00000000e8700000, 0x00000000e8700000, 0x00000000e8800000|  0%| F|  |TAMS 0x00000000e8700000, 0x00000000e8700000| Untracked 
| 136|0x00000000e8800000, 0x00000000e8800000, 0x00000000e8900000|  0%| F|  |TAMS 0x00000000e8800000, 0x00000000e8800000| Untracked 
| 137|0x00000000e8900000, 0x00000000e8900000, 0x00000000e8a00000|  0%| F|  |TAMS 0x00000000e8900000, 0x00000000e8900000| Untracked 
| 138|0x00000000e8a00000, 0x00000000e8a00000, 0x00000000e8b00000|  0%| F|  |TAMS 0x00000000e8a00000, 0x00000000e8a00000| Untracked 
| 139|0x00000000e8b00000, 0x00000000e8b00000, 0x00000000e8c00000|  0%| F|  |TAMS 0x00000000e8b00000, 0x00000000e8b00000| Untracked 
| 140|0x00000000e8c00000, 0x00000000e8c00000, 0x00000000e8d00000|  0%| F|  |TAMS 0x00000000e8c00000, 0x00000000e8c00000| Untracked 
| 141|0x00000000e8d00000, 0x00000000e8d00000, 0x00000000e8e00000|  0%| F|  |TAMS 0x00000000e8d00000, 0x00000000e8d00000| Untracked 
| 142|0x00000000e8e00000, 0x00000000e8e00000, 0x00000000e8f00000|  0%| F|  |TAMS 0x00000000e8e00000, 0x00000000e8e00000| Untracked 
| 143|0x00000000e8f00000, 0x00000000e8f00000, 0x00000000e9000000|  0%| F|  |TAMS 0x00000000e8f00000, 0x00000000e8f00000| Untracked 
| 144|0x00000000e9000000, 0x00000000e9000000, 0x00000000e9100000|  0%| F|  |TAMS 0x00000000e9000000, 0x00000000e9000000| Untracked 
| 145|0x00000000e9100000, 0x00000000e9100000, 0x00000000e9200000|  0%| F|  |TAMS 0x00000000e9100000, 0x00000000e9100000| Untracked 
| 146|0x00000000e9200000, 0x00000000e9200000, 0x00000000e9300000|  0%| F|  |TAMS 0x00000000e9200000, 0x00000000e9200000| Untracked 
| 147|0x00000000e9300000, 0x00000000e9300000, 0x00000000e9400000|  0%| F|  |TAMS 0x00000000e9300000, 0x00000000e9300000| Untracked 
| 148|0x00000000e9400000, 0x00000000e9400000, 0x00000000e9500000|  0%| F|  |TAMS 0x00000000e9400000, 0x00000000e9400000| Untracked 
| 149|0x00000000e9500000, 0x00000000e9500000, 0x00000000e9600000|  0%| F|  |TAMS 0x00000000e9500000, 0x00000000e9500000| Untracked 
| 150|0x00000000e9600000, 0x00000000e9600000, 0x00000000e9700000|  0%| F|  |TAMS 0x00000000e9600000, 0x00000000e9600000| Untracked 
| 151|0x00000000e9700000, 0x00000000e9700000, 0x00000000e9800000|  0%| F|  |TAMS 0x00000000e9700000, 0x00000000e9700000| Untracked 
| 152|0x00000000e9800000, 0x00000000e9800000, 0x00000000e9900000|  0%| F|  |TAMS 0x00000000e9800000, 0x00000000e9800000| Untracked 
| 153|0x00000000e9900000, 0x00000000e9900000, 0x00000000e9a00000|  0%| F|  |TAMS 0x00000000e9900000, 0x00000000e9900000| Untracked 
| 154|0x00000000e9a00000, 0x00000000e9a00000, 0x00000000e9b00000|  0%| F|  |TAMS 0x00000000e9a00000, 0x00000000e9a00000| Untracked 
| 155|0x00000000e9b00000, 0x00000000e9b00000, 0x00000000e9c00000|  0%| F|  |TAMS 0x00000000e9b00000, 0x00000000e9b00000| Untracked 
| 156|0x00000000e9c00000, 0x00000000e9c00000, 0x00000000e9d00000|  0%| F|  |TAMS 0x00000000e9c00000, 0x00000000e9c00000| Untracked 
| 157|0x00000000e9d00000, 0x00000000e9d00000, 0x00000000e9e00000|  0%| F|  |TAMS 0x00000000e9d00000, 0x00000000e9d00000| Untracked 
| 158|0x00000000e9e00000, 0x00000000e9e00000, 0x00000000e9f00000|  0%| F|  |TAMS 0x00000000e9e00000, 0x00000000e9e00000| Untracked 
| 159|0x00000000e9f00000, 0x00000000e9f00000, 0x00000000ea000000|  0%| F|  |TAMS 0x00000000e9f00000, 0x00000000e9f00000| Untracked 
| 160|0x00000000ea000000, 0x00000000ea000000, 0x00000000ea100000|  0%| F|  |TAMS 0x00000000ea000000, 0x00000000ea000000| Untracked 
| 161|0x00000000ea100000, 0x00000000ea100000, 0x00000000ea200000|  0%| F|  |TAMS 0x00000000ea100000, 0x00000000ea100000| Untracked 
| 162|0x00000000ea200000, 0x00000000ea200000, 0x00000000ea300000|  0%| F|  |TAMS 0x00000000ea200000, 0x00000000ea200000| Untracked 
| 163|0x00000000ea300000, 0x00000000ea300000, 0x00000000ea400000|  0%| F|  |TAMS 0x00000000ea300000, 0x00000000ea300000| Untracked 
| 164|0x00000000ea400000, 0x00000000ea400000, 0x00000000ea500000|  0%| F|  |TAMS 0x00000000ea400000, 0x00000000ea400000| Untracked 
| 165|0x00000000ea500000, 0x00000000ea500000, 0x00000000ea600000|  0%| F|  |TAMS 0x00000000ea500000, 0x00000000ea500000| Untracked 
| 166|0x00000000ea600000, 0x00000000ea600000, 0x00000000ea700000|  0%| F|  |TAMS 0x00000000ea600000, 0x00000000ea600000| Untracked 
| 167|0x00000000ea700000, 0x00000000ea700000, 0x00000000ea800000|  0%| F|  |TAMS 0x00000000ea700000, 0x00000000ea700000| Untracked 
| 168|0x00000000ea800000, 0x00000000ea800000, 0x00000000ea900000|  0%| F|  |TAMS 0x00000000ea800000, 0x00000000ea800000| Untracked 
| 169|0x00000000ea900000, 0x00000000ea900000, 0x00000000eaa00000|  0%| F|  |TAMS 0x00000000ea900000, 0x00000000ea900000| Untracked 
| 170|0x00000000eaa00000, 0x00000000eaa00000, 0x00000000eab00000|  0%| F|  |TAMS 0x00000000eaa00000, 0x00000000eaa00000| Untracked 
| 171|0x00000000eab00000, 0x00000000eab00000, 0x00000000eac00000|  0%| F|  |TAMS 0x00000000eab00000, 0x00000000eab00000| Untracked 
| 172|0x00000000eac00000, 0x00000000eac00000, 0x00000000ead00000|  0%| F|  |TAMS 0x00000000eac00000, 0x00000000eac00000| Untracked 
| 173|0x00000000ead00000, 0x00000000ead00000, 0x00000000eae00000|  0%| F|  |TAMS 0x00000000ead00000, 0x00000000ead00000| Untracked 
| 174|0x00000000eae00000, 0x00000000eae00000, 0x00000000eaf00000|  0%| F|  |TAMS 0x00000000eae00000, 0x00000000eae00000| Untracked 
| 175|0x00000000eaf00000, 0x00000000eaf00000, 0x00000000eb000000|  0%| F|  |TAMS 0x00000000eaf00000, 0x00000000eaf00000| Untracked 
| 176|0x00000000eb000000, 0x00000000eb000000, 0x00000000eb100000|  0%| F|  |TAMS 0x00000000eb000000, 0x00000000eb000000| Untracked 
| 177|0x00000000eb100000, 0x00000000eb100000, 0x00000000eb200000|  0%| F|  |TAMS 0x00000000eb100000, 0x00000000eb100000| Untracked 
| 178|0x00000000eb200000, 0x00000000eb200000, 0x00000000eb300000|  0%| F|  |TAMS 0x00000000eb200000, 0x00000000eb200000| Untracked 
| 179|0x00000000eb300000, 0x00000000eb300000, 0x00000000eb400000|  0%| F|  |TAMS 0x00000000eb300000, 0x00000000eb300000| Untracked 
| 180|0x00000000eb400000, 0x00000000eb400000, 0x00000000eb500000|  0%| F|  |TAMS 0x00000000eb400000, 0x00000000eb400000| Untracked 
| 181|0x00000000eb500000, 0x00000000eb500000, 0x00000000eb600000|  0%| F|  |TAMS 0x00000000eb500000, 0x00000000eb500000| Untracked 
| 182|0x00000000eb600000, 0x00000000eb600000, 0x00000000eb700000|  0%| F|  |TAMS 0x00000000eb600000, 0x00000000eb600000| Untracked 
| 183|0x00000000eb700000, 0x00000000eb800000, 0x00000000eb800000|100%| E|  |TAMS 0x00000000eb700000, 0x00000000eb700000| Complete 
| 184|0x00000000eb800000, 0x00000000eb900000, 0x00000000eb900000|100%| E|CS|TAMS 0x00000000eb800000, 0x00000000eb800000| Complete 
| 185|0x00000000eb900000, 0x00000000eba00000, 0x00000000eba00000|100%| E|CS|TAMS 0x00000000eb900000, 0x00000000eb900000| Complete 
| 186|0x00000000eba00000, 0x00000000ebb00000, 0x00000000ebb00000|100%| E|CS|TAMS 0x00000000eba00000, 0x00000000eba00000| Complete 
| 187|0x00000000ebb00000, 0x00000000ebc00000, 0x00000000ebc00000|100%| E|CS|TAMS 0x00000000ebb00000, 0x00000000ebb00000| Complete 
| 188|0x00000000ebc00000, 0x00000000ebd00000, 0x00000000ebd00000|100%| E|CS|TAMS 0x00000000ebc00000, 0x00000000ebc00000| Complete 
| 189|0x00000000ebd00000, 0x00000000ebe00000, 0x00000000ebe00000|100%| E|CS|TAMS 0x00000000ebd00000, 0x00000000ebd00000| Complete 
| 190|0x00000000ebe00000, 0x00000000ebf00000, 0x00000000ebf00000|100%| E|CS|TAMS 0x00000000ebe00000, 0x00000000ebe00000| Complete 
| 191|0x00000000ebf00000, 0x00000000ec000000, 0x00000000ec000000|100%| E|CS|TAMS 0x00000000ebf00000, 0x00000000ebf00000| Complete 
| 192|0x00000000ec000000, 0x00000000ec100000, 0x00000000ec100000|100%| E|CS|TAMS 0x00000000ec000000, 0x00000000ec000000| Complete 
| 193|0x00000000ec100000, 0x00000000ec200000, 0x00000000ec200000|100%| E|CS|TAMS 0x00000000ec100000, 0x00000000ec100000| Complete 
| 194|0x00000000ec200000, 0x00000000ec300000, 0x00000000ec300000|100%| E|CS|TAMS 0x00000000ec200000, 0x00000000ec200000| Complete 
| 195|0x00000000ec300000, 0x00000000ec400000, 0x00000000ec400000|100%| E|CS|TAMS 0x00000000ec300000, 0x00000000ec300000| Complete 
| 196|0x00000000ec400000, 0x00000000ec500000, 0x00000000ec500000|100%| E|CS|TAMS 0x00000000ec400000, 0x00000000ec400000| Complete 
| 197|0x00000000ec500000, 0x00000000ec600000, 0x00000000ec600000|100%| E|CS|TAMS 0x00000000ec500000, 0x00000000ec500000| Complete 
| 198|0x00000000ec600000, 0x00000000ec700000, 0x00000000ec700000|100%| E|CS|TAMS 0x00000000ec600000, 0x00000000ec600000| Complete 
| 199|0x00000000ec700000, 0x00000000ec800000, 0x00000000ec800000|100%| E|CS|TAMS 0x00000000ec700000, 0x00000000ec700000| Complete 
| 200|0x00000000ec800000, 0x00000000ec900000, 0x00000000ec900000|100%| E|CS|TAMS 0x00000000ec800000, 0x00000000ec800000| Complete 
| 201|0x00000000ec900000, 0x00000000eca00000, 0x00000000eca00000|100%| E|CS|TAMS 0x00000000ec900000, 0x00000000ec900000| Complete 
| 202|0x00000000eca00000, 0x00000000ecb00000, 0x00000000ecb00000|100%| E|CS|TAMS 0x00000000eca00000, 0x00000000eca00000| Complete 
| 203|0x00000000ecb00000, 0x00000000ecc00000, 0x00000000ecc00000|100%| E|CS|TAMS 0x00000000ecb00000, 0x00000000ecb00000| Complete 
| 204|0x00000000ecc00000, 0x00000000ecd00000, 0x00000000ecd00000|100%| E|CS|TAMS 0x00000000ecc00000, 0x00000000ecc00000| Complete 
| 205|0x00000000ecd00000, 0x00000000ece00000, 0x00000000ece00000|100%| E|CS|TAMS 0x00000000ecd00000, 0x00000000ecd00000| Complete 
| 206|0x00000000ece00000, 0x00000000ecf00000, 0x00000000ecf00000|100%| E|CS|TAMS 0x00000000ece00000, 0x00000000ece00000| Complete 
| 207|0x00000000ecf00000, 0x00000000ed000000, 0x00000000ed000000|100%| E|CS|TAMS 0x00000000ecf00000, 0x00000000ecf00000| Complete 
| 208|0x00000000ed000000, 0x00000000ed100000, 0x00000000ed100000|100%| E|CS|TAMS 0x00000000ed000000, 0x00000000ed000000| Complete 
| 209|0x00000000ed100000, 0x00000000ed200000, 0x00000000ed200000|100%| E|CS|TAMS 0x00000000ed100000, 0x00000000ed100000| Complete 
| 210|0x00000000ed200000, 0x00000000ed300000, 0x00000000ed300000|100%| E|CS|TAMS 0x00000000ed200000, 0x00000000ed200000| Complete 
| 211|0x00000000ed300000, 0x00000000ed400000, 0x00000000ed400000|100%| E|CS|TAMS 0x00000000ed300000, 0x00000000ed300000| Complete 
| 212|0x00000000ed400000, 0x00000000ed500000, 0x00000000ed500000|100%| E|CS|TAMS 0x00000000ed400000, 0x00000000ed400000| Complete 
| 213|0x00000000ed500000, 0x00000000ed600000, 0x00000000ed600000|100%| E|CS|TAMS 0x00000000ed500000, 0x00000000ed500000| Complete 
| 214|0x00000000ed600000, 0x00000000ed700000, 0x00000000ed700000|100%| E|CS|TAMS 0x00000000ed600000, 0x00000000ed600000| Complete 
| 215|0x00000000ed700000, 0x00000000ed800000, 0x00000000ed800000|100%| E|CS|TAMS 0x00000000ed700000, 0x00000000ed700000| Complete 
| 216|0x00000000ed800000, 0x00000000ed900000, 0x00000000ed900000|100%| E|CS|TAMS 0x00000000ed800000, 0x00000000ed800000| Complete 
| 217|0x00000000ed900000, 0x00000000eda00000, 0x00000000eda00000|100%| E|CS|TAMS 0x00000000ed900000, 0x00000000ed900000| Complete 
| 218|0x00000000eda00000, 0x00000000edb00000, 0x00000000edb00000|100%| E|CS|TAMS 0x00000000eda00000, 0x00000000eda00000| Complete 
| 219|0x00000000edb00000, 0x00000000edc00000, 0x00000000edc00000|100%| E|CS|TAMS 0x00000000edb00000, 0x00000000edb00000| Complete 
| 220|0x00000000edc00000, 0x00000000edd00000, 0x00000000edd00000|100%| E|CS|TAMS 0x00000000edc00000, 0x00000000edc00000| Complete 
| 221|0x00000000edd00000, 0x00000000ede00000, 0x00000000ede00000|100%| E|CS|TAMS 0x00000000edd00000, 0x00000000edd00000| Complete 
| 222|0x00000000ede00000, 0x00000000edf00000, 0x00000000edf00000|100%| E|CS|TAMS 0x00000000ede00000, 0x00000000ede00000| Complete 
| 223|0x00000000edf00000, 0x00000000ee000000, 0x00000000ee000000|100%| E|CS|TAMS 0x00000000edf00000, 0x00000000edf00000| Complete 
| 224|0x00000000ee000000, 0x00000000ee100000, 0x00000000ee100000|100%| E|CS|TAMS 0x00000000ee000000, 0x00000000ee000000| Complete 
| 225|0x00000000ee100000, 0x00000000ee200000, 0x00000000ee200000|100%| E|CS|TAMS 0x00000000ee100000, 0x00000000ee100000| Complete 
| 226|0x00000000ee200000, 0x00000000ee300000, 0x00000000ee300000|100%| E|CS|TAMS 0x00000000ee200000, 0x00000000ee200000| Complete 
| 227|0x00000000ee300000, 0x00000000ee400000, 0x00000000ee400000|100%| E|CS|TAMS 0x00000000ee300000, 0x00000000ee300000| Complete 
| 228|0x00000000ee400000, 0x00000000ee500000, 0x00000000ee500000|100%| E|CS|TAMS 0x00000000ee400000, 0x00000000ee400000| Complete 
| 229|0x00000000ee500000, 0x00000000ee600000, 0x00000000ee600000|100%| E|CS|TAMS 0x00000000ee500000, 0x00000000ee500000| Complete 
| 230|0x00000000ee600000, 0x00000000ee700000, 0x00000000ee700000|100%| E|CS|TAMS 0x00000000ee600000, 0x00000000ee600000| Complete 
| 231|0x00000000ee700000, 0x00000000ee800000, 0x00000000ee800000|100%| E|CS|TAMS 0x00000000ee700000, 0x00000000ee700000| Complete 
| 232|0x00000000ee800000, 0x00000000ee900000, 0x00000000ee900000|100%| E|CS|TAMS 0x00000000ee800000, 0x00000000ee800000| Complete 
| 233|0x00000000ee900000, 0x00000000eea00000, 0x00000000eea00000|100%| E|CS|TAMS 0x00000000ee900000, 0x00000000ee900000| Complete 
| 234|0x00000000eea00000, 0x00000000eeb00000, 0x00000000eeb00000|100%| E|CS|TAMS 0x00000000eea00000, 0x00000000eea00000| Complete 
| 235|0x00000000eeb00000, 0x00000000eec00000, 0x00000000eec00000|100%| E|CS|TAMS 0x00000000eeb00000, 0x00000000eeb00000| Complete 
| 236|0x00000000eec00000, 0x00000000eed00000, 0x00000000eed00000|100%| E|CS|TAMS 0x00000000eec00000, 0x00000000eec00000| Complete 
| 237|0x00000000eed00000, 0x00000000eee00000, 0x00000000eee00000|100%| E|CS|TAMS 0x00000000eed00000, 0x00000000eed00000| Complete 
| 238|0x00000000eee00000, 0x00000000eef00000, 0x00000000eef00000|100%| E|CS|TAMS 0x00000000eee00000, 0x00000000eee00000| Complete 
| 239|0x00000000eef00000, 0x00000000ef000000, 0x00000000ef000000|100%| E|CS|TAMS 0x00000000eef00000, 0x00000000eef00000| Complete 
| 240|0x00000000ef000000, 0x00000000ef100000, 0x00000000ef100000|100%| E|CS|TAMS 0x00000000ef000000, 0x00000000ef000000| Complete 
| 241|0x00000000ef100000, 0x00000000ef200000, 0x00000000ef200000|100%| E|CS|TAMS 0x00000000ef100000, 0x00000000ef100000| Complete 
| 242|0x00000000ef200000, 0x00000000ef300000, 0x00000000ef300000|100%| E|CS|TAMS 0x00000000ef200000, 0x00000000ef200000| Complete 
| 243|0x00000000ef300000, 0x00000000ef400000, 0x00000000ef400000|100%| E|CS|TAMS 0x00000000ef300000, 0x00000000ef300000| Complete 
| 244|0x00000000ef400000, 0x00000000ef500000, 0x00000000ef500000|100%| E|CS|TAMS 0x00000000ef400000, 0x00000000ef400000| Complete 
| 245|0x00000000ef500000, 0x00000000ef600000, 0x00000000ef600000|100%| E|CS|TAMS 0x00000000ef500000, 0x00000000ef500000| Complete 
| 246|0x00000000ef600000, 0x00000000ef700000, 0x00000000ef700000|100%| E|CS|TAMS 0x00000000ef600000, 0x00000000ef600000| Complete 
| 247|0x00000000ef700000, 0x00000000ef800000, 0x00000000ef800000|100%| E|CS|TAMS 0x00000000ef700000, 0x00000000ef700000| Complete 
| 248|0x00000000ef800000, 0x00000000ef900000, 0x00000000ef900000|100%| E|CS|TAMS 0x00000000ef800000, 0x00000000ef800000| Complete 
| 249|0x00000000ef900000, 0x00000000efa00000, 0x00000000efa00000|100%| E|CS|TAMS 0x00000000ef900000, 0x00000000ef900000| Complete 
| 250|0x00000000efa00000, 0x00000000efb00000, 0x00000000efb00000|100%| E|CS|TAMS 0x00000000efa00000, 0x00000000efa00000| Complete 
| 251|0x00000000efb00000, 0x00000000efc00000, 0x00000000efc00000|100%| E|CS|TAMS 0x00000000efb00000, 0x00000000efb00000| Complete 
| 252|0x00000000efc00000, 0x00000000efd00000, 0x00000000efd00000|100%| E|CS|TAMS 0x00000000efc00000, 0x00000000efc00000| Complete 
| 253|0x00000000efd00000, 0x00000000efe00000, 0x00000000efe00000|100%| E|CS|TAMS 0x00000000efd00000, 0x00000000efd00000| Complete 
| 254|0x00000000efe00000, 0x00000000eff00000, 0x00000000eff00000|100%| E|CS|TAMS 0x00000000efe00000, 0x00000000efe00000| Complete 
| 255|0x00000000eff00000, 0x00000000f0000000, 0x00000000f0000000|100%| E|CS|TAMS 0x00000000eff00000, 0x00000000eff00000| Complete 

Card table byte_map: [0x000001a2dbdf0000,0x000001a2dbef0000] _byte_map_base: 0x000001a2db6f0000

Marking Bits (Prev, Next): (CMBitMap*) 0x000001a2c531db80, (CMBitMap*) 0x000001a2c531dbc0
 Prev Bits: [0x000001a2dbff0000, 0x000001a2dc7f0000)
 Next Bits: [0x000001a2dc7f0000, 0x000001a2dcff0000)

Polling page: 0x000001a2c31f0000

Metaspace:

Usage:
  Non-class:     45.19 MB used.
      Class:      7.42 MB used.
       Both:     52.61 MB used.

Virtual space:
  Non-class space:       64.00 MB reserved,      45.44 MB ( 71%) committed,  1 nodes.
      Class space:      320.00 MB reserved,       7.69 MB (  2%) committed,  1 nodes.
             Both:      384.00 MB reserved,      53.12 MB ( 14%) committed. 

Chunk freelists:
   Non-Class:  2.25 MB
       Class:  8.35 MB
        Both:  10.60 MB

MaxMetaspaceSize: 384.00 MB
CompressedClassSpaceSize: 320.00 MB
Initial GC threshold: 21.00 MB
Current GC threshold: 59.38 MB
CDS: on
MetaspaceReclaimPolicy: balanced
 - commit_granule_bytes: 65536.
 - commit_granule_words: 8192.
 - virtual_space_node_default_size: 8388608.
 - enlarge_chunks_in_place: 1.
 - new_chunks_are_fully_committed: 0.
 - uncommit_free_chunks: 1.
 - use_allocation_guard: 0.
 - handle_deallocations: 1.


Internal statistics:

num_allocs_failed_limit: 9.
num_arena_births: 634.
num_arena_deaths: 0.
num_vsnodes_births: 2.
num_vsnodes_deaths: 0.
num_space_committed: 850.
num_space_uncommitted: 0.
num_chunks_returned_to_freelist: 9.
num_chunks_taken_from_freelist: 2861.
num_chunk_merges: 6.
num_chunk_splits: 1838.
num_chunks_enlarged: 1228.
num_inconsistent_stats: 0.

CodeHeap 'non-profiled nmethods': size=120000Kb used=4039Kb max_used=4039Kb free=115960Kb
 bounds [0x000001a2d48c0000, 0x000001a2d4cc0000, 0x000001a2dbdf0000]
CodeHeap 'profiled nmethods': size=120000Kb used=13511Kb max_used=13511Kb free=106488Kb
 bounds [0x000001a2ccdf0000, 0x000001a2cdb30000, 0x000001a2d4320000]
CodeHeap 'non-nmethods': size=5760Kb used=2331Kb max_used=2438Kb free=3428Kb
 bounds [0x000001a2d4320000, 0x000001a2d4590000, 0x000001a2d48c0000]
 total_blobs=7509 nmethods=6659 adapters=762
 compilation: enabled
              stopped_count=0, restarted_count=0
 full_count=0

Compilation events (20 events):
Event: 43.753 Thread 0x000001a2df6058d0 nmethod 7422 0x000001a2d4cb0e90 code [0x000001a2d4cb1020, 0x000001a2d4cb10f8]
Event: 43.754 Thread 0x000001a2df603f00 7423       4       org.gradle.tooling.internal.provider.runner.BuildOperationTracker::discardState (1 bytes)
Event: 43.754 Thread 0x000001a2df603f00 nmethod 7423 0x000001a2d4cb1190 code [0x000001a2d4cb1300, 0x000001a2d4cb1378]
Event: 43.754 Thread 0x000001a2df6058d0 7424       3       org.gradle.internal.operations.BuildOperationDescriptor$Builder::build (54 bytes)
Event: 43.754 Thread 0x000001a2df6058d0 nmethod 7424 0x000001a2cd6ee210 code [0x000001a2cd6ee3c0, 0x000001a2cd6ee6e8]
Event: 43.754 Thread 0x000001a2df6058d0 7425       3       org.gradle.internal.service.scopes.WorkerSharedGlobalScopeServices::lambda$createBuildOperationRunner$0 (11 bytes)
Event: 43.754 Thread 0x000001a2df6058d0 nmethod 7425 0x000001a2cd31f790 code [0x000001a2cd31f940, 0x000001a2cd31fc58]
Event: 43.755 Thread 0x000001a2df6058d0 7426       3       org.gradle.internal.operations.DefaultBuildOperationRunner$2::execute (12 bytes)
Event: 43.755 Thread 0x000001a2df6058d0 nmethod 7426 0x000001a2cd233990 code [0x000001a2cd233b20, 0x000001a2cd233c68]
Event: 43.756 Thread 0x000001a2df6058d0 7427       3       org.gradle.tooling.internal.provider.runner.ToolingApiBuildEventListenerFactory$1::finished (1 bytes)
Event: 43.756 Thread 0x000001a2df6058d0 nmethod 7427 0x000001a2cd6edd90 code [0x000001a2cd6edf20, 0x000001a2cd6ee038]
Event: 43.756 Thread 0x000001a2df6058d0 7428       3       org.gradle.internal.logging.progress.DefaultProgressLoggerFactory$ProgressLoggerImpl::completed (61 bytes)
Event: 43.756 Thread 0x000001a2df6058d0 nmethod 7428 0x000001a2cd319690 code [0x000001a2cd3198c0, 0x000001a2cd31a0b8]
Event: 43.757 Thread 0x000001a2df6058d0 7429       3       io.spring.gradle.dependencymanagement.org.apache.maven.model.merge.ModelMerger::mergeConfigurationContainer_Inherited (43 bytes)
Event: 43.757 Thread 0x000001a2df6058d0 nmethod 7429 0x000001a2cd31ed90 code [0x000001a2cd31ef60, 0x000001a2cd31f4f8]
Event: 43.757 Thread 0x000001a2df6058d0 7430       3       io.spring.gradle.dependencymanagement.org.apache.maven.model.merge.ModelMerger::mergeConfigurationContainer_Configuration (67 bytes)
Event: 43.758 Thread 0x000001a2df6058d0 nmethod 7430 0x000001a2cd318910 code [0x000001a2cd318b20, 0x000001a2cd3193e8]
Event: 43.758 Thread 0x000001a2df603f00 7431       4       io.spring.gradle.dependencymanagement.org.apache.maven.model.interpolation.StringSearchModelInterpolator$InterpolateObjectAction::traverseObjectWithParents (49 bytes)
Event: 43.760 Thread 0x000001a2df6058d0 7433       3       org.gradle.internal.operations.DefaultBuildOperationRunner$CallableBuildOperationWorker::<init> (5 bytes)
Event: 43.760 Thread 0x000001a2df6058d0 nmethod 7433 0x000001a2cd318490 code [0x000001a2cd318640, 0x000001a2cd3187f8]

GC Heap History (16 events):
Event: 1.055 GC heap before
{Heap before GC invocations=0 (full 0):
 garbage-first heap   total 262144K, used 13312K [0x00000000e0000000, 0x0000000100000000)
  region size 1024K, 13 young (13312K), 0 survivors (0K)
 Metaspace       used 767K, committed 896K, reserved 393216K
  class space    used 61K, committed 128K, reserved 327680K
}
Event: 1.088 GC heap after
{Heap after GC invocations=1 (full 0):
 garbage-first heap   total 262144K, used 1236K [0x00000000e0000000, 0x0000000100000000)
  region size 1024K, 2 young (2048K), 2 survivors (2048K)
 Metaspace       used 767K, committed 896K, reserved 393216K
  class space    used 61K, committed 128K, reserved 327680K
}
Event: 2.402 GC heap before
{Heap before GC invocations=1 (full 0):
 garbage-first heap   total 262144K, used 22740K [0x00000000e0000000, 0x0000000100000000)
  region size 1024K, 21 young (21504K), 2 survivors (2048K)
 Metaspace       used 2867K, committed 3008K, reserved 393216K
  class space    used 330K, committed 384K, reserved 327680K
}
Event: 2.406 GC heap after
{Heap after GC invocations=2 (full 0):
 garbage-first heap   total 262144K, used 9817K [0x00000000e0000000, 0x0000000100000000)
  region size 1024K, 3 young (3072K), 3 survivors (3072K)
 Metaspace       used 2867K, committed 3008K, reserved 393216K
  class space    used 330K, committed 384K, reserved 327680K
}
Event: 14.318 GC heap before
{Heap before GC invocations=2 (full 0):
 garbage-first heap   total 262144K, used 165465K [0x00000000e0000000, 0x0000000100000000)
  region size 1024K, 153 young (156672K), 3 survivors (3072K)
 Metaspace       used 18494K, committed 18752K, reserved 393216K
  class space    used 2678K, committed 2816K, reserved 327680K
}
Event: 14.340 GC heap after
{Heap after GC invocations=3 (full 0):
 garbage-first heap   total 262144K, used 22172K [0x00000000e0000000, 0x0000000100000000)
  region size 1024K, 15 young (15360K), 15 survivors (15360K)
 Metaspace       used 18494K, committed 18752K, reserved 393216K
  class space    used 2678K, committed 2816K, reserved 327680K
}
Event: 15.916 GC heap before
{Heap before GC invocations=3 (full 0):
 garbage-first heap   total 262144K, used 45724K [0x00000000e0000000, 0x0000000100000000)
  region size 1024K, 39 young (39936K), 15 survivors (15360K)
 Metaspace       used 21157K, committed 21504K, reserved 393216K
  class space    used 3087K, committed 3200K, reserved 327680K
}
Event: 15.927 GC heap after
{Heap after GC invocations=4 (full 0):
 garbage-first heap   total 262144K, used 24256K [0x00000000e0000000, 0x0000000100000000)
  region size 1024K, 3 young (3072K), 3 survivors (3072K)
 Metaspace       used 21157K, committed 21504K, reserved 393216K
  class space    used 3087K, committed 3200K, reserved 327680K
}
Event: 22.847 GC heap before
{Heap before GC invocations=5 (full 0):
 garbage-first heap   total 262144K, used 143040K [0x00000000e0000000, 0x0000000100000000)
  region size 1024K, 116 young (118784K), 3 survivors (3072K)
 Metaspace       used 35497K, committed 35968K, reserved 393216K
  class space    used 4926K, committed 5184K, reserved 327680K
}
Event: 22.859 GC heap after
{Heap after GC invocations=6 (full 0):
 garbage-first heap   total 262144K, used 31650K [0x00000000e0000000, 0x0000000100000000)
  region size 1024K, 10 young (10240K), 10 survivors (10240K)
 Metaspace       used 35497K, committed 35968K, reserved 393216K
  class space    used 4926K, committed 5184K, reserved 327680K
}
Event: 22.933 GC heap before
{Heap before GC invocations=6 (full 0):
 garbage-first heap   total 262144K, used 33698K [0x00000000e0000000, 0x0000000100000000)
  region size 1024K, 12 young (12288K), 10 survivors (10240K)
 Metaspace       used 35774K, committed 36224K, reserved 393216K
  class space    used 4976K, committed 5184K, reserved 327680K
}
Event: 22.943 GC heap after
{Heap after GC invocations=7 (full 0):
 garbage-first heap   total 262144K, used 31708K [0x00000000e0000000, 0x0000000100000000)
  region size 1024K, 1 young (1024K), 1 survivors (1024K)
 Metaspace       used 35774K, committed 36224K, reserved 393216K
  class space    used 4976K, committed 5184K, reserved 327680K
}
Event: 22.988 GC heap before
{Heap before GC invocations=7 (full 0):
 garbage-first heap   total 262144K, used 31708K [0x00000000e0000000, 0x0000000100000000)
  region size 1024K, 2 young (2048K), 1 survivors (1024K)
 Metaspace       used 35880K, committed 36288K, reserved 393216K
  class space    used 4989K, committed 5184K, reserved 327680K
}
Event: 22.990 GC heap after
{Heap after GC invocations=8 (full 0):
 garbage-first heap   total 262144K, used 31093K [0x00000000e0000000, 0x0000000100000000)
  region size 1024K, 1 young (1024K), 1 survivors (1024K)
 Metaspace       used 35880K, committed 36288K, reserved 393216K
  class space    used 4989K, committed 5184K, reserved 327680K
}
Event: 29.761 GC heap before
{Heap before GC invocations=9 (full 0):
 garbage-first heap   total 262144K, used 187765K [0x00000000e0000000, 0x0000000100000000)
  region size 1024K, 153 young (156672K), 1 survivors (1024K)
 Metaspace       used 50186K, committed 50752K, reserved 393216K
  class space    used 7143K, committed 7424K, reserved 327680K
}
Event: 29.770 GC heap after
{Heap after GC invocations=10 (full 0):
 garbage-first heap   total 262144K, used 39771K [0x00000000e0000000, 0x0000000100000000)
  region size 1024K, 9 young (9216K), 9 survivors (9216K)
 Metaspace       used 50186K, committed 50752K, reserved 393216K
  class space    used 7143K, committed 7424K, reserved 327680K
}

Dll operation events (15 events):
Event: 0.047 Loaded shared library C:\Users\ASUS\.jdks\corretto-17.0.12\bin\java.dll
Event: 0.222 Loaded shared library C:\Users\ASUS\.jdks\corretto-17.0.12\bin\jsvml.dll
Event: 0.347 Loaded shared library C:\Users\ASUS\.jdks\corretto-17.0.12\bin\zip.dll
Event: 0.350 Loaded shared library C:\Users\ASUS\.jdks\corretto-17.0.12\bin\instrument.dll
Event: 0.368 Loaded shared library C:\Users\ASUS\.jdks\corretto-17.0.12\bin\net.dll
Event: 0.395 Loaded shared library C:\Users\ASUS\.jdks\corretto-17.0.12\bin\nio.dll
Event: 0.397 Loaded shared library C:\Users\ASUS\.jdks\corretto-17.0.12\bin\zip.dll
Event: 1.169 Loaded shared library C:\Users\ASUS\.jdks\corretto-17.0.12\bin\jimage.dll
Event: 1.706 Loaded shared library C:\Users\ASUS\.jdks\corretto-17.0.12\bin\verify.dll
Event: 2.222 Loaded shared library C:\Users\ASUS\.gradle\native\c067742578af261105cb4f569cf0c3c89f3d7b1fecec35dd04571415982c5e48\windows-amd64\native-platform.dll
Event: 2.234 Loaded shared library C:\Users\ASUS\.gradle\native\100fb08df4bc3b14c8652ba06237920a3bd2aa13389f12d3474272988ae205f9\windows-amd64\native-platform-file-events.dll
Event: 5.177 Loaded shared library C:\Users\ASUS\.jdks\corretto-17.0.12\bin\management.dll
Event: 5.182 Loaded shared library C:\Users\ASUS\.jdks\corretto-17.0.12\bin\management_ext.dll
Event: 7.102 Loaded shared library C:\Users\ASUS\.jdks\corretto-17.0.12\bin\extnet.dll
Event: 8.445 Loaded shared library C:\Users\ASUS\.jdks\corretto-17.0.12\bin\sunmscapi.dll

Deoptimization events (20 events):
Event: 35.721 Thread 0x000001a2df7ff840 Uncommon trap: trap_request=0xffffff45 fr.pc=0x000001a2d4c78104 relative=0x00000000000019a4
Event: 35.721 Thread 0x000001a2df7ff840 Uncommon trap: reason=unstable_if action=reinterpret pc=0x000001a2d4c78104 method=java.lang.String.indexOf(Ljava/lang/String;)I @ 10 c2
Event: 35.721 Thread 0x000001a2df7ff840 DEOPT PACKING pc=0x000001a2d4c78104 sp=0x0000002f0d6f7990
Event: 35.721 Thread 0x000001a2df7ff840 DEOPT UNPACKING pc=0x000001a2d43769a3 sp=0x0000002f0d6f7760 mode 2
Event: 36.068 Thread 0x000001a2df7ff840 Uncommon trap: trap_request=0xffffff45 fr.pc=0x000001a2d4c8a954 relative=0x0000000000000db4
Event: 36.068 Thread 0x000001a2df7ff840 Uncommon trap: reason=unstable_if action=reinterpret pc=0x000001a2d4c8a954 method=io.spring.gradle.dependencymanagement.org.codehaus.plexus.util.xml.pull.MXParser.nextImpl()I @ 310 c2
Event: 36.068 Thread 0x000001a2df7ff840 DEOPT PACKING pc=0x000001a2d4c8a954 sp=0x0000002f0d6f77a0
Event: 36.068 Thread 0x000001a2df7ff840 DEOPT UNPACKING pc=0x000001a2d43769a3 sp=0x0000002f0d6f7728 mode 2
Event: 37.256 Thread 0x000001a2df7ff840 Uncommon trap: trap_request=0xffffffdc fr.pc=0x000001a2d4c9b0e0 relative=0x00000000000002c0
Event: 37.256 Thread 0x000001a2df7ff840 Uncommon trap: reason=class_check action=make_not_entrant pc=0x000001a2d4c9b0e0 method=java.util.ArrayList.toArray([Ljava/lang/Object;)[Ljava/lang/Object; @ 21 c2
Event: 37.256 Thread 0x000001a2df7ff840 DEOPT PACKING pc=0x000001a2d4c9b0e0 sp=0x0000002f0d6f6d80
Event: 37.256 Thread 0x000001a2df7ff840 DEOPT UNPACKING pc=0x000001a2d43769a3 sp=0x0000002f0d6f6d50 mode 2
Event: 39.601 Thread 0x000001a2df7ff840 Uncommon trap: trap_request=0xffffff45 fr.pc=0x000001a2d4c71464 relative=0x00000000000002c4
Event: 39.601 Thread 0x000001a2df7ff840 Uncommon trap: reason=unstable_if action=reinterpret pc=0x000001a2d4c71464 method=io.spring.gradle.dependencymanagement.org.codehaus.plexus.util.xml.pull.MXParser.isS(C)Z @ 21 c2
Event: 39.601 Thread 0x000001a2df7ff840 DEOPT PACKING pc=0x000001a2d4c71464 sp=0x0000002f0d6f76a0
Event: 39.602 Thread 0x000001a2df7ff840 DEOPT UNPACKING pc=0x000001a2d43769a3 sp=0x0000002f0d6f75c0 mode 2
Event: 39.651 Thread 0x000001a2df7ff840 Uncommon trap: trap_request=0xffffff45 fr.pc=0x000001a2d4ca0b28 relative=0x00000000000000a8
Event: 39.651 Thread 0x000001a2df7ff840 Uncommon trap: reason=unstable_if action=reinterpret pc=0x000001a2d4ca0b28 method=io.spring.gradle.dependencymanagement.org.apache.maven.model.validation.DefaultModelValidator.isValidIdCharacter(C)Z @ 33 c2
Event: 39.651 Thread 0x000001a2df7ff840 DEOPT PACKING pc=0x000001a2d4ca0b28 sp=0x0000002f0d6f7740
Event: 39.651 Thread 0x000001a2df7ff840 DEOPT UNPACKING pc=0x000001a2d43769a3 sp=0x0000002f0d6f76c8 mode 2

Classes loaded (20 events):
Event: 30.306 Loading class java/lang/ProcessImpl
Event: 30.307 Loading class java/lang/ProcessImpl done
Event: 30.399 Loading class java/lang/ProcessHandleImpl
Event: 30.400 Loading class java/lang/ProcessHandleImpl done
Event: 30.408 Loading class java/lang/ProcessImpl$2
Event: 30.408 Loading class java/lang/ProcessImpl$2 done
Event: 30.408 Loading class java/lang/Process$PipeInputStream
Event: 30.408 Loading class java/lang/Process$PipeInputStream done
Event: 30.408 Loading class jdk/internal/event/ProcessStartEvent
Event: 30.408 Loading class jdk/internal/event/ProcessStartEvent done
Event: 31.453 Loading class java/util/stream/ReduceOps$2
Event: 31.453 Loading class java/util/stream/ReduceOps$2 done
Event: 31.454 Loading class java/util/stream/ReduceOps$2ReducingSink
Event: 31.454 Loading class java/util/stream/ReduceOps$2ReducingSink done
Event: 34.268 Loading class java/io/FileReader
Event: 34.268 Loading class java/io/FileReader done
Event: 34.270 Loading class java/text/MessageFormat
Event: 34.270 Loading class java/text/MessageFormat done
Event: 34.390 Loading class java/util/Stack
Event: 34.390 Loading class java/util/Stack done

Classes unloaded (0 events):
No events

Classes redefined (0 events):
No events

Internal exceptions (20 events):
Event: 29.906 Thread 0x000001a2df7ff840 Exception <a 'java/lang/ClassNotFoundException'{0x00000000eec45dd0}: org/gradle/api/internal/tasks/DefaultTaskContainerCustomizer> (0x00000000eec45dd0) 
thrown [s\src\hotspot\share\classfile\systemDictionary.cpp, line 256]
Event: 29.910 Thread 0x000001a2df7ff840 Exception <a 'java/lang/ClassNotFoundException'{0x00000000eeccdbe0}: org/gradle/api/internal/tasks/DefaultTaskContainer_DecoratedCustomizer> (0x00000000eeccdbe0) 
thrown [s\src\hotspot\share\classfile\systemDictionary.cpp, line 256]
Event: 30.031 Thread 0x000001a2df7ff840 Exception <a 'java/lang/NoSuchMethodError'{0x00000000ee541ae8}: 'int java.lang.invoke.DirectMethodHandle$Holder.invokeSpecialIFC(java.lang.Object, java.lang.Object, java.lang.Object, java.lang.Object, java.lang.Object)'> (0x00000000ee541ae8) 
thrown [s\src\hotspot\share\interpreter\linkResolver.cpp, line 759]
Event: 30.108 Thread 0x000001a2df7ff840 Exception <a 'java/lang/NoSuchMethodError'{0x00000000ee15ef80}: 'java.lang.Object java.lang.invoke.DirectMethodHandle$Holder.newInvokeSpecial(java.lang.Object, java.lang.Object, java.lang.Object, java.lang.Object, java.lang.Object, java.lang.Object, int)'> (0x00000000ee15ef80) 
thrown [s\src\hotspot\share\interpreter\linkResolver.cpp, line 759]
Event: 30.109 Thread 0x000001a2df7ff840 Exception <a 'java/lang/NoSuchMethodError'{0x00000000ee164988}: 'java.lang.Object java.lang.invoke.DirectMethodHandle$Holder.invokeSpecial(java.lang.Object, java.lang.Object, java.lang.Object, java.lang.Object, java.lang.Object, java.lang.Object, java.lang.Object, int)'> (0x00000000ee164988) 
thrown [s\src\hotspot\share\interpreter\linkResolver.cpp, line 759]
Event: 30.109 Thread 0x000001a2df7ff840 Exception <a 'java/lang/NoSuchMethodError'{0x00000000ee169d60}: 'java.lang.Object java.lang.invoke.Invokers$Holder.linkToTargetMethod(java.lang.Object, java.lang.Object, java.lang.Object, java.lang.Object, java.lang.Object, int, java.lang.Object)'> (0x00000000ee169d60) 
thrown [s\src\hotspot\share\interpreter\linkResolver.cpp, line 759]
Event: 30.161 Thread 0x000001a2fce0fc10 Implicit null exception at 0x000001a2d4b5b3e0 to 0x000001a2d4b5b480
Event: 30.164 Thread 0x000001a2fce0fc10 Implicit null exception at 0x000001a2d4b376cb to 0x000001a2d4b376f0
Event: 30.397 Thread 0x000001a2fce129a0 Exception <a 'java/lang/NoSuchMethodError'{0x00000000ede0d2e0}: 'void java.lang.invoke.DirectMethodHandle$Holder.invokeStatic(java.lang.Object, long)'> (0x00000000ede0d2e0) 
thrown [s\src\hotspot\share\interpreter\linkResolver.cpp, line 759]
Event: 30.400 Thread 0x000001a2fce129a0 Exception <a 'java/lang/NoSuchMethodError'{0x00000000ede181b8}: 'java.lang.Object java.lang.invoke.DirectMethodHandle$Holder.invokeStatic(java.lang.Object, java.lang.Object, long, java.lang.Object)'> (0x00000000ede181b8) 
thrown [s\src\hotspot\share\interpreter\linkResolver.cpp, line 759]
Event: 30.407 Thread 0x000001a2fce129a0 Exception <a 'java/lang/NoSuchMethodError'{0x00000000ede1b990}: 'java.lang.Object java.lang.invoke.DirectMethodHandle$Holder.invokeStaticInit(java.lang.Object, java.lang.Object, long, java.lang.Object)'> (0x00000000ede1b990) 
thrown [s\src\hotspot\share\interpreter\linkResolver.cpp, line 759]
Event: 30.756 Thread 0x000001a2fce129a0 Exception <a 'java/lang/NoSuchMethodError'{0x00000000ede2f040}: 'void java.lang.invoke.DirectMethodHandle$Holder.invokeSpecial(java.lang.Object, java.lang.Object, int)'> (0x00000000ede2f040) 
thrown [s\src\hotspot\share\interpreter\linkResolver.cpp, line 759]
Event: 34.406 Thread 0x000001a2df7ff840 Exception <a 'java/lang/ClassNotFoundException'{0x00000000eccd69c0}: org/gradle/api/internal/plugins/NaggingBasePluginConventionBeanInfo> (0x00000000eccd69c0) 
thrown [s\src\hotspot\share\classfile\systemDictionary.cpp, line 256]
Event: 34.406 Thread 0x000001a2df7ff840 Exception <a 'java/lang/ClassNotFoundException'{0x00000000ecce6498}: org/gradle/api/plugins/BasePluginConventionBeanInfo> (0x00000000ecce6498) 
thrown [s\src\hotspot\share\classfile\systemDictionary.cpp, line 256]
Event: 34.407 Thread 0x000001a2df7ff840 Exception <a 'java/lang/ClassNotFoundException'{0x00000000eccf5f38}: org/gradle/api/plugins/BasePluginConventionCustomizer> (0x00000000eccf5f38) 
thrown [s\src\hotspot\share\classfile\systemDictionary.cpp, line 256]
Event: 34.409 Thread 0x000001a2df7ff840 Exception <a 'java/lang/ClassNotFoundException'{0x00000000ecb10408}: org/gradle/api/internal/plugins/NaggingBasePluginConventionCustomizer> (0x00000000ecb10408) 
thrown [s\src\hotspot\share\classfile\systemDictionary.cpp, line 256]
Event: 34.413 Thread 0x000001a2df7ff840 Exception <a 'java/lang/ClassNotFoundException'{0x00000000ecb51348}: org/gradle/api/plugins/internal/NaggingJavaPluginConventionBeanInfo> (0x00000000ecb51348) 
thrown [s\src\hotspot\share\classfile\systemDictionary.cpp, line 256]
Event: 34.413 Thread 0x000001a2df7ff840 Exception <a 'java/lang/ClassNotFoundException'{0x00000000ecb60e20}: org/gradle/api/plugins/JavaPluginConventionBeanInfo> (0x00000000ecb60e20) 
thrown [s\src\hotspot\share\classfile\systemDictionary.cpp, line 256]
Event: 34.414 Thread 0x000001a2df7ff840 Exception <a 'java/lang/ClassNotFoundException'{0x00000000ecb708c0}: org/gradle/api/plugins/JavaPluginConventionCustomizer> (0x00000000ecb708c0) 
thrown [s\src\hotspot\share\classfile\systemDictionary.cpp, line 256]
Event: 34.415 Thread 0x000001a2df7ff840 Exception <a 'java/lang/ClassNotFoundException'{0x00000000ecb94660}: org/gradle/api/plugins/internal/NaggingJavaPluginConventionCustomizer> (0x00000000ecb94660) 
thrown [s\src\hotspot\share\classfile\systemDictionary.cpp, line 256]

VM Operations (20 events):
Event: 31.786 Executing VM operation: Cleanup
Event: 31.786 Executing VM operation: Cleanup done
Event: 34.800 Executing VM operation: Cleanup
Event: 34.800 Executing VM operation: Cleanup done
Event: 34.933 Executing VM operation: HandshakeAllThreads
Event: 34.933 Executing VM operation: HandshakeAllThreads done
Event: 35.944 Executing VM operation: Cleanup
Event: 35.944 Executing VM operation: Cleanup done
Event: 36.950 Executing VM operation: Cleanup
Event: 36.950 Executing VM operation: Cleanup done
Event: 37.956 Executing VM operation: Cleanup
Event: 37.956 Executing VM operation: Cleanup done
Event: 38.967 Executing VM operation: Cleanup
Event: 38.967 Executing VM operation: Cleanup done
Event: 39.973 Executing VM operation: Cleanup
Event: 40.005 Executing VM operation: Cleanup done
Event: 43.723 Executing VM operation: HandshakeAllThreads
Event: 43.723 Executing VM operation: HandshakeAllThreads done
Event: 43.723 Executing VM operation: Cleanup
Event: 43.723 Executing VM operation: Cleanup done

Events (20 events):
Event: 39.685 Thread 0x000001a2fab11140 Thread added: 0x000001a2fab11140
Event: 40.007 Thread 0x000001a2fab11b60 Thread added: 0x000001a2fab11b60
Event: 43.622 Thread 0x000001a2fab12070 Thread added: 0x000001a2fab12070
Event: 43.640 Thread 0x000001a2fab143e0 Thread added: 0x000001a2fab143e0
Event: 43.648 Thread 0x000001a2fab16750 Thread added: 0x000001a2fab16750
Event: 43.667 Thread 0x000001a2fab12a90 Thread added: 0x000001a2fab12a90
Event: 43.726 Thread 0x000001a2df778010 flushing nmethod 0x000001a2cd233990
Event: 43.726 Thread 0x000001a2df778010 flushing nmethod 0x000001a2cd24a490
Event: 43.726 Thread 0x000001a2df778010 flushing nmethod 0x000001a2cd24c910
Event: 43.726 Thread 0x000001a2df778010 flushing nmethod 0x000001a2cd24cd10
Event: 43.727 Thread 0x000001a2df778010 flushing nmethod 0x000001a2cd317710
Event: 43.727 Thread 0x000001a2df778010 flushing nmethod 0x000001a2cd31ed90
Event: 43.727 Thread 0x000001a2df778010 flushing nmethod 0x000001a2cd31fe10
Event: 43.727 Thread 0x000001a2df778010 flushing nmethod 0x000001a2cd451c10
Event: 43.727 Thread 0x000001a2df778010 flushing nmethod 0x000001a2cd452610
Event: 43.728 Thread 0x000001a2df778010 flushing nmethod 0x000001a2cd4e6790
Event: 43.729 Thread 0x000001a2df778010 flushing nmethod 0x000001a2cd6edd90
Event: 43.729 Thread 0x000001a2df778010 flushing nmethod 0x000001a2cd6ef110
Event: 43.729 Thread 0x000001a2df778010 flushing nmethod 0x000001a2cd6f5890
Event: 43.755 Thread 0x000001a2fab12fa0 Thread added: 0x000001a2fab12fa0


Dynamic libraries:
0x00007ff633930000 - 0x00007ff63393e000 	C:\Users\ASUS\.jdks\corretto-17.0.12\bin\java.exe
0x00007ffe050b0000 - 0x00007ffe052a8000 	C:\Windows\SYSTEM32\ntdll.dll
0x00007ffe03630000 - 0x00007ffe036ef000 	C:\Windows\System32\KERNEL32.DLL
0x00007ffe02c90000 - 0x00007ffe02f62000 	C:\Windows\System32\KERNELBASE.dll
0x00007ffe02b90000 - 0x00007ffe02c90000 	C:\Windows\System32\ucrtbase.dll
0x00007ffdf0970000 - 0x00007ffdf0987000 	C:\Users\ASUS\.jdks\corretto-17.0.12\bin\jli.dll
0x00007ffdf0950000 - 0x00007ffdf096b000 	C:\Users\ASUS\.jdks\corretto-17.0.12\bin\VCRUNTIME140.dll
0x00007ffe04ea0000 - 0x00007ffe05041000 	C:\Windows\System32\USER32.dll
0x00007ffe02b60000 - 0x00007ffe02b82000 	C:\Windows\System32\win32u.dll
0x00007ffe04880000 - 0x00007ffe048ab000 	C:\Windows\System32\GDI32.dll
0x00007ffe02f70000 - 0x00007ffe0307f000 	C:\Windows\System32\gdi32full.dll
0x00007ffe027a0000 - 0x00007ffe0283d000 	C:\Windows\System32\msvcp_win.dll
0x00007ffdf01f0000 - 0x00007ffdf048a000 	C:\Windows\WinSxS\amd64_microsoft.windows.common-controls_6595b64144ccf1df_6.0.19041.1110_none_60b5254171f9507e\COMCTL32.dll
0x00007ffe04ba0000 - 0x00007ffe04c3e000 	C:\Windows\System32\msvcrt.dll
0x00007ffe035e0000 - 0x00007ffe03612000 	C:\Windows\System32\IMM32.DLL
0x00007ffdfe550000 - 0x00007ffdfe55c000 	C:\Users\ASUS\.jdks\corretto-17.0.12\bin\vcruntime140_1.dll
0x00007ffde1b00000 - 0x00007ffde1b8d000 	C:\Users\ASUS\.jdks\corretto-17.0.12\bin\msvcp140.dll
0x00007ffd87900000 - 0x00007ffd8856a000 	C:\Users\ASUS\.jdks\corretto-17.0.12\bin\server\jvm.dll
0x00007ffe03950000 - 0x00007ffe039fe000 	C:\Windows\System32\ADVAPI32.dll
0x00007ffe047e0000 - 0x00007ffe0487c000 	C:\Windows\System32\sechost.dll
0x00007ffe036f0000 - 0x00007ffe03815000 	C:\Windows\System32\RPCRT4.dll
0x00007ffe049e0000 - 0x00007ffe04a4b000 	C:\Windows\System32\WS2_32.dll
0x00007ffe01d60000 - 0x00007ffe01dab000 	C:\Windows\SYSTEM32\POWRPROF.dll
0x00007ffdf9a20000 - 0x00007ffdf9a47000 	C:\Windows\SYSTEM32\WINMM.dll
0x00007ffdfc9b0000 - 0x00007ffdfc9ba000 	C:\Windows\SYSTEM32\VERSION.dll
0x00007ffe01be0000 - 0x00007ffe01bf2000 	C:\Windows\SYSTEM32\UMPDC.dll
0x00007ffe00660000 - 0x00007ffe00672000 	C:\Windows\SYSTEM32\kernel.appcore.dll
0x00007ffdf04b0000 - 0x00007ffdf04ba000 	C:\Users\ASUS\.jdks\corretto-17.0.12\bin\jimage.dll
0x00007ffded130000 - 0x00007ffded314000 	C:\Windows\SYSTEM32\DBGHELP.DLL
0x00007ffdebc70000 - 0x00007ffdebca5000 	C:\Windows\SYSTEM32\dbgcore.DLL
0x00007ffe02840000 - 0x00007ffe028c2000 	C:\Windows\System32\bcryptPrimitives.dll
0x00007ffdf04a0000 - 0x00007ffdf04ae000 	C:\Users\ASUS\.jdks\corretto-17.0.12\bin\instrument.dll
0x00007ffde1ad0000 - 0x00007ffde1af5000 	C:\Users\ASUS\.jdks\corretto-17.0.12\bin\java.dll
0x00007ffdae2b0000 - 0x00007ffdae387000 	C:\Users\ASUS\.jdks\corretto-17.0.12\bin\jsvml.dll
0x00007ffe03ee0000 - 0x00007ffe04625000 	C:\Windows\System32\SHELL32.dll
0x00007ffe00860000 - 0x00007ffe00ff2000 	C:\Windows\SYSTEM32\windows.storage.dll
0x00007ffe03b20000 - 0x00007ffe03e75000 	C:\Windows\System32\combase.dll
0x00007ffe02200000 - 0x00007ffe02230000 	C:\Windows\SYSTEM32\Wldp.dll
0x00007ffe04c40000 - 0x00007ffe04ced000 	C:\Windows\System32\SHCORE.dll
0x00007ffe03e80000 - 0x00007ffe03ed5000 	C:\Windows\System32\shlwapi.dll
0x00007ffe026e0000 - 0x00007ffe026ff000 	C:\Windows\SYSTEM32\profapi.dll
0x00007ffde1a60000 - 0x00007ffde1a78000 	C:\Users\ASUS\.jdks\corretto-17.0.12\bin\zip.dll
0x00007ffde1a40000 - 0x00007ffde1a59000 	C:\Users\ASUS\.jdks\corretto-17.0.12\bin\net.dll
0x00007ffdfa990000 - 0x00007ffdfaa9c000 	C:\Windows\SYSTEM32\WINHTTP.dll
0x00007ffe01f60000 - 0x00007ffe01fca000 	C:\Windows\system32\mswsock.dll
0x00007ffde19d0000 - 0x00007ffde19e6000 	C:\Users\ASUS\.jdks\corretto-17.0.12\bin\nio.dll
0x00007ffde17c0000 - 0x00007ffde17d0000 	C:\Users\ASUS\.jdks\corretto-17.0.12\bin\verify.dll
0x00007ffdd59e0000 - 0x00007ffdd5a07000 	C:\Users\ASUS\.gradle\native\c067742578af261105cb4f569cf0c3c89f3d7b1fecec35dd04571415982c5e48\windows-amd64\native-platform.dll
0x00007ffdd52f0000 - 0x00007ffdd5434000 	C:\Users\ASUS\.gradle\native\100fb08df4bc3b14c8652ba06237920a3bd2aa13389f12d3474272988ae205f9\windows-amd64\native-platform-file-events.dll
0x00007ffde1700000 - 0x00007ffde1709000 	C:\Users\ASUS\.jdks\corretto-17.0.12\bin\management.dll
0x00007ffde16f0000 - 0x00007ffde16fb000 	C:\Users\ASUS\.jdks\corretto-17.0.12\bin\management_ext.dll
0x00007ffe04cf0000 - 0x00007ffe04cf8000 	C:\Windows\System32\PSAPI.DLL
0x00007ffe02160000 - 0x00007ffe02178000 	C:\Windows\SYSTEM32\CRYPTSP.dll
0x00007ffe01810000 - 0x00007ffe01844000 	C:\Windows\system32\rsaenh.dll
0x00007ffe02980000 - 0x00007ffe029a7000 	C:\Windows\System32\bcrypt.dll
0x00007ffe026a0000 - 0x00007ffe026ce000 	C:\Windows\SYSTEM32\USERENV.dll
0x00007ffe02150000 - 0x00007ffe0215c000 	C:\Windows\SYSTEM32\CRYPTBASE.dll
0x00007ffe01c00000 - 0x00007ffe01c3b000 	C:\Windows\SYSTEM32\IPHLPAPI.DLL
0x00007ffe03620000 - 0x00007ffe03628000 	C:\Windows\System32\NSI.dll
0x00007ffdfb270000 - 0x00007ffdfb287000 	C:\Windows\SYSTEM32\dhcpcsvc6.DLL
0x00007ffdfc030000 - 0x00007ffdfc04d000 	C:\Windows\SYSTEM32\dhcpcsvc.DLL
0x00007ffe01c40000 - 0x00007ffe01d0b000 	C:\Windows\SYSTEM32\DNSAPI.dll
0x00007ffde15a0000 - 0x00007ffde15a9000 	C:\Users\ASUS\.jdks\corretto-17.0.12\bin\extnet.dll
0x00007ffde0d90000 - 0x00007ffde0d9e000 	C:\Users\ASUS\.jdks\corretto-17.0.12\bin\sunmscapi.dll
0x00007ffe02a00000 - 0x00007ffe02b56000 	C:\Windows\System32\CRYPT32.dll
0x00007ffe02270000 - 0x00007ffe02297000 	C:\Windows\SYSTEM32\ncrypt.dll
0x00007ffe02230000 - 0x00007ffe0226b000 	C:\Windows\SYSTEM32\NTASN1.dll
0x00007ffda6e30000 - 0x00007ffda6e37000 	C:\Windows\system32\wshunix.dll

dbghelp: loaded successfully - version: 4.0.5 - missing functions: none
symbol engine: initialized successfully - sym options: 0x614 - pdb path: .;C:\Users\ASUS\.jdks\corretto-17.0.12\bin;C:\Windows\SYSTEM32;C:\Windows\WinSxS\amd64_microsoft.windows.common-controls_6595b64144ccf1df_6.0.19041.1110_none_60b5254171f9507e;C:\Users\ASUS\.jdks\corretto-17.0.12\bin\server;C:\Users\ASUS\.gradle\native\c067742578af261105cb4f569cf0c3c89f3d7b1fecec35dd04571415982c5e48\windows-amd64;C:\Users\ASUS\.gradle\native\100fb08df4bc3b14c8652ba06237920a3bd2aa13389f12d3474272988ae205f9\windows-amd64

VM Arguments:
jvm_args: --add-opens=java.base/java.lang=ALL-UNNAMED --add-opens=java.base/java.lang.invoke=ALL-UNNAMED --add-opens=java.base/java.util=ALL-UNNAMED --add-opens=java.prefs/java.util.prefs=ALL-UNNAMED --add-exports=jdk.compiler/com.sun.tools.javac.api=ALL-UNNAMED --add-exports=jdk.compiler/com.sun.tools.javac.util=ALL-UNNAMED --add-opens=java.base/java.util=ALL-UNNAMED --add-opens=java.prefs/java.util.prefs=ALL-UNNAMED --add-opens=java.base/java.nio.charset=ALL-UNNAMED --add-opens=java.base/java.net=ALL-UNNAMED --add-opens=java.base/java.util.concurrent.atomic=ALL-UNNAMED --add-opens=java.xml/javax.xml.namespace=ALL-UNNAMED -XX:MaxMetaspaceSize=384m -XX:+HeapDumpOnOutOfMemoryError -Xms256m -Xmx512m -Dfile.encoding=windows-1252 -Duser.country=US -Duser.language=en -Duser.variant -javaagent:C:\Users\ASUS\.gradle\wrapper\dists\gradle-8.11.1-bin\bpt9gzteqjrbo1mjrsomdt32c\gradle-8.11.1\lib\agents\gradle-instrumentation-agent-8.11.1.jar 
java_command: org.gradle.launcher.daemon.bootstrap.GradleDaemon 8.11.1
java_class_path (initial): C:\Users\ASUS\.gradle\wrapper\dists\gradle-8.11.1-bin\bpt9gzteqjrbo1mjrsomdt32c\gradle-8.11.1\lib\gradle-daemon-main-8.11.1.jar
Launcher Type: SUN_STANDARD

[Global flags]
     intx CICompilerCount                          = 3                                         {product} {ergonomic}
   size_t CompressedClassSpaceSize                 = 335544320                                 {product} {ergonomic}
     uint ConcGCThreads                            = 1                                         {product} {ergonomic}
     uint G1ConcRefinementThreads                  = 4                                         {product} {ergonomic}
   size_t G1HeapRegionSize                         = 1048576                                   {product} {ergonomic}
    uintx GCDrainStackTargetSize                   = 64                                        {product} {ergonomic}
     bool HeapDumpOnOutOfMemoryError               = true                                   {manageable} {command line}
   size_t InitialHeapSize                          = 268435456                                 {product} {command line}
   size_t MarkStackSize                            = 4194304                                   {product} {ergonomic}
   size_t MaxHeapSize                              = 536870912                                 {product} {command line}
   size_t MaxMetaspaceSize                         = 402653184                                 {product} {command line}
   size_t MaxNewSize                               = 321912832                                 {product} {ergonomic}
   size_t MinHeapDeltaBytes                        = 1048576                                   {product} {ergonomic}
   size_t MinHeapSize                              = 268435456                                 {product} {command line}
    uintx NonNMethodCodeHeapSize                   = 5832780                                {pd product} {ergonomic}
    uintx NonProfiledCodeHeapSize                  = 122912730                              {pd product} {ergonomic}
    uintx ProfiledCodeHeapSize                     = 122912730                              {pd product} {ergonomic}
    uintx ReservedCodeCacheSize                    = 251658240                              {pd product} {ergonomic}
     bool SegmentedCodeCache                       = true                                      {product} {ergonomic}
   size_t SoftMaxHeapSize                          = 536870912                              {manageable} {ergonomic}
     bool UseCompressedClassPointers               = true                           {product lp64_product} {ergonomic}
     bool UseCompressedOops                        = true                           {product lp64_product} {ergonomic}
     bool UseG1GC                                  = true                                      {product} {ergonomic}
     bool UseLargePagesIndividualAllocation        = false                                  {pd product} {ergonomic}

Logging:
Log output configuration:
 #0: stdout all=warning uptime,level,tags
 #1: stderr all=off uptime,level,tags

Environment Variables:
PATH=C:\Windows\system32;C:\Windows;C:\Windows\System32\Wbem;C:\Windows\System32\WindowsPowerShell\v1.0\;C:\Windows\System32\OpenSSH\;C:\Program Files\Git\cmd;C:\Users\ASUS\AppData\Local\Microsoft\WindowsApps;;D:\WebStorm 2024.1.5\bin;
USERNAME=ASUS
OS=Windows_NT
PROCESSOR_IDENTIFIER=Intel64 Family 6 Model 158 Stepping 9, GenuineIntel
TMP=C:\Users\ASUS\AppData\Local\Temp
TEMP=C:\Users\ASUS\AppData\Local\Temp



Periodic native trim disabled


---------------  S Y S T E M  ---------------

OS:
 Windows 10 , 64 bit Build 19041 (10.0.19041.2546)
OS uptime: 0 days 7:39 hours

CPU: total 4 (initial active 4) (4 cores per cpu, 1 threads per core) family 6 model 158 stepping 9 microcode 0xb4, cx8, cmov, fxsr, mmx, 3dnowpref, sse, sse2, sse3, ssse3, sse4.1, sse4.2, popcnt, lzcnt, tsc, tscinvbit, avx, avx2, aes, erms, clmul, bmi1, bmi2, adx, fma, vzeroupper, clflush, clflushopt
Processor Information for all 4 processors :
  Max Mhz: 2501, Current Mhz: 2501, Mhz Limit: 2501

Memory: 4k page, system-wide physical 8076M (555M free)
TotalPageFile size 16542M (AvailPageFile size 3M)
current process WorkingSet (physical memory assigned to process): 371M, peak: 387M
current process commit charge ("private bytes"): 463M, peak: 478M

vm_info: OpenJDK 64-Bit Server VM (17.0.12+7-LTS) for windows-amd64 JRE (17.0.12+7-LTS), built on Jul 10 2024 20:46:33 by "Administrator" with MS VC++ 16.10 / 16.11 (VS2019)

END.
