#
# There is insufficient memory for the Java Runtime Environment to continue.
# Native memory allocation (malloc) failed to allocate 1846576 bytes. Error detail: Chunk::new
# Possible reasons:
#   The system is out of physical RAM or swap space
#   This process is running with CompressedOops enabled, and the Java Heap may be blocking the growth of the native heap
# Possible solutions:
#   Reduce memory load on the system
#   Increase physical memory or swap space
#   Check if swap backing store is full
#   Decrease Java heap size (-Xmx/-Xms)
#   Decrease number of Java threads
#   Decrease Java thread stack sizes (-Xss)
#   Set larger code cache with -XX:ReservedCodeCacheSize=
#   JVM is running with Unscaled Compressed Oops mode in which the Java heap is
#     placed in the first 4GB address space. The Java Heap base address is the
#     maximum limit for the native heap growth. Please use -XX:HeapBaseMinAddress
#     to set the Java Heap base and to place the Java Heap above 4GB virtual address.
# This output file may be truncated or incomplete.
#
#  Out of Memory Error (arena.cpp:191), pid=6212, tid=7604
#
# JRE version: OpenJDK Runtime Environment Corretto-17.0.12.7.1 (17.0.12+7) (build 17.0.12+7-LTS)
# Java VM: OpenJDK 64-Bit Server VM Corretto-17.0.12.7.1 (17.0.12+7-LTS, mixed mode, sharing, tiered, compressed oops, compressed class ptrs, g1 gc, windows-amd64)
# No core dump will be written. Minidumps are not enabled by default on client versions of Windows
#

---------------  S U M M A R Y ------------

Command Line: --add-opens=java.base/java.lang=ALL-UNNAMED --add-opens=java.base/java.lang.invoke=ALL-UNNAMED --add-opens=java.base/java.util=ALL-UNNAMED --add-opens=java.prefs/java.util.prefs=ALL-UNNAMED --add-exports=jdk.compiler/com.sun.tools.javac.api=ALL-UNNAMED --add-exports=jdk.compiler/com.sun.tools.javac.util=ALL-UNNAMED --add-opens=java.base/java.util=ALL-UNNAMED --add-opens=java.prefs/java.util.prefs=ALL-UNNAMED --add-opens=java.base/java.nio.charset=ALL-UNNAMED --add-opens=java.base/java.net=ALL-UNNAMED --add-opens=java.base/java.util.concurrent.atomic=ALL-UNNAMED --add-opens=java.xml/javax.xml.namespace=ALL-UNNAMED -XX:MaxMetaspaceSize=384m -XX:+HeapDumpOnOutOfMemoryError -Xms256m -Xmx512m -Dfile.encoding=windows-1252 -Duser.country=US -Duser.language=en -Duser.variant -javaagent:C:\Users\ASUS\.gradle\wrapper\dists\gradle-8.11.1-bin\bpt9gzteqjrbo1mjrsomdt32c\gradle-8.11.1\lib\agents\gradle-instrumentation-agent-8.11.1.jar org.gradle.launcher.daemon.bootstrap.GradleDaemon 8.11.1

Host: Intel(R) Core(TM) i5-7300HQ CPU @ 2.50GHz, 4 cores, 7G,  Windows 10 , 64 bit Build 19041 (10.0.19041.2546)
Time: Thu Feb  6 16:36:14 2025 SE Asia Standard Time elapsed time: 85.975808 seconds (0d 0h 1m 25s)

---------------  T H R E A D  ---------------

Current thread (0x00000200fe7851b0):  JavaThread "C2 CompilerThread0" daemon [_thread_in_native, id=7604, stack(0x0000008712c00000,0x0000008712d00000)]


Current CompileTask:
C2:  85975 11356       4       io.spring.gradle.dependencymanagement.org.apache.maven.model.inheritance.DefaultInheritanceAssembler$InheritanceModelMerger::mergePluginContainer_Plugins (430 bytes)

Stack: [0x0000008712c00000,0x0000008712d00000]
Native frames: (J=compiled Java code, j=interpreted, Vv=VM code, C=native code)
V  [jvm.dll+0x67f4f9]
V  [jvm.dll+0x836eaa]
V  [jvm.dll+0x83896e]
V  [jvm.dll+0x838fd3]
V  [jvm.dll+0x247f6f]
V  [jvm.dll+0xac9d4]
V  [jvm.dll+0xad01c]
V  [jvm.dll+0x367042]
V  [jvm.dll+0x33156a]
V  [jvm.dll+0x330a0a]
V  [jvm.dll+0x21a501]
V  [jvm.dll+0x219941]
V  [jvm.dll+0x1a57bd]
V  [jvm.dll+0x22966d]
V  [jvm.dll+0x22781c]
V  [jvm.dll+0x7ebec7]
V  [jvm.dll+0x7e62ac]
V  [jvm.dll+0x67e3c7]
C  [ucrtbase.dll+0x21bb2]
C  [KERNEL32.DLL+0x17614]
C  [ntdll.dll+0x526a1]


---------------  P R O C E S S  ---------------

Threads class SMR info:
_java_thread_list=0x00000200b39f7780, length=92, elements={
0x00000200faee7390, 0x00000200fe767180, 0x00000200fe7683f0, 0x00000200fe782a90,
0x00000200fe783360, 0x00000200fe783c30, 0x00000200fe784500, 0x00000200fe7851b0,
0x00000200fe786f80, 0x0000020096ba0040, 0x00000200fe751cb0, 0x0000020096cb59a0,
0x00000200b15840d0, 0x00000200b02242c0, 0x00000200b0233cf0, 0x0000020096da2010,
0x0000020096eb5f90, 0x0000020096eb78e0, 0x0000020096eb7df0, 0x0000020096eb8810,
0x0000020096eb73d0, 0x0000020096eb5060, 0x00000200b362bd20, 0x00000200b36294a0,
0x00000200b362d160, 0x00000200b3626c20, 0x00000200b362db80, 0x00000200b362cc50,
0x00000200b362a8e0, 0x00000200b3627b50, 0x00000200b362a3d0, 0x00000200b3628060,
0x00000200b362b810, 0x00000200b3b843d0, 0x00000200b3b87b80, 0x00000200b3b86230,
0x00000200b2255de0, 0x00000200b225a4c0, 0x00000200b2258b70, 0x00000200b22562f0,
0x00000200b2258150, 0x00000200b225aee0, 0x00000200b2257c40, 0x00000200b2257220,
0x00000200b225b3f0, 0x00000200b225a9d0, 0x00000200b2254eb0, 0x00000200b2259080,
0x00000200b225c320, 0x00000200b2259aa0, 0x00000200b2256800, 0x00000200b2256d10,
0x00000200b225be10, 0x00000200b2258660, 0x00000200b2257730, 0x00000200b2259fb0,
0x00000200b22558d0, 0x00000200b2259590, 0x00000200b225b900, 0x00000200b225c830,
0x00000200b22553c0, 0x00000200b3b86c50, 0x00000200b3b82060, 0x00000200b3b88fc0,
0x00000200b3b82570, 0x00000200b3b86740, 0x00000200b3b87160, 0x00000200b3b894d0,
0x00000200b3b848e0, 0x00000200b3b82a80, 0x00000200b3b87670, 0x00000200b3b84df0,
0x00000200b3b85300, 0x00000200b3b83ec0, 0x00000200b3b82f90, 0x00000200b3b834a0,
0x00000200b3b885a0, 0x00000200b3b839b0, 0x00000200b3b85810, 0x00000200b3b85d20,
0x00000200b3b88090, 0x00000200b3b88ab0, 0x00000200b3b899e0, 0x00000200b3627640,
0x00000200b362adf0, 0x00000200b3629ec0, 0x00000200b362b300, 0x00000200b362c230,
0x00000200b3626710, 0x00000200b3628f90, 0x00000200b3627130, 0x00000200b36299b0
}

Java Threads: ( => current thread )
  0x00000200faee7390 JavaThread "main" [_thread_blocked, id=12104, stack(0x0000008711f00000,0x0000008712000000)]
  0x00000200fe767180 JavaThread "Reference Handler" daemon [_thread_blocked, id=12540, stack(0x0000008712600000,0x0000008712700000)]
  0x00000200fe7683f0 JavaThread "Finalizer" daemon [_thread_blocked, id=13204, stack(0x0000008712700000,0x0000008712800000)]
  0x00000200fe782a90 JavaThread "Signal Dispatcher" daemon [_thread_blocked, id=9364, stack(0x0000008712800000,0x0000008712900000)]
  0x00000200fe783360 JavaThread "Attach Listener" daemon [_thread_blocked, id=6424, stack(0x0000008712900000,0x0000008712a00000)]
  0x00000200fe783c30 JavaThread "Service Thread" daemon [_thread_blocked, id=13972, stack(0x0000008712a00000,0x0000008712b00000)]
  0x00000200fe784500 JavaThread "Monitor Deflation Thread" daemon [_thread_blocked, id=12128, stack(0x0000008712b00000,0x0000008712c00000)]
=>0x00000200fe7851b0 JavaThread "C2 CompilerThread0" daemon [_thread_in_native, id=7604, stack(0x0000008712c00000,0x0000008712d00000)]
  0x00000200fe786f80 JavaThread "C1 CompilerThread0" daemon [_thread_blocked, id=12788, stack(0x0000008712d00000,0x0000008712e00000)]
  0x0000020096ba0040 JavaThread "Sweeper thread" daemon [_thread_blocked, id=13144, stack(0x0000008712e00000,0x0000008712f00000)]
  0x00000200fe751cb0 JavaThread "Common-Cleaner" daemon [_thread_blocked, id=4228, stack(0x0000008712f00000,0x0000008713000000)]
  0x0000020096cb59a0 JavaThread "Notification Thread" daemon [_thread_blocked, id=5732, stack(0x0000008713000000,0x0000008713100000)]
  0x00000200b15840d0 JavaThread "Daemon health stats" [_thread_blocked, id=8756, stack(0x0000008713500000,0x0000008713600000)]
  0x00000200b02242c0 JavaThread "Incoming local TCP Connector on port 56150" [_thread_in_native, id=9252, stack(0x0000008713600000,0x0000008713700000)]
  0x00000200b0233cf0 JavaThread "Daemon periodic checks" [_thread_blocked, id=11416, stack(0x0000008713700000,0x0000008713800000)]
  0x0000020096da2010 JavaThread "Daemon" [_thread_blocked, id=5008, stack(0x0000008713800000,0x0000008713900000)]
  0x0000020096eb5f90 JavaThread "Daemon worker" [_thread_blocked, id=7928, stack(0x0000008713b00000,0x0000008713c00000)]
  0x0000020096eb78e0 JavaThread "Cache worker for journal cache (C:\Users\ASUS\.gradle\caches\journal-1)" [_thread_blocked, id=10984, stack(0x0000008713f00000,0x0000008714000000)]
  0x0000020096eb7df0 JavaThread "File lock request listener" [_thread_in_native, id=7992, stack(0x0000008714000000,0x0000008714100000)]
  0x0000020096eb8810 JavaThread "Cache worker for file hash cache (C:\Users\ASUS\.gradle\caches\8.11.1\fileHashes)" [_thread_blocked, id=9356, stack(0x0000008714100000,0x0000008714200000)]
  0x0000020096eb73d0 JavaThread "Cache worker for file content cache (C:\Users\ASUS\.gradle\caches\8.11.1\fileContent)" [_thread_blocked, id=10300, stack(0x0000008714200000,0x0000008714300000)]
  0x0000020096eb5060 JavaThread "File watcher server" daemon [_thread_in_native, id=9244, stack(0x0000008714500000,0x0000008714600000)]
  0x00000200b362bd20 JavaThread "File watcher consumer" daemon [_thread_blocked, id=10256, stack(0x0000008714600000,0x0000008714700000)]
  0x00000200b36294a0 JavaThread "jar transforms" [_thread_blocked, id=14276, stack(0x0000008714a00000,0x0000008714b00000)]
  0x00000200b362d160 JavaThread "jar transforms Thread 2" [_thread_blocked, id=13784, stack(0x0000008714b00000,0x0000008714c00000)]
  0x00000200b3626c20 JavaThread "jar transforms Thread 3" [_thread_blocked, id=11420, stack(0x0000008714c00000,0x0000008714d00000)]
  0x00000200b362db80 JavaThread "jar transforms Thread 4" [_thread_blocked, id=5168, stack(0x0000008714d00000,0x0000008714e00000)]
  0x00000200b362cc50 JavaThread "Memory manager" [_thread_blocked, id=11600, stack(0x0000008715900000,0x0000008715a00000)]
  0x00000200b362a8e0 JavaThread "ForkJoinPool.commonPool-worker-1" daemon [_thread_blocked, id=3076, stack(0x0000008715b00000,0x0000008715c00000)]
  0x00000200b3627b50 JavaThread "ForkJoinPool.commonPool-worker-2" daemon [_thread_blocked, id=6340, stack(0x0000008715c00000,0x0000008715d00000)]
  0x00000200b362a3d0 JavaThread "ForkJoinPool.commonPool-worker-3" daemon [_thread_blocked, id=4368, stack(0x0000008715d00000,0x0000008715e00000)]
  0x00000200b3628060 JavaThread "Exec process" [_thread_blocked, id=10024, stack(0x0000008715e00000,0x0000008715f00000)]
  0x00000200b362b810 JavaThread "Exec process Thread 2" [_thread_blocked, id=13116, stack(0x0000008715f00000,0x0000008716000000)]
  0x00000200b3b843d0 JavaThread "Exec process Thread 3" [_thread_blocked, id=5976, stack(0x0000008716000000,0x0000008716100000)]
  0x00000200b3b87b80 JavaThread "Daemon Thread 2" [_thread_blocked, id=14192, stack(0x0000008711c00000,0x0000008711d00000)]
  0x00000200b3b86230 JavaThread "File lock release action executor" [_thread_blocked, id=4616, stack(0x0000008716100000,0x0000008716200000)]
  0x00000200b2255de0 JavaThread "included builds" [_thread_blocked, id=1496, stack(0x0000008716600000,0x0000008716700000)]
  0x00000200b225a4c0 JavaThread "Cache worker for Java compile cache (C:\Users\ASUS\.gradle\caches\8.11.1\javaCompile)" [_thread_blocked, id=5752, stack(0x0000008718700000,0x0000008718800000)]
  0x00000200b2258b70 JavaThread "Exec process Thread 4" [_thread_blocked, id=11544, stack(0x0000008718a00000,0x0000008718b00000)]
  0x00000200b22562f0 JavaThread "VFS cleanup" [_thread_blocked, id=7860, stack(0x0000008711e00000,0x0000008711f00000)]
  0x00000200b2258150 JavaThread "Handler for socket connection from /127.0.0.1:56150 to /127.0.0.1:56214" [_thread_in_native, id=2756, stack(0x0000008713900000,0x0000008713a00000)]
  0x00000200b225aee0 JavaThread "Cancel handler" [_thread_blocked, id=10284, stack(0x0000008713a00000,0x0000008713b00000)]
  0x00000200b2257c40 JavaThread "Asynchronous log dispatcher for DefaultDaemonConnection: socket connection from /127.0.0.1:56150 to /127.0.0.1:56214" [_thread_blocked, id=12292, stack(0x0000008713c00000,0x0000008713d00000)]
  0x00000200b2257220 JavaThread "Stdin handler" [_thread_blocked, id=10080, stack(0x0000008713d00000,0x0000008713e00000)]
  0x00000200b225b3f0 JavaThread "Daemon client event forwarder" [_thread_blocked, id=4400, stack(0x0000008713e00000,0x0000008713f00000)]
  0x00000200b225a9d0 JavaThread "Cache worker for file hash cache (D:\codegym\bat_dong_san\case_study_module_4\case_study\case_study\.gradle\8.11.1\fileHashes)" [_thread_blocked, id=7956, stack(0x0000008714300000,0x0000008714400000)]
  0x00000200b2254eb0 JavaThread "Cache worker for Build Output Cleanup Cache (D:\codegym\bat_dong_san\case_study_module_4\case_study\case_study\.gradle\buildOutputCleanup)" [_thread_blocked, id=12464, stack(0x0000008714400000,0x0000008714500000)]
  0x00000200b2259080 JavaThread "Cache worker for checksums cache (D:\codegym\bat_dong_san\case_study_module_4\case_study\case_study\.gradle\8.11.1\checksums)" [_thread_blocked, id=12976, stack(0x0000008714700000,0x0000008714800000)]
  0x00000200b225c320 JavaThread "Cache worker for cache directory md-rule (C:\Users\ASUS\.gradle\caches\8.11.1\md-rule)" [_thread_blocked, id=6828, stack(0x0000008714800000,0x0000008714900000)]
  0x00000200b2259aa0 JavaThread "Cache worker for cache directory md-supplier (C:\Users\ASUS\.gradle\caches\8.11.1\md-supplier)" [_thread_blocked, id=10544, stack(0x0000008714900000,0x0000008714a00000)]
  0x00000200b2256800 JavaThread "Unconstrained build operations" [_thread_blocked, id=14228, stack(0x0000008714f00000,0x0000008715000000)]
  0x00000200b2256d10 JavaThread "Unconstrained build operations Thread 2" [_thread_blocked, id=12340, stack(0x0000008715000000,0x0000008715100000)]
  0x00000200b225be10 JavaThread "Unconstrained build operations Thread 3" [_thread_blocked, id=11412, stack(0x0000008715100000,0x0000008715200000)]
  0x00000200b2258660 JavaThread "Unconstrained build operations Thread 4" [_thread_blocked, id=13380, stack(0x0000008715200000,0x0000008715300000)]
  0x00000200b2257730 JavaThread "Unconstrained build operations Thread 5" [_thread_blocked, id=628, stack(0x0000008715300000,0x0000008715400000)]
  0x00000200b2259fb0 JavaThread "Unconstrained build operations Thread 6" [_thread_blocked, id=5340, stack(0x0000008715400000,0x0000008715500000)]
  0x00000200b22558d0 JavaThread "File lock release action executor Thread 2" [_thread_blocked, id=3580, stack(0x0000008715500000,0x0000008715600000)]
  0x00000200b2259590 JavaThread "File lock release action executor Thread 3" [_thread_blocked, id=3136, stack(0x0000008715600000,0x0000008715700000)]
  0x00000200b225b900 JavaThread "Unconstrained build operations Thread 7" [_thread_blocked, id=7292, stack(0x0000008715700000,0x0000008715800000)]
  0x00000200b225c830 JavaThread "Unconstrained build operations Thread 8" [_thread_blocked, id=12524, stack(0x0000008715800000,0x0000008715900000)]
  0x00000200b22553c0 JavaThread "Unconstrained build operations Thread 9" [_thread_blocked, id=13464, stack(0x0000008716200000,0x0000008716300000)]
  0x00000200b3b86c50 JavaThread "Unconstrained build operations Thread 10" [_thread_blocked, id=10188, stack(0x0000008716300000,0x0000008716400000)]
  0x00000200b3b82060 JavaThread "Unconstrained build operations Thread 11" [_thread_blocked, id=13544, stack(0x0000008716400000,0x0000008716500000)]
  0x00000200b3b88fc0 JavaThread "Unconstrained build operations Thread 12" [_thread_blocked, id=13652, stack(0x0000008716500000,0x0000008716600000)]
  0x00000200b3b82570 JavaThread "Unconstrained build operations Thread 13" [_thread_blocked, id=5740, stack(0x0000008716700000,0x0000008716800000)]
  0x00000200b3b86740 JavaThread "Unconstrained build operations Thread 14" [_thread_blocked, id=13892, stack(0x0000008716800000,0x0000008716900000)]
  0x00000200b3b87160 JavaThread "Unconstrained build operations Thread 15" [_thread_blocked, id=7872, stack(0x0000008716900000,0x0000008716a00000)]
  0x00000200b3b894d0 JavaThread "Unconstrained build operations Thread 16" [_thread_blocked, id=10404, stack(0x0000008716a00000,0x0000008716b00000)]
  0x00000200b3b848e0 JavaThread "Unconstrained build operations Thread 17" [_thread_blocked, id=14312, stack(0x0000008716b00000,0x0000008716c00000)]
  0x00000200b3b82a80 JavaThread "Unconstrained build operations Thread 18" [_thread_blocked, id=11352, stack(0x0000008716c00000,0x0000008716d00000)]
  0x00000200b3b87670 JavaThread "Unconstrained build operations Thread 19" [_thread_blocked, id=7396, stack(0x0000008716d00000,0x0000008716e00000)]
  0x00000200b3b84df0 JavaThread "Unconstrained build operations Thread 20" [_thread_blocked, id=13152, stack(0x0000008716e00000,0x0000008716f00000)]
  0x00000200b3b85300 JavaThread "Unconstrained build operations Thread 21" [_thread_blocked, id=11460, stack(0x0000008716f00000,0x0000008717000000)]
  0x00000200b3b83ec0 JavaThread "Unconstrained build operations Thread 22" [_thread_blocked, id=13760, stack(0x0000008717000000,0x0000008717100000)]
  0x00000200b3b82f90 JavaThread "Unconstrained build operations Thread 23" [_thread_blocked, id=9624, stack(0x0000008717100000,0x0000008717200000)]
  0x00000200b3b834a0 JavaThread "Unconstrained build operations Thread 24" [_thread_blocked, id=14196, stack(0x0000008717200000,0x0000008717300000)]
  0x00000200b3b885a0 JavaThread "Unconstrained build operations Thread 25" [_thread_blocked, id=13840, stack(0x0000008717300000,0x0000008717400000)]
  0x00000200b3b839b0 JavaThread "Unconstrained build operations Thread 26" [_thread_blocked, id=7584, stack(0x0000008717400000,0x0000008717500000)]
  0x00000200b3b85810 JavaThread "Unconstrained build operations Thread 27" [_thread_blocked, id=11840, stack(0x0000008717500000,0x0000008717600000)]
  0x00000200b3b85d20 JavaThread "Unconstrained build operations Thread 28" [_thread_blocked, id=4580, stack(0x0000008717600000,0x0000008717700000)]
  0x00000200b3b88090 JavaThread "Unconstrained build operations Thread 29" [_thread_blocked, id=14268, stack(0x0000008717700000,0x0000008717800000)]
  0x00000200b3b88ab0 JavaThread "Unconstrained build operations Thread 30" [_thread_blocked, id=6460, stack(0x0000008717800000,0x0000008717900000)]
  0x00000200b3b899e0 JavaThread "Unconstrained build operations Thread 31" [_thread_blocked, id=13276, stack(0x0000008717900000,0x0000008717a00000)]
  0x00000200b3627640 JavaThread "Unconstrained build operations Thread 32" [_thread_blocked, id=5788, stack(0x0000008717a00000,0x0000008717b00000)]
  0x00000200b362adf0 JavaThread "Unconstrained build operations Thread 33" [_thread_blocked, id=12452, stack(0x0000008717b00000,0x0000008717c00000)]
  0x00000200b3629ec0 JavaThread "Unconstrained build operations Thread 34" [_thread_blocked, id=7140, stack(0x0000008717c00000,0x0000008717d00000)]
  0x00000200b362b300 JavaThread "Unconstrained build operations Thread 35" [_thread_blocked, id=14064, stack(0x0000008717d00000,0x0000008717e00000)]
  0x00000200b362c230 JavaThread "Unconstrained build operations Thread 36" [_thread_blocked, id=7220, stack(0x0000008717e00000,0x0000008717f00000)]
  0x00000200b3626710 JavaThread "Unconstrained build operations Thread 37" [_thread_blocked, id=2784, stack(0x0000008717f00000,0x0000008718000000)]
  0x00000200b3628f90 JavaThread "Unconstrained build operations Thread 38" [_thread_blocked, id=9040, stack(0x0000008718000000,0x0000008718100000)]
  0x00000200b3627130 JavaThread "Unconstrained build operations Thread 39" [_thread_blocked, id=1600, stack(0x0000008718300000,0x0000008718400000)]
  0x00000200b36299b0 JavaThread "Unconstrained build operations Thread 40" [_thread_blocked, id=13612, stack(0x0000008718400000,0x0000008718500000)]

Other Threads:
  0x00000200fe761350 VMThread "VM Thread" [stack: 0x0000008712500000,0x0000008712600000] [id=2168]
  0x0000020096d53a90 WatcherThread [stack: 0x0000008713100000,0x0000008713200000] [id=10608]
  0x00000200faf12460 GCTaskThread "GC Thread#0" [stack: 0x0000008712000000,0x0000008712100000] [id=10204]
  0x0000020096e6b280 GCTaskThread "GC Thread#1" [stack: 0x0000008713200000,0x0000008713300000] [id=11380]
  0x0000020096e6b540 GCTaskThread "GC Thread#2" [stack: 0x0000008713300000,0x0000008713400000] [id=6132]
  0x0000020096e6b800 GCTaskThread "GC Thread#3" [stack: 0x0000008713400000,0x0000008713500000] [id=12208]
  0x00000200faf18170 ConcurrentGCThread "G1 Main Marker" [stack: 0x0000008712100000,0x0000008712200000] [id=1804]
  0x00000200faf18940 ConcurrentGCThread "G1 Conc#0" [stack: 0x0000008712200000,0x0000008712300000] [id=13620]
  0x00000200fafae7b0 ConcurrentGCThread "G1 Refine#0" [stack: 0x0000008712300000,0x0000008712400000] [id=10424]
  0x00000200b359dd00 ConcurrentGCThread "G1 Refine#1" [stack: 0x0000008714e00000,0x0000008714f00000] [id=3400]
  0x00000200b2b39530 ConcurrentGCThread "G1 Refine#2" [stack: 0x0000008715a00000,0x0000008715b00000] [id=14140]
  0x00000200fe6234d0 ConcurrentGCThread "G1 Service" [stack: 0x0000008712400000,0x0000008712500000] [id=13688]

Threads with active compile tasks:
C2 CompilerThread0    86018 11356       4       io.spring.gradle.dependencymanagement.org.apache.maven.model.inheritance.DefaultInheritanceAssembler$InheritanceModelMerger::mergePluginContainer_Plugins (430 bytes)

VM state: not at safepoint (normal execution)

VM Mutex/Monitor currently owned by a thread: None

Heap address: 0x00000000e0000000, size: 512 MB, Compressed Oops mode: 32-bit

CDS archive(s) mapped at: [0x0000020097000000-0x0000020097bb0000-0x0000020097bb0000), size 12255232, SharedBaseAddress: 0x0000020097000000, ArchiveRelocationMode: 1.
Compressed class space mapped at: 0x0000020098000000-0x00000200ac000000, reserved size: 335544320
Narrow klass base: 0x0000020097000000, Narrow klass shift: 0, Narrow klass range: 0x100000000

GC Precious Log:
 CPUs: 4 total, 4 available
 Memory: 8076M
 Large Page Support: Disabled
 NUMA Support: Disabled
 Compressed Oops: Enabled (32-bit)
 Heap Region Size: 1M
 Heap Min Capacity: 256M
 Heap Initial Capacity: 256M
 Heap Max Capacity: 512M
 Pre-touch: Disabled
 Parallel Workers: 4
 Concurrent Workers: 1
 Concurrent Refinement Workers: 4
 Periodic GC: Disabled

Heap:
 garbage-first heap   total 262144K, used 161309K [0x00000000e0000000, 0x0000000100000000)
  region size 1024K, 113 young (115712K), 4 survivors (4096K)
 Metaspace       used 60909K, committed 61568K, reserved 393216K
  class space    used 8464K, committed 8768K, reserved 327680K

Heap Regions: E=young(eden), S=young(survivor), O=old, HS=humongous(starts), HC=humongous(continues), CS=collection set, F=free, OA=open archive, CA=closed archive, TAMS=top-at-mark-start (previous, next)
|   0|0x00000000e0000000, 0x00000000e0100000, 0x00000000e0100000|100%|HS|  |TAMS 0x00000000e0100000, 0x00000000e0000000| Complete 
|   1|0x00000000e0100000, 0x00000000e0200000, 0x00000000e0200000|100%|HC|  |TAMS 0x00000000e0200000, 0x00000000e0100000| Complete 
|   2|0x00000000e0200000, 0x00000000e0300000, 0x00000000e0300000|100%|HC|  |TAMS 0x00000000e0300000, 0x00000000e0200000| Complete 
|   3|0x00000000e0300000, 0x00000000e0400000, 0x00000000e0400000|100%| O|  |TAMS 0x00000000e0400000, 0x00000000e0300000| Untracked 
|   4|0x00000000e0400000, 0x00000000e0500000, 0x00000000e0500000|100%| O|  |TAMS 0x00000000e0500000, 0x00000000e0400000| Untracked 
|   5|0x00000000e0500000, 0x00000000e0600000, 0x00000000e0600000|100%| O|  |TAMS 0x00000000e0600000, 0x00000000e0500000| Untracked 
|   6|0x00000000e0600000, 0x00000000e0700000, 0x00000000e0700000|100%| O|  |TAMS 0x00000000e0700000, 0x00000000e0600000| Untracked 
|   7|0x00000000e0700000, 0x00000000e0800000, 0x00000000e0800000|100%|HS|  |TAMS 0x00000000e0800000, 0x00000000e0700000| Complete 
|   8|0x00000000e0800000, 0x00000000e0900000, 0x00000000e0900000|100%| O|  |TAMS 0x00000000e0900000, 0x00000000e0800000| Untracked 
|   9|0x00000000e0900000, 0x00000000e0a00000, 0x00000000e0a00000|100%| O|  |TAMS 0x00000000e0a00000, 0x00000000e0900000| Untracked 
|  10|0x00000000e0a00000, 0x00000000e0b00000, 0x00000000e0b00000|100%| O|  |TAMS 0x00000000e0b00000, 0x00000000e0a00000| Untracked 
|  11|0x00000000e0b00000, 0x00000000e0c00000, 0x00000000e0c00000|100%| O|  |TAMS 0x00000000e0c00000, 0x00000000e0b00000| Untracked 
|  12|0x00000000e0c00000, 0x00000000e0d00000, 0x00000000e0d00000|100%| O|  |TAMS 0x00000000e0c00000, 0x00000000e0c00000| Untracked 
|  13|0x00000000e0d00000, 0x00000000e0e00000, 0x00000000e0e00000|100%| O|  |TAMS 0x00000000e0e00000, 0x00000000e0d00000| Untracked 
|  14|0x00000000e0e00000, 0x00000000e0f00000, 0x00000000e0f00000|100%| O|  |TAMS 0x00000000e0f00000, 0x00000000e0e00000| Untracked 
|  15|0x00000000e0f00000, 0x00000000e1000000, 0x00000000e1000000|100%| O|  |TAMS 0x00000000e1000000, 0x00000000e0f00000| Untracked 
|  16|0x00000000e1000000, 0x00000000e1100000, 0x00000000e1100000|100%| O|  |TAMS 0x00000000e1100000, 0x00000000e1000000| Untracked 
|  17|0x00000000e1100000, 0x00000000e1200000, 0x00000000e1200000|100%| O|  |TAMS 0x00000000e1200000, 0x00000000e1100000| Untracked 
|  18|0x00000000e1200000, 0x00000000e1300000, 0x00000000e1300000|100%| O|  |TAMS 0x00000000e1300000, 0x00000000e1200000| Untracked 
|  19|0x00000000e1300000, 0x00000000e1400000, 0x00000000e1400000|100%| O|  |TAMS 0x00000000e1400000, 0x00000000e1300000| Untracked 
|  20|0x00000000e1400000, 0x00000000e1500000, 0x00000000e1500000|100%| O|  |TAMS 0x00000000e1500000, 0x00000000e1400000| Untracked 
|  21|0x00000000e1500000, 0x00000000e1600000, 0x00000000e1600000|100%| O|  |TAMS 0x00000000e1600000, 0x00000000e1500000| Untracked 
|  22|0x00000000e1600000, 0x00000000e1700000, 0x00000000e1700000|100%| O|  |TAMS 0x00000000e1700000, 0x00000000e1600000| Untracked 
|  23|0x00000000e1700000, 0x00000000e1800000, 0x00000000e1800000|100%| O|  |TAMS 0x00000000e1800000, 0x00000000e1700000| Untracked 
|  24|0x00000000e1800000, 0x00000000e1900000, 0x00000000e1900000|100%| O|  |TAMS 0x00000000e1900000, 0x00000000e1800000| Untracked 
|  25|0x00000000e1900000, 0x00000000e1a00000, 0x00000000e1a00000|100%| O|  |TAMS 0x00000000e1a00000, 0x00000000e1900000| Untracked 
|  26|0x00000000e1a00000, 0x00000000e1b00000, 0x00000000e1b00000|100%| O|  |TAMS 0x00000000e1b00000, 0x00000000e1a00000| Untracked 
|  27|0x00000000e1b00000, 0x00000000e1c00000, 0x00000000e1c00000|100%| O|  |TAMS 0x00000000e1c00000, 0x00000000e1b00000| Untracked 
|  28|0x00000000e1c00000, 0x00000000e1d00000, 0x00000000e1d00000|100%| O|  |TAMS 0x00000000e1d00000, 0x00000000e1c00000| Untracked 
|  29|0x00000000e1d00000, 0x00000000e1e00000, 0x00000000e1e00000|100%| O|  |TAMS 0x00000000e1e00000, 0x00000000e1d00000| Untracked 
|  30|0x00000000e1e00000, 0x00000000e1f00000, 0x00000000e1f00000|100%| O|  |TAMS 0x00000000e1f00000, 0x00000000e1e00000| Untracked 
|  31|0x00000000e1f00000, 0x00000000e2000000, 0x00000000e2000000|100%| O|  |TAMS 0x00000000e2000000, 0x00000000e1f00000| Untracked 
|  32|0x00000000e2000000, 0x00000000e2100000, 0x00000000e2100000|100%| O|  |TAMS 0x00000000e2100000, 0x00000000e2000000| Untracked 
|  33|0x00000000e2100000, 0x00000000e2200000, 0x00000000e2200000|100%| O|  |TAMS 0x00000000e2200000, 0x00000000e2100000| Untracked 
|  34|0x00000000e2200000, 0x00000000e2300000, 0x00000000e2300000|100%| O|  |TAMS 0x00000000e2300000, 0x00000000e2200000| Untracked 
|  35|0x00000000e2300000, 0x00000000e2400000, 0x00000000e2400000|100%| O|  |TAMS 0x00000000e2400000, 0x00000000e2300000| Untracked 
|  36|0x00000000e2400000, 0x00000000e2500000, 0x00000000e2500000|100%| O|  |TAMS 0x00000000e2500000, 0x00000000e2400000| Complete 
|  37|0x00000000e2500000, 0x00000000e2600000, 0x00000000e2600000|100%| O|  |TAMS 0x00000000e2600000, 0x00000000e2500000| Untracked 
|  38|0x00000000e2600000, 0x00000000e2700000, 0x00000000e2700000|100%| O|  |TAMS 0x00000000e2629800, 0x00000000e2600000| Untracked 
|  39|0x00000000e2700000, 0x00000000e2800000, 0x00000000e2800000|100%| O|  |TAMS 0x00000000e2700000, 0x00000000e2700000| Untracked 
|  40|0x00000000e2800000, 0x00000000e2900000, 0x00000000e2900000|100%| O|  |TAMS 0x00000000e2800000, 0x00000000e2800000| Untracked 
|  41|0x00000000e2900000, 0x00000000e2a00000, 0x00000000e2a00000|100%| O|  |TAMS 0x00000000e2900000, 0x00000000e2900000| Untracked 
|  42|0x00000000e2a00000, 0x00000000e2b00000, 0x00000000e2b00000|100%| O|  |TAMS 0x00000000e2a00000, 0x00000000e2a00000| Untracked 
|  43|0x00000000e2b00000, 0x00000000e2c00000, 0x00000000e2c00000|100%| O|  |TAMS 0x00000000e2b00000, 0x00000000e2b00000| Untracked 
|  44|0x00000000e2c00000, 0x00000000e2d00000, 0x00000000e2d00000|100%| O|  |TAMS 0x00000000e2c00000, 0x00000000e2c00000| Untracked 
|  45|0x00000000e2d00000, 0x00000000e2d92000, 0x00000000e2e00000| 57%| O|  |TAMS 0x00000000e2d00000, 0x00000000e2d00000| Untracked 
|  46|0x00000000e2e00000, 0x00000000e2e00000, 0x00000000e2f00000|  0%| F|  |TAMS 0x00000000e2e00000, 0x00000000e2e00000| Untracked 
|  47|0x00000000e2f00000, 0x00000000e2f00000, 0x00000000e3000000|  0%| F|  |TAMS 0x00000000e2f00000, 0x00000000e2f00000| Untracked 
|  48|0x00000000e3000000, 0x00000000e3000000, 0x00000000e3100000|  0%| F|  |TAMS 0x00000000e3000000, 0x00000000e3000000| Untracked 
|  49|0x00000000e3100000, 0x00000000e3100000, 0x00000000e3200000|  0%| F|  |TAMS 0x00000000e3100000, 0x00000000e3100000| Untracked 
|  50|0x00000000e3200000, 0x00000000e3200000, 0x00000000e3300000|  0%| F|  |TAMS 0x00000000e3200000, 0x00000000e3200000| Untracked 
|  51|0x00000000e3300000, 0x00000000e3300000, 0x00000000e3400000|  0%| F|  |TAMS 0x00000000e3300000, 0x00000000e3300000| Untracked 
|  52|0x00000000e3400000, 0x00000000e3400000, 0x00000000e3500000|  0%| F|  |TAMS 0x00000000e3400000, 0x00000000e3400000| Untracked 
|  53|0x00000000e3500000, 0x00000000e3500000, 0x00000000e3600000|  0%| F|  |TAMS 0x00000000e3500000, 0x00000000e3500000| Untracked 
|  54|0x00000000e3600000, 0x00000000e3600000, 0x00000000e3700000|  0%| F|  |TAMS 0x00000000e3600000, 0x00000000e3600000| Untracked 
|  55|0x00000000e3700000, 0x00000000e3700000, 0x00000000e3800000|  0%| F|  |TAMS 0x00000000e3700000, 0x00000000e3700000| Untracked 
|  56|0x00000000e3800000, 0x00000000e3800000, 0x00000000e3900000|  0%| F|  |TAMS 0x00000000e3800000, 0x00000000e3800000| Untracked 
|  57|0x00000000e3900000, 0x00000000e3900000, 0x00000000e3a00000|  0%| F|  |TAMS 0x00000000e3900000, 0x00000000e3900000| Untracked 
|  58|0x00000000e3a00000, 0x00000000e3a00000, 0x00000000e3b00000|  0%| F|  |TAMS 0x00000000e3a00000, 0x00000000e3a00000| Untracked 
|  59|0x00000000e3b00000, 0x00000000e3b00000, 0x00000000e3c00000|  0%| F|  |TAMS 0x00000000e3b00000, 0x00000000e3b00000| Untracked 
|  60|0x00000000e3c00000, 0x00000000e3c00000, 0x00000000e3d00000|  0%| F|  |TAMS 0x00000000e3c00000, 0x00000000e3c00000| Untracked 
|  61|0x00000000e3d00000, 0x00000000e3d00000, 0x00000000e3e00000|  0%| F|  |TAMS 0x00000000e3d00000, 0x00000000e3d00000| Untracked 
|  62|0x00000000e3e00000, 0x00000000e3e00000, 0x00000000e3f00000|  0%| F|  |TAMS 0x00000000e3e00000, 0x00000000e3e00000| Untracked 
|  63|0x00000000e3f00000, 0x00000000e3f00000, 0x00000000e4000000|  0%| F|  |TAMS 0x00000000e3f00000, 0x00000000e3f00000| Untracked 
|  64|0x00000000e4000000, 0x00000000e4000000, 0x00000000e4100000|  0%| F|  |TAMS 0x00000000e4000000, 0x00000000e4000000| Untracked 
|  65|0x00000000e4100000, 0x00000000e4100000, 0x00000000e4200000|  0%| F|  |TAMS 0x00000000e4100000, 0x00000000e4100000| Untracked 
|  66|0x00000000e4200000, 0x00000000e4200000, 0x00000000e4300000|  0%| F|  |TAMS 0x00000000e4200000, 0x00000000e4200000| Untracked 
|  67|0x00000000e4300000, 0x00000000e4300000, 0x00000000e4400000|  0%| F|  |TAMS 0x00000000e4300000, 0x00000000e4300000| Untracked 
|  68|0x00000000e4400000, 0x00000000e4400000, 0x00000000e4500000|  0%| F|  |TAMS 0x00000000e4400000, 0x00000000e4400000| Untracked 
|  69|0x00000000e4500000, 0x00000000e4500000, 0x00000000e4600000|  0%| F|  |TAMS 0x00000000e4500000, 0x00000000e4500000| Untracked 
|  70|0x00000000e4600000, 0x00000000e4600000, 0x00000000e4700000|  0%| F|  |TAMS 0x00000000e4600000, 0x00000000e4600000| Untracked 
|  71|0x00000000e4700000, 0x00000000e4700000, 0x00000000e4800000|  0%| F|  |TAMS 0x00000000e4700000, 0x00000000e4700000| Untracked 
|  72|0x00000000e4800000, 0x00000000e4800000, 0x00000000e4900000|  0%| F|  |TAMS 0x00000000e4800000, 0x00000000e4800000| Untracked 
|  73|0x00000000e4900000, 0x00000000e4900000, 0x00000000e4a00000|  0%| F|  |TAMS 0x00000000e4900000, 0x00000000e4900000| Untracked 
|  74|0x00000000e4a00000, 0x00000000e4a00000, 0x00000000e4b00000|  0%| F|  |TAMS 0x00000000e4a00000, 0x00000000e4a00000| Untracked 
|  75|0x00000000e4b00000, 0x00000000e4b00000, 0x00000000e4c00000|  0%| F|  |TAMS 0x00000000e4b00000, 0x00000000e4b00000| Untracked 
|  76|0x00000000e4c00000, 0x00000000e4c00000, 0x00000000e4d00000|  0%| F|  |TAMS 0x00000000e4c00000, 0x00000000e4c00000| Untracked 
|  77|0x00000000e4d00000, 0x00000000e4d00000, 0x00000000e4e00000|  0%| F|  |TAMS 0x00000000e4d00000, 0x00000000e4d00000| Untracked 
|  78|0x00000000e4e00000, 0x00000000e4e00000, 0x00000000e4f00000|  0%| F|  |TAMS 0x00000000e4e00000, 0x00000000e4e00000| Untracked 
|  79|0x00000000e4f00000, 0x00000000e4f00000, 0x00000000e5000000|  0%| F|  |TAMS 0x00000000e4f00000, 0x00000000e4f00000| Untracked 
|  80|0x00000000e5000000, 0x00000000e5000000, 0x00000000e5100000|  0%| F|  |TAMS 0x00000000e5000000, 0x00000000e5000000| Untracked 
|  81|0x00000000e5100000, 0x00000000e5100000, 0x00000000e5200000|  0%| F|  |TAMS 0x00000000e5100000, 0x00000000e5100000| Untracked 
|  82|0x00000000e5200000, 0x00000000e5200000, 0x00000000e5300000|  0%| F|  |TAMS 0x00000000e5200000, 0x00000000e5200000| Untracked 
|  83|0x00000000e5300000, 0x00000000e5300000, 0x00000000e5400000|  0%| F|  |TAMS 0x00000000e5300000, 0x00000000e5300000| Untracked 
|  84|0x00000000e5400000, 0x00000000e5400000, 0x00000000e5500000|  0%| F|  |TAMS 0x00000000e5400000, 0x00000000e5400000| Untracked 
|  85|0x00000000e5500000, 0x00000000e5500000, 0x00000000e5600000|  0%| F|  |TAMS 0x00000000e5500000, 0x00000000e5500000| Untracked 
|  86|0x00000000e5600000, 0x00000000e5600000, 0x00000000e5700000|  0%| F|  |TAMS 0x00000000e5600000, 0x00000000e5600000| Untracked 
|  87|0x00000000e5700000, 0x00000000e5700000, 0x00000000e5800000|  0%| F|  |TAMS 0x00000000e5700000, 0x00000000e5700000| Untracked 
|  88|0x00000000e5800000, 0x00000000e5800000, 0x00000000e5900000|  0%| F|  |TAMS 0x00000000e5800000, 0x00000000e5800000| Untracked 
|  89|0x00000000e5900000, 0x00000000e5900000, 0x00000000e5a00000|  0%| F|  |TAMS 0x00000000e5900000, 0x00000000e5900000| Untracked 
|  90|0x00000000e5a00000, 0x00000000e5a00000, 0x00000000e5b00000|  0%| F|  |TAMS 0x00000000e5a00000, 0x00000000e5a00000| Untracked 
|  91|0x00000000e5b00000, 0x00000000e5b00000, 0x00000000e5c00000|  0%| F|  |TAMS 0x00000000e5b00000, 0x00000000e5b00000| Untracked 
|  92|0x00000000e5c00000, 0x00000000e5c00000, 0x00000000e5d00000|  0%| F|  |TAMS 0x00000000e5c00000, 0x00000000e5c00000| Untracked 
|  93|0x00000000e5d00000, 0x00000000e5d00000, 0x00000000e5e00000|  0%| F|  |TAMS 0x00000000e5d00000, 0x00000000e5d00000| Untracked 
|  94|0x00000000e5e00000, 0x00000000e5e00000, 0x00000000e5f00000|  0%| F|  |TAMS 0x00000000e5e00000, 0x00000000e5e00000| Untracked 
|  95|0x00000000e5f00000, 0x00000000e5f00000, 0x00000000e6000000|  0%| F|  |TAMS 0x00000000e5f00000, 0x00000000e5f00000| Untracked 
|  96|0x00000000e6000000, 0x00000000e6000000, 0x00000000e6100000|  0%| F|  |TAMS 0x00000000e6000000, 0x00000000e6000000| Untracked 
|  97|0x00000000e6100000, 0x00000000e6100000, 0x00000000e6200000|  0%| F|  |TAMS 0x00000000e6100000, 0x00000000e6100000| Untracked 
|  98|0x00000000e6200000, 0x00000000e6200000, 0x00000000e6300000|  0%| F|  |TAMS 0x00000000e6200000, 0x00000000e6200000| Untracked 
|  99|0x00000000e6300000, 0x00000000e6300000, 0x00000000e6400000|  0%| F|  |TAMS 0x00000000e6300000, 0x00000000e6300000| Untracked 
| 100|0x00000000e6400000, 0x00000000e6400000, 0x00000000e6500000|  0%| F|  |TAMS 0x00000000e6400000, 0x00000000e6400000| Untracked 
| 101|0x00000000e6500000, 0x00000000e6500000, 0x00000000e6600000|  0%| F|  |TAMS 0x00000000e6500000, 0x00000000e6500000| Untracked 
| 102|0x00000000e6600000, 0x00000000e6600000, 0x00000000e6700000|  0%| F|  |TAMS 0x00000000e6600000, 0x00000000e6600000| Untracked 
| 103|0x00000000e6700000, 0x00000000e6700000, 0x00000000e6800000|  0%| F|  |TAMS 0x00000000e6700000, 0x00000000e6700000| Untracked 
| 104|0x00000000e6800000, 0x00000000e6800000, 0x00000000e6900000|  0%| F|  |TAMS 0x00000000e6800000, 0x00000000e6800000| Untracked 
| 105|0x00000000e6900000, 0x00000000e6900000, 0x00000000e6a00000|  0%| F|  |TAMS 0x00000000e6900000, 0x00000000e6900000| Untracked 
| 106|0x00000000e6a00000, 0x00000000e6a00000, 0x00000000e6b00000|  0%| F|  |TAMS 0x00000000e6a00000, 0x00000000e6a00000| Untracked 
| 107|0x00000000e6b00000, 0x00000000e6b00000, 0x00000000e6c00000|  0%| F|  |TAMS 0x00000000e6b00000, 0x00000000e6b00000| Untracked 
| 108|0x00000000e6c00000, 0x00000000e6c00000, 0x00000000e6d00000|  0%| F|  |TAMS 0x00000000e6c00000, 0x00000000e6c00000| Untracked 
| 109|0x00000000e6d00000, 0x00000000e6d00000, 0x00000000e6e00000|  0%| F|  |TAMS 0x00000000e6d00000, 0x00000000e6d00000| Untracked 
| 110|0x00000000e6e00000, 0x00000000e6e00000, 0x00000000e6f00000|  0%| F|  |TAMS 0x00000000e6e00000, 0x00000000e6e00000| Untracked 
| 111|0x00000000e6f00000, 0x00000000e6f00000, 0x00000000e7000000|  0%| F|  |TAMS 0x00000000e6f00000, 0x00000000e6f00000| Untracked 
| 112|0x00000000e7000000, 0x00000000e7000000, 0x00000000e7100000|  0%| F|  |TAMS 0x00000000e7000000, 0x00000000e7000000| Untracked 
| 113|0x00000000e7100000, 0x00000000e7100000, 0x00000000e7200000|  0%| F|  |TAMS 0x00000000e7100000, 0x00000000e7100000| Untracked 
| 114|0x00000000e7200000, 0x00000000e7200000, 0x00000000e7300000|  0%| F|  |TAMS 0x00000000e7200000, 0x00000000e7200000| Untracked 
| 115|0x00000000e7300000, 0x00000000e7300000, 0x00000000e7400000|  0%| F|  |TAMS 0x00000000e7300000, 0x00000000e7300000| Untracked 
| 116|0x00000000e7400000, 0x00000000e7400000, 0x00000000e7500000|  0%| F|  |TAMS 0x00000000e7400000, 0x00000000e7400000| Untracked 
| 117|0x00000000e7500000, 0x00000000e7500000, 0x00000000e7600000|  0%| F|  |TAMS 0x00000000e7500000, 0x00000000e7500000| Untracked 
| 118|0x00000000e7600000, 0x00000000e7600000, 0x00000000e7700000|  0%| F|  |TAMS 0x00000000e7600000, 0x00000000e7600000| Untracked 
| 119|0x00000000e7700000, 0x00000000e7700000, 0x00000000e7800000|  0%| F|  |TAMS 0x00000000e7700000, 0x00000000e7700000| Untracked 
| 120|0x00000000e7800000, 0x00000000e7800000, 0x00000000e7900000|  0%| F|  |TAMS 0x00000000e7800000, 0x00000000e7800000| Untracked 
| 121|0x00000000e7900000, 0x00000000e7900000, 0x00000000e7a00000|  0%| F|  |TAMS 0x00000000e7900000, 0x00000000e7900000| Untracked 
| 122|0x00000000e7a00000, 0x00000000e7a00000, 0x00000000e7b00000|  0%| F|  |TAMS 0x00000000e7a00000, 0x00000000e7a00000| Untracked 
| 123|0x00000000e7b00000, 0x00000000e7b00000, 0x00000000e7c00000|  0%| F|  |TAMS 0x00000000e7b00000, 0x00000000e7b00000| Untracked 
| 124|0x00000000e7c00000, 0x00000000e7c00000, 0x00000000e7d00000|  0%| F|  |TAMS 0x00000000e7c00000, 0x00000000e7c00000| Untracked 
| 125|0x00000000e7d00000, 0x00000000e7d00000, 0x00000000e7e00000|  0%| F|  |TAMS 0x00000000e7d00000, 0x00000000e7d00000| Untracked 
| 126|0x00000000e7e00000, 0x00000000e7e00000, 0x00000000e7f00000|  0%| F|  |TAMS 0x00000000e7e00000, 0x00000000e7e00000| Untracked 
| 127|0x00000000e7f00000, 0x00000000e7f00000, 0x00000000e8000000|  0%| F|  |TAMS 0x00000000e7f00000, 0x00000000e7f00000| Untracked 
| 128|0x00000000e8000000, 0x00000000e8000000, 0x00000000e8100000|  0%| F|  |TAMS 0x00000000e8000000, 0x00000000e8000000| Untracked 
| 129|0x00000000e8100000, 0x00000000e8100000, 0x00000000e8200000|  0%| F|  |TAMS 0x00000000e8100000, 0x00000000e8100000| Untracked 
| 130|0x00000000e8200000, 0x00000000e8200000, 0x00000000e8300000|  0%| F|  |TAMS 0x00000000e8200000, 0x00000000e8200000| Untracked 
| 131|0x00000000e8300000, 0x00000000e8300000, 0x00000000e8400000|  0%| F|  |TAMS 0x00000000e8300000, 0x00000000e8300000| Untracked 
| 132|0x00000000e8400000, 0x00000000e8400000, 0x00000000e8500000|  0%| F|  |TAMS 0x00000000e8400000, 0x00000000e8400000| Untracked 
| 133|0x00000000e8500000, 0x00000000e8500000, 0x00000000e8600000|  0%| F|  |TAMS 0x00000000e8500000, 0x00000000e8500000| Untracked 
| 134|0x00000000e8600000, 0x00000000e8600000, 0x00000000e8700000|  0%| F|  |TAMS 0x00000000e8600000, 0x00000000e8600000| Untracked 
| 135|0x00000000e8700000, 0x00000000e8700000, 0x00000000e8800000|  0%| F|  |TAMS 0x00000000e8700000, 0x00000000e8700000| Untracked 
| 136|0x00000000e8800000, 0x00000000e8800000, 0x00000000e8900000|  0%| F|  |TAMS 0x00000000e8800000, 0x00000000e8800000| Untracked 
| 137|0x00000000e8900000, 0x00000000e8900000, 0x00000000e8a00000|  0%| F|  |TAMS 0x00000000e8900000, 0x00000000e8900000| Untracked 
| 138|0x00000000e8a00000, 0x00000000e8a00000, 0x00000000e8b00000|  0%| F|  |TAMS 0x00000000e8a00000, 0x00000000e8a00000| Untracked 
| 139|0x00000000e8b00000, 0x00000000e8b00000, 0x00000000e8c00000|  0%| F|  |TAMS 0x00000000e8b00000, 0x00000000e8b00000| Untracked 
| 140|0x00000000e8c00000, 0x00000000e8c00000, 0x00000000e8d00000|  0%| F|  |TAMS 0x00000000e8c00000, 0x00000000e8c00000| Untracked 
| 141|0x00000000e8d00000, 0x00000000e8d00000, 0x00000000e8e00000|  0%| F|  |TAMS 0x00000000e8d00000, 0x00000000e8d00000| Untracked 
| 142|0x00000000e8e00000, 0x00000000e8e00000, 0x00000000e8f00000|  0%| F|  |TAMS 0x00000000e8e00000, 0x00000000e8e00000| Untracked 
| 143|0x00000000e8f00000, 0x00000000e9000000, 0x00000000e9000000|100%| E|  |TAMS 0x00000000e8f00000, 0x00000000e8f00000| Complete 
| 144|0x00000000e9000000, 0x00000000e9100000, 0x00000000e9100000|100%| E|CS|TAMS 0x00000000e9000000, 0x00000000e9000000| Complete 
| 145|0x00000000e9100000, 0x00000000e9200000, 0x00000000e9200000|100%| E|CS|TAMS 0x00000000e9100000, 0x00000000e9100000| Complete 
| 146|0x00000000e9200000, 0x00000000e9300000, 0x00000000e9300000|100%| E|CS|TAMS 0x00000000e9200000, 0x00000000e9200000| Complete 
| 147|0x00000000e9300000, 0x00000000e9400000, 0x00000000e9400000|100%| E|CS|TAMS 0x00000000e9300000, 0x00000000e9300000| Complete 
| 148|0x00000000e9400000, 0x00000000e9500000, 0x00000000e9500000|100%| E|CS|TAMS 0x00000000e9400000, 0x00000000e9400000| Complete 
| 149|0x00000000e9500000, 0x00000000e9600000, 0x00000000e9600000|100%| E|CS|TAMS 0x00000000e9500000, 0x00000000e9500000| Complete 
| 150|0x00000000e9600000, 0x00000000e9700000, 0x00000000e9700000|100%| E|CS|TAMS 0x00000000e9600000, 0x00000000e9600000| Complete 
| 151|0x00000000e9700000, 0x00000000e9800000, 0x00000000e9800000|100%| E|CS|TAMS 0x00000000e9700000, 0x00000000e9700000| Complete 
| 152|0x00000000e9800000, 0x00000000e9900000, 0x00000000e9900000|100%| E|CS|TAMS 0x00000000e9800000, 0x00000000e9800000| Complete 
| 153|0x00000000e9900000, 0x00000000e9a00000, 0x00000000e9a00000|100%| E|CS|TAMS 0x00000000e9900000, 0x00000000e9900000| Complete 
| 154|0x00000000e9a00000, 0x00000000e9b00000, 0x00000000e9b00000|100%| E|CS|TAMS 0x00000000e9a00000, 0x00000000e9a00000| Complete 
| 155|0x00000000e9b00000, 0x00000000e9c00000, 0x00000000e9c00000|100%| E|CS|TAMS 0x00000000e9b00000, 0x00000000e9b00000| Complete 
| 156|0x00000000e9c00000, 0x00000000e9d00000, 0x00000000e9d00000|100%| E|CS|TAMS 0x00000000e9c00000, 0x00000000e9c00000| Complete 
| 157|0x00000000e9d00000, 0x00000000e9e00000, 0x00000000e9e00000|100%| E|CS|TAMS 0x00000000e9d00000, 0x00000000e9d00000| Complete 
| 158|0x00000000e9e00000, 0x00000000e9f00000, 0x00000000e9f00000|100%| E|CS|TAMS 0x00000000e9e00000, 0x00000000e9e00000| Complete 
| 159|0x00000000e9f00000, 0x00000000ea000000, 0x00000000ea000000|100%| E|CS|TAMS 0x00000000e9f00000, 0x00000000e9f00000| Complete 
| 160|0x00000000ea000000, 0x00000000ea100000, 0x00000000ea100000|100%| E|CS|TAMS 0x00000000ea000000, 0x00000000ea000000| Complete 
| 161|0x00000000ea100000, 0x00000000ea200000, 0x00000000ea200000|100%| E|CS|TAMS 0x00000000ea100000, 0x00000000ea100000| Complete 
| 162|0x00000000ea200000, 0x00000000ea300000, 0x00000000ea300000|100%| E|CS|TAMS 0x00000000ea200000, 0x00000000ea200000| Complete 
| 163|0x00000000ea300000, 0x00000000ea400000, 0x00000000ea400000|100%| E|CS|TAMS 0x00000000ea300000, 0x00000000ea300000| Complete 
| 164|0x00000000ea400000, 0x00000000ea500000, 0x00000000ea500000|100%| E|CS|TAMS 0x00000000ea400000, 0x00000000ea400000| Complete 
| 165|0x00000000ea500000, 0x00000000ea600000, 0x00000000ea600000|100%| E|CS|TAMS 0x00000000ea500000, 0x00000000ea500000| Complete 
| 166|0x00000000ea600000, 0x00000000ea700000, 0x00000000ea700000|100%| E|CS|TAMS 0x00000000ea600000, 0x00000000ea600000| Complete 
| 167|0x00000000ea700000, 0x00000000ea800000, 0x00000000ea800000|100%| E|CS|TAMS 0x00000000ea700000, 0x00000000ea700000| Complete 
| 168|0x00000000ea800000, 0x00000000ea900000, 0x00000000ea900000|100%| E|CS|TAMS 0x00000000ea800000, 0x00000000ea800000| Complete 
| 169|0x00000000ea900000, 0x00000000eaa00000, 0x00000000eaa00000|100%| E|CS|TAMS 0x00000000ea900000, 0x00000000ea900000| Complete 
| 170|0x00000000eaa00000, 0x00000000eab00000, 0x00000000eab00000|100%| E|CS|TAMS 0x00000000eaa00000, 0x00000000eaa00000| Complete 
| 171|0x00000000eab00000, 0x00000000eac00000, 0x00000000eac00000|100%| E|CS|TAMS 0x00000000eab00000, 0x00000000eab00000| Complete 
| 172|0x00000000eac00000, 0x00000000ead00000, 0x00000000ead00000|100%| E|CS|TAMS 0x00000000eac00000, 0x00000000eac00000| Complete 
| 173|0x00000000ead00000, 0x00000000eae00000, 0x00000000eae00000|100%| E|CS|TAMS 0x00000000ead00000, 0x00000000ead00000| Complete 
| 174|0x00000000eae00000, 0x00000000eaf00000, 0x00000000eaf00000|100%| E|CS|TAMS 0x00000000eae00000, 0x00000000eae00000| Complete 
| 175|0x00000000eaf00000, 0x00000000eaff5530, 0x00000000eb000000| 95%| S|CS|TAMS 0x00000000eaf00000, 0x00000000eaf00000| Complete 
| 176|0x00000000eb000000, 0x00000000eb100000, 0x00000000eb100000|100%| S|CS|TAMS 0x00000000eb000000, 0x00000000eb000000| Complete 
| 177|0x00000000eb100000, 0x00000000eb200000, 0x00000000eb200000|100%| S|CS|TAMS 0x00000000eb100000, 0x00000000eb100000| Complete 
| 178|0x00000000eb200000, 0x00000000eb300000, 0x00000000eb300000|100%| S|CS|TAMS 0x00000000eb200000, 0x00000000eb200000| Complete 
| 179|0x00000000eb300000, 0x00000000eb400000, 0x00000000eb400000|100%| E|CS|TAMS 0x00000000eb300000, 0x00000000eb300000| Complete 
| 180|0x00000000eb400000, 0x00000000eb500000, 0x00000000eb500000|100%| E|CS|TAMS 0x00000000eb400000, 0x00000000eb400000| Complete 
| 181|0x00000000eb500000, 0x00000000eb600000, 0x00000000eb600000|100%| E|CS|TAMS 0x00000000eb500000, 0x00000000eb500000| Complete 
| 182|0x00000000eb600000, 0x00000000eb700000, 0x00000000eb700000|100%| E|CS|TAMS 0x00000000eb600000, 0x00000000eb600000| Complete 
| 183|0x00000000eb700000, 0x00000000eb800000, 0x00000000eb800000|100%| E|CS|TAMS 0x00000000eb700000, 0x00000000eb700000| Complete 
| 184|0x00000000eb800000, 0x00000000eb900000, 0x00000000eb900000|100%| E|CS|TAMS 0x00000000eb800000, 0x00000000eb800000| Complete 
| 185|0x00000000eb900000, 0x00000000eba00000, 0x00000000eba00000|100%| E|CS|TAMS 0x00000000eb900000, 0x00000000eb900000| Complete 
| 186|0x00000000eba00000, 0x00000000ebb00000, 0x00000000ebb00000|100%| E|CS|TAMS 0x00000000eba00000, 0x00000000eba00000| Complete 
| 187|0x00000000ebb00000, 0x00000000ebc00000, 0x00000000ebc00000|100%| E|CS|TAMS 0x00000000ebb00000, 0x00000000ebb00000| Complete 
| 188|0x00000000ebc00000, 0x00000000ebd00000, 0x00000000ebd00000|100%| E|CS|TAMS 0x00000000ebc00000, 0x00000000ebc00000| Complete 
| 189|0x00000000ebd00000, 0x00000000ebe00000, 0x00000000ebe00000|100%| E|CS|TAMS 0x00000000ebd00000, 0x00000000ebd00000| Complete 
| 190|0x00000000ebe00000, 0x00000000ebf00000, 0x00000000ebf00000|100%| E|CS|TAMS 0x00000000ebe00000, 0x00000000ebe00000| Complete 
| 191|0x00000000ebf00000, 0x00000000ec000000, 0x00000000ec000000|100%| E|CS|TAMS 0x00000000ebf00000, 0x00000000ebf00000| Complete 
| 192|0x00000000ec000000, 0x00000000ec100000, 0x00000000ec100000|100%| E|CS|TAMS 0x00000000ec000000, 0x00000000ec000000| Complete 
| 193|0x00000000ec100000, 0x00000000ec200000, 0x00000000ec200000|100%| E|CS|TAMS 0x00000000ec100000, 0x00000000ec100000| Complete 
| 194|0x00000000ec200000, 0x00000000ec300000, 0x00000000ec300000|100%| E|CS|TAMS 0x00000000ec200000, 0x00000000ec200000| Complete 
| 195|0x00000000ec300000, 0x00000000ec400000, 0x00000000ec400000|100%| E|CS|TAMS 0x00000000ec300000, 0x00000000ec300000| Complete 
| 196|0x00000000ec400000, 0x00000000ec500000, 0x00000000ec500000|100%| E|CS|TAMS 0x00000000ec400000, 0x00000000ec400000| Complete 
| 197|0x00000000ec500000, 0x00000000ec600000, 0x00000000ec600000|100%| E|CS|TAMS 0x00000000ec500000, 0x00000000ec500000| Complete 
| 198|0x00000000ec600000, 0x00000000ec700000, 0x00000000ec700000|100%| E|CS|TAMS 0x00000000ec600000, 0x00000000ec600000| Complete 
| 199|0x00000000ec700000, 0x00000000ec800000, 0x00000000ec800000|100%| E|CS|TAMS 0x00000000ec700000, 0x00000000ec700000| Complete 
| 200|0x00000000ec800000, 0x00000000ec900000, 0x00000000ec900000|100%| E|CS|TAMS 0x00000000ec800000, 0x00000000ec800000| Complete 
| 201|0x00000000ec900000, 0x00000000eca00000, 0x00000000eca00000|100%| E|CS|TAMS 0x00000000ec900000, 0x00000000ec900000| Complete 
| 202|0x00000000eca00000, 0x00000000ecb00000, 0x00000000ecb00000|100%| E|CS|TAMS 0x00000000eca00000, 0x00000000eca00000| Complete 
| 203|0x00000000ecb00000, 0x00000000ecc00000, 0x00000000ecc00000|100%| E|CS|TAMS 0x00000000ecb00000, 0x00000000ecb00000| Complete 
| 204|0x00000000ecc00000, 0x00000000ecd00000, 0x00000000ecd00000|100%| E|CS|TAMS 0x00000000ecc00000, 0x00000000ecc00000| Complete 
| 205|0x00000000ecd00000, 0x00000000ece00000, 0x00000000ece00000|100%| E|CS|TAMS 0x00000000ecd00000, 0x00000000ecd00000| Complete 
| 206|0x00000000ece00000, 0x00000000ecf00000, 0x00000000ecf00000|100%| E|CS|TAMS 0x00000000ece00000, 0x00000000ece00000| Complete 
| 207|0x00000000ecf00000, 0x00000000ed000000, 0x00000000ed000000|100%| E|CS|TAMS 0x00000000ecf00000, 0x00000000ecf00000| Complete 
| 208|0x00000000ed000000, 0x00000000ed100000, 0x00000000ed100000|100%| E|CS|TAMS 0x00000000ed000000, 0x00000000ed000000| Complete 
| 209|0x00000000ed100000, 0x00000000ed200000, 0x00000000ed200000|100%| E|CS|TAMS 0x00000000ed100000, 0x00000000ed100000| Complete 
| 210|0x00000000ed200000, 0x00000000ed300000, 0x00000000ed300000|100%| E|CS|TAMS 0x00000000ed200000, 0x00000000ed200000| Complete 
| 211|0x00000000ed300000, 0x00000000ed400000, 0x00000000ed400000|100%| E|CS|TAMS 0x00000000ed300000, 0x00000000ed300000| Complete 
| 212|0x00000000ed400000, 0x00000000ed500000, 0x00000000ed500000|100%| E|CS|TAMS 0x00000000ed400000, 0x00000000ed400000| Complete 
| 213|0x00000000ed500000, 0x00000000ed600000, 0x00000000ed600000|100%| E|CS|TAMS 0x00000000ed500000, 0x00000000ed500000| Complete 
| 214|0x00000000ed600000, 0x00000000ed700000, 0x00000000ed700000|100%| E|CS|TAMS 0x00000000ed600000, 0x00000000ed600000| Complete 
| 215|0x00000000ed700000, 0x00000000ed800000, 0x00000000ed800000|100%| E|CS|TAMS 0x00000000ed700000, 0x00000000ed700000| Complete 
| 216|0x00000000ed800000, 0x00000000ed900000, 0x00000000ed900000|100%| E|CS|TAMS 0x00000000ed800000, 0x00000000ed800000| Complete 
| 217|0x00000000ed900000, 0x00000000eda00000, 0x00000000eda00000|100%| E|CS|TAMS 0x00000000ed900000, 0x00000000ed900000| Complete 
| 218|0x00000000eda00000, 0x00000000edb00000, 0x00000000edb00000|100%| E|CS|TAMS 0x00000000eda00000, 0x00000000eda00000| Complete 
| 219|0x00000000edb00000, 0x00000000edc00000, 0x00000000edc00000|100%| E|CS|TAMS 0x00000000edb00000, 0x00000000edb00000| Complete 
| 220|0x00000000edc00000, 0x00000000edd00000, 0x00000000edd00000|100%| E|CS|TAMS 0x00000000edc00000, 0x00000000edc00000| Complete 
| 221|0x00000000edd00000, 0x00000000ede00000, 0x00000000ede00000|100%| E|CS|TAMS 0x00000000edd00000, 0x00000000edd00000| Complete 
| 222|0x00000000ede00000, 0x00000000edf00000, 0x00000000edf00000|100%| E|CS|TAMS 0x00000000ede00000, 0x00000000ede00000| Complete 
| 223|0x00000000edf00000, 0x00000000ee000000, 0x00000000ee000000|100%| E|CS|TAMS 0x00000000edf00000, 0x00000000edf00000| Complete 
| 224|0x00000000ee000000, 0x00000000ee100000, 0x00000000ee100000|100%| E|CS|TAMS 0x00000000ee000000, 0x00000000ee000000| Complete 
| 225|0x00000000ee100000, 0x00000000ee200000, 0x00000000ee200000|100%| E|CS|TAMS 0x00000000ee100000, 0x00000000ee100000| Complete 
| 226|0x00000000ee200000, 0x00000000ee300000, 0x00000000ee300000|100%| E|CS|TAMS 0x00000000ee200000, 0x00000000ee200000| Complete 
| 227|0x00000000ee300000, 0x00000000ee400000, 0x00000000ee400000|100%| E|CS|TAMS 0x00000000ee300000, 0x00000000ee300000| Complete 
| 228|0x00000000ee400000, 0x00000000ee500000, 0x00000000ee500000|100%| E|CS|TAMS 0x00000000ee400000, 0x00000000ee400000| Complete 
| 229|0x00000000ee500000, 0x00000000ee600000, 0x00000000ee600000|100%| E|CS|TAMS 0x00000000ee500000, 0x00000000ee500000| Complete 
| 230|0x00000000ee600000, 0x00000000ee700000, 0x00000000ee700000|100%| E|CS|TAMS 0x00000000ee600000, 0x00000000ee600000| Complete 
| 231|0x00000000ee700000, 0x00000000ee800000, 0x00000000ee800000|100%| E|CS|TAMS 0x00000000ee700000, 0x00000000ee700000| Complete 
| 232|0x00000000ee800000, 0x00000000ee900000, 0x00000000ee900000|100%| E|CS|TAMS 0x00000000ee800000, 0x00000000ee800000| Complete 
| 233|0x00000000ee900000, 0x00000000eea00000, 0x00000000eea00000|100%| E|CS|TAMS 0x00000000ee900000, 0x00000000ee900000| Complete 
| 234|0x00000000eea00000, 0x00000000eeb00000, 0x00000000eeb00000|100%| E|CS|TAMS 0x00000000eea00000, 0x00000000eea00000| Complete 
| 235|0x00000000eeb00000, 0x00000000eec00000, 0x00000000eec00000|100%| E|CS|TAMS 0x00000000eeb00000, 0x00000000eeb00000| Complete 
| 236|0x00000000eec00000, 0x00000000eed00000, 0x00000000eed00000|100%| E|CS|TAMS 0x00000000eec00000, 0x00000000eec00000| Complete 
| 237|0x00000000eed00000, 0x00000000eee00000, 0x00000000eee00000|100%| E|CS|TAMS 0x00000000eed00000, 0x00000000eed00000| Complete 
| 238|0x00000000eee00000, 0x00000000eef00000, 0x00000000eef00000|100%| E|CS|TAMS 0x00000000eee00000, 0x00000000eee00000| Complete 
| 239|0x00000000eef00000, 0x00000000ef000000, 0x00000000ef000000|100%| E|CS|TAMS 0x00000000eef00000, 0x00000000eef00000| Complete 
| 240|0x00000000ef000000, 0x00000000ef100000, 0x00000000ef100000|100%| E|CS|TAMS 0x00000000ef000000, 0x00000000ef000000| Complete 
| 241|0x00000000ef100000, 0x00000000ef200000, 0x00000000ef200000|100%| E|CS|TAMS 0x00000000ef100000, 0x00000000ef100000| Complete 
| 242|0x00000000ef200000, 0x00000000ef300000, 0x00000000ef300000|100%| E|CS|TAMS 0x00000000ef200000, 0x00000000ef200000| Complete 
| 243|0x00000000ef300000, 0x00000000ef400000, 0x00000000ef400000|100%| E|CS|TAMS 0x00000000ef300000, 0x00000000ef300000| Complete 
| 244|0x00000000ef400000, 0x00000000ef500000, 0x00000000ef500000|100%| E|CS|TAMS 0x00000000ef400000, 0x00000000ef400000| Complete 
| 245|0x00000000ef500000, 0x00000000ef600000, 0x00000000ef600000|100%| E|CS|TAMS 0x00000000ef500000, 0x00000000ef500000| Complete 
| 246|0x00000000ef600000, 0x00000000ef700000, 0x00000000ef700000|100%| E|CS|TAMS 0x00000000ef600000, 0x00000000ef600000| Complete 
| 247|0x00000000ef700000, 0x00000000ef800000, 0x00000000ef800000|100%| E|CS|TAMS 0x00000000ef700000, 0x00000000ef700000| Complete 
| 248|0x00000000ef800000, 0x00000000ef900000, 0x00000000ef900000|100%| E|CS|TAMS 0x00000000ef800000, 0x00000000ef800000| Complete 
| 249|0x00000000ef900000, 0x00000000efa00000, 0x00000000efa00000|100%| E|CS|TAMS 0x00000000ef900000, 0x00000000ef900000| Complete 
| 250|0x00000000efa00000, 0x00000000efb00000, 0x00000000efb00000|100%| E|CS|TAMS 0x00000000efa00000, 0x00000000efa00000| Complete 
| 251|0x00000000efb00000, 0x00000000efc00000, 0x00000000efc00000|100%| E|CS|TAMS 0x00000000efb00000, 0x00000000efb00000| Complete 
| 252|0x00000000efc00000, 0x00000000efd00000, 0x00000000efd00000|100%| E|CS|TAMS 0x00000000efc00000, 0x00000000efc00000| Complete 
| 253|0x00000000efd00000, 0x00000000efe00000, 0x00000000efe00000|100%| E|CS|TAMS 0x00000000efd00000, 0x00000000efd00000| Complete 
| 254|0x00000000efe00000, 0x00000000eff00000, 0x00000000eff00000|100%| E|CS|TAMS 0x00000000efe00000, 0x00000000efe00000| Complete 
| 255|0x00000000eff00000, 0x00000000f0000000, 0x00000000f0000000|100%| E|CS|TAMS 0x00000000eff00000, 0x00000000eff00000| Complete 

Card table byte_map: [0x00000200fafb0000,0x00000200fb0b0000] _byte_map_base: 0x00000200fa8b0000

Marking Bits (Prev, Next): (CMBitMap*) 0x00000200faf13880, (CMBitMap*) 0x00000200faf13840
 Prev Bits: [0x00000200fb9b0000, 0x00000200fc1b0000)
 Next Bits: [0x00000200fb1b0000, 0x00000200fb9b0000)

Polling page: 0x00000200f9050000

Metaspace:

Usage:
  Non-class:     51.22 MB used.
      Class:      8.27 MB used.
       Both:     59.48 MB used.

Virtual space:
  Non-class space:       64.00 MB reserved,      51.56 MB ( 81%) committed,  1 nodes.
      Class space:      320.00 MB reserved,       8.56 MB (  3%) committed,  1 nodes.
             Both:      384.00 MB reserved,      60.12 MB ( 16%) committed. 

Chunk freelists:
   Non-Class:  12.19 MB
       Class:  7.32 MB
        Both:  19.51 MB

MaxMetaspaceSize: 384.00 MB
CompressedClassSpaceSize: 320.00 MB
Initial GC threshold: 21.00 MB
Current GC threshold: 98.06 MB
CDS: on
MetaspaceReclaimPolicy: balanced
 - commit_granule_bytes: 65536.
 - commit_granule_words: 8192.
 - virtual_space_node_default_size: 8388608.
 - enlarge_chunks_in_place: 1.
 - new_chunks_are_fully_committed: 0.
 - uncommit_free_chunks: 1.
 - use_allocation_guard: 0.
 - handle_deallocations: 1.


Internal statistics:

num_allocs_failed_limit: 9.
num_arena_births: 1010.
num_arena_deaths: 0.
num_vsnodes_births: 2.
num_vsnodes_deaths: 0.
num_space_committed: 962.
num_space_uncommitted: 0.
num_chunks_returned_to_freelist: 9.
num_chunks_taken_from_freelist: 3769.
num_chunk_merges: 6.
num_chunk_splits: 2306.
num_chunks_enlarged: 1368.
num_inconsistent_stats: 0.

CodeHeap 'non-profiled nmethods': size=120000Kb used=5713Kb max_used=6135Kb free=114286Kb
 bounds [0x000002008f540000, 0x000002008fb40000, 0x0000020096a70000]
CodeHeap 'profiled nmethods': size=120000Kb used=19313Kb max_used=21425Kb free=100686Kb
 bounds [0x0000020087a70000, 0x0000020088f60000, 0x000002008efa0000]
CodeHeap 'non-nmethods': size=5760Kb used=2345Kb max_used=2425Kb free=3414Kb
 bounds [0x000002008efa0000, 0x000002008f210000, 0x000002008f540000]
 total_blobs=10562 nmethods=9694 adapters=780
 compilation: enabled
              stopped_count=0, restarted_count=0
 full_count=0

Compilation events (20 events):
Event: 85.469 Thread 0x00000200fe7851b0 nmethod 11326 0x000002008f729090 code [0x000002008f7292c0, 0x000002008f72a3b0]
Event: 85.471 Thread 0x00000200fe7851b0 11348       4       java.lang.ClassLoader::definePackage (85 bytes)
Event: 85.482 Thread 0x00000200fe7851b0 nmethod 11348 0x000002008fa43c10 code [0x000002008fa43de0, 0x000002008fa44638]
Event: 85.492 Thread 0x00000200fe7851b0 11349       4       org.gradle.api.internal.attributes.DefaultMutableAttributeContainer::keySet (25 bytes)
Event: 85.497 Thread 0x00000200fe786f80 11350   !   3       jdk.internal.reflect.GeneratedConstructorAccessor18::newInstance (245 bytes)
Event: 85.498 Thread 0x00000200fe786f80 nmethod 11350 0x000002008874a610 code [0x000002008874a960, 0x000002008874ce08]
Event: 85.498 Thread 0x00000200fe7851b0 nmethod 11349 0x000002008f6f0c90 code [0x000002008f6f0e60, 0x000002008f6f1568]
Event: 85.499 Thread 0x00000200fe786f80 11351       3       java.util.IdentityHashMap::<init> (11 bytes)
Event: 85.499 Thread 0x00000200fe786f80 nmethod 11351 0x0000020087c50010 code [0x0000020087c501c0, 0x0000020087c504f8]
Event: 85.499 Thread 0x00000200fe786f80 11352       3       org.gradle.internal.service.DefaultServiceRegistry$ClassInspector::<init> (5 bytes)
Event: 85.499 Thread 0x00000200fe786f80 nmethod 11352 0x0000020087cbf590 code [0x0000020087cbf760, 0x0000020087cbfb18]
Event: 85.499 Thread 0x00000200fe786f80 11353       3       org.gradle.internal.service.DefaultServiceRegistry$ClassInspector::<init> (16 bytes)
Event: 85.500 Thread 0x00000200fe786f80 nmethod 11353 0x00000200882e7610 code [0x00000200882e77c0, 0x00000200882e7b18]
Event: 85.516 Thread 0x00000200fe7851b0 11354       4       io.spring.gradle.dependencymanagement.org.apache.maven.model.validation.DefaultModelValidator::validateBannedCharacters (111 bytes)
Event: 85.520 Thread 0x00000200fe7851b0 nmethod 11354 0x000002008f627e90 code [0x000002008f628040, 0x000002008f628418]
Event: 85.692 Thread 0x00000200fe7851b0 11355       4       io.spring.gradle.dependencymanagement.org.apache.maven.model.validation.DefaultModelValidator::equals (12 bytes)
Event: 85.708 Thread 0x00000200fe7851b0 nmethod 11355 0x000002008f8bc990 code [0x000002008f8bcb60, 0x000002008f8bd9b8]
Event: 85.713 Thread 0x00000200fe7851b0 11356       4       io.spring.gradle.dependencymanagement.org.apache.maven.model.inheritance.DefaultInheritanceAssembler$InheritanceModelMerger::mergePluginContainer_Plugins (430 bytes)
Event: 85.755 Thread 0x00000200fe786f80 11357       3       java.nio.channels.spi.AbstractInterruptibleChannel::<init> (16 bytes)
Event: 85.755 Thread 0x00000200fe786f80 nmethod 11357 0x0000020087c1e990 code [0x0000020087c1eb40, 0x0000020087c1edb8]

GC Heap History (18 events):
Event: 0.366 GC heap before
{Heap before GC invocations=0 (full 0):
 garbage-first heap   total 262144K, used 13312K [0x00000000e0000000, 0x0000000100000000)
  region size 1024K, 13 young (13312K), 0 survivors (0K)
 Metaspace       used 756K, committed 896K, reserved 393216K
  class space    used 61K, committed 128K, reserved 327680K
}
Event: 0.369 GC heap after
{Heap after GC invocations=1 (full 0):
 garbage-first heap   total 262144K, used 1248K [0x00000000e0000000, 0x0000000100000000)
  region size 1024K, 2 young (2048K), 2 survivors (2048K)
 Metaspace       used 756K, committed 896K, reserved 393216K
  class space    used 61K, committed 128K, reserved 327680K
}
Event: 1.027 GC heap before
{Heap before GC invocations=1 (full 0):
 garbage-first heap   total 262144K, used 22752K [0x00000000e0000000, 0x0000000100000000)
  region size 1024K, 21 young (21504K), 2 survivors (2048K)
 Metaspace       used 2870K, committed 3008K, reserved 393216K
  class space    used 329K, committed 384K, reserved 327680K
}
Event: 1.031 GC heap after
{Heap after GC invocations=2 (full 0):
 garbage-first heap   total 262144K, used 9625K [0x00000000e0000000, 0x0000000100000000)
  region size 1024K, 3 young (3072K), 3 survivors (3072K)
 Metaspace       used 2870K, committed 3008K, reserved 393216K
  class space    used 329K, committed 384K, reserved 327680K
}
Event: 12.059 GC heap before
{Heap before GC invocations=2 (full 0):
 garbage-first heap   total 262144K, used 165273K [0x00000000e0000000, 0x0000000100000000)
  region size 1024K, 153 young (156672K), 3 survivors (3072K)
 Metaspace       used 18508K, committed 18816K, reserved 393216K
  class space    used 2676K, committed 2816K, reserved 327680K
}
Event: 12.076 GC heap after
{Heap after GC invocations=3 (full 0):
 garbage-first heap   total 262144K, used 21859K [0x00000000e0000000, 0x0000000100000000)
  region size 1024K, 14 young (14336K), 14 survivors (14336K)
 Metaspace       used 18508K, committed 18816K, reserved 393216K
  class space    used 2676K, committed 2816K, reserved 327680K
}
Event: 13.732 GC heap before
{Heap before GC invocations=3 (full 0):
 garbage-first heap   total 262144K, used 44387K [0x00000000e0000000, 0x0000000100000000)
  region size 1024K, 37 young (37888K), 14 survivors (14336K)
 Metaspace       used 21167K, committed 21504K, reserved 393216K
  class space    used 3088K, committed 3200K, reserved 327680K
}
Event: 13.767 GC heap after
{Heap after GC invocations=4 (full 0):
 garbage-first heap   total 262144K, used 23773K [0x00000000e0000000, 0x0000000100000000)
  region size 1024K, 2 young (2048K), 2 survivors (2048K)
 Metaspace       used 21167K, committed 21504K, reserved 393216K
  class space    used 3088K, committed 3200K, reserved 327680K
}
Event: 21.109 GC heap before
{Heap before GC invocations=5 (full 0):
 garbage-first heap   total 262144K, used 142557K [0x00000000e0000000, 0x0000000100000000)
  region size 1024K, 115 young (117760K), 2 survivors (2048K)
 Metaspace       used 35584K, committed 35968K, reserved 393216K
  class space    used 4957K, committed 5120K, reserved 327680K
}
Event: 21.117 GC heap after
{Heap after GC invocations=6 (full 0):
 garbage-first heap   total 262144K, used 31589K [0x00000000e0000000, 0x0000000100000000)
  region size 1024K, 10 young (10240K), 10 survivors (10240K)
 Metaspace       used 35584K, committed 35968K, reserved 393216K
  class space    used 4957K, committed 5120K, reserved 327680K
}
Event: 28.813 GC heap before
{Heap before GC invocations=7 (full 0):
 garbage-first heap   total 262144K, used 179045K [0x00000000e0000000, 0x0000000100000000)
  region size 1024K, 153 young (156672K), 10 survivors (10240K)
 Metaspace       used 49653K, committed 50240K, reserved 393216K
  class space    used 7080K, committed 7360K, reserved 327680K
}
Event: 28.827 GC heap after
{Heap after GC invocations=8 (full 0):
 garbage-first heap   total 262144K, used 38860K [0x00000000e0000000, 0x0000000100000000)
  region size 1024K, 17 young (17408K), 17 survivors (17408K)
 Metaspace       used 49653K, committed 50240K, reserved 393216K
  class space    used 7080K, committed 7360K, reserved 327680K
}
Event: 28.835 GC heap before
{Heap before GC invocations=8 (full 0):
 garbage-first heap   total 262144K, used 39884K [0x00000000e0000000, 0x0000000100000000)
  region size 1024K, 18 young (18432K), 17 survivors (17408K)
 Metaspace       used 49655K, committed 50240K, reserved 393216K
  class space    used 7080K, committed 7360K, reserved 327680K
}
Event: 28.847 GC heap after
{Heap after GC invocations=9 (full 0):
 garbage-first heap   total 262144K, used 40102K [0x00000000e0000000, 0x0000000100000000)
  region size 1024K, 2 young (2048K), 2 survivors (2048K)
 Metaspace       used 49655K, committed 50240K, reserved 393216K
  class space    used 7080K, committed 7360K, reserved 327680K
}
Event: 37.774 GC heap before
{Heap before GC invocations=9 (full 0):
 garbage-first heap   total 262144K, used 194726K [0x00000000e0000000, 0x0000000100000000)
  region size 1024K, 153 young (156672K), 2 survivors (2048K)
 Metaspace       used 54826K, committed 55488K, reserved 393216K
  class space    used 7628K, committed 7936K, reserved 327680K
}
Event: 37.789 GC heap after
{Heap after GC invocations=10 (full 0):
 garbage-first heap   total 262144K, used 50522K [0x00000000e0000000, 0x0000000100000000)
  region size 1024K, 13 young (13312K), 13 survivors (13312K)
 Metaspace       used 54826K, committed 55488K, reserved 393216K
  class space    used 7628K, committed 7936K, reserved 327680K
}
Event: 60.267 GC heap before
{Heap before GC invocations=10 (full 0):
 garbage-first heap   total 262144K, used 127322K [0x00000000e0000000, 0x0000000100000000)
  region size 1024K, 90 young (92160K), 13 survivors (13312K)
 Metaspace       used 59473K, committed 60096K, reserved 393216K
  class space    used 8323K, committed 8640K, reserved 327680K
}
Event: 60.278 GC heap after
{Heap after GC invocations=11 (full 0):
 garbage-first heap   total 262144K, used 50717K [0x00000000e0000000, 0x0000000100000000)
  region size 1024K, 4 young (4096K), 4 survivors (4096K)
 Metaspace       used 59473K, committed 60096K, reserved 393216K
  class space    used 8323K, committed 8640K, reserved 327680K
}

Dll operation events (15 events):
Event: 0.022 Loaded shared library C:\Users\ASUS\.jdks\corretto-17.0.12\bin\java.dll
Event: 0.050 Loaded shared library C:\Users\ASUS\.jdks\corretto-17.0.12\bin\jsvml.dll
Event: 0.108 Loaded shared library C:\Users\ASUS\.jdks\corretto-17.0.12\bin\zip.dll
Event: 0.111 Loaded shared library C:\Users\ASUS\.jdks\corretto-17.0.12\bin\instrument.dll
Event: 0.114 Loaded shared library C:\Users\ASUS\.jdks\corretto-17.0.12\bin\net.dll
Event: 0.116 Loaded shared library C:\Users\ASUS\.jdks\corretto-17.0.12\bin\nio.dll
Event: 0.118 Loaded shared library C:\Users\ASUS\.jdks\corretto-17.0.12\bin\zip.dll
Event: 0.434 Loaded shared library C:\Users\ASUS\.jdks\corretto-17.0.12\bin\jimage.dll
Event: 0.678 Loaded shared library C:\Users\ASUS\.jdks\corretto-17.0.12\bin\verify.dll
Event: 0.973 Loaded shared library C:\Users\ASUS\.gradle\native\c067742578af261105cb4f569cf0c3c89f3d7b1fecec35dd04571415982c5e48\windows-amd64\native-platform.dll
Event: 0.978 Loaded shared library C:\Users\ASUS\.gradle\native\100fb08df4bc3b14c8652ba06237920a3bd2aa13389f12d3474272988ae205f9\windows-amd64\native-platform-file-events.dll
Event: 4.743 Loaded shared library C:\Users\ASUS\.jdks\corretto-17.0.12\bin\management.dll
Event: 4.813 Loaded shared library C:\Users\ASUS\.jdks\corretto-17.0.12\bin\management_ext.dll
Event: 6.306 Loaded shared library C:\Users\ASUS\.jdks\corretto-17.0.12\bin\extnet.dll
Event: 7.495 Loaded shared library C:\Users\ASUS\.jdks\corretto-17.0.12\bin\sunmscapi.dll

Deoptimization events (20 events):
Event: 81.295 Thread 0x0000020096eb5f90 DEOPT PACKING pc=0x000002008fafcdcc sp=0x0000008713bf8580
Event: 81.295 Thread 0x0000020096eb5f90 DEOPT UNPACKING pc=0x000002008eff69a3 sp=0x0000008713bf8500 mode 2
Event: 81.350 Thread 0x0000020096eb5f90 Uncommon trap: trap_request=0xffffffbe fr.pc=0x000002008fb0b2e4 relative=0x00000000000001c4
Event: 81.351 Thread 0x0000020096eb5f90 Uncommon trap: reason=profile_predicate action=maybe_recompile pc=0x000002008fb0b2e4 method=java.util.LinkedHashMap.keysToArray([Ljava/lang/Object;)[Ljava/lang/Object; @ 12 c2
Event: 81.351 Thread 0x0000020096eb5f90 DEOPT PACKING pc=0x000002008fb0b2e4 sp=0x0000008713bf8070
Event: 81.351 Thread 0x0000020096eb5f90 DEOPT UNPACKING pc=0x000002008eff69a3 sp=0x0000008713bf8028 mode 2
Event: 81.368 Thread 0x0000020096eb5f90 Uncommon trap: trap_request=0xffffffbe fr.pc=0x000002008fb0b2e4 relative=0x00000000000001c4
Event: 81.368 Thread 0x0000020096eb5f90 Uncommon trap: reason=profile_predicate action=maybe_recompile pc=0x000002008fb0b2e4 method=java.util.LinkedHashMap.keysToArray([Ljava/lang/Object;)[Ljava/lang/Object; @ 12 c2
Event: 81.368 Thread 0x0000020096eb5f90 DEOPT PACKING pc=0x000002008fb0b2e4 sp=0x0000008713bf8050
Event: 81.368 Thread 0x0000020096eb5f90 DEOPT UNPACKING pc=0x000002008eff69a3 sp=0x0000008713bf8008 mode 2
Event: 81.399 Thread 0x0000020096eb5f90 Uncommon trap: trap_request=0xffffffbe fr.pc=0x000002008fb0b2e4 relative=0x00000000000001c4
Event: 81.399 Thread 0x0000020096eb5f90 Uncommon trap: reason=profile_predicate action=maybe_recompile pc=0x000002008fb0b2e4 method=java.util.LinkedHashMap.keysToArray([Ljava/lang/Object;)[Ljava/lang/Object; @ 12 c2
Event: 81.399 Thread 0x0000020096eb5f90 DEOPT PACKING pc=0x000002008fb0b2e4 sp=0x0000008713bf8050
Event: 81.399 Thread 0x0000020096eb5f90 DEOPT UNPACKING pc=0x000002008eff69a3 sp=0x0000008713bf8008 mode 2
Event: 81.530 Thread 0x0000020096eb5f90 Uncommon trap: trap_request=0xffffffde fr.pc=0x000002008f953d9c relative=0x00000000000013dc
Event: 81.530 Thread 0x0000020096eb5f90 Uncommon trap: reason=class_check action=maybe_recompile pc=0x000002008f953d9c method=org.gradle.api.internal.artifacts.ivyservice.resolveengine.result.DesugaredAttributeContainerSerializer.read(Lorg/gradle/internal/serialize/Decoder;)Lorg/gradle/api/inte
Event: 81.530 Thread 0x0000020096eb5f90 DEOPT PACKING pc=0x000002008f953d9c sp=0x0000008713bf9570
Event: 81.530 Thread 0x0000020096eb5f90 DEOPT UNPACKING pc=0x000002008eff69a3 sp=0x0000008713bf9550 mode 2
Event: 85.187 Thread 0x0000020096eb5f90 DEOPT PACKING pc=0x0000020088d9a622 sp=0x0000008713bf93c0
Event: 85.187 Thread 0x0000020096eb5f90 DEOPT UNPACKING pc=0x000002008eff7143 sp=0x0000008713bf8880 mode 0

Classes loaded (20 events):
Event: 61.080 Loading class java/time/Instant$1
Event: 61.080 Loading class java/time/Instant$1 done
Event: 61.119 Loading class java/util/Locale$1
Event: 61.119 Loading class java/util/Locale$1 done
Event: 61.131 Loading class java/net/UrlDeserializedState
Event: 61.131 Loading class java/net/UrlDeserializedState done
Event: 61.133 Loading class java/net/Proxy
Event: 61.134 Loading class java/net/Proxy done
Event: 61.140 Loading class java/util/concurrent/CompletableFuture$AsyncRun
Event: 61.140 Loading class java/util/concurrent/CompletableFuture$AsyncRun done
Event: 69.857 Loading class jdk/internal/access/foreign/MemorySegmentProxy
Event: 70.009 Loading class jdk/internal/access/foreign/MemorySegmentProxy done
Event: 76.906 Loading class jdk/internal/math/FormattedFloatingDecimal$Form
Event: 76.907 Loading class jdk/internal/math/FormattedFloatingDecimal$Form done
Event: 76.907 Loading class jdk/internal/math/FormattedFloatingDecimal
Event: 76.908 Loading class jdk/internal/math/FormattedFloatingDecimal done
Event: 76.909 Loading class jdk/internal/math/FormattedFloatingDecimal$1
Event: 76.909 Loading class jdk/internal/math/FormattedFloatingDecimal$1 done
Event: 76.909 Loading class jdk/internal/math/FormattedFloatingDecimal$2
Event: 76.909 Loading class jdk/internal/math/FormattedFloatingDecimal$2 done

Classes unloaded (0 events):
No events

Classes redefined (0 events):
No events

Internal exceptions (20 events):
Event: 60.265 Thread 0x0000020096eb6ec0 Exception <a 'java/lang/NoSuchMethodError'{0x00000000eb310a10}: static Lorg/gradle/internal/build/event/types/DefaultTaskFailureResult;.<clinit>()V> (0x00000000eb310a10) 
thrown [s\src\hotspot\share\prims\jni.cpp, line 1112]
Event: 60.265 Thread 0x0000020096eb6ec0 Exception <a 'java/lang/NoSuchMethodError'{0x00000000eb311e38}: static Lorg/gradle/internal/build/event/types/AbstractTaskResult;.<clinit>()V> (0x00000000eb311e38) 
thrown [s\src\hotspot\share\prims\jni.cpp, line 1112]
Event: 60.265 Thread 0x0000020096eb6ec0 Exception <a 'java/lang/NoSuchMethodError'{0x00000000eb313360}: static Lorg/gradle/internal/build/event/types/AbstractResult;.<clinit>()V> (0x00000000eb313360) 
thrown [s\src\hotspot\share\prims\jni.cpp, line 1112]
Event: 60.266 Thread 0x0000020096eb6ec0 Exception <a 'java/lang/NoSuchMethodError'{0x00000000eb326560}: static Lorg/gradle/internal/build/event/types/DefaultFailure;.<clinit>()V> (0x00000000eb326560) 
thrown [s\src\hotspot\share\prims\jni.cpp, line 1112]
Event: 60.597 Thread 0x00000200b2257220 Exception <a 'sun/nio/fs/WindowsException'{0x00000000efeb1fe8}> (0x00000000efeb1fe8) 
thrown [s\src\hotspot\share\prims\jni.cpp, line 516]
Event: 60.719 Thread 0x00000200b2257220 Exception <a 'sun/nio/fs/WindowsException'{0x00000000efd333a8}> (0x00000000efd333a8) 
thrown [s\src\hotspot\share\prims\jni.cpp, line 516]
Event: 61.125 Thread 0x0000020096da2010 Exception <a 'java/lang/NoSuchMethodError'{0x00000000ef6f73e0}: static Lorg/gradle/tooling/internal/provider/serialization/ClassLoaderDetails;.<clinit>()V> (0x00000000ef6f73e0) 
thrown [s\src\hotspot\share\prims\jni.cpp, line 1112]
Event: 61.126 Thread 0x0000020096da2010 Exception <a 'java/lang/NoSuchMethodError'{0x00000000ef50a248}: static Lorg/gradle/tooling/internal/provider/serialization/WellKnownClassLoaderRegistry$KnownClassLoaderSpec;.<clinit>()V> (0x00000000ef50a248) 
thrown [s\src\hotspot\share\prims\jni.cpp, line 1112]
Event: 61.126 Thread 0x0000020096da2010 Exception <a 'java/lang/NoSuchMethodError'{0x00000000ef50b8c0}: static Lorg/gradle/internal/classloader/ClassLoaderSpec;.<clinit>()V> (0x00000000ef50b8c0) 
thrown [s\src\hotspot\share\prims\jni.cpp, line 1112]
Event: 61.128 Thread 0x0000020096da2010 Exception <a 'java/lang/NoSuchMethodError'{0x00000000ef5169a8}: static Lorg/gradle/internal/classloader/ClassLoaderSpec;.<clinit>()V> (0x00000000ef5169a8) 
thrown [s\src\hotspot\share\prims\jni.cpp, line 1112]
Event: 61.129 Thread 0x0000020096da2010 Exception <a 'java/lang/NoSuchMethodError'{0x00000000ef522ae0}: static Lorg/gradle/internal/classloader/VisitableURLClassLoader$Spec;.<clinit>()V> (0x00000000ef522ae0) 
thrown [s\src\hotspot\share\prims\jni.cpp, line 1112]
Event: 61.138 Thread 0x0000020096da2010 Exception <a 'java/lang/NoSuchMethodError'{0x00000000ef545ba0}: static [Ljava/net/URL;.<clinit>()V> (0x00000000ef545ba0) 
thrown [s\src\hotspot\share\prims\jni.cpp, line 1112]
Event: 76.905 Thread 0x0000020096eb5f90 Implicit null exception at 0x000002008fa818f2 to 0x000002008fa81f28
Event: 77.614 Thread 0x0000020096eb5f90 Exception <a 'sun/nio/fs/WindowsException'{0x00000000ef06cc58}> (0x00000000ef06cc58) 
thrown [s\src\hotspot\share\prims\jni.cpp, line 516]
Event: 77.615 Thread 0x0000020096eb5f90 Exception <a 'sun/nio/fs/WindowsException'{0x00000000ef06e1d0}> (0x00000000ef06e1d0) 
thrown [s\src\hotspot\share\prims\jni.cpp, line 516]
Event: 77.615 Thread 0x0000020096eb5f90 Exception <a 'sun/nio/fs/WindowsException'{0x00000000ef06f748}> (0x00000000ef06f748) 
thrown [s\src\hotspot\share\prims\jni.cpp, line 516]
Event: 77.616 Thread 0x0000020096eb5f90 Exception <a 'sun/nio/fs/WindowsException'{0x00000000ef070cb0}> (0x00000000ef070cb0) 
thrown [s\src\hotspot\share\prims\jni.cpp, line 516]
Event: 79.166 Thread 0x0000020096eb5f90 Exception <a 'java/lang/NoClassDefFoundError'{0x00000000ee82f618}: org/jetbrains/kotlin/gradle/plugin/KotlinPluginWrapper> (0x00000000ee82f618) 
thrown [s\src\hotspot\share\oops\constantPool.cpp, line 837]
Event: 79.166 Thread 0x0000020096eb5f90 Exception <a 'java/lang/NoClassDefFoundError'{0x00000000ee831710}: org/graalvm/buildtools/gradle/NativeImagePlugin> (0x00000000ee831710) 
thrown [s\src\hotspot\share\oops\constantPool.cpp, line 837]
Event: 79.166 Thread 0x0000020096eb5f90 Exception <a 'java/lang/NoClassDefFoundError'{0x00000000ee8337f8}: org/cyclonedx/gradle/CycloneDxPlugin> (0x00000000ee8337f8) 
thrown [s\src\hotspot\share\oops\constantPool.cpp, line 837]

VM Operations (20 events):
Event: 77.880 Executing VM operation: Cleanup
Event: 77.880 Executing VM operation: Cleanup done
Event: 78.884 Executing VM operation: Cleanup
Event: 78.884 Executing VM operation: Cleanup done
Event: 79.894 Executing VM operation: Cleanup
Event: 79.894 Executing VM operation: Cleanup done
Event: 80.899 Executing VM operation: Cleanup
Event: 80.899 Executing VM operation: Cleanup done
Event: 81.905 Executing VM operation: Cleanup
Event: 81.905 Executing VM operation: Cleanup done
Event: 83.923 Executing VM operation: Cleanup
Event: 83.923 Executing VM operation: Cleanup done
Event: 84.931 Executing VM operation: Cleanup
Event: 84.931 Executing VM operation: Cleanup done
Event: 84.994 Executing VM operation: HandshakeAllThreads
Event: 85.025 Executing VM operation: HandshakeAllThreads done
Event: 85.140 Executing VM operation: HandshakeAllThreads
Event: 85.141 Executing VM operation: HandshakeAllThreads done
Event: 85.191 Executing VM operation: HandshakeAllThreads
Event: 85.191 Executing VM operation: HandshakeAllThreads done

Events (20 events):
Event: 85.201 Thread 0x0000020096ba0040 flushing nmethod 0x0000020088b49390
Event: 85.201 Thread 0x0000020096ba0040 flushing nmethod 0x0000020088b49990
Event: 85.201 Thread 0x0000020096ba0040 flushing nmethod 0x0000020088b57890
Event: 85.202 Thread 0x0000020096ba0040 flushing nmethod 0x0000020088bcbf10
Event: 85.202 Thread 0x0000020096ba0040 flushing nmethod 0x0000020088bee110
Event: 85.202 Thread 0x0000020096ba0040 flushing nmethod 0x0000020088bee590
Event: 85.202 Thread 0x0000020096ba0040 flushing nmethod 0x0000020088bef010
Event: 85.202 Thread 0x0000020096ba0040 flushing nmethod 0x0000020088befc10
Event: 85.202 Thread 0x0000020096ba0040 flushing nmethod 0x0000020088c20590
Event: 85.202 Thread 0x0000020096ba0040 flushing nmethod 0x0000020088c2b190
Event: 85.202 Thread 0x0000020096ba0040 flushing nmethod 0x0000020088c50110
Event: 85.202 Thread 0x0000020096ba0040 flushing nmethod 0x0000020088c52810
Event: 85.202 Thread 0x0000020096ba0040 flushing nmethod 0x0000020088c58410
Event: 85.202 Thread 0x0000020096ba0040 flushing nmethod 0x0000020088c65e10
Event: 85.202 Thread 0x0000020096ba0040 flushing nmethod 0x0000020088c6c790
Event: 85.202 Thread 0x0000020096ba0040 flushing nmethod 0x0000020088c71f90
Event: 85.202 Thread 0x0000020096ba0040 flushing nmethod 0x0000020088c72310
Event: 85.202 Thread 0x0000020096ba0040 flushing nmethod 0x0000020088c92410
Event: 85.202 Thread 0x0000020096ba0040 flushing nmethod 0x0000020088cc2b90
Event: 85.202 Thread 0x0000020096ba0040 flushing nmethod 0x0000020088d0ac10


Dynamic libraries:
0x00007ff633930000 - 0x00007ff63393e000 	C:\Users\ASUS\.jdks\corretto-17.0.12\bin\java.exe
0x00007ffe050b0000 - 0x00007ffe052a8000 	C:\Windows\SYSTEM32\ntdll.dll
0x00007ffe03630000 - 0x00007ffe036ef000 	C:\Windows\System32\KERNEL32.DLL
0x00007ffe02c90000 - 0x00007ffe02f62000 	C:\Windows\System32\KERNELBASE.dll
0x00007ffe02b90000 - 0x00007ffe02c90000 	C:\Windows\System32\ucrtbase.dll
0x00007ffdf0970000 - 0x00007ffdf0987000 	C:\Users\ASUS\.jdks\corretto-17.0.12\bin\jli.dll
0x00007ffdf0950000 - 0x00007ffdf096b000 	C:\Users\ASUS\.jdks\corretto-17.0.12\bin\VCRUNTIME140.dll
0x00007ffe04ea0000 - 0x00007ffe05041000 	C:\Windows\System32\USER32.dll
0x00007ffe02b60000 - 0x00007ffe02b82000 	C:\Windows\System32\win32u.dll
0x00007ffe04880000 - 0x00007ffe048ab000 	C:\Windows\System32\GDI32.dll
0x00007ffe02f70000 - 0x00007ffe0307f000 	C:\Windows\System32\gdi32full.dll
0x00007ffdf01f0000 - 0x00007ffdf048a000 	C:\Windows\WinSxS\amd64_microsoft.windows.common-controls_6595b64144ccf1df_6.0.19041.1110_none_60b5254171f9507e\COMCTL32.dll
0x00007ffe027a0000 - 0x00007ffe0283d000 	C:\Windows\System32\msvcp_win.dll
0x00007ffe04ba0000 - 0x00007ffe04c3e000 	C:\Windows\System32\msvcrt.dll
0x00007ffe035e0000 - 0x00007ffe03612000 	C:\Windows\System32\IMM32.DLL
0x00007ffdfe550000 - 0x00007ffdfe55c000 	C:\Users\ASUS\.jdks\corretto-17.0.12\bin\vcruntime140_1.dll
0x00007ffde1b00000 - 0x00007ffde1b8d000 	C:\Users\ASUS\.jdks\corretto-17.0.12\bin\msvcp140.dll
0x00007ffd87900000 - 0x00007ffd8856a000 	C:\Users\ASUS\.jdks\corretto-17.0.12\bin\server\jvm.dll
0x00007ffe03950000 - 0x00007ffe039fe000 	C:\Windows\System32\ADVAPI32.dll
0x00007ffe047e0000 - 0x00007ffe0487c000 	C:\Windows\System32\sechost.dll
0x00007ffe036f0000 - 0x00007ffe03815000 	C:\Windows\System32\RPCRT4.dll
0x00007ffe049e0000 - 0x00007ffe04a4b000 	C:\Windows\System32\WS2_32.dll
0x00007ffe01d60000 - 0x00007ffe01dab000 	C:\Windows\SYSTEM32\POWRPROF.dll
0x00007ffdf9a20000 - 0x00007ffdf9a47000 	C:\Windows\SYSTEM32\WINMM.dll
0x00007ffdfc9b0000 - 0x00007ffdfc9ba000 	C:\Windows\SYSTEM32\VERSION.dll
0x00007ffe01be0000 - 0x00007ffe01bf2000 	C:\Windows\SYSTEM32\UMPDC.dll
0x00007ffe00660000 - 0x00007ffe00672000 	C:\Windows\SYSTEM32\kernel.appcore.dll
0x00007ffdf04b0000 - 0x00007ffdf04ba000 	C:\Users\ASUS\.jdks\corretto-17.0.12\bin\jimage.dll
0x00007ffded130000 - 0x00007ffded314000 	C:\Windows\SYSTEM32\DBGHELP.DLL
0x00007ffdebc70000 - 0x00007ffdebca5000 	C:\Windows\SYSTEM32\dbgcore.DLL
0x00007ffe02840000 - 0x00007ffe028c2000 	C:\Windows\System32\bcryptPrimitives.dll
0x00007ffdf04a0000 - 0x00007ffdf04ae000 	C:\Users\ASUS\.jdks\corretto-17.0.12\bin\instrument.dll
0x00007ffde1ad0000 - 0x00007ffde1af5000 	C:\Users\ASUS\.jdks\corretto-17.0.12\bin\java.dll
0x00007ffdae2b0000 - 0x00007ffdae387000 	C:\Users\ASUS\.jdks\corretto-17.0.12\bin\jsvml.dll
0x00007ffe03ee0000 - 0x00007ffe04625000 	C:\Windows\System32\SHELL32.dll
0x00007ffe00860000 - 0x00007ffe00ff2000 	C:\Windows\SYSTEM32\windows.storage.dll
0x00007ffe03b20000 - 0x00007ffe03e75000 	C:\Windows\System32\combase.dll
0x00007ffe02200000 - 0x00007ffe02230000 	C:\Windows\SYSTEM32\Wldp.dll
0x00007ffe04c40000 - 0x00007ffe04ced000 	C:\Windows\System32\SHCORE.dll
0x00007ffe03e80000 - 0x00007ffe03ed5000 	C:\Windows\System32\shlwapi.dll
0x00007ffe026e0000 - 0x00007ffe026ff000 	C:\Windows\SYSTEM32\profapi.dll
0x00007ffde1a60000 - 0x00007ffde1a78000 	C:\Users\ASUS\.jdks\corretto-17.0.12\bin\zip.dll
0x00007ffde1a40000 - 0x00007ffde1a59000 	C:\Users\ASUS\.jdks\corretto-17.0.12\bin\net.dll
0x00007ffdfa990000 - 0x00007ffdfaa9c000 	C:\Windows\SYSTEM32\WINHTTP.dll
0x00007ffe01f60000 - 0x00007ffe01fca000 	C:\Windows\system32\mswsock.dll
0x00007ffde19d0000 - 0x00007ffde19e6000 	C:\Users\ASUS\.jdks\corretto-17.0.12\bin\nio.dll
0x00007ffde17c0000 - 0x00007ffde17d0000 	C:\Users\ASUS\.jdks\corretto-17.0.12\bin\verify.dll
0x00007ffdd59e0000 - 0x00007ffdd5a07000 	C:\Users\ASUS\.gradle\native\c067742578af261105cb4f569cf0c3c89f3d7b1fecec35dd04571415982c5e48\windows-amd64\native-platform.dll
0x00007ffdd52f0000 - 0x00007ffdd5434000 	C:\Users\ASUS\.gradle\native\100fb08df4bc3b14c8652ba06237920a3bd2aa13389f12d3474272988ae205f9\windows-amd64\native-platform-file-events.dll
0x00007ffde1700000 - 0x00007ffde1709000 	C:\Users\ASUS\.jdks\corretto-17.0.12\bin\management.dll
0x00007ffde16f0000 - 0x00007ffde16fb000 	C:\Users\ASUS\.jdks\corretto-17.0.12\bin\management_ext.dll
0x00007ffe04cf0000 - 0x00007ffe04cf8000 	C:\Windows\System32\PSAPI.DLL
0x00007ffe02160000 - 0x00007ffe02178000 	C:\Windows\SYSTEM32\CRYPTSP.dll
0x00007ffe01810000 - 0x00007ffe01844000 	C:\Windows\system32\rsaenh.dll
0x00007ffe02980000 - 0x00007ffe029a7000 	C:\Windows\System32\bcrypt.dll
0x00007ffe026a0000 - 0x00007ffe026ce000 	C:\Windows\SYSTEM32\USERENV.dll
0x00007ffe02150000 - 0x00007ffe0215c000 	C:\Windows\SYSTEM32\CRYPTBASE.dll
0x00007ffe01c00000 - 0x00007ffe01c3b000 	C:\Windows\SYSTEM32\IPHLPAPI.DLL
0x00007ffe03620000 - 0x00007ffe03628000 	C:\Windows\System32\NSI.dll
0x00007ffdfb270000 - 0x00007ffdfb287000 	C:\Windows\SYSTEM32\dhcpcsvc6.DLL
0x00007ffdfc030000 - 0x00007ffdfc04d000 	C:\Windows\SYSTEM32\dhcpcsvc.DLL
0x00007ffe01c40000 - 0x00007ffe01d0b000 	C:\Windows\SYSTEM32\DNSAPI.dll
0x00007ffde15a0000 - 0x00007ffde15a9000 	C:\Users\ASUS\.jdks\corretto-17.0.12\bin\extnet.dll
0x00007ffde0d90000 - 0x00007ffde0d9e000 	C:\Users\ASUS\.jdks\corretto-17.0.12\bin\sunmscapi.dll
0x00007ffe02a00000 - 0x00007ffe02b56000 	C:\Windows\System32\CRYPT32.dll
0x00007ffe02270000 - 0x00007ffe02297000 	C:\Windows\SYSTEM32\ncrypt.dll
0x00007ffe02230000 - 0x00007ffe0226b000 	C:\Windows\SYSTEM32\NTASN1.dll
0x00007ffda6e30000 - 0x00007ffda6e37000 	C:\Windows\system32\wshunix.dll
0x00007ffe01930000 - 0x00007ffe01963000 	C:\Windows\SYSTEM32\ntmarta.dll

dbghelp: loaded successfully - version: 4.0.5 - missing functions: none
symbol engine: initialized successfully - sym options: 0x614 - pdb path: .;C:\Users\ASUS\.jdks\corretto-17.0.12\bin;C:\Windows\SYSTEM32;C:\Windows\WinSxS\amd64_microsoft.windows.common-controls_6595b64144ccf1df_6.0.19041.1110_none_60b5254171f9507e;C:\Users\ASUS\.jdks\corretto-17.0.12\bin\server;C:\Users\ASUS\.gradle\native\c067742578af261105cb4f569cf0c3c89f3d7b1fecec35dd04571415982c5e48\windows-amd64;C:\Users\ASUS\.gradle\native\100fb08df4bc3b14c8652ba06237920a3bd2aa13389f12d3474272988ae205f9\windows-amd64

VM Arguments:
jvm_args: --add-opens=java.base/java.lang=ALL-UNNAMED --add-opens=java.base/java.lang.invoke=ALL-UNNAMED --add-opens=java.base/java.util=ALL-UNNAMED --add-opens=java.prefs/java.util.prefs=ALL-UNNAMED --add-exports=jdk.compiler/com.sun.tools.javac.api=ALL-UNNAMED --add-exports=jdk.compiler/com.sun.tools.javac.util=ALL-UNNAMED --add-opens=java.base/java.util=ALL-UNNAMED --add-opens=java.prefs/java.util.prefs=ALL-UNNAMED --add-opens=java.base/java.nio.charset=ALL-UNNAMED --add-opens=java.base/java.net=ALL-UNNAMED --add-opens=java.base/java.util.concurrent.atomic=ALL-UNNAMED --add-opens=java.xml/javax.xml.namespace=ALL-UNNAMED -XX:MaxMetaspaceSize=384m -XX:+HeapDumpOnOutOfMemoryError -Xms256m -Xmx512m -Dfile.encoding=windows-1252 -Duser.country=US -Duser.language=en -Duser.variant -javaagent:C:\Users\ASUS\.gradle\wrapper\dists\gradle-8.11.1-bin\bpt9gzteqjrbo1mjrsomdt32c\gradle-8.11.1\lib\agents\gradle-instrumentation-agent-8.11.1.jar 
java_command: org.gradle.launcher.daemon.bootstrap.GradleDaemon 8.11.1
java_class_path (initial): C:\Users\ASUS\.gradle\wrapper\dists\gradle-8.11.1-bin\bpt9gzteqjrbo1mjrsomdt32c\gradle-8.11.1\lib\gradle-daemon-main-8.11.1.jar
Launcher Type: SUN_STANDARD

[Global flags]
     intx CICompilerCount                          = 3                                         {product} {ergonomic}
   size_t CompressedClassSpaceSize                 = 335544320                                 {product} {ergonomic}
     uint ConcGCThreads                            = 1                                         {product} {ergonomic}
     uint G1ConcRefinementThreads                  = 4                                         {product} {ergonomic}
   size_t G1HeapRegionSize                         = 1048576                                   {product} {ergonomic}
    uintx GCDrainStackTargetSize                   = 64                                        {product} {ergonomic}
     bool HeapDumpOnOutOfMemoryError               = true                                   {manageable} {command line}
   size_t InitialHeapSize                          = 268435456                                 {product} {command line}
   size_t MarkStackSize                            = 4194304                                   {product} {ergonomic}
   size_t MaxHeapSize                              = 536870912                                 {product} {command line}
   size_t MaxMetaspaceSize                         = 402653184                                 {product} {command line}
   size_t MaxNewSize                               = 321912832                                 {product} {ergonomic}
   size_t MinHeapDeltaBytes                        = 1048576                                   {product} {ergonomic}
   size_t MinHeapSize                              = 268435456                                 {product} {command line}
    uintx NonNMethodCodeHeapSize                   = 5832780                                {pd product} {ergonomic}
    uintx NonProfiledCodeHeapSize                  = 122912730                              {pd product} {ergonomic}
    uintx ProfiledCodeHeapSize                     = 122912730                              {pd product} {ergonomic}
    uintx ReservedCodeCacheSize                    = 251658240                              {pd product} {ergonomic}
     bool SegmentedCodeCache                       = true                                      {product} {ergonomic}
   size_t SoftMaxHeapSize                          = 536870912                              {manageable} {ergonomic}
     bool UseCompressedClassPointers               = true                           {product lp64_product} {ergonomic}
     bool UseCompressedOops                        = true                           {product lp64_product} {ergonomic}
     bool UseG1GC                                  = true                                      {product} {ergonomic}
     bool UseLargePagesIndividualAllocation        = false                                  {pd product} {ergonomic}

Logging:
Log output configuration:
 #0: stdout all=warning uptime,level,tags
 #1: stderr all=off uptime,level,tags

Environment Variables:
PATH=C:\Windows\system32;C:\Windows;C:\Windows\System32\Wbem;C:\Windows\System32\WindowsPowerShell\v1.0\;C:\Windows\System32\OpenSSH\;C:\Program Files\Git\cmd;C:\Users\ASUS\AppData\Local\Microsoft\WindowsApps;;D:\WebStorm 2024.1.5\bin;
USERNAME=ASUS
OS=Windows_NT
PROCESSOR_IDENTIFIER=Intel64 Family 6 Model 158 Stepping 9, GenuineIntel
TMP=C:\Users\ASUS\AppData\Local\Temp
TEMP=C:\Users\ASUS\AppData\Local\Temp



Periodic native trim disabled


---------------  S Y S T E M  ---------------

OS:
 Windows 10 , 64 bit Build 19041 (10.0.19041.2546)
OS uptime: 0 days 7:39 hours

CPU: total 4 (initial active 4) (4 cores per cpu, 1 threads per core) family 6 model 158 stepping 9 microcode 0xb4, cx8, cmov, fxsr, mmx, 3dnowpref, sse, sse2, sse3, ssse3, sse4.1, sse4.2, popcnt, lzcnt, tsc, tscinvbit, avx, avx2, aes, erms, clmul, bmi1, bmi2, adx, fma, vzeroupper, clflush, clflushopt
Processor Information for all 4 processors :
  Max Mhz: 2501, Current Mhz: 2501, Mhz Limit: 2501

Memory: 4k page, system-wide physical 8076M (555M free)
TotalPageFile size 16542M (AvailPageFile size 3M)
current process WorkingSet (physical memory assigned to process): 392M, peak: 406M
current process commit charge ("private bytes"): 495M, peak: 497M

vm_info: OpenJDK 64-Bit Server VM (17.0.12+7-LTS) for windows-amd64 JRE (17.0.12+7-LTS), built on Jul 10 2024 20:46:33 by "Administrator" with MS VC++ 16.10 / 16.11 (VS2019)

END.
