#
# There is insufficient memory for the Java Runtime Environment to continue.
# Native memory allocation (malloc) failed to allocate 1952208 bytes. Error detail: Chunk::new
# Possible reasons:
#   The system is out of physical RAM or swap space
#   This process is running with CompressedOops enabled, and the Java Heap may be blocking the growth of the native heap
# Possible solutions:
#   Reduce memory load on the system
#   Increase physical memory or swap space
#   Check if swap backing store is full
#   Decrease Java heap size (-Xmx/-Xms)
#   Decrease number of Java threads
#   Decrease Java thread stack sizes (-Xss)
#   Set larger code cache with -XX:ReservedCodeCacheSize=
#   JVM is running with Unscaled Compressed Oops mode in which the Java heap is
#     placed in the first 4GB address space. The Java Heap base address is the
#     maximum limit for the native heap growth. Please use -XX:HeapBaseMinAddress
#     to set the Java Heap base and to place the Java Heap above 4GB virtual address.
# This output file may be truncated or incomplete.
#
#  Out of Memory Error (arena.cpp:168), pid=3336, tid=15908
#
# JRE version: OpenJDK Runtime Environment Corretto-21.0.4.7.1 (21.0.4+7) (build 21.0.4+7-LTS)
# Java VM: OpenJDK 64-Bit Server VM Corretto-21.0.4.7.1 (21.0.4+7-LTS, mixed mode, sharing, tiered, compressed oops, compressed class ptrs, g1 gc, windows-amd64)
# No core dump will be written. Minidumps are not enabled by default on client versions of Windows
#

---------------  S U M M A R Y ------------

Command Line: --add-opens=java.base/java.lang=ALL-UNNAMED --add-opens=java.base/java.lang.invoke=ALL-UNNAMED --add-opens=java.base/java.util=ALL-UNNAMED --add-opens=java.prefs/java.util.prefs=ALL-UNNAMED --add-exports=jdk.compiler/com.sun.tools.javac.api=ALL-UNNAMED --add-exports=jdk.compiler/com.sun.tools.javac.util=ALL-UNNAMED --add-opens=java.base/java.util=ALL-UNNAMED --add-opens=java.prefs/java.util.prefs=ALL-UNNAMED --add-opens=java.base/java.nio.charset=ALL-UNNAMED --add-opens=java.base/java.net=ALL-UNNAMED --add-opens=java.base/java.util.concurrent.atomic=ALL-UNNAMED --add-opens=java.xml/javax.xml.namespace=ALL-UNNAMED -XX:MaxMetaspaceSize=384m -XX:+HeapDumpOnOutOfMemoryError -Xms256m -Xmx512m -Dfile.encoding=windows-1252 -Duser.country=US -Duser.language=en -Duser.variant -javaagent:C:\Users\ASUS\.gradle\wrapper\dists\gradle-8.11.1-bin\bpt9gzteqjrbo1mjrsomdt32c\gradle-8.11.1\lib\agents\gradle-instrumentation-agent-8.11.1.jar org.gradle.launcher.daemon.bootstrap.GradleDaemon 8.11.1

Host: Intel(R) Core(TM) i5-7300HQ CPU @ 2.50GHz, 4 cores, 7G,  Windows 10 , 64 bit Build 19041 (10.0.19041.2546)
Time: Wed Feb 12 15:45:36 2025 SE Asia Standard Time elapsed time: 29.031143 seconds (0d 0h 0m 29s)

---------------  T H R E A D  ---------------

Current thread (0x000002da66c75760):  JavaThread "C2 CompilerThread0" daemon [_thread_in_native, id=15908, stack(0x000000ecbbb00000,0x000000ecbbc00000) (1024K)]


Current CompileTask:
C2:  29031 7128   !   4       java.net.URLClassLoader::findClass (47 bytes)

Stack: [0x000000ecbbb00000,0x000000ecbbc00000]
Native frames: (J=compiled Java code, j=interpreted, Vv=VM code, C=native code)
V  [jvm.dll+0x6d83d9]
V  [jvm.dll+0x8b39f3]
V  [jvm.dll+0x8b5d4e]
V  [jvm.dll+0x8b6433]
V  [jvm.dll+0x285816]
V  [jvm.dll+0xc608d]
V  [jvm.dll+0xc65c3]
V  [jvm.dll+0x3bf09b]
V  [jvm.dll+0x38afb7]
V  [jvm.dll+0x38a42a]
V  [jvm.dll+0x24dcb2]
V  [jvm.dll+0x24d281]
V  [jvm.dll+0x1cbda4]
V  [jvm.dll+0x25c819]
V  [jvm.dll+0x25adcb]
V  [jvm.dll+0x3f9936]
V  [jvm.dll+0x85c768]
V  [jvm.dll+0x6d6bdd]
C  [ucrtbase.dll+0x21bb2]
C  [KERNEL32.DLL+0x17614]
C  [ntdll.dll+0x526a1]


---------------  P R O C E S S  ---------------

Threads class SMR info:
_java_thread_list=0x000002da027236e0, length=53, elements={
0x000002da4a73a700, 0x000002da66c6e400, 0x000002da66c71270, 0x000002da66c727d0,
0x000002da66c76a30, 0x000002da66c77490, 0x000002da66c74240, 0x000002da66c75760,
0x000002da66c7c340, 0x000002da66c9e5a0, 0x000002da0028df60, 0x000002da019f7040,
0x000002da010461e0, 0x000002da00fd91b0, 0x000002da01021450, 0x000002da00e486e0,
0x000002da00e5d6b0, 0x000002da002bf960, 0x000002da00e249b0, 0x000002da00e25040,
0x000002da00e23c90, 0x000002da00e256d0, 0x000002da00e24320, 0x000002da00e25d60,
0x000002da00e263f0, 0x000002da00e23600, 0x000002da028aff40, 0x000002da028b2010,
0x000002da028ae500, 0x000002da028acac0, 0x000002da028ade70, 0x000002da028abda0,
0x000002da028b0c60, 0x000002da028ab080, 0x000002da028b1980, 0x000002da028b26a0,
0x000002da028b12f0, 0x000002da028ad7e0, 0x000002da028b05d0, 0x000002da028aeb90,
0x000002da028af220, 0x000002da028af8b0, 0x000002da00fdfde0, 0x000002da00fdf0c0,
0x000002da00fe0470, 0x000002da00fdf750, 0x000002da00fdea30, 0x000002da00fe1190,
0x000002da00fde3a0, 0x000002da00fddd10, 0x000002da04b4f490, 0x000002da04b50ed0,
0x000002da04b4ee00
}

Java Threads: ( => current thread )
  0x000002da4a73a700 JavaThread "main"                              [_thread_blocked, id=7060, stack(0x000000ecbad00000,0x000000ecbae00000) (1024K)]
  0x000002da66c6e400 JavaThread "Reference Handler"          daemon [_thread_blocked, id=10924, stack(0x000000ecbb500000,0x000000ecbb600000) (1024K)]
  0x000002da66c71270 JavaThread "Finalizer"                  daemon [_thread_blocked, id=18356, stack(0x000000ecbb600000,0x000000ecbb700000) (1024K)]
  0x000002da66c727d0 JavaThread "Signal Dispatcher"          daemon [_thread_blocked, id=6496, stack(0x000000ecbb700000,0x000000ecbb800000) (1024K)]
  0x000002da66c76a30 JavaThread "Attach Listener"            daemon [_thread_blocked, id=13552, stack(0x000000ecbb800000,0x000000ecbb900000) (1024K)]
  0x000002da66c77490 JavaThread "Service Thread"             daemon [_thread_blocked, id=9084, stack(0x000000ecbb900000,0x000000ecbba00000) (1024K)]
  0x000002da66c74240 JavaThread "Monitor Deflation Thread"   daemon [_thread_blocked, id=11268, stack(0x000000ecbba00000,0x000000ecbbb00000) (1024K)]
=>0x000002da66c75760 JavaThread "C2 CompilerThread0"         daemon [_thread_in_native, id=15908, stack(0x000000ecbbb00000,0x000000ecbbc00000) (1024K)]
  0x000002da66c7c340 JavaThread "C1 CompilerThread0"         daemon [_thread_blocked, id=14300, stack(0x000000ecbbc00000,0x000000ecbbd00000) (1024K)]
  0x000002da66c9e5a0 JavaThread "Common-Cleaner"             daemon [_thread_blocked, id=17896, stack(0x000000ecbbd00000,0x000000ecbbe00000) (1024K)]
  0x000002da0028df60 JavaThread "Notification Thread"        daemon [_thread_blocked, id=12744, stack(0x000000ecbbe00000,0x000000ecbbf00000) (1024K)]
  0x000002da019f7040 JavaThread "Daemon health stats"               [_thread_blocked, id=3132, stack(0x000000ecbc200000,0x000000ecbc300000) (1024K)]
  0x000002da010461e0 JavaThread "Incoming local TCP Connector on port 56838"        [_thread_in_native, id=9920, stack(0x000000ecbc300000,0x000000ecbc400000) (1024K)]
  0x000002da00fd91b0 JavaThread "Daemon periodic checks"            [_thread_blocked, id=9056, stack(0x000000ecbc400000,0x000000ecbc500000) (1024K)]
  0x000002da01021450 JavaThread "Daemon"                            [_thread_blocked, id=15928, stack(0x000000ecbc500000,0x000000ecbc600000) (1024K)]
  0x000002da00e486e0 JavaThread "Handler for socket connection from /127.0.0.1:56838 to /127.0.0.1:56840"        [_thread_in_native, id=15068, stack(0x000000ecbc600000,0x000000ecbc700000) (1024K)]
  0x000002da00e5d6b0 JavaThread "Cancel handler"                    [_thread_blocked, id=6076, stack(0x000000ecbc700000,0x000000ecbc800000) (1024K)]
  0x000002da002bf960 JavaThread "Daemon worker"                     [_thread_in_Java, id=8556, stack(0x000000ecbc800000,0x000000ecbc900000) (1024K)]
  0x000002da00e249b0 JavaThread "Asynchronous log dispatcher for DefaultDaemonConnection: socket connection from /127.0.0.1:56838 to /127.0.0.1:56840"        [_thread_blocked, id=15452, stack(0x000000ecbc900000,0x000000ecbca00000) (1024K)]
  0x000002da00e25040 JavaThread "Stdin handler"                     [_thread_blocked, id=9212, stack(0x000000ecbca00000,0x000000ecbcb00000) (1024K)]
  0x000002da00e23c90 JavaThread "Daemon client event forwarder"        [_thread_blocked, id=17124, stack(0x000000ecbcb00000,0x000000ecbcc00000) (1024K)]
  0x000002da00e256d0 JavaThread "Cache worker for journal cache (C:\Users\ASUS\.gradle\caches\journal-1)"        [_thread_blocked, id=2404, stack(0x000000ecbcc00000,0x000000ecbcd00000) (1024K)]
  0x000002da00e24320 JavaThread "File lock request listener"        [_thread_in_native, id=18740, stack(0x000000ecbcd00000,0x000000ecbce00000) (1024K)]
  0x000002da00e25d60 JavaThread "Cache worker for file hash cache (C:\Users\ASUS\.gradle\caches\8.11.1\fileHashes)"        [_thread_blocked, id=6040, stack(0x000000ecbce00000,0x000000ecbcf00000) (1024K)]
  0x000002da00e263f0 JavaThread "Cache worker for file content cache (C:\Users\ASUS\.gradle\caches\8.11.1\fileContent)"        [_thread_blocked, id=16740, stack(0x000000ecbcf00000,0x000000ecbd000000) (1024K)]
  0x000002da00e23600 JavaThread "Cache worker for file hash cache (D:\codegym\bat_dong_san\case_study_module_4\case_study\case_study\.gradle\8.11.1\fileHashes)"        [_thread_blocked, id=6004, stack(0x000000ecbd000000,0x000000ecbd100000) (1024K)]
  0x000002da028aff40 JavaThread "Cache worker for Build Output Cleanup Cache (D:\codegym\bat_dong_san\case_study_module_4\case_study\case_study\.gradle\buildOutputCleanup)"        [_thread_blocked, id=5712, stack(0x000000ecbd100000,0x000000ecbd200000) (1024K)]
  0x000002da028b2010 JavaThread "File watcher server"        daemon [_thread_in_native, id=15252, stack(0x000000ecbd200000,0x000000ecbd300000) (1024K)]
  0x000002da028ae500 JavaThread "File watcher consumer"      daemon [_thread_blocked, id=11584, stack(0x000000ecbd300000,0x000000ecbd400000) (1024K)]
  0x000002da028acac0 JavaThread "File lock release action executor"        [_thread_blocked, id=16556, stack(0x000000ecbd400000,0x000000ecbd500000) (1024K)]
  0x000002da028ade70 JavaThread "Cache worker for checksums cache (D:\codegym\bat_dong_san\case_study_module_4\case_study\case_study\.gradle\8.11.1\checksums)"        [_thread_blocked, id=8984, stack(0x000000ecbd500000,0x000000ecbd600000) (1024K)]
  0x000002da028abda0 JavaThread "Cache worker for cache directory md-rule (C:\Users\ASUS\.gradle\caches\8.11.1\md-rule)"        [_thread_blocked, id=5396, stack(0x000000ecbd600000,0x000000ecbd700000) (1024K)]
  0x000002da028b0c60 JavaThread "Cache worker for cache directory md-supplier (C:\Users\ASUS\.gradle\caches\8.11.1\md-supplier)"        [_thread_blocked, id=14096, stack(0x000000ecbd700000,0x000000ecbd800000) (1024K)]
  0x000002da028ab080 JavaThread "jar transforms"                    [_thread_blocked, id=14384, stack(0x000000ecbd800000,0x000000ecbd900000) (1024K)]
  0x000002da028b1980 JavaThread "jar transforms Thread 2"           [_thread_blocked, id=4332, stack(0x000000ecbd900000,0x000000ecbda00000) (1024K)]
  0x000002da028b26a0 JavaThread "jar transforms Thread 3"           [_thread_blocked, id=14704, stack(0x000000ecbda00000,0x000000ecbdb00000) (1024K)]
  0x000002da028b12f0 JavaThread "jar transforms Thread 4"           [_thread_blocked, id=18796, stack(0x000000ecbdb00000,0x000000ecbdc00000) (1024K)]
  0x000002da028ad7e0 JavaThread "Unconstrained build operations"        [_thread_blocked, id=8236, stack(0x000000ecbdc00000,0x000000ecbdd00000) (1024K)]
  0x000002da028b05d0 JavaThread "Unconstrained build operations Thread 2"        [_thread_blocked, id=19400, stack(0x000000ecbdd00000,0x000000ecbde00000) (1024K)]
  0x000002da028aeb90 JavaThread "Unconstrained build operations Thread 3"        [_thread_blocked, id=16944, stack(0x000000ecbde00000,0x000000ecbdf00000) (1024K)]
  0x000002da028af220 JavaThread "Unconstrained build operations Thread 4"        [_thread_blocked, id=1676, stack(0x000000ecbdf00000,0x000000ecbe000000) (1024K)]
  0x000002da028af8b0 JavaThread "Unconstrained build operations Thread 5"        [_thread_blocked, id=16964, stack(0x000000ecbe000000,0x000000ecbe100000) (1024K)]
  0x000002da00fdfde0 JavaThread "Unconstrained build operations Thread 6"        [_thread_blocked, id=18556, stack(0x000000ecbe100000,0x000000ecbe200000) (1024K)]
  0x000002da00fdf0c0 JavaThread "Unconstrained build operations Thread 7"        [_thread_blocked, id=19172, stack(0x000000ecbe200000,0x000000ecbe300000) (1024K)]
  0x000002da00fe0470 JavaThread "Unconstrained build operations Thread 8"        [_thread_blocked, id=4424, stack(0x000000ecbe300000,0x000000ecbe400000) (1024K)]
  0x000002da00fdf750 JavaThread "Unconstrained build operations Thread 9"        [_thread_blocked, id=18804, stack(0x000000ecbe400000,0x000000ecbe500000) (1024K)]
  0x000002da00fdea30 JavaThread "Memory manager"                    [_thread_blocked, id=12688, stack(0x000000ecbe500000,0x000000ecbe600000) (1024K)]
  0x000002da00fe1190 JavaThread "ForkJoinPool.commonPool-worker-1" daemon [_thread_blocked, id=16616, stack(0x000000ecbe600000,0x000000ecbe700000) (1024K)]
  0x000002da00fde3a0 JavaThread "ForkJoinPool.commonPool-worker-2" daemon [_thread_blocked, id=15932, stack(0x000000ecbe700000,0x000000ecbe800000) (1024K)]
  0x000002da00fddd10 JavaThread "ForkJoinPool.commonPool-worker-3" daemon [_thread_blocked, id=12016, stack(0x000000ecbe800000,0x000000ecbe900000) (1024K)]
  0x000002da04b4f490 JavaThread "Exec process"                      [_thread_blocked, id=18064, stack(0x000000ecbe900000,0x000000ecbea00000) (1024K)]
  0x000002da04b50ed0 JavaThread "Exec process Thread 2"             [_thread_blocked, id=12932, stack(0x000000ecbea00000,0x000000ecbeb00000) (1024K)]
  0x000002da04b4ee00 JavaThread "Exec process Thread 3"             [_thread_blocked, id=13732, stack(0x000000ecbeb00000,0x000000ecbec00000) (1024K)]
Total: 53

Other Threads:
  0x000002da66c52940 VMThread "VM Thread"                           [id=10436, stack(0x000000ecbb400000,0x000000ecbb500000) (1024K)]
  0x000002da66c36e20 WatcherThread "VM Periodic Task Thread"        [id=14668, stack(0x000000ecbb300000,0x000000ecbb400000) (1024K)]
  0x000002da4a7630b0 WorkerThread "GC Thread#0"                     [id=17388, stack(0x000000ecbae00000,0x000000ecbaf00000) (1024K)]
  0x000002da002ea450 WorkerThread "GC Thread#1"                     [id=14520, stack(0x000000ecbbf00000,0x000000ecbc000000) (1024K)]
  0x000002da002ea7f0 WorkerThread "GC Thread#2"                     [id=7288, stack(0x000000ecbc000000,0x000000ecbc100000) (1024K)]
  0x000002da002eab90 WorkerThread "GC Thread#3"                     [id=16156, stack(0x000000ecbc100000,0x000000ecbc200000) (1024K)]
  0x000002da4a767e40 ConcurrentGCThread "G1 Main Marker"            [id=6196, stack(0x000000ecbaf00000,0x000000ecbb000000) (1024K)]
  0x000002da4a7690b0 WorkerThread "G1 Conc#0"                       [id=13364, stack(0x000000ecbb000000,0x000000ecbb100000) (1024K)]
  0x000002da66b0ad10 ConcurrentGCThread "G1 Refine#0"               [id=14876, stack(0x000000ecbb100000,0x000000ecbb200000) (1024K)]
  0x000002da66b0c6f0 ConcurrentGCThread "G1 Service"                [id=2608, stack(0x000000ecbb200000,0x000000ecbb300000) (1024K)]
Total: 10

Threads with active compile tasks:
C2 CompilerThread0    29053 7128   !   4       java.net.URLClassLoader::findClass (47 bytes)
Total: 1

VM state: not at safepoint (normal execution)

VM Mutex/Monitor currently owned by a thread: None

Heap address: 0x00000000e0000000, size: 512 MB, Compressed Oops mode: 32-bit

CDS archive(s) mapped at: [0x000002da67000000-0x000002da67c90000-0x000002da67c90000), size 13172736, SharedBaseAddress: 0x000002da67000000, ArchiveRelocationMode: 1.
Compressed class space mapped at: 0x000002da68000000-0x000002da7c000000, reserved size: 335544320
Narrow klass base: 0x000002da67000000, Narrow klass shift: 0, Narrow klass range: 0x100000000

GC Precious Log:
 CardTable entry size: 512
 Card Set container configuration: InlinePtr #cards 5 size 8 Array Of Cards #cards 12 size 40 Howl #buckets 4 coarsen threshold 1843 Howl Bitmap #cards 512 size 80 coarsen threshold 460 Card regions per heap region 1 cards per card region 2048
 CPUs: 4 total, 4 available
 Memory: 8076M
 Large Page Support: Disabled
 NUMA Support: Disabled
 Compressed Oops: Enabled (32-bit)
 Heap Region Size: 1M
 Heap Min Capacity: 256M
 Heap Initial Capacity: 256M
 Heap Max Capacity: 512M
 Pre-touch: Disabled
 Parallel Workers: 4
 Concurrent Workers: 1
 Concurrent Refinement Workers: 4
 Periodic GC: Disabled

Heap:
 garbage-first heap   total 262144K, used 142296K [0x00000000e0000000, 0x0000000100000000)
  region size 1024K, 117 young (119808K), 16 survivors (16384K)
 Metaspace       used 57133K, committed 59072K, reserved 393216K
  class space    used 8247K, committed 9216K, reserved 327680K

Heap Regions: E=young(eden), S=young(survivor), O=old, HS=humongous(starts), HC=humongous(continues), CS=collection set, F=free, TAMS=top-at-mark-start, PB=parsable bottom
|   0|0x00000000e0000000, 0x00000000e0100000, 0x00000000e0100000|100%|HS|  |TAMS 0x00000000e0000000| PB 0x00000000e0000000| Complete 
|   1|0x00000000e0100000, 0x00000000e0200000, 0x00000000e0200000|100%|HC|  |TAMS 0x00000000e0100000| PB 0x00000000e0100000| Complete 
|   2|0x00000000e0200000, 0x00000000e0300000, 0x00000000e0300000|100%|HC|  |TAMS 0x00000000e0200000| PB 0x00000000e0200000| Complete 
|   3|0x00000000e0300000, 0x00000000e0400000, 0x00000000e0400000|100%| O|  |TAMS 0x00000000e0300000| PB 0x00000000e0300000| Untracked 
|   4|0x00000000e0400000, 0x00000000e0500000, 0x00000000e0500000|100%| O|  |TAMS 0x00000000e0400000| PB 0x00000000e0400000| Untracked 
|   5|0x00000000e0500000, 0x00000000e0600000, 0x00000000e0600000|100%| O|  |TAMS 0x00000000e0500000| PB 0x00000000e0500000| Untracked 
|   6|0x00000000e0600000, 0x00000000e0700000, 0x00000000e0700000|100%|HS|  |TAMS 0x00000000e0600000| PB 0x00000000e0600000| Complete 
|   7|0x00000000e0700000, 0x00000000e0800000, 0x00000000e0800000|100%| O|  |TAMS 0x00000000e0700000| PB 0x00000000e0700000| Untracked 
|   8|0x00000000e0800000, 0x00000000e0900000, 0x00000000e0900000|100%| O|  |TAMS 0x00000000e0800000| PB 0x00000000e0800000| Untracked 
|   9|0x00000000e0900000, 0x00000000e0a00000, 0x00000000e0a00000|100%| O|  |TAMS 0x00000000e0900000| PB 0x00000000e0900000| Untracked 
|  10|0x00000000e0a00000, 0x00000000e0b00000, 0x00000000e0b00000|100%| O|  |TAMS 0x00000000e0a00000| PB 0x00000000e0a00000| Untracked 
|  11|0x00000000e0b00000, 0x00000000e0c00000, 0x00000000e0c00000|100%| O|  |TAMS 0x00000000e0b00000| PB 0x00000000e0b00000| Untracked 
|  12|0x00000000e0c00000, 0x00000000e0d00000, 0x00000000e0d00000|100%| O|  |TAMS 0x00000000e0c00000| PB 0x00000000e0c00000| Untracked 
|  13|0x00000000e0d00000, 0x00000000e0e00000, 0x00000000e0e00000|100%| O|  |TAMS 0x00000000e0d00000| PB 0x00000000e0d00000| Untracked 
|  14|0x00000000e0e00000, 0x00000000e0f00000, 0x00000000e0f00000|100%| O|  |TAMS 0x00000000e0e00000| PB 0x00000000e0e00000| Untracked 
|  15|0x00000000e0f00000, 0x00000000e1000000, 0x00000000e1000000|100%| O|  |TAMS 0x00000000e0f00000| PB 0x00000000e0f00000| Untracked 
|  16|0x00000000e1000000, 0x00000000e1100000, 0x00000000e1100000|100%| O|  |TAMS 0x00000000e1000000| PB 0x00000000e1000000| Untracked 
|  17|0x00000000e1100000, 0x00000000e1200000, 0x00000000e1200000|100%| O|  |TAMS 0x00000000e1100000| PB 0x00000000e1100000| Untracked 
|  18|0x00000000e1200000, 0x00000000e1300000, 0x00000000e1300000|100%| O|  |TAMS 0x00000000e1200000| PB 0x00000000e1200000| Untracked 
|  19|0x00000000e1300000, 0x00000000e1400000, 0x00000000e1400000|100%| O|  |TAMS 0x00000000e1300000| PB 0x00000000e1300000| Untracked 
|  20|0x00000000e1400000, 0x00000000e1500000, 0x00000000e1500000|100%| O|  |TAMS 0x00000000e1400000| PB 0x00000000e1400000| Untracked 
|  21|0x00000000e1500000, 0x00000000e1600000, 0x00000000e1600000|100%| O|  |TAMS 0x00000000e1500000| PB 0x00000000e1500000| Untracked 
|  22|0x00000000e1600000, 0x00000000e1700000, 0x00000000e1700000|100%| O|Cm|TAMS 0x00000000e1600000| PB 0x00000000e1600000| Complete 
|  23|0x00000000e1700000, 0x00000000e1700000, 0x00000000e1800000|  0%| F|  |TAMS 0x00000000e1700000| PB 0x00000000e1700000| Untracked 
|  24|0x00000000e1800000, 0x00000000e1800000, 0x00000000e1900000|  0%| F|  |TAMS 0x00000000e1800000| PB 0x00000000e1800000| Untracked 
|  25|0x00000000e1900000, 0x00000000e1900000, 0x00000000e1a00000|  0%| F|  |TAMS 0x00000000e1900000| PB 0x00000000e1900000| Untracked 
|  26|0x00000000e1a00000, 0x00000000e1a00000, 0x00000000e1b00000|  0%| F|  |TAMS 0x00000000e1a00000| PB 0x00000000e1a00000| Untracked 
|  27|0x00000000e1b00000, 0x00000000e1b00000, 0x00000000e1c00000|  0%| F|  |TAMS 0x00000000e1b00000| PB 0x00000000e1b00000| Untracked 
|  28|0x00000000e1c00000, 0x00000000e1c00000, 0x00000000e1d00000|  0%| F|  |TAMS 0x00000000e1c00000| PB 0x00000000e1c00000| Untracked 
|  29|0x00000000e1d00000, 0x00000000e1d00000, 0x00000000e1e00000|  0%| F|  |TAMS 0x00000000e1d00000| PB 0x00000000e1d00000| Untracked 
|  30|0x00000000e1e00000, 0x00000000e1e00000, 0x00000000e1f00000|  0%| F|  |TAMS 0x00000000e1e00000| PB 0x00000000e1e00000| Untracked 
|  31|0x00000000e1f00000, 0x00000000e1f00000, 0x00000000e2000000|  0%| F|  |TAMS 0x00000000e1f00000| PB 0x00000000e1f00000| Untracked 
|  32|0x00000000e2000000, 0x00000000e2000000, 0x00000000e2100000|  0%| F|  |TAMS 0x00000000e2000000| PB 0x00000000e2000000| Untracked 
|  33|0x00000000e2100000, 0x00000000e2100000, 0x00000000e2200000|  0%| F|  |TAMS 0x00000000e2100000| PB 0x00000000e2100000| Untracked 
|  34|0x00000000e2200000, 0x00000000e2200000, 0x00000000e2300000|  0%| F|  |TAMS 0x00000000e2200000| PB 0x00000000e2200000| Untracked 
|  35|0x00000000e2300000, 0x00000000e2300000, 0x00000000e2400000|  0%| F|  |TAMS 0x00000000e2300000| PB 0x00000000e2300000| Untracked 
|  36|0x00000000e2400000, 0x00000000e2400000, 0x00000000e2500000|  0%| F|  |TAMS 0x00000000e2400000| PB 0x00000000e2400000| Untracked 
|  37|0x00000000e2500000, 0x00000000e2500000, 0x00000000e2600000|  0%| F|  |TAMS 0x00000000e2500000| PB 0x00000000e2500000| Untracked 
|  38|0x00000000e2600000, 0x00000000e2600000, 0x00000000e2700000|  0%| F|  |TAMS 0x00000000e2600000| PB 0x00000000e2600000| Untracked 
|  39|0x00000000e2700000, 0x00000000e2700000, 0x00000000e2800000|  0%| F|  |TAMS 0x00000000e2700000| PB 0x00000000e2700000| Untracked 
|  40|0x00000000e2800000, 0x00000000e2800000, 0x00000000e2900000|  0%| F|  |TAMS 0x00000000e2800000| PB 0x00000000e2800000| Untracked 
|  41|0x00000000e2900000, 0x00000000e2900000, 0x00000000e2a00000|  0%| F|  |TAMS 0x00000000e2900000| PB 0x00000000e2900000| Untracked 
|  42|0x00000000e2a00000, 0x00000000e2a00000, 0x00000000e2b00000|  0%| F|  |TAMS 0x00000000e2a00000| PB 0x00000000e2a00000| Untracked 
|  43|0x00000000e2b00000, 0x00000000e2b00000, 0x00000000e2c00000|  0%| F|  |TAMS 0x00000000e2b00000| PB 0x00000000e2b00000| Untracked 
|  44|0x00000000e2c00000, 0x00000000e2c00000, 0x00000000e2d00000|  0%| F|  |TAMS 0x00000000e2c00000| PB 0x00000000e2c00000| Untracked 
|  45|0x00000000e2d00000, 0x00000000e2d00000, 0x00000000e2e00000|  0%| F|  |TAMS 0x00000000e2d00000| PB 0x00000000e2d00000| Untracked 
|  46|0x00000000e2e00000, 0x00000000e2e00000, 0x00000000e2f00000|  0%| F|  |TAMS 0x00000000e2e00000| PB 0x00000000e2e00000| Untracked 
|  47|0x00000000e2f00000, 0x00000000e2f00000, 0x00000000e3000000|  0%| F|  |TAMS 0x00000000e2f00000| PB 0x00000000e2f00000| Untracked 
|  48|0x00000000e3000000, 0x00000000e3000000, 0x00000000e3100000|  0%| F|  |TAMS 0x00000000e3000000| PB 0x00000000e3000000| Untracked 
|  49|0x00000000e3100000, 0x00000000e3100000, 0x00000000e3200000|  0%| F|  |TAMS 0x00000000e3100000| PB 0x00000000e3100000| Untracked 
|  50|0x00000000e3200000, 0x00000000e3200000, 0x00000000e3300000|  0%| F|  |TAMS 0x00000000e3200000| PB 0x00000000e3200000| Untracked 
|  51|0x00000000e3300000, 0x00000000e3300000, 0x00000000e3400000|  0%| F|  |TAMS 0x00000000e3300000| PB 0x00000000e3300000| Untracked 
|  52|0x00000000e3400000, 0x00000000e3400000, 0x00000000e3500000|  0%| F|  |TAMS 0x00000000e3400000| PB 0x00000000e3400000| Untracked 
|  53|0x00000000e3500000, 0x00000000e3500000, 0x00000000e3600000|  0%| F|  |TAMS 0x00000000e3500000| PB 0x00000000e3500000| Untracked 
|  54|0x00000000e3600000, 0x00000000e3600000, 0x00000000e3700000|  0%| F|  |TAMS 0x00000000e3600000| PB 0x00000000e3600000| Untracked 
|  55|0x00000000e3700000, 0x00000000e3700000, 0x00000000e3800000|  0%| F|  |TAMS 0x00000000e3700000| PB 0x00000000e3700000| Untracked 
|  56|0x00000000e3800000, 0x00000000e3800000, 0x00000000e3900000|  0%| F|  |TAMS 0x00000000e3800000| PB 0x00000000e3800000| Untracked 
|  57|0x00000000e3900000, 0x00000000e3900000, 0x00000000e3a00000|  0%| F|  |TAMS 0x00000000e3900000| PB 0x00000000e3900000| Untracked 
|  58|0x00000000e3a00000, 0x00000000e3a00000, 0x00000000e3b00000|  0%| F|  |TAMS 0x00000000e3a00000| PB 0x00000000e3a00000| Untracked 
|  59|0x00000000e3b00000, 0x00000000e3b00000, 0x00000000e3c00000|  0%| F|  |TAMS 0x00000000e3b00000| PB 0x00000000e3b00000| Untracked 
|  60|0x00000000e3c00000, 0x00000000e3c00000, 0x00000000e3d00000|  0%| F|  |TAMS 0x00000000e3c00000| PB 0x00000000e3c00000| Untracked 
|  61|0x00000000e3d00000, 0x00000000e3d00000, 0x00000000e3e00000|  0%| F|  |TAMS 0x00000000e3d00000| PB 0x00000000e3d00000| Untracked 
|  62|0x00000000e3e00000, 0x00000000e3e00000, 0x00000000e3f00000|  0%| F|  |TAMS 0x00000000e3e00000| PB 0x00000000e3e00000| Untracked 
|  63|0x00000000e3f00000, 0x00000000e3f00000, 0x00000000e4000000|  0%| F|  |TAMS 0x00000000e3f00000| PB 0x00000000e3f00000| Untracked 
|  64|0x00000000e4000000, 0x00000000e4000000, 0x00000000e4100000|  0%| F|  |TAMS 0x00000000e4000000| PB 0x00000000e4000000| Untracked 
|  65|0x00000000e4100000, 0x00000000e4100000, 0x00000000e4200000|  0%| F|  |TAMS 0x00000000e4100000| PB 0x00000000e4100000| Untracked 
|  66|0x00000000e4200000, 0x00000000e4200000, 0x00000000e4300000|  0%| F|  |TAMS 0x00000000e4200000| PB 0x00000000e4200000| Untracked 
|  67|0x00000000e4300000, 0x00000000e4300000, 0x00000000e4400000|  0%| F|  |TAMS 0x00000000e4300000| PB 0x00000000e4300000| Untracked 
|  68|0x00000000e4400000, 0x00000000e4400000, 0x00000000e4500000|  0%| F|  |TAMS 0x00000000e4400000| PB 0x00000000e4400000| Untracked 
|  69|0x00000000e4500000, 0x00000000e4500000, 0x00000000e4600000|  0%| F|  |TAMS 0x00000000e4500000| PB 0x00000000e4500000| Untracked 
|  70|0x00000000e4600000, 0x00000000e4600000, 0x00000000e4700000|  0%| F|  |TAMS 0x00000000e4600000| PB 0x00000000e4600000| Untracked 
|  71|0x00000000e4700000, 0x00000000e4700000, 0x00000000e4800000|  0%| F|  |TAMS 0x00000000e4700000| PB 0x00000000e4700000| Untracked 
|  72|0x00000000e4800000, 0x00000000e4800000, 0x00000000e4900000|  0%| F|  |TAMS 0x00000000e4800000| PB 0x00000000e4800000| Untracked 
|  73|0x00000000e4900000, 0x00000000e4900000, 0x00000000e4a00000|  0%| F|  |TAMS 0x00000000e4900000| PB 0x00000000e4900000| Untracked 
|  74|0x00000000e4a00000, 0x00000000e4a00000, 0x00000000e4b00000|  0%| F|  |TAMS 0x00000000e4a00000| PB 0x00000000e4a00000| Untracked 
|  75|0x00000000e4b00000, 0x00000000e4b00000, 0x00000000e4c00000|  0%| F|  |TAMS 0x00000000e4b00000| PB 0x00000000e4b00000| Untracked 
|  76|0x00000000e4c00000, 0x00000000e4c00000, 0x00000000e4d00000|  0%| F|  |TAMS 0x00000000e4c00000| PB 0x00000000e4c00000| Untracked 
|  77|0x00000000e4d00000, 0x00000000e4d00000, 0x00000000e4e00000|  0%| F|  |TAMS 0x00000000e4d00000| PB 0x00000000e4d00000| Untracked 
|  78|0x00000000e4e00000, 0x00000000e4e00000, 0x00000000e4f00000|  0%| F|  |TAMS 0x00000000e4e00000| PB 0x00000000e4e00000| Untracked 
|  79|0x00000000e4f00000, 0x00000000e4f00000, 0x00000000e5000000|  0%| F|  |TAMS 0x00000000e4f00000| PB 0x00000000e4f00000| Untracked 
|  80|0x00000000e5000000, 0x00000000e5000000, 0x00000000e5100000|  0%| F|  |TAMS 0x00000000e5000000| PB 0x00000000e5000000| Untracked 
|  81|0x00000000e5100000, 0x00000000e5100000, 0x00000000e5200000|  0%| F|  |TAMS 0x00000000e5100000| PB 0x00000000e5100000| Untracked 
|  82|0x00000000e5200000, 0x00000000e5200000, 0x00000000e5300000|  0%| F|  |TAMS 0x00000000e5200000| PB 0x00000000e5200000| Untracked 
|  83|0x00000000e5300000, 0x00000000e5300000, 0x00000000e5400000|  0%| F|  |TAMS 0x00000000e5300000| PB 0x00000000e5300000| Untracked 
|  84|0x00000000e5400000, 0x00000000e5400000, 0x00000000e5500000|  0%| F|  |TAMS 0x00000000e5400000| PB 0x00000000e5400000| Untracked 
|  85|0x00000000e5500000, 0x00000000e5500000, 0x00000000e5600000|  0%| F|  |TAMS 0x00000000e5500000| PB 0x00000000e5500000| Untracked 
|  86|0x00000000e5600000, 0x00000000e5600000, 0x00000000e5700000|  0%| F|  |TAMS 0x00000000e5600000| PB 0x00000000e5600000| Untracked 
|  87|0x00000000e5700000, 0x00000000e57f6190, 0x00000000e5800000| 96%| S|CS|TAMS 0x00000000e5700000| PB 0x00000000e5700000| Complete 
|  88|0x00000000e5800000, 0x00000000e5900000, 0x00000000e5900000|100%| S|CS|TAMS 0x00000000e5800000| PB 0x00000000e5800000| Complete 
|  89|0x00000000e5900000, 0x00000000e5a00000, 0x00000000e5a00000|100%| S|CS|TAMS 0x00000000e5900000| PB 0x00000000e5900000| Complete 
|  90|0x00000000e5a00000, 0x00000000e5b00000, 0x00000000e5b00000|100%| S|CS|TAMS 0x00000000e5a00000| PB 0x00000000e5a00000| Complete 
|  91|0x00000000e5b00000, 0x00000000e5c00000, 0x00000000e5c00000|100%| S|CS|TAMS 0x00000000e5b00000| PB 0x00000000e5b00000| Complete 
|  92|0x00000000e5c00000, 0x00000000e5d00000, 0x00000000e5d00000|100%| S|CS|TAMS 0x00000000e5c00000| PB 0x00000000e5c00000| Complete 
|  93|0x00000000e5d00000, 0x00000000e5e00000, 0x00000000e5e00000|100%| S|CS|TAMS 0x00000000e5d00000| PB 0x00000000e5d00000| Complete 
|  94|0x00000000e5e00000, 0x00000000e5f00000, 0x00000000e5f00000|100%| S|CS|TAMS 0x00000000e5e00000| PB 0x00000000e5e00000| Complete 
|  95|0x00000000e5f00000, 0x00000000e6000000, 0x00000000e6000000|100%| S|CS|TAMS 0x00000000e5f00000| PB 0x00000000e5f00000| Complete 
|  96|0x00000000e6000000, 0x00000000e6100000, 0x00000000e6100000|100%| S|CS|TAMS 0x00000000e6000000| PB 0x00000000e6000000| Complete 
|  97|0x00000000e6100000, 0x00000000e6200000, 0x00000000e6200000|100%| S|CS|TAMS 0x00000000e6100000| PB 0x00000000e6100000| Complete 
|  98|0x00000000e6200000, 0x00000000e6300000, 0x00000000e6300000|100%| S|CS|TAMS 0x00000000e6200000| PB 0x00000000e6200000| Complete 
|  99|0x00000000e6300000, 0x00000000e6400000, 0x00000000e6400000|100%| S|CS|TAMS 0x00000000e6300000| PB 0x00000000e6300000| Complete 
| 100|0x00000000e6400000, 0x00000000e6500000, 0x00000000e6500000|100%| S|CS|TAMS 0x00000000e6400000| PB 0x00000000e6400000| Complete 
| 101|0x00000000e6500000, 0x00000000e6600000, 0x00000000e6600000|100%| S|CS|TAMS 0x00000000e6500000| PB 0x00000000e6500000| Complete 
| 102|0x00000000e6600000, 0x00000000e6700000, 0x00000000e6700000|100%| S|CS|TAMS 0x00000000e6600000| PB 0x00000000e6600000| Complete 
| 103|0x00000000e6700000, 0x00000000e6700000, 0x00000000e6800000|  0%| F|  |TAMS 0x00000000e6700000| PB 0x00000000e6700000| Untracked 
| 104|0x00000000e6800000, 0x00000000e6800000, 0x00000000e6900000|  0%| F|  |TAMS 0x00000000e6800000| PB 0x00000000e6800000| Untracked 
| 105|0x00000000e6900000, 0x00000000e6900000, 0x00000000e6a00000|  0%| F|  |TAMS 0x00000000e6900000| PB 0x00000000e6900000| Untracked 
| 106|0x00000000e6a00000, 0x00000000e6a00000, 0x00000000e6b00000|  0%| F|  |TAMS 0x00000000e6a00000| PB 0x00000000e6a00000| Untracked 
| 107|0x00000000e6b00000, 0x00000000e6b00000, 0x00000000e6c00000|  0%| F|  |TAMS 0x00000000e6b00000| PB 0x00000000e6b00000| Untracked 
| 108|0x00000000e6c00000, 0x00000000e6c00000, 0x00000000e6d00000|  0%| F|  |TAMS 0x00000000e6c00000| PB 0x00000000e6c00000| Untracked 
| 109|0x00000000e6d00000, 0x00000000e6d00000, 0x00000000e6e00000|  0%| F|  |TAMS 0x00000000e6d00000| PB 0x00000000e6d00000| Untracked 
| 110|0x00000000e6e00000, 0x00000000e6e00000, 0x00000000e6f00000|  0%| F|  |TAMS 0x00000000e6e00000| PB 0x00000000e6e00000| Untracked 
| 111|0x00000000e6f00000, 0x00000000e6f00000, 0x00000000e7000000|  0%| F|  |TAMS 0x00000000e6f00000| PB 0x00000000e6f00000| Untracked 
| 112|0x00000000e7000000, 0x00000000e7000000, 0x00000000e7100000|  0%| F|  |TAMS 0x00000000e7000000| PB 0x00000000e7000000| Untracked 
| 113|0x00000000e7100000, 0x00000000e7100000, 0x00000000e7200000|  0%| F|  |TAMS 0x00000000e7100000| PB 0x00000000e7100000| Untracked 
| 114|0x00000000e7200000, 0x00000000e7200000, 0x00000000e7300000|  0%| F|  |TAMS 0x00000000e7200000| PB 0x00000000e7200000| Untracked 
| 115|0x00000000e7300000, 0x00000000e7300000, 0x00000000e7400000|  0%| F|  |TAMS 0x00000000e7300000| PB 0x00000000e7300000| Untracked 
| 116|0x00000000e7400000, 0x00000000e7400000, 0x00000000e7500000|  0%| F|  |TAMS 0x00000000e7400000| PB 0x00000000e7400000| Untracked 
| 117|0x00000000e7500000, 0x00000000e7500000, 0x00000000e7600000|  0%| F|  |TAMS 0x00000000e7500000| PB 0x00000000e7500000| Untracked 
| 118|0x00000000e7600000, 0x00000000e7600000, 0x00000000e7700000|  0%| F|  |TAMS 0x00000000e7600000| PB 0x00000000e7600000| Untracked 
| 119|0x00000000e7700000, 0x00000000e7700000, 0x00000000e7800000|  0%| F|  |TAMS 0x00000000e7700000| PB 0x00000000e7700000| Untracked 
| 120|0x00000000e7800000, 0x00000000e7800000, 0x00000000e7900000|  0%| F|  |TAMS 0x00000000e7800000| PB 0x00000000e7800000| Untracked 
| 121|0x00000000e7900000, 0x00000000e7900000, 0x00000000e7a00000|  0%| F|  |TAMS 0x00000000e7900000| PB 0x00000000e7900000| Untracked 
| 122|0x00000000e7a00000, 0x00000000e7a00000, 0x00000000e7b00000|  0%| F|  |TAMS 0x00000000e7a00000| PB 0x00000000e7a00000| Untracked 
| 123|0x00000000e7b00000, 0x00000000e7b00000, 0x00000000e7c00000|  0%| F|  |TAMS 0x00000000e7b00000| PB 0x00000000e7b00000| Untracked 
| 124|0x00000000e7c00000, 0x00000000e7c00000, 0x00000000e7d00000|  0%| F|  |TAMS 0x00000000e7c00000| PB 0x00000000e7c00000| Untracked 
| 125|0x00000000e7d00000, 0x00000000e7d00000, 0x00000000e7e00000|  0%| F|  |TAMS 0x00000000e7d00000| PB 0x00000000e7d00000| Untracked 
| 126|0x00000000e7e00000, 0x00000000e7e00000, 0x00000000e7f00000|  0%| F|  |TAMS 0x00000000e7e00000| PB 0x00000000e7e00000| Untracked 
| 127|0x00000000e7f00000, 0x00000000e7f00000, 0x00000000e8000000|  0%| F|  |TAMS 0x00000000e7f00000| PB 0x00000000e7f00000| Untracked 
| 128|0x00000000e8000000, 0x00000000e8000000, 0x00000000e8100000|  0%| F|  |TAMS 0x00000000e8000000| PB 0x00000000e8000000| Untracked 
| 129|0x00000000e8100000, 0x00000000e8100000, 0x00000000e8200000|  0%| F|  |TAMS 0x00000000e8100000| PB 0x00000000e8100000| Untracked 
| 130|0x00000000e8200000, 0x00000000e8200000, 0x00000000e8300000|  0%| F|  |TAMS 0x00000000e8200000| PB 0x00000000e8200000| Untracked 
| 131|0x00000000e8300000, 0x00000000e8300000, 0x00000000e8400000|  0%| F|  |TAMS 0x00000000e8300000| PB 0x00000000e8300000| Untracked 
| 132|0x00000000e8400000, 0x00000000e8400000, 0x00000000e8500000|  0%| F|  |TAMS 0x00000000e8400000| PB 0x00000000e8400000| Untracked 
| 133|0x00000000e8500000, 0x00000000e8500000, 0x00000000e8600000|  0%| F|  |TAMS 0x00000000e8500000| PB 0x00000000e8500000| Untracked 
| 134|0x00000000e8600000, 0x00000000e8600000, 0x00000000e8700000|  0%| F|  |TAMS 0x00000000e8600000| PB 0x00000000e8600000| Untracked 
| 135|0x00000000e8700000, 0x00000000e8700000, 0x00000000e8800000|  0%| F|  |TAMS 0x00000000e8700000| PB 0x00000000e8700000| Untracked 
| 136|0x00000000e8800000, 0x00000000e8800000, 0x00000000e8900000|  0%| F|  |TAMS 0x00000000e8800000| PB 0x00000000e8800000| Untracked 
| 137|0x00000000e8900000, 0x00000000e8900000, 0x00000000e8a00000|  0%| F|  |TAMS 0x00000000e8900000| PB 0x00000000e8900000| Untracked 
| 138|0x00000000e8a00000, 0x00000000e8a00000, 0x00000000e8b00000|  0%| F|  |TAMS 0x00000000e8a00000| PB 0x00000000e8a00000| Untracked 
| 139|0x00000000e8b00000, 0x00000000e8b00000, 0x00000000e8c00000|  0%| F|  |TAMS 0x00000000e8b00000| PB 0x00000000e8b00000| Untracked 
| 140|0x00000000e8c00000, 0x00000000e8c00000, 0x00000000e8d00000|  0%| F|  |TAMS 0x00000000e8c00000| PB 0x00000000e8c00000| Untracked 
| 141|0x00000000e8d00000, 0x00000000e8d00000, 0x00000000e8e00000|  0%| F|  |TAMS 0x00000000e8d00000| PB 0x00000000e8d00000| Untracked 
| 142|0x00000000e8e00000, 0x00000000e8e00000, 0x00000000e8f00000|  0%| F|  |TAMS 0x00000000e8e00000| PB 0x00000000e8e00000| Untracked 
| 143|0x00000000e8f00000, 0x00000000e8f00000, 0x00000000e9000000|  0%| F|  |TAMS 0x00000000e8f00000| PB 0x00000000e8f00000| Untracked 
| 144|0x00000000e9000000, 0x00000000e9000000, 0x00000000e9100000|  0%| F|  |TAMS 0x00000000e9000000| PB 0x00000000e9000000| Untracked 
| 145|0x00000000e9100000, 0x00000000e9100000, 0x00000000e9200000|  0%| F|  |TAMS 0x00000000e9100000| PB 0x00000000e9100000| Untracked 
| 146|0x00000000e9200000, 0x00000000e9200000, 0x00000000e9300000|  0%| F|  |TAMS 0x00000000e9200000| PB 0x00000000e9200000| Untracked 
| 147|0x00000000e9300000, 0x00000000e9300000, 0x00000000e9400000|  0%| F|  |TAMS 0x00000000e9300000| PB 0x00000000e9300000| Untracked 
| 148|0x00000000e9400000, 0x00000000e9400000, 0x00000000e9500000|  0%| F|  |TAMS 0x00000000e9400000| PB 0x00000000e9400000| Untracked 
| 149|0x00000000e9500000, 0x00000000e9500000, 0x00000000e9600000|  0%| F|  |TAMS 0x00000000e9500000| PB 0x00000000e9500000| Untracked 
| 150|0x00000000e9600000, 0x00000000e9600000, 0x00000000e9700000|  0%| F|  |TAMS 0x00000000e9600000| PB 0x00000000e9600000| Untracked 
| 151|0x00000000e9700000, 0x00000000e9700000, 0x00000000e9800000|  0%| F|  |TAMS 0x00000000e9700000| PB 0x00000000e9700000| Untracked 
| 152|0x00000000e9800000, 0x00000000e9800000, 0x00000000e9900000|  0%| F|  |TAMS 0x00000000e9800000| PB 0x00000000e9800000| Untracked 
| 153|0x00000000e9900000, 0x00000000e9900000, 0x00000000e9a00000|  0%| F|  |TAMS 0x00000000e9900000| PB 0x00000000e9900000| Untracked 
| 154|0x00000000e9a00000, 0x00000000e9a00000, 0x00000000e9b00000|  0%| F|  |TAMS 0x00000000e9a00000| PB 0x00000000e9a00000| Untracked 
| 155|0x00000000e9b00000, 0x00000000e9b80800, 0x00000000e9c00000| 50%| E|  |TAMS 0x00000000e9b00000| PB 0x00000000e9b00000| Complete 
| 156|0x00000000e9c00000, 0x00000000e9d00000, 0x00000000e9d00000|100%| E|CS|TAMS 0x00000000e9c00000| PB 0x00000000e9c00000| Complete 
| 157|0x00000000e9d00000, 0x00000000e9e00000, 0x00000000e9e00000|100%| E|CS|TAMS 0x00000000e9d00000| PB 0x00000000e9d00000| Complete 
| 158|0x00000000e9e00000, 0x00000000e9f00000, 0x00000000e9f00000|100%| E|CS|TAMS 0x00000000e9e00000| PB 0x00000000e9e00000| Complete 
| 159|0x00000000e9f00000, 0x00000000ea000000, 0x00000000ea000000|100%| E|CS|TAMS 0x00000000e9f00000| PB 0x00000000e9f00000| Complete 
| 160|0x00000000ea000000, 0x00000000ea100000, 0x00000000ea100000|100%| E|CS|TAMS 0x00000000ea000000| PB 0x00000000ea000000| Complete 
| 161|0x00000000ea100000, 0x00000000ea200000, 0x00000000ea200000|100%| E|CS|TAMS 0x00000000ea100000| PB 0x00000000ea100000| Complete 
| 162|0x00000000ea200000, 0x00000000ea300000, 0x00000000ea300000|100%| E|CS|TAMS 0x00000000ea200000| PB 0x00000000ea200000| Complete 
| 163|0x00000000ea300000, 0x00000000ea400000, 0x00000000ea400000|100%| E|CS|TAMS 0x00000000ea300000| PB 0x00000000ea300000| Complete 
| 164|0x00000000ea400000, 0x00000000ea500000, 0x00000000ea500000|100%| E|CS|TAMS 0x00000000ea400000| PB 0x00000000ea400000| Complete 
| 165|0x00000000ea500000, 0x00000000ea600000, 0x00000000ea600000|100%| E|CS|TAMS 0x00000000ea500000| PB 0x00000000ea500000| Complete 
| 166|0x00000000ea600000, 0x00000000ea700000, 0x00000000ea700000|100%| E|CS|TAMS 0x00000000ea600000| PB 0x00000000ea600000| Complete 
| 167|0x00000000ea700000, 0x00000000ea800000, 0x00000000ea800000|100%| E|CS|TAMS 0x00000000ea700000| PB 0x00000000ea700000| Complete 
| 168|0x00000000ea800000, 0x00000000ea900000, 0x00000000ea900000|100%| E|CS|TAMS 0x00000000ea800000| PB 0x00000000ea800000| Complete 
| 169|0x00000000ea900000, 0x00000000eaa00000, 0x00000000eaa00000|100%| E|CS|TAMS 0x00000000ea900000| PB 0x00000000ea900000| Complete 
| 170|0x00000000eaa00000, 0x00000000eab00000, 0x00000000eab00000|100%| E|CS|TAMS 0x00000000eaa00000| PB 0x00000000eaa00000| Complete 
| 171|0x00000000eab00000, 0x00000000eac00000, 0x00000000eac00000|100%| E|CS|TAMS 0x00000000eab00000| PB 0x00000000eab00000| Complete 
| 172|0x00000000eac00000, 0x00000000ead00000, 0x00000000ead00000|100%| E|CS|TAMS 0x00000000eac00000| PB 0x00000000eac00000| Complete 
| 173|0x00000000ead00000, 0x00000000eae00000, 0x00000000eae00000|100%| E|CS|TAMS 0x00000000ead00000| PB 0x00000000ead00000| Complete 
| 174|0x00000000eae00000, 0x00000000eaf00000, 0x00000000eaf00000|100%| E|CS|TAMS 0x00000000eae00000| PB 0x00000000eae00000| Complete 
| 175|0x00000000eaf00000, 0x00000000eb000000, 0x00000000eb000000|100%| E|CS|TAMS 0x00000000eaf00000| PB 0x00000000eaf00000| Complete 
| 176|0x00000000eb000000, 0x00000000eb100000, 0x00000000eb100000|100%| E|CS|TAMS 0x00000000eb000000| PB 0x00000000eb000000| Complete 
| 177|0x00000000eb100000, 0x00000000eb200000, 0x00000000eb200000|100%| E|CS|TAMS 0x00000000eb100000| PB 0x00000000eb100000| Complete 
| 178|0x00000000eb200000, 0x00000000eb300000, 0x00000000eb300000|100%| E|CS|TAMS 0x00000000eb200000| PB 0x00000000eb200000| Complete 
| 179|0x00000000eb300000, 0x00000000eb400000, 0x00000000eb400000|100%| E|CS|TAMS 0x00000000eb300000| PB 0x00000000eb300000| Complete 
| 180|0x00000000eb400000, 0x00000000eb500000, 0x00000000eb500000|100%| E|CS|TAMS 0x00000000eb400000| PB 0x00000000eb400000| Complete 
| 181|0x00000000eb500000, 0x00000000eb600000, 0x00000000eb600000|100%| E|CS|TAMS 0x00000000eb500000| PB 0x00000000eb500000| Complete 
| 182|0x00000000eb600000, 0x00000000eb700000, 0x00000000eb700000|100%| E|CS|TAMS 0x00000000eb600000| PB 0x00000000eb600000| Complete 
| 183|0x00000000eb700000, 0x00000000eb800000, 0x00000000eb800000|100%| E|CS|TAMS 0x00000000eb700000| PB 0x00000000eb700000| Complete 
| 184|0x00000000eb800000, 0x00000000eb900000, 0x00000000eb900000|100%| E|CS|TAMS 0x00000000eb800000| PB 0x00000000eb800000| Complete 
| 185|0x00000000eb900000, 0x00000000eba00000, 0x00000000eba00000|100%| E|CS|TAMS 0x00000000eb900000| PB 0x00000000eb900000| Complete 
| 186|0x00000000eba00000, 0x00000000ebb00000, 0x00000000ebb00000|100%| E|CS|TAMS 0x00000000eba00000| PB 0x00000000eba00000| Complete 
| 187|0x00000000ebb00000, 0x00000000ebc00000, 0x00000000ebc00000|100%| E|CS|TAMS 0x00000000ebb00000| PB 0x00000000ebb00000| Complete 
| 188|0x00000000ebc00000, 0x00000000ebd00000, 0x00000000ebd00000|100%| E|CS|TAMS 0x00000000ebc00000| PB 0x00000000ebc00000| Complete 
| 189|0x00000000ebd00000, 0x00000000ebe00000, 0x00000000ebe00000|100%| E|CS|TAMS 0x00000000ebd00000| PB 0x00000000ebd00000| Complete 
| 190|0x00000000ebe00000, 0x00000000ebf00000, 0x00000000ebf00000|100%| E|CS|TAMS 0x00000000ebe00000| PB 0x00000000ebe00000| Complete 
| 191|0x00000000ebf00000, 0x00000000ec000000, 0x00000000ec000000|100%| E|CS|TAMS 0x00000000ebf00000| PB 0x00000000ebf00000| Complete 
| 192|0x00000000ec000000, 0x00000000ec100000, 0x00000000ec100000|100%| E|CS|TAMS 0x00000000ec000000| PB 0x00000000ec000000| Complete 
| 193|0x00000000ec100000, 0x00000000ec200000, 0x00000000ec200000|100%| E|CS|TAMS 0x00000000ec100000| PB 0x00000000ec100000| Complete 
| 194|0x00000000ec200000, 0x00000000ec300000, 0x00000000ec300000|100%| E|CS|TAMS 0x00000000ec200000| PB 0x00000000ec200000| Complete 
| 195|0x00000000ec300000, 0x00000000ec400000, 0x00000000ec400000|100%| E|CS|TAMS 0x00000000ec300000| PB 0x00000000ec300000| Complete 
| 196|0x00000000ec400000, 0x00000000ec500000, 0x00000000ec500000|100%| E|CS|TAMS 0x00000000ec400000| PB 0x00000000ec400000| Complete 
| 197|0x00000000ec500000, 0x00000000ec600000, 0x00000000ec600000|100%| E|CS|TAMS 0x00000000ec500000| PB 0x00000000ec500000| Complete 
| 198|0x00000000ec600000, 0x00000000ec700000, 0x00000000ec700000|100%| E|CS|TAMS 0x00000000ec600000| PB 0x00000000ec600000| Complete 
| 199|0x00000000ec700000, 0x00000000ec800000, 0x00000000ec800000|100%| E|CS|TAMS 0x00000000ec700000| PB 0x00000000ec700000| Complete 
| 200|0x00000000ec800000, 0x00000000ec900000, 0x00000000ec900000|100%| E|CS|TAMS 0x00000000ec800000| PB 0x00000000ec800000| Complete 
| 201|0x00000000ec900000, 0x00000000eca00000, 0x00000000eca00000|100%| E|CS|TAMS 0x00000000ec900000| PB 0x00000000ec900000| Complete 
| 202|0x00000000eca00000, 0x00000000ecb00000, 0x00000000ecb00000|100%| E|CS|TAMS 0x00000000eca00000| PB 0x00000000eca00000| Complete 
| 203|0x00000000ecb00000, 0x00000000ecc00000, 0x00000000ecc00000|100%| E|CS|TAMS 0x00000000ecb00000| PB 0x00000000ecb00000| Complete 
| 204|0x00000000ecc00000, 0x00000000ecd00000, 0x00000000ecd00000|100%| E|CS|TAMS 0x00000000ecc00000| PB 0x00000000ecc00000| Complete 
| 205|0x00000000ecd00000, 0x00000000ece00000, 0x00000000ece00000|100%| E|CS|TAMS 0x00000000ecd00000| PB 0x00000000ecd00000| Complete 
| 206|0x00000000ece00000, 0x00000000ecf00000, 0x00000000ecf00000|100%| E|CS|TAMS 0x00000000ece00000| PB 0x00000000ece00000| Complete 
| 207|0x00000000ecf00000, 0x00000000ed000000, 0x00000000ed000000|100%| E|CS|TAMS 0x00000000ecf00000| PB 0x00000000ecf00000| Complete 
| 208|0x00000000ed000000, 0x00000000ed100000, 0x00000000ed100000|100%| E|CS|TAMS 0x00000000ed000000| PB 0x00000000ed000000| Complete 
| 209|0x00000000ed100000, 0x00000000ed200000, 0x00000000ed200000|100%| E|CS|TAMS 0x00000000ed100000| PB 0x00000000ed100000| Complete 
| 210|0x00000000ed200000, 0x00000000ed300000, 0x00000000ed300000|100%| E|CS|TAMS 0x00000000ed200000| PB 0x00000000ed200000| Complete 
| 211|0x00000000ed300000, 0x00000000ed400000, 0x00000000ed400000|100%| E|CS|TAMS 0x00000000ed300000| PB 0x00000000ed300000| Complete 
| 212|0x00000000ed400000, 0x00000000ed500000, 0x00000000ed500000|100%| E|CS|TAMS 0x00000000ed400000| PB 0x00000000ed400000| Complete 
| 213|0x00000000ed500000, 0x00000000ed600000, 0x00000000ed600000|100%| E|CS|TAMS 0x00000000ed500000| PB 0x00000000ed500000| Complete 
| 214|0x00000000ed600000, 0x00000000ed700000, 0x00000000ed700000|100%| E|CS|TAMS 0x00000000ed600000| PB 0x00000000ed600000| Complete 
| 215|0x00000000ed700000, 0x00000000ed800000, 0x00000000ed800000|100%| E|CS|TAMS 0x00000000ed700000| PB 0x00000000ed700000| Complete 
| 216|0x00000000ed800000, 0x00000000ed900000, 0x00000000ed900000|100%| E|CS|TAMS 0x00000000ed800000| PB 0x00000000ed800000| Complete 
| 217|0x00000000ed900000, 0x00000000eda00000, 0x00000000eda00000|100%| E|CS|TAMS 0x00000000ed900000| PB 0x00000000ed900000| Complete 
| 218|0x00000000eda00000, 0x00000000edb00000, 0x00000000edb00000|100%| E|CS|TAMS 0x00000000eda00000| PB 0x00000000eda00000| Complete 
| 219|0x00000000edb00000, 0x00000000edc00000, 0x00000000edc00000|100%| E|CS|TAMS 0x00000000edb00000| PB 0x00000000edb00000| Complete 
| 220|0x00000000edc00000, 0x00000000edd00000, 0x00000000edd00000|100%| E|CS|TAMS 0x00000000edc00000| PB 0x00000000edc00000| Complete 
| 221|0x00000000edd00000, 0x00000000ede00000, 0x00000000ede00000|100%| E|CS|TAMS 0x00000000edd00000| PB 0x00000000edd00000| Complete 
| 222|0x00000000ede00000, 0x00000000edf00000, 0x00000000edf00000|100%| E|CS|TAMS 0x00000000ede00000| PB 0x00000000ede00000| Complete 
| 223|0x00000000edf00000, 0x00000000ee000000, 0x00000000ee000000|100%| E|CS|TAMS 0x00000000edf00000| PB 0x00000000edf00000| Complete 
| 224|0x00000000ee000000, 0x00000000ee100000, 0x00000000ee100000|100%| E|CS|TAMS 0x00000000ee000000| PB 0x00000000ee000000| Complete 
| 225|0x00000000ee100000, 0x00000000ee200000, 0x00000000ee200000|100%| E|CS|TAMS 0x00000000ee100000| PB 0x00000000ee100000| Complete 
| 226|0x00000000ee200000, 0x00000000ee300000, 0x00000000ee300000|100%| E|CS|TAMS 0x00000000ee200000| PB 0x00000000ee200000| Complete 
| 227|0x00000000ee300000, 0x00000000ee400000, 0x00000000ee400000|100%| E|CS|TAMS 0x00000000ee300000| PB 0x00000000ee300000| Complete 
| 228|0x00000000ee400000, 0x00000000ee500000, 0x00000000ee500000|100%| E|CS|TAMS 0x00000000ee400000| PB 0x00000000ee400000| Complete 
| 229|0x00000000ee500000, 0x00000000ee600000, 0x00000000ee600000|100%| E|CS|TAMS 0x00000000ee500000| PB 0x00000000ee500000| Complete 
| 230|0x00000000ee600000, 0x00000000ee700000, 0x00000000ee700000|100%| E|CS|TAMS 0x00000000ee600000| PB 0x00000000ee600000| Complete 
| 231|0x00000000ee700000, 0x00000000ee800000, 0x00000000ee800000|100%| E|CS|TAMS 0x00000000ee700000| PB 0x00000000ee700000| Complete 
| 232|0x00000000ee800000, 0x00000000ee900000, 0x00000000ee900000|100%| E|CS|TAMS 0x00000000ee800000| PB 0x00000000ee800000| Complete 
| 233|0x00000000ee900000, 0x00000000eea00000, 0x00000000eea00000|100%| E|CS|TAMS 0x00000000ee900000| PB 0x00000000ee900000| Complete 
| 234|0x00000000eea00000, 0x00000000eeb00000, 0x00000000eeb00000|100%| E|CS|TAMS 0x00000000eea00000| PB 0x00000000eea00000| Complete 
| 235|0x00000000eeb00000, 0x00000000eec00000, 0x00000000eec00000|100%| E|CS|TAMS 0x00000000eeb00000| PB 0x00000000eeb00000| Complete 
| 236|0x00000000eec00000, 0x00000000eed00000, 0x00000000eed00000|100%| E|CS|TAMS 0x00000000eec00000| PB 0x00000000eec00000| Complete 
| 237|0x00000000eed00000, 0x00000000eee00000, 0x00000000eee00000|100%| E|CS|TAMS 0x00000000eed00000| PB 0x00000000eed00000| Complete 
| 238|0x00000000eee00000, 0x00000000eef00000, 0x00000000eef00000|100%| E|CS|TAMS 0x00000000eee00000| PB 0x00000000eee00000| Complete 
| 239|0x00000000eef00000, 0x00000000ef000000, 0x00000000ef000000|100%| E|CS|TAMS 0x00000000eef00000| PB 0x00000000eef00000| Complete 
| 240|0x00000000ef000000, 0x00000000ef100000, 0x00000000ef100000|100%| E|CS|TAMS 0x00000000ef000000| PB 0x00000000ef000000| Complete 
| 241|0x00000000ef100000, 0x00000000ef200000, 0x00000000ef200000|100%| E|CS|TAMS 0x00000000ef100000| PB 0x00000000ef100000| Complete 
| 242|0x00000000ef200000, 0x00000000ef300000, 0x00000000ef300000|100%| E|CS|TAMS 0x00000000ef200000| PB 0x00000000ef200000| Complete 
| 243|0x00000000ef300000, 0x00000000ef400000, 0x00000000ef400000|100%| E|CS|TAMS 0x00000000ef300000| PB 0x00000000ef300000| Complete 
| 244|0x00000000ef400000, 0x00000000ef500000, 0x00000000ef500000|100%| E|CS|TAMS 0x00000000ef400000| PB 0x00000000ef400000| Complete 
| 245|0x00000000ef500000, 0x00000000ef600000, 0x00000000ef600000|100%| E|CS|TAMS 0x00000000ef500000| PB 0x00000000ef500000| Complete 
| 246|0x00000000ef600000, 0x00000000ef700000, 0x00000000ef700000|100%| E|CS|TAMS 0x00000000ef600000| PB 0x00000000ef600000| Complete 
| 247|0x00000000ef700000, 0x00000000ef800000, 0x00000000ef800000|100%| E|CS|TAMS 0x00000000ef700000| PB 0x00000000ef700000| Complete 
| 248|0x00000000ef800000, 0x00000000ef900000, 0x00000000ef900000|100%| E|CS|TAMS 0x00000000ef800000| PB 0x00000000ef800000| Complete 
| 249|0x00000000ef900000, 0x00000000efa00000, 0x00000000efa00000|100%| E|CS|TAMS 0x00000000ef900000| PB 0x00000000ef900000| Complete 
| 250|0x00000000efa00000, 0x00000000efb00000, 0x00000000efb00000|100%| E|CS|TAMS 0x00000000efa00000| PB 0x00000000efa00000| Complete 
| 251|0x00000000efb00000, 0x00000000efc00000, 0x00000000efc00000|100%| E|CS|TAMS 0x00000000efb00000| PB 0x00000000efb00000| Complete 
| 252|0x00000000efc00000, 0x00000000efd00000, 0x00000000efd00000|100%| E|CS|TAMS 0x00000000efc00000| PB 0x00000000efc00000| Complete 
| 253|0x00000000efd00000, 0x00000000efe00000, 0x00000000efe00000|100%| E|CS|TAMS 0x00000000efd00000| PB 0x00000000efd00000| Complete 
| 254|0x00000000efe00000, 0x00000000eff00000, 0x00000000eff00000|100%| E|CS|TAMS 0x00000000efe00000| PB 0x00000000efe00000| Complete 
| 255|0x00000000eff00000, 0x00000000f0000000, 0x00000000f0000000|100%| E|CS|TAMS 0x00000000eff00000| PB 0x00000000eff00000| Complete 

Card table byte_map: [0x000002da63d40000,0x000002da63e40000] _byte_map_base: 0x000002da63640000

Marking Bits: (CMBitMap*) 0x000002da4a763560
 Bits: [0x000002da63e40000, 0x000002da64640000)

Polling page: 0x000002da4a810000

Metaspace:

Usage:
  Non-class:     47.76 MB used.
      Class:      8.06 MB used.
       Both:     55.82 MB used.

Virtual space:
  Non-class space:       64.00 MB reserved,      48.75 MB ( 76%) committed,  1 nodes.
      Class space:      320.00 MB reserved,       9.00 MB (  3%) committed,  1 nodes.
             Both:      384.00 MB reserved,      57.75 MB ( 15%) committed. 

Chunk freelists:
   Non-Class:  15.23 MB
       Class:  6.98 MB
        Both:  22.22 MB

MaxMetaspaceSize: 384.00 MB
CompressedClassSpaceSize: 320.00 MB
Initial GC threshold: 21.00 MB
Current GC threshold: 58.69 MB
CDS: on
 - commit_granule_bytes: 65536.
 - commit_granule_words: 8192.
 - virtual_space_node_default_size: 8388608.
 - enlarge_chunks_in_place: 1.
 - use_allocation_guard: 0.


Internal statistics:

num_allocs_failed_limit: 6.
num_arena_births: 3344.
num_arena_deaths: 0.
num_vsnodes_births: 2.
num_vsnodes_deaths: 0.
num_space_committed: 924.
num_space_uncommitted: 0.
num_chunks_returned_to_freelist: 6.
num_chunks_taken_from_freelist: 6100.
num_chunk_merges: 6.
num_chunk_splits: 3910.
num_chunks_enlarged: 2399.
num_inconsistent_stats: 0.

CodeHeap 'non-profiled nmethods': size=120000Kb used=3693Kb max_used=3693Kb free=116306Kb
 bounds [0x000002da5c0f0000, 0x000002da5c490000, 0x000002da63620000]
CodeHeap 'profiled nmethods': size=120000Kb used=13431Kb max_used=13431Kb free=106568Kb
 bounds [0x000002da54620000, 0x000002da55340000, 0x000002da5bb50000]
CodeHeap 'non-nmethods': size=5760Kb used=2747Kb max_used=2808Kb free=3012Kb
 bounds [0x000002da5bb50000, 0x000002da5be20000, 0x000002da5c0f0000]
 total_blobs=7580 nmethods=6704 adapters=780
 compilation: enabled
              stopped_count=0, restarted_count=0
 full_count=0

Compilation events (20 events):
Event: 29.014 Thread 0x000002da66c7c340 7185       3       sun.reflect.misc.ReflectUtil::checkPackageAccess (77 bytes)
Event: 29.014 Thread 0x000002da66c7c340 nmethod 7185 0x000002da55331810 code [0x000002da553319c0, 0x000002da55331b90]
Event: 29.015 Thread 0x000002da66c7c340 7186       3       java.util.HashMap::valuesToArray (81 bytes)
Event: 29.015 Thread 0x000002da66c7c340 nmethod 7186 0x000002da55331c90 code [0x000002da55331e60, 0x000002da55332308]
Event: 29.016 Thread 0x000002da66c7c340 7187       3       com.sun.beans.util.Cache::hash (49 bytes)
Event: 29.017 Thread 0x000002da66c7c340 nmethod 7187 0x000002da55332510 code [0x000002da553326e0, 0x000002da55332978]
Event: 29.017 Thread 0x000002da66c7c340 7188   !   3       com.sun.beans.introspect.ClassInfo::getMethods (50 bytes)
Event: 29.017 Thread 0x000002da66c7c340 nmethod 7188 0x000002da55332a90 code [0x000002da55332c40, 0x000002da55332f60]
Event: 29.017 Thread 0x000002da66c7c340 7189       3       java.util.stream.Nodes$SpinedNodeBuilder::begin (38 bytes)
Event: 29.017 Thread 0x000002da66c7c340 nmethod 7189 0x000002da55333090 code [0x000002da55333240, 0x000002da55333468]
Event: 29.017 Thread 0x000002da66c7c340 7190       3       java.util.stream.Nodes$SpinedNodeBuilder::end (29 bytes)
Event: 29.017 Thread 0x000002da66c7c340 nmethod 7190 0x000002da55333510 code [0x000002da553336a0, 0x000002da553337c0]
Event: 29.017 Thread 0x000002da66c7c340 7191       3       java.util.stream.Nodes$SpinedNodeBuilder::build (25 bytes)
Event: 29.017 Thread 0x000002da66c7c340 nmethod 7191 0x000002da55333890 code [0x000002da55333a20, 0x000002da55333b40]
Event: 29.017 Thread 0x000002da66c7c340 7192       3       java.util.stream.Nodes$SpinedNodeBuilder::asArray (29 bytes)
Event: 29.017 Thread 0x000002da66c7c340 nmethod 7192 0x000002da55333c10 code [0x000002da55333dc0, 0x000002da55333f10]
Event: 29.017 Thread 0x000002da66c7c340 7193       3       java.util.stream.SpinedBuffer::asArray (46 bytes)
Event: 29.018 Thread 0x000002da66c7c340 nmethod 7193 0x000002da55333f90 code [0x000002da55334180, 0x000002da553347b8]
Event: 29.018 Thread 0x000002da66c7c340 7194       3       java.util.stream.Nodes$SpinedNodeBuilder::copyInto (30 bytes)
Event: 29.018 Thread 0x000002da66c7c340 nmethod 7194 0x000002da55334990 code [0x000002da55334b40, 0x000002da55334c90]

GC Heap History (12 events):
Event: 0.434 GC heap before
{Heap before GC invocations=0 (full 0):
 garbage-first heap   total 262144K, used 12288K [0x00000000e0000000, 0x0000000100000000)
  region size 1024K, 13 young (13312K), 0 survivors (0K)
 Metaspace       used 820K, committed 960K, reserved 393216K
  class space    used 67K, committed 128K, reserved 327680K
}
Event: 0.436 GC heap after
{Heap after GC invocations=1 (full 0):
 garbage-first heap   total 262144K, used 1280K [0x00000000e0000000, 0x0000000100000000)
  region size 1024K, 2 young (2048K), 2 survivors (2048K)
 Metaspace       used 820K, committed 960K, reserved 393216K
  class space    used 67K, committed 128K, reserved 327680K
}
Event: 3.384 GC heap before
{Heap before GC invocations=1 (full 0):
 garbage-first heap   total 262144K, used 28928K [0x00000000e0000000, 0x0000000100000000)
  region size 1024K, 27 young (27648K), 2 survivors (2048K)
 Metaspace       used 3597K, committed 3712K, reserved 393216K
  class space    used 446K, committed 512K, reserved 327680K
}
Event: 3.389 GC heap after
{Heap after GC invocations=2 (full 0):
 garbage-first heap   total 262144K, used 10070K [0x00000000e0000000, 0x0000000100000000)
  region size 1024K, 4 young (4096K), 4 survivors (4096K)
 Metaspace       used 3597K, committed 3712K, reserved 393216K
  class space    used 446K, committed 512K, reserved 327680K
}
Event: 13.291 GC heap before
{Heap before GC invocations=2 (full 0):
 garbage-first heap   total 262144K, used 163670K [0x00000000e0000000, 0x0000000100000000)
  region size 1024K, 153 young (156672K), 4 survivors (4096K)
 Metaspace       used 20695K, committed 21248K, reserved 393216K
  class space    used 2987K, committed 3264K, reserved 327680K
}
Event: 13.304 GC heap after
{Heap after GC invocations=3 (full 0):
 garbage-first heap   total 262144K, used 23382K [0x00000000e0000000, 0x0000000100000000)
  region size 1024K, 16 young (16384K), 16 survivors (16384K)
 Metaspace       used 20695K, committed 21248K, reserved 393216K
  class space    used 2987K, committed 3264K, reserved 327680K
}
Event: 13.330 GC heap before
{Heap before GC invocations=3 (full 0):
 garbage-first heap   total 262144K, used 25430K [0x00000000e0000000, 0x0000000100000000)
  region size 1024K, 19 young (19456K), 16 survivors (16384K)
 Metaspace       used 20844K, committed 21504K, reserved 393216K
  class space    used 3012K, committed 3328K, reserved 327680K
}
Event: 13.343 GC heap after
{Heap after GC invocations=4 (full 0):
 garbage-first heap   total 262144K, used 25088K [0x00000000e0000000, 0x0000000100000000)
  region size 1024K, 2 young (2048K), 2 survivors (2048K)
 Metaspace       used 20844K, committed 21504K, reserved 393216K
  class space    used 3012K, committed 3328K, reserved 327680K
}
Event: 16.617 GC heap before
{Heap before GC invocations=5 (full 0):
 garbage-first heap   total 262144K, used 118272K [0x00000000e0000000, 0x0000000100000000)
  region size 1024K, 94 young (96256K), 2 survivors (2048K)
 Metaspace       used 34751K, committed 35968K, reserved 393216K
  class space    used 5082K, committed 5696K, reserved 327680K
}
Event: 16.624 GC heap after
{Heap after GC invocations=6 (full 0):
 garbage-first heap   total 262144K, used 30499K [0x00000000e0000000, 0x0000000100000000)
  region size 1024K, 7 young (7168K), 7 survivors (7168K)
 Metaspace       used 34751K, committed 35968K, reserved 393216K
  class space    used 5082K, committed 5696K, reserved 327680K
}
Event: 24.341 GC heap before
{Heap before GC invocations=7 (full 0):
 garbage-first heap   total 262144K, used 186147K [0x00000000e0000000, 0x0000000100000000)
  region size 1024K, 153 young (156672K), 7 survivors (7168K)
 Metaspace       used 49694K, committed 51392K, reserved 393216K
  class space    used 7093K, committed 7936K, reserved 327680K
}
Event: 24.355 GC heap after
{Heap after GC invocations=8 (full 0):
 garbage-first heap   total 262144K, used 39896K [0x00000000e0000000, 0x0000000100000000)
  region size 1024K, 16 young (16384K), 16 survivors (16384K)
 Metaspace       used 49694K, committed 51392K, reserved 393216K
  class space    used 7093K, committed 7936K, reserved 327680K
}

Dll operation events (15 events):
Event: 0.010 Loaded shared library C:\Users\ASUS\.jdks\corretto-21.0.4\bin\java.dll
Event: 0.044 Loaded shared library C:\Users\ASUS\.jdks\corretto-21.0.4\bin\jsvml.dll
Event: 0.099 Loaded shared library C:\Users\ASUS\.jdks\corretto-21.0.4\bin\zip.dll
Event: 0.102 Loaded shared library C:\Users\ASUS\.jdks\corretto-21.0.4\bin\instrument.dll
Event: 0.106 Loaded shared library C:\Users\ASUS\.jdks\corretto-21.0.4\bin\net.dll
Event: 0.109 Loaded shared library C:\Users\ASUS\.jdks\corretto-21.0.4\bin\nio.dll
Event: 0.113 Loaded shared library C:\Users\ASUS\.jdks\corretto-21.0.4\bin\zip.dll
Event: 0.569 Loaded shared library C:\Users\ASUS\.jdks\corretto-21.0.4\bin\jimage.dll
Event: 1.259 Loaded shared library C:\Users\ASUS\.jdks\corretto-21.0.4\bin\verify.dll
Event: 1.950 Loaded shared library C:\Users\ASUS\.gradle\native\c067742578af261105cb4f569cf0c3c89f3d7b1fecec35dd04571415982c5e48\windows-amd64\native-platform.dll
Event: 2.247 Loaded shared library C:\Users\ASUS\.gradle\native\100fb08df4bc3b14c8652ba06237920a3bd2aa13389f12d3474272988ae205f9\windows-amd64\native-platform-file-events.dll
Event: 9.738 Loaded shared library C:\Users\ASUS\.jdks\corretto-21.0.4\bin\management.dll
Event: 9.748 Loaded shared library C:\Users\ASUS\.jdks\corretto-21.0.4\bin\management_ext.dll
Event: 10.209 Loaded shared library C:\Users\ASUS\.jdks\corretto-21.0.4\bin\extnet.dll
Event: 10.596 Loaded shared library C:\Users\ASUS\.jdks\corretto-21.0.4\bin\sunmscapi.dll

Deoptimization events (20 events):
Event: 28.910 Thread 0x000002da002bf960 DEOPT PACKING pc=0x000002da5c330acc sp=0x000000ecbc8f7690
Event: 28.910 Thread 0x000002da002bf960 DEOPT UNPACKING pc=0x000002da5bba46a2 sp=0x000000ecbc8f7620 mode 2
Event: 28.950 Thread 0x000002da002bf960 DEOPT PACKING pc=0x000002da54b370a1 sp=0x000000ecbc8f7b80
Event: 28.950 Thread 0x000002da002bf960 DEOPT UNPACKING pc=0x000002da5bba4e42 sp=0x000000ecbc8f7080 mode 0
Event: 28.951 Thread 0x000002da002bf960 Uncommon trap: trap_request=0xffffffde fr.pc=0x000002da5c17b508 relative=0x0000000000000248
Event: 28.951 Thread 0x000002da002bf960 Uncommon trap: reason=class_check action=maybe_recompile pc=0x000002da5c17b508 method=java.util.regex.Matcher.getTextLength()I @ 4 c2
Event: 28.951 Thread 0x000002da002bf960 DEOPT PACKING pc=0x000002da5c17b508 sp=0x000000ecbc8f7c60
Event: 28.951 Thread 0x000002da002bf960 DEOPT UNPACKING pc=0x000002da5bba46a2 sp=0x000000ecbc8f7b88 mode 2
Event: 28.951 Thread 0x000002da002bf960 Uncommon trap: trap_request=0xffffffc6 fr.pc=0x000002da5c437d80 relative=0x0000000000000580
Event: 28.951 Thread 0x000002da002bf960 Uncommon trap: reason=bimorphic_or_optimized_type_check action=maybe_recompile pc=0x000002da5c437d80 method=java.util.regex.Matcher.search(I)Z @ 121 c2
Event: 28.951 Thread 0x000002da002bf960 DEOPT PACKING pc=0x000002da5c437d80 sp=0x000000ecbc8f7cb0
Event: 28.951 Thread 0x000002da002bf960 DEOPT UNPACKING pc=0x000002da5bba46a2 sp=0x000000ecbc8f7c60 mode 2
Event: 28.951 Thread 0x000002da002bf960 Uncommon trap: trap_request=0xffffffde fr.pc=0x000002da5c330acc relative=0x000000000000020c
Event: 28.951 Thread 0x000002da002bf960 Uncommon trap: reason=class_check action=maybe_recompile pc=0x000002da5c330acc method=java.util.regex.Pattern$BmpCharProperty.match(Ljava/util/regex/Matcher;ILjava/lang/CharSequence;)Z @ 14 c2
Event: 28.951 Thread 0x000002da002bf960 DEOPT PACKING pc=0x000002da5c330acc sp=0x000000ecbc8f7a20
Event: 28.951 Thread 0x000002da002bf960 DEOPT UNPACKING pc=0x000002da5bba46a2 sp=0x000000ecbc8f79b0 mode 2
Event: 28.970 Thread 0x000002da002bf960 Uncommon trap: trap_request=0xffffff45 fr.pc=0x000002da5c11c700 relative=0x0000000000000540
Event: 28.970 Thread 0x000002da002bf960 Uncommon trap: reason=unstable_if action=reinterpret pc=0x000002da5c11c700 method=java.lang.StringLatin1.newString([BII)Ljava/lang/String; @ 1 c2
Event: 28.970 Thread 0x000002da002bf960 DEOPT PACKING pc=0x000002da5c11c700 sp=0x000000ecbc8f7a50
Event: 28.970 Thread 0x000002da002bf960 DEOPT UNPACKING pc=0x000002da5bba46a2 sp=0x000000ecbc8f7a18 mode 2

Classes loaded (20 events):
Event: 27.613 Loading class sun/util/logging/PlatformLogger$ConfigurableBridge$LoggerConfiguration done
Event: 27.613 Loading class sun/util/logging/internal/LoggingProviderImpl$JULWrapper done
Event: 27.614 Loading class java/lang/System$Logger$Level
Event: 27.614 Loading class java/lang/System$Logger$Level done
Event: 28.040 Loading class java/io/ObjectOutputStream$BlockDataOutputStream
Event: 28.041 Loading class java/io/ObjectOutputStream$BlockDataOutputStream done
Event: 28.041 Loading class java/io/ObjectOutputStream$HandleTable
Event: 28.042 Loading class java/io/ObjectOutputStream$HandleTable done
Event: 28.042 Loading class java/io/ObjectOutputStream$ReplaceTable
Event: 28.051 Loading class java/io/ObjectOutputStream$ReplaceTable done
Event: 28.680 Loading class java/util/stream/ReduceOps$2
Event: 28.680 Loading class java/util/stream/ReduceOps$2 done
Event: 28.680 Loading class java/util/stream/ReduceOps$2ReducingSink
Event: 28.680 Loading class java/util/stream/ReduceOps$2ReducingSink done
Event: 28.907 Loading class java/io/FileReader
Event: 28.907 Loading class java/io/FileReader done
Event: 28.909 Loading class java/text/MessageFormat
Event: 28.909 Loading class java/text/MessageFormat done
Event: 28.997 Loading class java/util/Stack
Event: 28.997 Loading class java/util/Stack done

Classes unloaded (0 events):
No events

Classes redefined (0 events):
No events

Internal exceptions (20 events):
Event: 26.969 Thread 0x000002da002bf960 Exception <a 'java/lang/ClassNotFoundException'{0x00000000ec0ea7a8}: org/gradle/api/internal/artifacts/dsl/dependencies/DefaultDependencyHandler_DecoratedCustomizer> (0x00000000ec0ea7a8) 
thrown [s\src\hotspot\share\classfile\systemDictionary.cpp, line 312]
Event: 26.984 Thread 0x000002da002bf960 Exception <a 'java/lang/ClassNotFoundException'{0x00000000ebca8f18}: org/gradle/api/internal/tasks/DefaultTaskContainer_DecoratedBeanInfo> (0x00000000ebca8f18) 
thrown [s\src\hotspot\share\classfile\systemDictionary.cpp, line 312]
Event: 26.985 Thread 0x000002da002bf960 Exception <a 'java/lang/ClassNotFoundException'{0x00000000ebcbcf08}: org/gradle/api/internal/tasks/DefaultTaskContainerBeanInfo> (0x00000000ebcbcf08) 
thrown [s\src\hotspot\share\classfile\systemDictionary.cpp, line 312]
Event: 26.986 Thread 0x000002da002bf960 Exception <a 'java/lang/ClassNotFoundException'{0x00000000ebcd0f18}: org/gradle/api/internal/tasks/DefaultTaskCollectionBeanInfo> (0x00000000ebcd0f18) 
thrown [s\src\hotspot\share\classfile\systemDictionary.cpp, line 312]
Event: 26.987 Thread 0x000002da002bf960 Exception <a 'java/lang/ClassNotFoundException'{0x00000000ebce51b0}: org/gradle/api/internal/tasks/DefaultTaskCollectionCustomizer> (0x00000000ebce51b0) 
thrown [s\src\hotspot\share\classfile\systemDictionary.cpp, line 312]
Event: 26.989 Thread 0x000002da002bf960 Exception <a 'java/lang/ClassNotFoundException'{0x00000000ebb4cb30}: org/gradle/api/internal/tasks/DefaultTaskContainerCustomizer> (0x00000000ebb4cb30) 
thrown [s\src\hotspot\share\classfile\systemDictionary.cpp, line 312]
Event: 26.991 Thread 0x000002da002bf960 Exception <a 'java/lang/ClassNotFoundException'{0x00000000ebbdc2b8}: org/gradle/api/internal/tasks/DefaultTaskContainer_DecoratedCustomizer> (0x00000000ebbdc2b8) 
thrown [s\src\hotspot\share\classfile\systemDictionary.cpp, line 312]
Event: 27.004 Thread 0x000002da002bf960 Exception <a 'java/lang/NoSuchMethodError'{0x00000000eba69898}: 'void java.lang.invoke.DirectMethodHandle$Holder.invokeInterface(java.lang.Object, java.lang.Object, java.lang.Object, java.lang.Object)'> (0x00000000eba69898) 
thrown [s\src\hotspot\share\interpreter\linkResolver.cpp, line 773]
Event: 27.145 Thread 0x000002da002bf960 Exception <a 'java/lang/NoSuchMethodError'{0x00000000eb40aeb8}: 'int java.lang.invoke.DirectMethodHandle$Holder.invokeSpecialIFC(java.lang.Object, java.lang.Object, java.lang.Object, java.lang.Object, java.lang.Object)'> (0x00000000eb40aeb8) 
thrown [s\src\hotspot\share\interpreter\linkResolver.cpp, line 773]
Event: 27.314 Thread 0x000002da002bf960 Exception <a 'java/lang/NoSuchMethodError'{0x00000000eb00f288}: 'java.lang.Object java.lang.invoke.DirectMethodHandle$Holder.newInvokeSpecial(java.lang.Object, java.lang.Object, java.lang.Object, java.lang.Object, java.lang.Object, java.lang.Object, int)'> (0x00000000eb00f288) 
thrown [s\src\hotspot\share\interpreter\linkResolver.cpp, line 773]
Event: 27.314 Thread 0x000002da002bf960 Exception <a 'java/lang/NoSuchMethodError'{0x00000000eb0141f8}: 'java.lang.Object java.lang.invoke.DirectMethodHandle$Holder.invokeSpecial(java.lang.Object, java.lang.Object, java.lang.Object, java.lang.Object, java.lang.Object, java.lang.Object, java.lang.Object, int)'> (0x00000000eb0141f8) 
thrown [s\src\hotspot\share\interpreter\linkResolver.cpp, line 773]
Event: 27.314 Thread 0x000002da002bf960 Exception <a 'java/lang/NoSuchMethodError'{0x00000000eb018af0}: 'java.lang.Object java.lang.invoke.Invokers$Holder.linkToTargetMethod(java.lang.Object, java.lang.Object, java.lang.Object, java.lang.Object, java.lang.Object, int, java.lang.Object)'> (0x00000000eb018af0) 
thrown [s\src\hotspot\share\interpreter\linkResolver.cpp, line 773]
Event: 27.358 Thread 0x000002da00fe1190 Implicit null exception at 0x000002da5c188a07 to 0x000002da5c188ae8
Event: 27.603 Thread 0x000002da04b4f490 Exception <a 'java/lang/NoSuchMethodError'{0x00000000eae8c998}: 'void java.lang.invoke.DirectMethodHandle$Holder.invokeStatic(java.lang.Object, long)'> (0x00000000eae8c998) 
thrown [s\src\hotspot\share\interpreter\linkResolver.cpp, line 773]
Event: 27.605 Thread 0x000002da04b4f490 Exception <a 'java/lang/NoSuchMethodError'{0x00000000eae96d90}: 'java.lang.Object java.lang.invoke.DirectMethodHandle$Holder.invokeStaticInit(java.lang.Object, long, java.lang.Object)'> (0x00000000eae96d90) 
thrown [s\src\hotspot\share\interpreter\linkResolver.cpp, line 773]
Event: 28.037 Thread 0x000002da00fde3a0 Implicit null exception at 0x000002da5c44788b to 0x000002da5c44795c
Event: 29.014 Thread 0x000002da002bf960 Exception <a 'java/lang/ClassNotFoundException'{0x00000000e9c66f98}: org/gradle/api/internal/plugins/NaggingBasePluginConventionBeanInfo> (0x00000000e9c66f98) 
thrown [s\src\hotspot\share\classfile\systemDictionary.cpp, line 312]
Event: 29.015 Thread 0x000002da002bf960 Exception <a 'java/lang/ClassNotFoundException'{0x00000000e9c753d0}: org/gradle/api/plugins/BasePluginConventionBeanInfo> (0x00000000e9c753d0) 
thrown [s\src\hotspot\share\classfile\systemDictionary.cpp, line 312]
Event: 29.015 Thread 0x000002da002bf960 Exception <a 'java/lang/ClassNotFoundException'{0x00000000e9c83a60}: org/gradle/api/plugins/BasePluginConventionCustomizer> (0x00000000e9c83a60) 
thrown [s\src\hotspot\share\classfile\systemDictionary.cpp, line 312]
Event: 29.016 Thread 0x000002da002bf960 Exception <a 'java/lang/ClassNotFoundException'{0x00000000e9c9df88}: org/gradle/api/internal/plugins/NaggingBasePluginConventionCustomizer> (0x00000000e9c9df88) 
thrown [s\src\hotspot\share\classfile\systemDictionary.cpp, line 312]

ZGC Phase Switch (0 events):
No events

VM Operations (20 events):
Event: 22.461 Executing VM operation: HandshakeAllThreads (Deoptimize)
Event: 22.462 Executing VM operation: HandshakeAllThreads (Deoptimize) done
Event: 22.725 Executing VM operation: ICBufferFull
Event: 22.726 Executing VM operation: ICBufferFull done
Event: 23.505 Executing VM operation: HandshakeAllThreads (Deoptimize)
Event: 23.505 Executing VM operation: HandshakeAllThreads (Deoptimize) done
Event: 23.775 Executing VM operation: ICBufferFull
Event: 23.775 Executing VM operation: ICBufferFull done
Event: 24.243 Executing VM operation: ICBufferFull
Event: 24.243 Executing VM operation: ICBufferFull done
Event: 24.341 Executing VM operation: G1CollectForAllocation (G1 Evacuation Pause)
Event: 24.355 Executing VM operation: G1CollectForAllocation (G1 Evacuation Pause) done
Event: 25.358 Executing VM operation: Cleanup
Event: 25.358 Executing VM operation: Cleanup done
Event: 26.370 Executing VM operation: Cleanup
Event: 26.370 Executing VM operation: Cleanup done
Event: 26.947 Executing VM operation: ICBufferFull
Event: 26.947 Executing VM operation: ICBufferFull done
Event: 27.953 Executing VM operation: Cleanup
Event: 27.953 Executing VM operation: Cleanup done

Memory protections (0 events):
No events

Nmethod flushes (20 events):
Event: 16.664 Thread 0x000002da66c52940 flushing  nmethod 0x000002da54a48510
Event: 16.664 Thread 0x000002da66c52940 flushing  nmethod 0x000002da54a78f10
Event: 16.664 Thread 0x000002da66c52940 flushing  nmethod 0x000002da54a81110
Event: 16.664 Thread 0x000002da66c52940 flushing  nmethod 0x000002da54aeac90
Event: 16.664 Thread 0x000002da66c52940 flushing  nmethod 0x000002da54aef910
Event: 16.664 Thread 0x000002da66c52940 flushing  nmethod 0x000002da54977f10
Event: 16.664 Thread 0x000002da66c52940 flushing  nmethod 0x000002da549b3610
Event: 16.664 Thread 0x000002da66c52940 flushing  nmethod 0x000002da549b5d10
Event: 16.664 Thread 0x000002da66c52940 flushing  nmethod 0x000002da549b6710
Event: 16.664 Thread 0x000002da66c52940 flushing  nmethod 0x000002da549b7290
Event: 16.664 Thread 0x000002da66c52940 flushing  nmethod 0x000002da549b8310
Event: 16.664 Thread 0x000002da66c52940 flushing  nmethod 0x000002da549ba590
Event: 16.664 Thread 0x000002da66c52940 flushing  nmethod 0x000002da549c0a10
Event: 16.664 Thread 0x000002da66c52940 flushing  nmethod 0x000002da54a12b10
Event: 16.664 Thread 0x000002da66c52940 flushing  nmethod 0x000002da54a1db10
Event: 16.664 Thread 0x000002da66c52940 flushing  nmethod 0x000002da54a1e090
Event: 16.664 Thread 0x000002da66c52940 flushing  nmethod 0x000002da54a82a90
Event: 16.664 Thread 0x000002da66c52940 flushing  nmethod 0x000002da54a82f90
Event: 16.664 Thread 0x000002da66c52940 flushing  nmethod 0x000002da54a83910
Event: 16.664 Thread 0x000002da66c52940 flushing  nmethod 0x000002da54a86790

Events (20 events):
Event: 18.838 Thread 0x000002da002bf960 Thread added: 0x000002da028b26a0
Event: 18.908 Thread 0x000002da002bf960 Thread added: 0x000002da028b12f0
Event: 19.865 Thread 0x000002da66c7c340 Thread added: 0x000002da03a26ad0
Event: 20.807 Thread 0x000002da03a26ad0 Thread exited: 0x000002da03a26ad0
Event: 23.450 Thread 0x000002da002bf960 Thread added: 0x000002da028ad7e0
Event: 23.451 Thread 0x000002da002bf960 Thread added: 0x000002da028b05d0
Event: 23.451 Thread 0x000002da002bf960 Thread added: 0x000002da028aeb90
Event: 23.611 Thread 0x000002da002bf960 Thread added: 0x000002da028af220
Event: 23.614 Thread 0x000002da002bf960 Thread added: 0x000002da028af8b0
Event: 23.615 Thread 0x000002da002bf960 Thread added: 0x000002da00fdfde0
Event: 23.804 Thread 0x000002da002bf960 Thread added: 0x000002da00fdf0c0
Event: 23.804 Thread 0x000002da002bf960 Thread added: 0x000002da00fe0470
Event: 23.805 Thread 0x000002da002bf960 Thread added: 0x000002da00fdf750
Event: 25.189 Thread 0x000002da002bf960 Thread added: 0x000002da00fdea30
Event: 27.333 Thread 0x000002da002bf960 Thread added: 0x000002da00fe1190
Event: 27.352 Thread 0x000002da002bf960 Thread added: 0x000002da00fde3a0
Event: 27.357 Thread 0x000002da00fe1190 Thread added: 0x000002da00fddd10
Event: 27.569 Thread 0x000002da002bf960 Thread added: 0x000002da04b4f490
Event: 27.617 Thread 0x000002da04b4f490 Thread added: 0x000002da04b50ed0
Event: 27.617 Thread 0x000002da04b4f490 Thread added: 0x000002da04b4ee00


Dynamic libraries:
0x00007ff6a3f10000 - 0x00007ff6a3f1e000 	C:\Users\ASUS\.jdks\corretto-21.0.4\bin\java.exe
0x00007ffb22c50000 - 0x00007ffb22e48000 	C:\Windows\SYSTEM32\ntdll.dll
0x00007ffb20db0000 - 0x00007ffb20e6f000 	C:\Windows\System32\KERNEL32.DLL
0x00007ffb207f0000 - 0x00007ffb20ac2000 	C:\Windows\System32\KERNELBASE.dll
0x00007ffb20340000 - 0x00007ffb20440000 	C:\Windows\System32\ucrtbase.dll
0x00007ffb1c040000 - 0x00007ffb1c058000 	C:\Users\ASUS\.jdks\corretto-21.0.4\bin\jli.dll
0x00007ffb1b510000 - 0x00007ffb1b52b000 	C:\Users\ASUS\.jdks\corretto-21.0.4\bin\VCRUNTIME140.dll
0x00007ffb228c0000 - 0x00007ffb22a61000 	C:\Windows\System32\USER32.dll
0x00007ffb0dcf0000 - 0x00007ffb0df8a000 	C:\Windows\WinSxS\amd64_microsoft.windows.common-controls_6595b64144ccf1df_6.0.19041.1110_none_60b5254171f9507e\COMCTL32.dll
0x00007ffb20b80000 - 0x00007ffb20ba2000 	C:\Windows\System32\win32u.dll
0x00007ffb225f0000 - 0x00007ffb2261b000 	C:\Windows\System32\GDI32.dll
0x00007ffb21a90000 - 0x00007ffb21b2e000 	C:\Windows\System32\msvcrt.dll
0x00007ffb206b0000 - 0x00007ffb207bf000 	C:\Windows\System32\gdi32full.dll
0x00007ffb20440000 - 0x00007ffb204dd000 	C:\Windows\System32\msvcp_win.dll
0x00007ffb22a70000 - 0x00007ffb22aa2000 	C:\Windows\System32\IMM32.DLL
0x00007ffb1c030000 - 0x00007ffb1c03c000 	C:\Users\ASUS\.jdks\corretto-21.0.4\bin\vcruntime140_1.dll
0x00007ffb06ac0000 - 0x00007ffb06b4d000 	C:\Users\ASUS\.jdks\corretto-21.0.4\bin\msvcp140.dll
0x00007ffaf85f0000 - 0x00007ffaf9386000 	C:\Users\ASUS\.jdks\corretto-21.0.4\bin\server\jvm.dll
0x00007ffb22b60000 - 0x00007ffb22c0e000 	C:\Windows\System32\ADVAPI32.dll
0x00007ffb20e70000 - 0x00007ffb20f0c000 	C:\Windows\System32\sechost.dll
0x00007ffb21e20000 - 0x00007ffb21f45000 	C:\Windows\System32\RPCRT4.dll
0x00007ffb216c0000 - 0x00007ffb2172b000 	C:\Windows\System32\WS2_32.dll
0x00007ffb1f8b0000 - 0x00007ffb1f8fb000 	C:\Windows\SYSTEM32\POWRPROF.dll
0x00007ffb17280000 - 0x00007ffb172a7000 	C:\Windows\SYSTEM32\WINMM.dll
0x00007ffb1ab00000 - 0x00007ffb1ab0a000 	C:\Windows\SYSTEM32\VERSION.dll
0x00007ffb1f780000 - 0x00007ffb1f792000 	C:\Windows\SYSTEM32\UMPDC.dll
0x00007ffb1e200000 - 0x00007ffb1e212000 	C:\Windows\SYSTEM32\kernel.appcore.dll
0x00007ffb1acc0000 - 0x00007ffb1acca000 	C:\Users\ASUS\.jdks\corretto-21.0.4\bin\jimage.dll
0x00007ffb0acb0000 - 0x00007ffb0ae94000 	C:\Windows\SYSTEM32\DBGHELP.DLL
0x00007ffb09c00000 - 0x00007ffb09c35000 	C:\Windows\SYSTEM32\dbgcore.DLL
0x00007ffb20c00000 - 0x00007ffb20c82000 	C:\Windows\System32\bcryptPrimitives.dll
0x00007ffb1acb0000 - 0x00007ffb1acbe000 	C:\Users\ASUS\.jdks\corretto-21.0.4\bin\instrument.dll
0x00007ffb1ac90000 - 0x00007ffb1acaf000 	C:\Users\ASUS\.jdks\corretto-21.0.4\bin\java.dll
0x00007ffb20f10000 - 0x00007ffb21655000 	C:\Windows\System32\SHELL32.dll
0x00007ffb1e400000 - 0x00007ffb1eb92000 	C:\Windows\SYSTEM32\windows.storage.dll
0x00007ffb21730000 - 0x00007ffb21a85000 	C:\Windows\System32\combase.dll
0x00007ffb1fda0000 - 0x00007ffb1fdd0000 	C:\Windows\SYSTEM32\Wldp.dll
0x00007ffb21d70000 - 0x00007ffb21e1d000 	C:\Windows\System32\SHCORE.dll
0x00007ffb22860000 - 0x00007ffb228b5000 	C:\Windows\System32\shlwapi.dll
0x00007ffb20280000 - 0x00007ffb2029f000 	C:\Windows\SYSTEM32\profapi.dll
0x00007ffaed750000 - 0x00007ffaed827000 	C:\Users\ASUS\.jdks\corretto-21.0.4\bin\jsvml.dll
0x00007ffb1abd0000 - 0x00007ffb1abe8000 	C:\Users\ASUS\.jdks\corretto-21.0.4\bin\zip.dll
0x00007ffb1ac80000 - 0x00007ffb1ac90000 	C:\Users\ASUS\.jdks\corretto-21.0.4\bin\net.dll
0x00007ffb197e0000 - 0x00007ffb198ec000 	C:\Windows\SYSTEM32\WINHTTP.dll
0x00007ffb1fb00000 - 0x00007ffb1fb6a000 	C:\Windows\system32\mswsock.dll
0x00007ffb19360000 - 0x00007ffb19376000 	C:\Users\ASUS\.jdks\corretto-21.0.4\bin\nio.dll
0x00007ffb1abc0000 - 0x00007ffb1abd0000 	C:\Users\ASUS\.jdks\corretto-21.0.4\bin\verify.dll
0x00007ffb1c060000 - 0x00007ffb1c087000 	C:\Users\ASUS\.gradle\native\c067742578af261105cb4f569cf0c3c89f3d7b1fecec35dd04571415982c5e48\windows-amd64\native-platform.dll
0x00007ffa9b9f0000 - 0x00007ffa9bb34000 	C:\Users\ASUS\.gradle\native\100fb08df4bc3b14c8652ba06237920a3bd2aa13389f12d3474272988ae205f9\windows-amd64\native-platform-file-events.dll
0x00007ffb088a0000 - 0x00007ffb088a9000 	C:\Users\ASUS\.jdks\corretto-21.0.4\bin\management.dll
0x00007ffb08890000 - 0x00007ffb0889b000 	C:\Users\ASUS\.jdks\corretto-21.0.4\bin\management_ext.dll
0x00007ffb22620000 - 0x00007ffb22628000 	C:\Windows\System32\PSAPI.DLL
0x00007ffb1fcf0000 - 0x00007ffb1fd08000 	C:\Windows\SYSTEM32\CRYPTSP.dll
0x00007ffb1f340000 - 0x00007ffb1f374000 	C:\Windows\system32\rsaenh.dll
0x00007ffb207c0000 - 0x00007ffb207e7000 	C:\Windows\System32\bcrypt.dll
0x00007ffb20240000 - 0x00007ffb2026e000 	C:\Windows\SYSTEM32\USERENV.dll
0x00007ffb1fd10000 - 0x00007ffb1fd1c000 	C:\Windows\SYSTEM32\CRYPTBASE.dll
0x00007ffb1f7a0000 - 0x00007ffb1f7db000 	C:\Windows\SYSTEM32\IPHLPAPI.DLL
0x00007ffb21b30000 - 0x00007ffb21b38000 	C:\Windows\System32\NSI.dll
0x00007ffb08880000 - 0x00007ffb08889000 	C:\Users\ASUS\.jdks\corretto-21.0.4\bin\extnet.dll
0x00007ffb08870000 - 0x00007ffb0887e000 	C:\Users\ASUS\.jdks\corretto-21.0.4\bin\sunmscapi.dll
0x00007ffb20550000 - 0x00007ffb206a6000 	C:\Windows\System32\CRYPT32.dll
0x00007ffb1fe10000 - 0x00007ffb1fe37000 	C:\Windows\SYSTEM32\ncrypt.dll
0x00007ffb1fdd0000 - 0x00007ffb1fe0b000 	C:\Windows\SYSTEM32\NTASN1.dll
0x00007ffb16c30000 - 0x00007ffb16c37000 	C:\Windows\system32\wshunix.dll

dbghelp: loaded successfully - version: 4.0.5 - missing functions: none
symbol engine: initialized successfully - sym options: 0x614 - pdb path: .;C:\Users\ASUS\.jdks\corretto-21.0.4\bin;C:\Windows\SYSTEM32;C:\Windows\WinSxS\amd64_microsoft.windows.common-controls_6595b64144ccf1df_6.0.19041.1110_none_60b5254171f9507e;C:\Users\ASUS\.jdks\corretto-21.0.4\bin\server;C:\Users\ASUS\.gradle\native\c067742578af261105cb4f569cf0c3c89f3d7b1fecec35dd04571415982c5e48\windows-amd64;C:\Users\ASUS\.gradle\native\100fb08df4bc3b14c8652ba06237920a3bd2aa13389f12d3474272988ae205f9\windows-amd64

VM Arguments:
jvm_args: --add-opens=java.base/java.lang=ALL-UNNAMED --add-opens=java.base/java.lang.invoke=ALL-UNNAMED --add-opens=java.base/java.util=ALL-UNNAMED --add-opens=java.prefs/java.util.prefs=ALL-UNNAMED --add-exports=jdk.compiler/com.sun.tools.javac.api=ALL-UNNAMED --add-exports=jdk.compiler/com.sun.tools.javac.util=ALL-UNNAMED --add-opens=java.base/java.util=ALL-UNNAMED --add-opens=java.prefs/java.util.prefs=ALL-UNNAMED --add-opens=java.base/java.nio.charset=ALL-UNNAMED --add-opens=java.base/java.net=ALL-UNNAMED --add-opens=java.base/java.util.concurrent.atomic=ALL-UNNAMED --add-opens=java.xml/javax.xml.namespace=ALL-UNNAMED -XX:MaxMetaspaceSize=384m -XX:+HeapDumpOnOutOfMemoryError -Xms256m -Xmx512m -Dfile.encoding=windows-1252 -Duser.country=US -Duser.language=en -Duser.variant -javaagent:C:\Users\ASUS\.gradle\wrapper\dists\gradle-8.11.1-bin\bpt9gzteqjrbo1mjrsomdt32c\gradle-8.11.1\lib\agents\gradle-instrumentation-agent-8.11.1.jar 
java_command: org.gradle.launcher.daemon.bootstrap.GradleDaemon 8.11.1
java_class_path (initial): C:\Users\ASUS\.gradle\wrapper\dists\gradle-8.11.1-bin\bpt9gzteqjrbo1mjrsomdt32c\gradle-8.11.1\lib\gradle-daemon-main-8.11.1.jar
Launcher Type: SUN_STANDARD

[Global flags]
     intx CICompilerCount                          = 3                                         {product} {ergonomic}
   size_t CompressedClassSpaceSize                 = 335544320                                 {product} {ergonomic}
     uint ConcGCThreads                            = 1                                         {product} {ergonomic}
     uint G1ConcRefinementThreads                  = 4                                         {product} {ergonomic}
   size_t G1HeapRegionSize                         = 1048576                                   {product} {ergonomic}
    uintx GCDrainStackTargetSize                   = 64                                        {product} {ergonomic}
     bool HeapDumpOnOutOfMemoryError               = true                                   {manageable} {command line}
   size_t InitialHeapSize                          = 268435456                                 {product} {command line}
   size_t MarkStackSize                            = 4194304                                   {product} {ergonomic}
   size_t MaxHeapSize                              = 536870912                                 {product} {command line}
   size_t MaxMetaspaceSize                         = 402653184                                 {product} {command line}
   size_t MaxNewSize                               = 321912832                                 {product} {ergonomic}
   size_t MinHeapDeltaBytes                        = 1048576                                   {product} {ergonomic}
   size_t MinHeapSize                              = 268435456                                 {product} {command line}
    uintx NonNMethodCodeHeapSize                   = 5832780                                {pd product} {ergonomic}
    uintx NonProfiledCodeHeapSize                  = 122912730                              {pd product} {ergonomic}
    uintx ProfiledCodeHeapSize                     = 122912730                              {pd product} {ergonomic}
    uintx ReservedCodeCacheSize                    = 251658240                              {pd product} {ergonomic}
     bool SegmentedCodeCache                       = true                                      {product} {ergonomic}
   size_t SoftMaxHeapSize                          = 536870912                              {manageable} {ergonomic}
     bool UseCompressedOops                        = true                           {product lp64_product} {ergonomic}
     bool UseG1GC                                  = true                                      {product} {ergonomic}
     bool UseLargePagesIndividualAllocation        = false                                  {pd product} {ergonomic}

Logging:
Log output configuration:
 #0: stdout all=warning uptime,level,tags foldmultilines=false
 #1: stderr all=off uptime,level,tags foldmultilines=false

Environment Variables:
PATH=C:\Windows\system32;C:\Windows;C:\Windows\System32\Wbem;C:\Windows\System32\WindowsPowerShell\v1.0\;C:\Windows\System32\OpenSSH\;C:\Program Files\Git\cmd;C:\Users\ASUS\AppData\Local\Microsoft\WindowsApps;;D:\WebStorm 2024.1.5\bin;
USERNAME=ASUS
OS=Windows_NT
PROCESSOR_IDENTIFIER=Intel64 Family 6 Model 158 Stepping 9, GenuineIntel
TMP=C:\Users\ASUS\AppData\Local\Temp
TEMP=C:\Users\ASUS\AppData\Local\Temp




Periodic native trim disabled

---------------  S Y S T E M  ---------------

OS:
 Windows 10 , 64 bit Build 19041 (10.0.19041.2546)
OS uptime: 1 days 6:12 hours

CPU: total 4 (initial active 4) (4 cores per cpu, 1 threads per core) family 6 model 158 stepping 9 microcode 0xb4, cx8, cmov, fxsr, mmx, 3dnowpref, sse, sse2, sse3, ssse3, sse4.1, sse4.2, popcnt, lzcnt, tsc, tscinvbit, avx, avx2, aes, erms, clmul, bmi1, bmi2, adx, fma, vzeroupper, clflush, clflushopt, rdtscp, f16c
Processor Information for all 4 processors :
  Max Mhz: 2501, Current Mhz: 2501, Mhz Limit: 2501

Memory: 4k page, system-wide physical 8076M (305M free)
TotalPageFile size 16542M (AvailPageFile size 2M)
current process WorkingSet (physical memory assigned to process): 380M, peak: 380M
current process commit charge ("private bytes"): 476M, peak: 478M

vm_info: OpenJDK 64-Bit Server VM (21.0.4+7-LTS) for windows-amd64 JRE (21.0.4+7-LTS), built on 2024-07-10T17:34:29Z by "Administrator" with MS VC++ 16.10 / 16.11 (VS2019)

END.
