#
# There is insufficient memory for the Java Runtime Environment to continue.
# Native memory allocation (malloc) failed to allocate 32744 bytes. Error detail: Chunk::new
# Possible reasons:
#   The system is out of physical RAM or swap space
#   This process is running with CompressedOops enabled, and the Java Heap may be blocking the growth of the native heap
# Possible solutions:
#   Reduce memory load on the system
#   Increase physical memory or swap space
#   Check if swap backing store is full
#   Decrease Java heap size (-Xmx/-Xms)
#   Decrease number of Java threads
#   Decrease Java thread stack sizes (-Xss)
#   Set larger code cache with -XX:ReservedCodeCacheSize=
#   JVM is running with Unscaled Compressed Oops mode in which the Java heap is
#     placed in the first 4GB address space. The Java Heap base address is the
#     maximum limit for the native heap growth. Please use -XX:HeapBaseMinAddress
#     to set the Java Heap base and to place the Java Heap above 4GB virtual address.
# This output file may be truncated or incomplete.
#
#  Out of Memory Error (arena.cpp:168), pid=5052, tid=14656
#
# JRE version: OpenJDK Runtime Environment Corretto-21.0.4.7.1 (21.0.4+7) (build 21.0.4+7-LTS)
# Java VM: OpenJDK 64-Bit Server VM Corretto-21.0.4.7.1 (21.0.4+7-LTS, mixed mode, sharing, tiered, compressed oops, compressed class ptrs, g1 gc, windows-amd64)
# No core dump will be written. Minidumps are not enabled by default on client versions of Windows
#

---------------  S U M M A R Y ------------

Command Line: --add-opens=java.base/java.lang=ALL-UNNAMED --add-opens=java.base/java.lang.invoke=ALL-UNNAMED --add-opens=java.base/java.util=ALL-UNNAMED --add-opens=java.prefs/java.util.prefs=ALL-UNNAMED --add-exports=jdk.compiler/com.sun.tools.javac.api=ALL-UNNAMED --add-exports=jdk.compiler/com.sun.tools.javac.util=ALL-UNNAMED --add-opens=java.base/java.util=ALL-UNNAMED --add-opens=java.prefs/java.util.prefs=ALL-UNNAMED --add-opens=java.base/java.nio.charset=ALL-UNNAMED --add-opens=java.base/java.net=ALL-UNNAMED --add-opens=java.base/java.util.concurrent.atomic=ALL-UNNAMED --add-opens=java.xml/javax.xml.namespace=ALL-UNNAMED -XX:MaxMetaspaceSize=384m -XX:+HeapDumpOnOutOfMemoryError -Xms256m -Xmx512m -Dfile.encoding=windows-1252 -Duser.country=US -Duser.language=en -Duser.variant -javaagent:C:\Users\ASUS\.gradle\wrapper\dists\gradle-8.11.1-bin\bpt9gzteqjrbo1mjrsomdt32c\gradle-8.11.1\lib\agents\gradle-instrumentation-agent-8.11.1.jar org.gradle.launcher.daemon.bootstrap.GradleDaemon 8.11.1

Host: Intel(R) Core(TM) i5-7300HQ CPU @ 2.50GHz, 4 cores, 7G,  Windows 10 , 64 bit Build 19041 (10.0.19041.2546)
Time: Mon Feb  3 23:10:59 2025 SE Asia Standard Time elapsed time: 15.880957 seconds (0d 0h 0m 15s)

---------------  T H R E A D  ---------------

Current thread (0x000001f8fa484440):  JavaThread "C1 CompilerThread0" daemon [_thread_in_native, id=14656, stack(0x0000007da9100000,0x0000007da9200000) (1024K)]


Current CompileTask:
C1:  15881 6613       3       javax.management.ObjectName::construct (1135 bytes)

Stack: [0x0000007da9100000,0x0000007da9200000]
Native frames: (J=compiled Java code, j=interpreted, Vv=VM code, C=native code)
V  [jvm.dll+0x6d83d9]
V  [jvm.dll+0x8b39f3]
V  [jvm.dll+0x8b5d4e]
V  [jvm.dll+0x8b6433]
V  [jvm.dll+0x285816]
V  [jvm.dll+0xc608d]
V  [jvm.dll+0xc65c3]
V  [jvm.dll+0x15975c]
V  [jvm.dll+0x159c46]
V  [jvm.dll+0x16a4f6]
V  [jvm.dll+0x1554d0]
V  [jvm.dll+0x155853]
V  [jvm.dll+0x155b16]
V  [jvm.dll+0x154e8f]
V  [jvm.dll+0x156cb1]
V  [jvm.dll+0x25c819]
V  [jvm.dll+0x25adcb]
V  [jvm.dll+0x3f9936]
V  [jvm.dll+0x85c768]
V  [jvm.dll+0x6d6bdd]
C  [ucrtbase.dll+0x21bb2]
C  [KERNEL32.DLL+0x17614]
C  [ntdll.dll+0x526a1]


---------------  P R O C E S S  ---------------

Threads class SMR info:
_java_thread_list=0x000001f8990d9ed0, length=52, elements={
0x000001f8ddce06c0, 0x000001f8fa46e7e0, 0x000001f8fa471ac0, 0x000001f8fa472990,
0x000001f8fa474400, 0x000001f8fa475290, 0x000001f8fa475ea0, 0x000001f8fa482590,
0x000001f8fa484440, 0x000001f8fa691a60, 0x000001f8fa7b63e0, 0x000001f895da8a80,
0x000001f89502fb80, 0x000001f896152880, 0x000001f89614a750, 0x000001f89614adc0,
0x000001f895f25c30, 0x000001f895f85cd0, 0x000001f895f83570, 0x000001f895f84920,
0x000001f895f85640, 0x000001f895f86360, 0x000001f895f84fb0, 0x000001f895f82ee0,
0x000001f895f84290, 0x000001f897cc0740, 0x000001f897cc3530, 0x000001f897cc00b0,
0x000001f897cc1af0, 0x000001f897cc5600, 0x000001f897cc4250, 0x000001f897cc3bc0,
0x000001f897cc4f70, 0x000001f897cc1460, 0x000001f897cbed00, 0x000001f897cc2180,
0x000001f897cbe670, 0x000001f897cc5c90, 0x000001f897cc0dd0, 0x000001f897cbfa20,
0x000001f898ea8900, 0x000001f898ea4df0, 0x000001f898ea9620, 0x000001f898ea8270,
0x000001f898ea3a40, 0x000001f898ea7550, 0x000001f898ea8f90, 0x000001f898ea61a0,
0x000001f898ea7be0, 0x000001f898ea9cb0, 0x000001f898ea5480, 0x000001f898eaa340
}

Java Threads: ( => current thread )
  0x000001f8ddce06c0 JavaThread "main"                              [_thread_blocked, id=14008, stack(0x0000007da8200000,0x0000007da8300000) (1024K)]
  0x000001f8fa46e7e0 JavaThread "Reference Handler"          daemon [_thread_blocked, id=12496, stack(0x0000007da8a00000,0x0000007da8b00000) (1024K)]
  0x000001f8fa471ac0 JavaThread "Finalizer"                  daemon [_thread_blocked, id=13224, stack(0x0000007da8b00000,0x0000007da8c00000) (1024K)]
  0x000001f8fa472990 JavaThread "Signal Dispatcher"          daemon [_thread_blocked, id=4884, stack(0x0000007da8c00000,0x0000007da8d00000) (1024K)]
  0x000001f8fa474400 JavaThread "Attach Listener"            daemon [_thread_blocked, id=6176, stack(0x0000007da8d00000,0x0000007da8e00000) (1024K)]
  0x000001f8fa475290 JavaThread "Service Thread"             daemon [_thread_blocked, id=14780, stack(0x0000007da8e00000,0x0000007da8f00000) (1024K)]
  0x000001f8fa475ea0 JavaThread "Monitor Deflation Thread"   daemon [_thread_blocked, id=13612, stack(0x0000007da8f00000,0x0000007da9000000) (1024K)]
  0x000001f8fa482590 JavaThread "C2 CompilerThread0"         daemon [_thread_blocked, id=6444, stack(0x0000007da9000000,0x0000007da9100000) (1024K)]
=>0x000001f8fa484440 JavaThread "C1 CompilerThread0"         daemon [_thread_in_native, id=14656, stack(0x0000007da9100000,0x0000007da9200000) (1024K)]
  0x000001f8fa691a60 JavaThread "Common-Cleaner"             daemon [_thread_blocked, id=13644, stack(0x0000007da9200000,0x0000007da9300000) (1024K)]
  0x000001f8fa7b63e0 JavaThread "Notification Thread"        daemon [_thread_blocked, id=7656, stack(0x0000007da9300000,0x0000007da9400000) (1024K)]
  0x000001f895da8a80 JavaThread "Daemon health stats"               [_thread_blocked, id=14860, stack(0x0000007da9700000,0x0000007da9800000) (1024K)]
  0x000001f89502fb80 JavaThread "Incoming local TCP Connector on port 63337"        [_thread_in_native, id=5852, stack(0x0000007da9800000,0x0000007da9900000) (1024K)]
  0x000001f896152880 JavaThread "Daemon periodic checks"            [_thread_blocked, id=10644, stack(0x0000007da9900000,0x0000007da9a00000) (1024K)]
  0x000001f89614a750 JavaThread "Daemon"                            [_thread_blocked, id=13260, stack(0x0000007da9a00000,0x0000007da9b00000) (1024K)]
  0x000001f89614adc0 JavaThread "Handler for socket connection from /127.0.0.1:63337 to /127.0.0.1:63338"        [_thread_in_native, id=14044, stack(0x0000007da9b00000,0x0000007da9c00000) (1024K)]
  0x000001f895f25c30 JavaThread "Cancel handler"                    [_thread_blocked, id=4600, stack(0x0000007da9c00000,0x0000007da9d00000) (1024K)]
  0x000001f895f85cd0 JavaThread "Daemon worker"                     [_thread_blocked, id=2592, stack(0x0000007da9d00000,0x0000007da9e00000) (1024K)]
  0x000001f895f83570 JavaThread "Asynchronous log dispatcher for DefaultDaemonConnection: socket connection from /127.0.0.1:63337 to /127.0.0.1:63338"        [_thread_blocked, id=5920, stack(0x0000007da9e00000,0x0000007da9f00000) (1024K)]
  0x000001f895f84920 JavaThread "Stdin handler"                     [_thread_blocked, id=4080, stack(0x0000007da9f00000,0x0000007daa000000) (1024K)]
  0x000001f895f85640 JavaThread "Daemon client event forwarder"        [_thread_blocked, id=13360, stack(0x0000007daa000000,0x0000007daa100000) (1024K)]
  0x000001f895f86360 JavaThread "Cache worker for journal cache (C:\Users\ASUS\.gradle\caches\journal-1)"        [_thread_blocked, id=12768, stack(0x0000007daa100000,0x0000007daa200000) (1024K)]
  0x000001f895f84fb0 JavaThread "File lock request listener"        [_thread_blocked, id=11908, stack(0x0000007daa200000,0x0000007daa300000) (1024K)]
  0x000001f895f82ee0 JavaThread "Cache worker for file hash cache (C:\Users\ASUS\.gradle\caches\8.11.1\fileHashes)"        [_thread_blocked, id=13440, stack(0x0000007daa300000,0x0000007daa400000) (1024K)]
  0x000001f895f84290 JavaThread "Cache worker for file content cache (C:\Users\ASUS\.gradle\caches\8.11.1\fileContent)"        [_thread_blocked, id=11576, stack(0x0000007daa400000,0x0000007daa500000) (1024K)]
  0x000001f897cc0740 JavaThread "Cache worker for file hash cache (D:\codegym\bat_dong_san\case_study_module_4\case_study\case_study\.gradle\8.11.1\fileHashes)"        [_thread_blocked, id=11036, stack(0x0000007daa500000,0x0000007daa600000) (1024K)]
  0x000001f897cc3530 JavaThread "Cache worker for Build Output Cleanup Cache (D:\codegym\bat_dong_san\case_study_module_4\case_study\case_study\.gradle\buildOutputCleanup)"        [_thread_blocked, id=10560, stack(0x0000007daa600000,0x0000007daa700000) (1024K)]
  0x000001f897cc00b0 JavaThread "File watcher server"        daemon [_thread_in_native, id=10088, stack(0x0000007daa700000,0x0000007daa800000) (1024K)]
  0x000001f897cc1af0 JavaThread "File watcher consumer"      daemon [_thread_blocked, id=2276, stack(0x0000007daa800000,0x0000007daa900000) (1024K)]
  0x000001f897cc5600 JavaThread "Cache worker for checksums cache (D:\codegym\bat_dong_san\case_study_module_4\case_study\case_study\.gradle\8.11.1\checksums)"        [_thread_blocked, id=10532, stack(0x0000007daa900000,0x0000007daaa00000) (1024K)]
  0x000001f897cc4250 JavaThread "Cache worker for cache directory md-rule (C:\Users\ASUS\.gradle\caches\8.11.1\md-rule)"        [_thread_blocked, id=14176, stack(0x0000007daaa00000,0x0000007daab00000) (1024K)]
  0x000001f897cc3bc0 JavaThread "Cache worker for cache directory md-supplier (C:\Users\ASUS\.gradle\caches\8.11.1\md-supplier)"        [_thread_blocked, id=3604, stack(0x0000007daab00000,0x0000007daac00000) (1024K)]
  0x000001f897cc4f70 JavaThread "jar transforms"                    [_thread_blocked, id=13812, stack(0x0000007daac00000,0x0000007daad00000) (1024K)]
  0x000001f897cc1460 JavaThread "jar transforms Thread 2"           [_thread_blocked, id=9724, stack(0x0000007daad00000,0x0000007daae00000) (1024K)]
  0x000001f897cbed00 JavaThread "jar transforms Thread 3"           [_thread_blocked, id=7604, stack(0x0000007daae00000,0x0000007daaf00000) (1024K)]
  0x000001f897cc2180 JavaThread "jar transforms Thread 4"           [_thread_blocked, id=11880, stack(0x0000007daaf00000,0x0000007dab000000) (1024K)]
  0x000001f897cbe670 JavaThread "Unconstrained build operations"        [_thread_blocked, id=8176, stack(0x0000007dab000000,0x0000007dab100000) (1024K)]
  0x000001f897cc5c90 JavaThread "Unconstrained build operations Thread 2"        [_thread_blocked, id=14012, stack(0x0000007dab100000,0x0000007dab200000) (1024K)]
  0x000001f897cc0dd0 JavaThread "Unconstrained build operations Thread 3"        [_thread_blocked, id=15124, stack(0x0000007dab200000,0x0000007dab300000) (1024K)]
  0x000001f897cbfa20 JavaThread "Unconstrained build operations Thread 4"        [_thread_blocked, id=7600, stack(0x0000007dab300000,0x0000007dab400000) (1024K)]
  0x000001f898ea8900 JavaThread "Unconstrained build operations Thread 5"        [_thread_blocked, id=15128, stack(0x0000007dab400000,0x0000007dab500000) (1024K)]
  0x000001f898ea4df0 JavaThread "Unconstrained build operations Thread 6"        [_thread_blocked, id=13756, stack(0x0000007dab500000,0x0000007dab600000) (1024K)]
  0x000001f898ea9620 JavaThread "Unconstrained build operations Thread 7"        [_thread_blocked, id=10120, stack(0x0000007dab600000,0x0000007dab700000) (1024K)]
  0x000001f898ea8270 JavaThread "Unconstrained build operations Thread 8"        [_thread_blocked, id=10528, stack(0x0000007dab700000,0x0000007dab800000) (1024K)]
  0x000001f898ea3a40 JavaThread "Unconstrained build operations Thread 9"        [_thread_blocked, id=13016, stack(0x0000007dab800000,0x0000007dab900000) (1024K)]
  0x000001f898ea7550 JavaThread "Memory manager"                    [_thread_blocked, id=9836, stack(0x0000007dab900000,0x0000007daba00000) (1024K)]
  0x000001f898ea8f90 JavaThread "ForkJoinPool.commonPool-worker-1" daemon [_thread_blocked, id=8824, stack(0x0000007daba00000,0x0000007dabb00000) (1024K)]
  0x000001f898ea61a0 JavaThread "ForkJoinPool.commonPool-worker-2" daemon [_thread_blocked, id=13436, stack(0x0000007dabb00000,0x0000007dabc00000) (1024K)]
  0x000001f898ea7be0 JavaThread "ForkJoinPool.commonPool-worker-3" daemon [_thread_blocked, id=7204, stack(0x0000007dabc00000,0x0000007dabd00000) (1024K)]
  0x000001f898ea9cb0 JavaThread "Exec process"               daemon [_thread_in_native, id=8684, stack(0x0000007dabd00000,0x0000007dabe00000) (1024K)]
  0x000001f898ea5480 JavaThread "Exec process Thread 2"      daemon [_thread_in_native, id=3048, stack(0x0000007dabe00000,0x0000007dabf00000) (1024K)]
  0x000001f898eaa340 JavaThread "Exec process Thread 3"      daemon [_thread_in_native, id=7552, stack(0x0000007dabf00000,0x0000007dac000000) (1024K)]
Total: 52

Other Threads:
  0x000001f8fa4524b0 VMThread "VM Thread"                           [id=10880, stack(0x0000007da8900000,0x0000007da8a00000) (1024K)]
  0x000001f8fa43b290 WatcherThread "VM Periodic Task Thread"        [id=12688, stack(0x0000007da8800000,0x0000007da8900000) (1024K)]
  0x000001f8dfe92d70 WorkerThread "GC Thread#0"                     [id=13936, stack(0x0000007da8300000,0x0000007da8400000) (1024K)]
  0x000001f8fa8719a0 WorkerThread "GC Thread#1"                     [id=11000, stack(0x0000007da9400000,0x0000007da9500000) (1024K)]
  0x000001f8fa871d40 WorkerThread "GC Thread#2"                     [id=14808, stack(0x0000007da9500000,0x0000007da9600000) (1024K)]
  0x000001f8fa8720e0 WorkerThread "GC Thread#3"                     [id=2044, stack(0x0000007da9600000,0x0000007da9700000) (1024K)]
  0x000001f8dfe97e10 ConcurrentGCThread "G1 Main Marker"            [id=13188, stack(0x0000007da8400000,0x0000007da8500000) (1024K)]
  0x000001f8dfe99030 WorkerThread "G1 Conc#0"                       [id=9276, stack(0x0000007da8500000,0x0000007da8600000) (1024K)]
  0x000001f8dff3eb20 ConcurrentGCThread "G1 Refine#0"               [id=1048, stack(0x0000007da8600000,0x0000007da8700000) (1024K)]
  0x000001f8fa3107f0 ConcurrentGCThread "G1 Service"                [id=4272, stack(0x0000007da8700000,0x0000007da8800000) (1024K)]
Total: 10

Threads with active compile tasks:
C1 CompilerThread0    15931 6613       3       javax.management.ObjectName::construct (1135 bytes)
Total: 1

VM state: not at safepoint (normal execution)

VM Mutex/Monitor currently owned by a thread: None

OutOfMemory and StackOverflow Exception counts:
OutOfMemoryError java_heap_errors=1
LinkageErrors=176

Heap address: 0x00000000e0000000, size: 512 MB, Compressed Oops mode: 32-bit

CDS archive(s) mapped at: [0x000001f880000000-0x000001f880c90000-0x000001f880c90000), size 13172736, SharedBaseAddress: 0x000001f880000000, ArchiveRelocationMode: 1.
Compressed class space mapped at: 0x000001f881000000-0x000001f895000000, reserved size: 335544320
Narrow klass base: 0x000001f880000000, Narrow klass shift: 0, Narrow klass range: 0x100000000

GC Precious Log:
 CardTable entry size: 512
 Card Set container configuration: InlinePtr #cards 5 size 8 Array Of Cards #cards 12 size 40 Howl #buckets 4 coarsen threshold 1843 Howl Bitmap #cards 512 size 80 coarsen threshold 460 Card regions per heap region 1 cards per card region 2048
 CPUs: 4 total, 4 available
 Memory: 8076M
 Large Page Support: Disabled
 NUMA Support: Disabled
 Compressed Oops: Enabled (32-bit)
 Heap Region Size: 1M
 Heap Min Capacity: 256M
 Heap Initial Capacity: 256M
 Heap Max Capacity: 512M
 Pre-touch: Disabled
 Parallel Workers: 4
 Concurrent Workers: 1
 Concurrent Refinement Workers: 4
 Periodic GC: Disabled

Heap:
 garbage-first heap   total 262144K, used 120996K [0x00000000e0000000, 0x0000000100000000)
  region size 1024K, 96 young (98304K), 16 survivors (16384K)
 Metaspace       used 55367K, committed 57216K, reserved 393216K
  class space    used 8061K, committed 8960K, reserved 327680K

Heap Regions: E=young(eden), S=young(survivor), O=old, HS=humongous(starts), HC=humongous(continues), CS=collection set, F=free, TAMS=top-at-mark-start, PB=parsable bottom
|   0|0x00000000e0000000, 0x00000000e0100000, 0x00000000e0100000|100%|HS|  |TAMS 0x00000000e0000000| PB 0x00000000e0000000| Complete 
|   1|0x00000000e0100000, 0x00000000e0200000, 0x00000000e0200000|100%|HC|  |TAMS 0x00000000e0100000| PB 0x00000000e0100000| Complete 
|   2|0x00000000e0200000, 0x00000000e0300000, 0x00000000e0300000|100%|HC|  |TAMS 0x00000000e0200000| PB 0x00000000e0200000| Complete 
|   3|0x00000000e0300000, 0x00000000e0300000, 0x00000000e0400000|  0%| F|  |TAMS 0x00000000e0300000| PB 0x00000000e0300000| Untracked 
|   4|0x00000000e0400000, 0x00000000e0500000, 0x00000000e0500000|100%| O|  |TAMS 0x00000000e0400000| PB 0x00000000e0400000| Untracked 
|   5|0x00000000e0500000, 0x00000000e0600000, 0x00000000e0600000|100%| O|  |TAMS 0x00000000e0500000| PB 0x00000000e0500000| Untracked 
|   6|0x00000000e0600000, 0x00000000e0700000, 0x00000000e0700000|100%| O|  |TAMS 0x00000000e0600000| PB 0x00000000e0600000| Untracked 
|   7|0x00000000e0700000, 0x00000000e0800000, 0x00000000e0800000|100%|HS|  |TAMS 0x00000000e0700000| PB 0x00000000e0700000| Complete 
|   8|0x00000000e0800000, 0x00000000e0900000, 0x00000000e0900000|100%| O|  |TAMS 0x00000000e0800000| PB 0x00000000e0800000| Untracked 
|   9|0x00000000e0900000, 0x00000000e0a00000, 0x00000000e0a00000|100%| O|  |TAMS 0x00000000e0900000| PB 0x00000000e0900000| Untracked 
|  10|0x00000000e0a00000, 0x00000000e0b00000, 0x00000000e0b00000|100%| O|  |TAMS 0x00000000e0a00000| PB 0x00000000e0a00000| Untracked 
|  11|0x00000000e0b00000, 0x00000000e0c00000, 0x00000000e0c00000|100%| O|  |TAMS 0x00000000e0b00000| PB 0x00000000e0b00000| Untracked 
|  12|0x00000000e0c00000, 0x00000000e0d00000, 0x00000000e0d00000|100%| O|  |TAMS 0x00000000e0c00000| PB 0x00000000e0c00000| Untracked 
|  13|0x00000000e0d00000, 0x00000000e0e00000, 0x00000000e0e00000|100%| O|  |TAMS 0x00000000e0d00000| PB 0x00000000e0d00000| Untracked 
|  14|0x00000000e0e00000, 0x00000000e0f00000, 0x00000000e0f00000|100%| O|  |TAMS 0x00000000e0e00000| PB 0x00000000e0e00000| Untracked 
|  15|0x00000000e0f00000, 0x00000000e1000000, 0x00000000e1000000|100%| O|  |TAMS 0x00000000e0f00000| PB 0x00000000e0f00000| Untracked 
|  16|0x00000000e1000000, 0x00000000e1100000, 0x00000000e1100000|100%| O|  |TAMS 0x00000000e1000000| PB 0x00000000e1000000| Untracked 
|  17|0x00000000e1100000, 0x00000000e1200000, 0x00000000e1200000|100%| O|  |TAMS 0x00000000e1100000| PB 0x00000000e1100000| Untracked 
|  18|0x00000000e1200000, 0x00000000e1300000, 0x00000000e1300000|100%| O|  |TAMS 0x00000000e1200000| PB 0x00000000e1200000| Untracked 
|  19|0x00000000e1300000, 0x00000000e1400000, 0x00000000e1400000|100%| O|  |TAMS 0x00000000e1300000| PB 0x00000000e1300000| Untracked 
|  20|0x00000000e1400000, 0x00000000e1500000, 0x00000000e1500000|100%| O|  |TAMS 0x00000000e1400000| PB 0x00000000e1400000| Untracked 
|  21|0x00000000e1500000, 0x00000000e1600000, 0x00000000e1600000|100%| O|  |TAMS 0x00000000e1500000| PB 0x00000000e1500000| Untracked 
|  22|0x00000000e1600000, 0x00000000e1700000, 0x00000000e1700000|100%| O|  |TAMS 0x00000000e1600000| PB 0x00000000e1600000| Untracked 
|  23|0x00000000e1700000, 0x00000000e1800000, 0x00000000e1800000|100%| O|Cm|TAMS 0x00000000e1700000| PB 0x00000000e1700000| Complete 
|  24|0x00000000e1800000, 0x00000000e1832fc0, 0x00000000e1900000| 19%| O|  |TAMS 0x00000000e1800000| PB 0x00000000e1800000| Untracked 
|  25|0x00000000e1900000, 0x00000000e1900000, 0x00000000e1a00000|  0%| F|  |TAMS 0x00000000e1900000| PB 0x00000000e1900000| Untracked 
|  26|0x00000000e1a00000, 0x00000000e1a00000, 0x00000000e1b00000|  0%| F|  |TAMS 0x00000000e1a00000| PB 0x00000000e1a00000| Untracked 
|  27|0x00000000e1b00000, 0x00000000e1b00000, 0x00000000e1c00000|  0%| F|  |TAMS 0x00000000e1b00000| PB 0x00000000e1b00000| Untracked 
|  28|0x00000000e1c00000, 0x00000000e1c00000, 0x00000000e1d00000|  0%| F|  |TAMS 0x00000000e1c00000| PB 0x00000000e1c00000| Untracked 
|  29|0x00000000e1d00000, 0x00000000e1d00000, 0x00000000e1e00000|  0%| F|  |TAMS 0x00000000e1d00000| PB 0x00000000e1d00000| Untracked 
|  30|0x00000000e1e00000, 0x00000000e1e00000, 0x00000000e1f00000|  0%| F|  |TAMS 0x00000000e1e00000| PB 0x00000000e1e00000| Untracked 
|  31|0x00000000e1f00000, 0x00000000e1f00000, 0x00000000e2000000|  0%| F|  |TAMS 0x00000000e1f00000| PB 0x00000000e1f00000| Untracked 
|  32|0x00000000e2000000, 0x00000000e2000000, 0x00000000e2100000|  0%| F|  |TAMS 0x00000000e2000000| PB 0x00000000e2000000| Untracked 
|  33|0x00000000e2100000, 0x00000000e2100000, 0x00000000e2200000|  0%| F|  |TAMS 0x00000000e2100000| PB 0x00000000e2100000| Untracked 
|  34|0x00000000e2200000, 0x00000000e2200000, 0x00000000e2300000|  0%| F|  |TAMS 0x00000000e2200000| PB 0x00000000e2200000| Untracked 
|  35|0x00000000e2300000, 0x00000000e2300000, 0x00000000e2400000|  0%| F|  |TAMS 0x00000000e2300000| PB 0x00000000e2300000| Untracked 
|  36|0x00000000e2400000, 0x00000000e2400000, 0x00000000e2500000|  0%| F|  |TAMS 0x00000000e2400000| PB 0x00000000e2400000| Untracked 
|  37|0x00000000e2500000, 0x00000000e2500000, 0x00000000e2600000|  0%| F|  |TAMS 0x00000000e2500000| PB 0x00000000e2500000| Untracked 
|  38|0x00000000e2600000, 0x00000000e2600000, 0x00000000e2700000|  0%| F|  |TAMS 0x00000000e2600000| PB 0x00000000e2600000| Untracked 
|  39|0x00000000e2700000, 0x00000000e2700000, 0x00000000e2800000|  0%| F|  |TAMS 0x00000000e2700000| PB 0x00000000e2700000| Untracked 
|  40|0x00000000e2800000, 0x00000000e2800000, 0x00000000e2900000|  0%| F|  |TAMS 0x00000000e2800000| PB 0x00000000e2800000| Untracked 
|  41|0x00000000e2900000, 0x00000000e2900000, 0x00000000e2a00000|  0%| F|  |TAMS 0x00000000e2900000| PB 0x00000000e2900000| Untracked 
|  42|0x00000000e2a00000, 0x00000000e2a00000, 0x00000000e2b00000|  0%| F|  |TAMS 0x00000000e2a00000| PB 0x00000000e2a00000| Untracked 
|  43|0x00000000e2b00000, 0x00000000e2b00000, 0x00000000e2c00000|  0%| F|  |TAMS 0x00000000e2b00000| PB 0x00000000e2b00000| Untracked 
|  44|0x00000000e2c00000, 0x00000000e2c00000, 0x00000000e2d00000|  0%| F|  |TAMS 0x00000000e2c00000| PB 0x00000000e2c00000| Untracked 
|  45|0x00000000e2d00000, 0x00000000e2d00000, 0x00000000e2e00000|  0%| F|  |TAMS 0x00000000e2d00000| PB 0x00000000e2d00000| Untracked 
|  46|0x00000000e2e00000, 0x00000000e2e00000, 0x00000000e2f00000|  0%| F|  |TAMS 0x00000000e2e00000| PB 0x00000000e2e00000| Untracked 
|  47|0x00000000e2f00000, 0x00000000e2f00000, 0x00000000e3000000|  0%| F|  |TAMS 0x00000000e2f00000| PB 0x00000000e2f00000| Untracked 
|  48|0x00000000e3000000, 0x00000000e3000000, 0x00000000e3100000|  0%| F|  |TAMS 0x00000000e3000000| PB 0x00000000e3000000| Untracked 
|  49|0x00000000e3100000, 0x00000000e3100000, 0x00000000e3200000|  0%| F|  |TAMS 0x00000000e3100000| PB 0x00000000e3100000| Untracked 
|  50|0x00000000e3200000, 0x00000000e3200000, 0x00000000e3300000|  0%| F|  |TAMS 0x00000000e3200000| PB 0x00000000e3200000| Untracked 
|  51|0x00000000e3300000, 0x00000000e3300000, 0x00000000e3400000|  0%| F|  |TAMS 0x00000000e3300000| PB 0x00000000e3300000| Untracked 
|  52|0x00000000e3400000, 0x00000000e3400000, 0x00000000e3500000|  0%| F|  |TAMS 0x00000000e3400000| PB 0x00000000e3400000| Untracked 
|  53|0x00000000e3500000, 0x00000000e3500000, 0x00000000e3600000|  0%| F|  |TAMS 0x00000000e3500000| PB 0x00000000e3500000| Untracked 
|  54|0x00000000e3600000, 0x00000000e3600000, 0x00000000e3700000|  0%| F|  |TAMS 0x00000000e3600000| PB 0x00000000e3600000| Untracked 
|  55|0x00000000e3700000, 0x00000000e3700000, 0x00000000e3800000|  0%| F|  |TAMS 0x00000000e3700000| PB 0x00000000e3700000| Untracked 
|  56|0x00000000e3800000, 0x00000000e3800000, 0x00000000e3900000|  0%| F|  |TAMS 0x00000000e3800000| PB 0x00000000e3800000| Untracked 
|  57|0x00000000e3900000, 0x00000000e3900000, 0x00000000e3a00000|  0%| F|  |TAMS 0x00000000e3900000| PB 0x00000000e3900000| Untracked 
|  58|0x00000000e3a00000, 0x00000000e3a00000, 0x00000000e3b00000|  0%| F|  |TAMS 0x00000000e3a00000| PB 0x00000000e3a00000| Untracked 
|  59|0x00000000e3b00000, 0x00000000e3b00000, 0x00000000e3c00000|  0%| F|  |TAMS 0x00000000e3b00000| PB 0x00000000e3b00000| Untracked 
|  60|0x00000000e3c00000, 0x00000000e3c00000, 0x00000000e3d00000|  0%| F|  |TAMS 0x00000000e3c00000| PB 0x00000000e3c00000| Untracked 
|  61|0x00000000e3d00000, 0x00000000e3d00000, 0x00000000e3e00000|  0%| F|  |TAMS 0x00000000e3d00000| PB 0x00000000e3d00000| Untracked 
|  62|0x00000000e3e00000, 0x00000000e3e00000, 0x00000000e3f00000|  0%| F|  |TAMS 0x00000000e3e00000| PB 0x00000000e3e00000| Untracked 
|  63|0x00000000e3f00000, 0x00000000e3f00000, 0x00000000e4000000|  0%| F|  |TAMS 0x00000000e3f00000| PB 0x00000000e3f00000| Untracked 
|  64|0x00000000e4000000, 0x00000000e4000000, 0x00000000e4100000|  0%| F|  |TAMS 0x00000000e4000000| PB 0x00000000e4000000| Untracked 
|  65|0x00000000e4100000, 0x00000000e4100000, 0x00000000e4200000|  0%| F|  |TAMS 0x00000000e4100000| PB 0x00000000e4100000| Untracked 
|  66|0x00000000e4200000, 0x00000000e4200000, 0x00000000e4300000|  0%| F|  |TAMS 0x00000000e4200000| PB 0x00000000e4200000| Untracked 
|  67|0x00000000e4300000, 0x00000000e4300000, 0x00000000e4400000|  0%| F|  |TAMS 0x00000000e4300000| PB 0x00000000e4300000| Untracked 
|  68|0x00000000e4400000, 0x00000000e4400000, 0x00000000e4500000|  0%| F|  |TAMS 0x00000000e4400000| PB 0x00000000e4400000| Untracked 
|  69|0x00000000e4500000, 0x00000000e4500000, 0x00000000e4600000|  0%| F|  |TAMS 0x00000000e4500000| PB 0x00000000e4500000| Untracked 
|  70|0x00000000e4600000, 0x00000000e4600000, 0x00000000e4700000|  0%| F|  |TAMS 0x00000000e4600000| PB 0x00000000e4600000| Untracked 
|  71|0x00000000e4700000, 0x00000000e4700000, 0x00000000e4800000|  0%| F|  |TAMS 0x00000000e4700000| PB 0x00000000e4700000| Untracked 
|  72|0x00000000e4800000, 0x00000000e4800000, 0x00000000e4900000|  0%| F|  |TAMS 0x00000000e4800000| PB 0x00000000e4800000| Untracked 
|  73|0x00000000e4900000, 0x00000000e4900000, 0x00000000e4a00000|  0%| F|  |TAMS 0x00000000e4900000| PB 0x00000000e4900000| Untracked 
|  74|0x00000000e4a00000, 0x00000000e4a00000, 0x00000000e4b00000|  0%| F|  |TAMS 0x00000000e4a00000| PB 0x00000000e4a00000| Untracked 
|  75|0x00000000e4b00000, 0x00000000e4b00000, 0x00000000e4c00000|  0%| F|  |TAMS 0x00000000e4b00000| PB 0x00000000e4b00000| Untracked 
|  76|0x00000000e4c00000, 0x00000000e4c00000, 0x00000000e4d00000|  0%| F|  |TAMS 0x00000000e4c00000| PB 0x00000000e4c00000| Untracked 
|  77|0x00000000e4d00000, 0x00000000e4d00000, 0x00000000e4e00000|  0%| F|  |TAMS 0x00000000e4d00000| PB 0x00000000e4d00000| Untracked 
|  78|0x00000000e4e00000, 0x00000000e4e00000, 0x00000000e4f00000|  0%| F|  |TAMS 0x00000000e4e00000| PB 0x00000000e4e00000| Untracked 
|  79|0x00000000e4f00000, 0x00000000e4f00000, 0x00000000e5000000|  0%| F|  |TAMS 0x00000000e4f00000| PB 0x00000000e4f00000| Untracked 
|  80|0x00000000e5000000, 0x00000000e5000000, 0x00000000e5100000|  0%| F|  |TAMS 0x00000000e5000000| PB 0x00000000e5000000| Untracked 
|  81|0x00000000e5100000, 0x00000000e5100000, 0x00000000e5200000|  0%| F|  |TAMS 0x00000000e5100000| PB 0x00000000e5100000| Untracked 
|  82|0x00000000e5200000, 0x00000000e5200000, 0x00000000e5300000|  0%| F|  |TAMS 0x00000000e5200000| PB 0x00000000e5200000| Untracked 
|  83|0x00000000e5300000, 0x00000000e5300000, 0x00000000e5400000|  0%| F|  |TAMS 0x00000000e5300000| PB 0x00000000e5300000| Untracked 
|  84|0x00000000e5400000, 0x00000000e5400000, 0x00000000e5500000|  0%| F|  |TAMS 0x00000000e5400000| PB 0x00000000e5400000| Untracked 
|  85|0x00000000e5500000, 0x00000000e5500000, 0x00000000e5600000|  0%| F|  |TAMS 0x00000000e5500000| PB 0x00000000e5500000| Untracked 
|  86|0x00000000e5600000, 0x00000000e5600000, 0x00000000e5700000|  0%| F|  |TAMS 0x00000000e5600000| PB 0x00000000e5600000| Untracked 
|  87|0x00000000e5700000, 0x00000000e57f6190, 0x00000000e5800000| 96%| S|CS|TAMS 0x00000000e5700000| PB 0x00000000e5700000| Complete 
|  88|0x00000000e5800000, 0x00000000e5900000, 0x00000000e5900000|100%| S|CS|TAMS 0x00000000e5800000| PB 0x00000000e5800000| Complete 
|  89|0x00000000e5900000, 0x00000000e5a00000, 0x00000000e5a00000|100%| S|CS|TAMS 0x00000000e5900000| PB 0x00000000e5900000| Complete 
|  90|0x00000000e5a00000, 0x00000000e5b00000, 0x00000000e5b00000|100%| S|CS|TAMS 0x00000000e5a00000| PB 0x00000000e5a00000| Complete 
|  91|0x00000000e5b00000, 0x00000000e5c00000, 0x00000000e5c00000|100%| S|CS|TAMS 0x00000000e5b00000| PB 0x00000000e5b00000| Complete 
|  92|0x00000000e5c00000, 0x00000000e5d00000, 0x00000000e5d00000|100%| S|CS|TAMS 0x00000000e5c00000| PB 0x00000000e5c00000| Complete 
|  93|0x00000000e5d00000, 0x00000000e5e00000, 0x00000000e5e00000|100%| S|CS|TAMS 0x00000000e5d00000| PB 0x00000000e5d00000| Complete 
|  94|0x00000000e5e00000, 0x00000000e5f00000, 0x00000000e5f00000|100%| S|CS|TAMS 0x00000000e5e00000| PB 0x00000000e5e00000| Complete 
|  95|0x00000000e5f00000, 0x00000000e6000000, 0x00000000e6000000|100%| S|CS|TAMS 0x00000000e5f00000| PB 0x00000000e5f00000| Complete 
|  96|0x00000000e6000000, 0x00000000e6100000, 0x00000000e6100000|100%| S|CS|TAMS 0x00000000e6000000| PB 0x00000000e6000000| Complete 
|  97|0x00000000e6100000, 0x00000000e6200000, 0x00000000e6200000|100%| S|CS|TAMS 0x00000000e6100000| PB 0x00000000e6100000| Complete 
|  98|0x00000000e6200000, 0x00000000e6300000, 0x00000000e6300000|100%| S|CS|TAMS 0x00000000e6200000| PB 0x00000000e6200000| Complete 
|  99|0x00000000e6300000, 0x00000000e6400000, 0x00000000e6400000|100%| S|CS|TAMS 0x00000000e6300000| PB 0x00000000e6300000| Complete 
| 100|0x00000000e6400000, 0x00000000e6500000, 0x00000000e6500000|100%| S|CS|TAMS 0x00000000e6400000| PB 0x00000000e6400000| Complete 
| 101|0x00000000e6500000, 0x00000000e6600000, 0x00000000e6600000|100%| S|CS|TAMS 0x00000000e6500000| PB 0x00000000e6500000| Complete 
| 102|0x00000000e6600000, 0x00000000e6700000, 0x00000000e6700000|100%| S|CS|TAMS 0x00000000e6600000| PB 0x00000000e6600000| Complete 
| 103|0x00000000e6700000, 0x00000000e6700000, 0x00000000e6800000|  0%| F|  |TAMS 0x00000000e6700000| PB 0x00000000e6700000| Untracked 
| 104|0x00000000e6800000, 0x00000000e6800000, 0x00000000e6900000|  0%| F|  |TAMS 0x00000000e6800000| PB 0x00000000e6800000| Untracked 
| 105|0x00000000e6900000, 0x00000000e6900000, 0x00000000e6a00000|  0%| F|  |TAMS 0x00000000e6900000| PB 0x00000000e6900000| Untracked 
| 106|0x00000000e6a00000, 0x00000000e6a00000, 0x00000000e6b00000|  0%| F|  |TAMS 0x00000000e6a00000| PB 0x00000000e6a00000| Untracked 
| 107|0x00000000e6b00000, 0x00000000e6b00000, 0x00000000e6c00000|  0%| F|  |TAMS 0x00000000e6b00000| PB 0x00000000e6b00000| Untracked 
| 108|0x00000000e6c00000, 0x00000000e6c00000, 0x00000000e6d00000|  0%| F|  |TAMS 0x00000000e6c00000| PB 0x00000000e6c00000| Untracked 
| 109|0x00000000e6d00000, 0x00000000e6d00000, 0x00000000e6e00000|  0%| F|  |TAMS 0x00000000e6d00000| PB 0x00000000e6d00000| Untracked 
| 110|0x00000000e6e00000, 0x00000000e6e00000, 0x00000000e6f00000|  0%| F|  |TAMS 0x00000000e6e00000| PB 0x00000000e6e00000| Untracked 
| 111|0x00000000e6f00000, 0x00000000e6f00000, 0x00000000e7000000|  0%| F|  |TAMS 0x00000000e6f00000| PB 0x00000000e6f00000| Untracked 
| 112|0x00000000e7000000, 0x00000000e7000000, 0x00000000e7100000|  0%| F|  |TAMS 0x00000000e7000000| PB 0x00000000e7000000| Untracked 
| 113|0x00000000e7100000, 0x00000000e7100000, 0x00000000e7200000|  0%| F|  |TAMS 0x00000000e7100000| PB 0x00000000e7100000| Untracked 
| 114|0x00000000e7200000, 0x00000000e7200000, 0x00000000e7300000|  0%| F|  |TAMS 0x00000000e7200000| PB 0x00000000e7200000| Untracked 
| 115|0x00000000e7300000, 0x00000000e7300000, 0x00000000e7400000|  0%| F|  |TAMS 0x00000000e7300000| PB 0x00000000e7300000| Untracked 
| 116|0x00000000e7400000, 0x00000000e7400000, 0x00000000e7500000|  0%| F|  |TAMS 0x00000000e7400000| PB 0x00000000e7400000| Untracked 
| 117|0x00000000e7500000, 0x00000000e7500000, 0x00000000e7600000|  0%| F|  |TAMS 0x00000000e7500000| PB 0x00000000e7500000| Untracked 
| 118|0x00000000e7600000, 0x00000000e7600000, 0x00000000e7700000|  0%| F|  |TAMS 0x00000000e7600000| PB 0x00000000e7600000| Untracked 
| 119|0x00000000e7700000, 0x00000000e7700000, 0x00000000e7800000|  0%| F|  |TAMS 0x00000000e7700000| PB 0x00000000e7700000| Untracked 
| 120|0x00000000e7800000, 0x00000000e7800000, 0x00000000e7900000|  0%| F|  |TAMS 0x00000000e7800000| PB 0x00000000e7800000| Untracked 
| 121|0x00000000e7900000, 0x00000000e7900000, 0x00000000e7a00000|  0%| F|  |TAMS 0x00000000e7900000| PB 0x00000000e7900000| Untracked 
| 122|0x00000000e7a00000, 0x00000000e7a00000, 0x00000000e7b00000|  0%| F|  |TAMS 0x00000000e7a00000| PB 0x00000000e7a00000| Untracked 
| 123|0x00000000e7b00000, 0x00000000e7b00000, 0x00000000e7c00000|  0%| F|  |TAMS 0x00000000e7b00000| PB 0x00000000e7b00000| Untracked 
| 124|0x00000000e7c00000, 0x00000000e7c00000, 0x00000000e7d00000|  0%| F|  |TAMS 0x00000000e7c00000| PB 0x00000000e7c00000| Untracked 
| 125|0x00000000e7d00000, 0x00000000e7d00000, 0x00000000e7e00000|  0%| F|  |TAMS 0x00000000e7d00000| PB 0x00000000e7d00000| Untracked 
| 126|0x00000000e7e00000, 0x00000000e7e00000, 0x00000000e7f00000|  0%| F|  |TAMS 0x00000000e7e00000| PB 0x00000000e7e00000| Untracked 
| 127|0x00000000e7f00000, 0x00000000e7f00000, 0x00000000e8000000|  0%| F|  |TAMS 0x00000000e7f00000| PB 0x00000000e7f00000| Untracked 
| 128|0x00000000e8000000, 0x00000000e8000000, 0x00000000e8100000|  0%| F|  |TAMS 0x00000000e8000000| PB 0x00000000e8000000| Untracked 
| 129|0x00000000e8100000, 0x00000000e8100000, 0x00000000e8200000|  0%| F|  |TAMS 0x00000000e8100000| PB 0x00000000e8100000| Untracked 
| 130|0x00000000e8200000, 0x00000000e8200000, 0x00000000e8300000|  0%| F|  |TAMS 0x00000000e8200000| PB 0x00000000e8200000| Untracked 
| 131|0x00000000e8300000, 0x00000000e8300000, 0x00000000e8400000|  0%| F|  |TAMS 0x00000000e8300000| PB 0x00000000e8300000| Untracked 
| 132|0x00000000e8400000, 0x00000000e8400000, 0x00000000e8500000|  0%| F|  |TAMS 0x00000000e8400000| PB 0x00000000e8400000| Untracked 
| 133|0x00000000e8500000, 0x00000000e8500000, 0x00000000e8600000|  0%| F|  |TAMS 0x00000000e8500000| PB 0x00000000e8500000| Untracked 
| 134|0x00000000e8600000, 0x00000000e8600000, 0x00000000e8700000|  0%| F|  |TAMS 0x00000000e8600000| PB 0x00000000e8600000| Untracked 
| 135|0x00000000e8700000, 0x00000000e8700000, 0x00000000e8800000|  0%| F|  |TAMS 0x00000000e8700000| PB 0x00000000e8700000| Untracked 
| 136|0x00000000e8800000, 0x00000000e8800000, 0x00000000e8900000|  0%| F|  |TAMS 0x00000000e8800000| PB 0x00000000e8800000| Untracked 
| 137|0x00000000e8900000, 0x00000000e8900000, 0x00000000e8a00000|  0%| F|  |TAMS 0x00000000e8900000| PB 0x00000000e8900000| Untracked 
| 138|0x00000000e8a00000, 0x00000000e8a00000, 0x00000000e8b00000|  0%| F|  |TAMS 0x00000000e8a00000| PB 0x00000000e8a00000| Untracked 
| 139|0x00000000e8b00000, 0x00000000e8b00000, 0x00000000e8c00000|  0%| F|  |TAMS 0x00000000e8b00000| PB 0x00000000e8b00000| Untracked 
| 140|0x00000000e8c00000, 0x00000000e8c00000, 0x00000000e8d00000|  0%| F|  |TAMS 0x00000000e8c00000| PB 0x00000000e8c00000| Untracked 
| 141|0x00000000e8d00000, 0x00000000e8d00000, 0x00000000e8e00000|  0%| F|  |TAMS 0x00000000e8d00000| PB 0x00000000e8d00000| Untracked 
| 142|0x00000000e8e00000, 0x00000000e8e00000, 0x00000000e8f00000|  0%| F|  |TAMS 0x00000000e8e00000| PB 0x00000000e8e00000| Untracked 
| 143|0x00000000e8f00000, 0x00000000e8f00000, 0x00000000e9000000|  0%| F|  |TAMS 0x00000000e8f00000| PB 0x00000000e8f00000| Untracked 
| 144|0x00000000e9000000, 0x00000000e9000000, 0x00000000e9100000|  0%| F|  |TAMS 0x00000000e9000000| PB 0x00000000e9000000| Untracked 
| 145|0x00000000e9100000, 0x00000000e9100000, 0x00000000e9200000|  0%| F|  |TAMS 0x00000000e9100000| PB 0x00000000e9100000| Untracked 
| 146|0x00000000e9200000, 0x00000000e9200000, 0x00000000e9300000|  0%| F|  |TAMS 0x00000000e9200000| PB 0x00000000e9200000| Untracked 
| 147|0x00000000e9300000, 0x00000000e9300000, 0x00000000e9400000|  0%| F|  |TAMS 0x00000000e9300000| PB 0x00000000e9300000| Untracked 
| 148|0x00000000e9400000, 0x00000000e9400000, 0x00000000e9500000|  0%| F|  |TAMS 0x00000000e9400000| PB 0x00000000e9400000| Untracked 
| 149|0x00000000e9500000, 0x00000000e9500000, 0x00000000e9600000|  0%| F|  |TAMS 0x00000000e9500000| PB 0x00000000e9500000| Untracked 
| 150|0x00000000e9600000, 0x00000000e9600000, 0x00000000e9700000|  0%| F|  |TAMS 0x00000000e9600000| PB 0x00000000e9600000| Untracked 
| 151|0x00000000e9700000, 0x00000000e9700000, 0x00000000e9800000|  0%| F|  |TAMS 0x00000000e9700000| PB 0x00000000e9700000| Untracked 
| 152|0x00000000e9800000, 0x00000000e9800000, 0x00000000e9900000|  0%| F|  |TAMS 0x00000000e9800000| PB 0x00000000e9800000| Untracked 
| 153|0x00000000e9900000, 0x00000000e9900000, 0x00000000e9a00000|  0%| F|  |TAMS 0x00000000e9900000| PB 0x00000000e9900000| Untracked 
| 154|0x00000000e9a00000, 0x00000000e9a00000, 0x00000000e9b00000|  0%| F|  |TAMS 0x00000000e9a00000| PB 0x00000000e9a00000| Untracked 
| 155|0x00000000e9b00000, 0x00000000e9b00000, 0x00000000e9c00000|  0%| F|  |TAMS 0x00000000e9b00000| PB 0x00000000e9b00000| Untracked 
| 156|0x00000000e9c00000, 0x00000000e9c00000, 0x00000000e9d00000|  0%| F|  |TAMS 0x00000000e9c00000| PB 0x00000000e9c00000| Untracked 
| 157|0x00000000e9d00000, 0x00000000e9d00000, 0x00000000e9e00000|  0%| F|  |TAMS 0x00000000e9d00000| PB 0x00000000e9d00000| Untracked 
| 158|0x00000000e9e00000, 0x00000000e9e00000, 0x00000000e9f00000|  0%| F|  |TAMS 0x00000000e9e00000| PB 0x00000000e9e00000| Untracked 
| 159|0x00000000e9f00000, 0x00000000e9f00000, 0x00000000ea000000|  0%| F|  |TAMS 0x00000000e9f00000| PB 0x00000000e9f00000| Untracked 
| 160|0x00000000ea000000, 0x00000000ea000000, 0x00000000ea100000|  0%| F|  |TAMS 0x00000000ea000000| PB 0x00000000ea000000| Untracked 
| 161|0x00000000ea100000, 0x00000000ea100000, 0x00000000ea200000|  0%| F|  |TAMS 0x00000000ea100000| PB 0x00000000ea100000| Untracked 
| 162|0x00000000ea200000, 0x00000000ea200000, 0x00000000ea300000|  0%| F|  |TAMS 0x00000000ea200000| PB 0x00000000ea200000| Untracked 
| 163|0x00000000ea300000, 0x00000000ea300000, 0x00000000ea400000|  0%| F|  |TAMS 0x00000000ea300000| PB 0x00000000ea300000| Untracked 
| 164|0x00000000ea400000, 0x00000000ea400000, 0x00000000ea500000|  0%| F|  |TAMS 0x00000000ea400000| PB 0x00000000ea400000| Untracked 
| 165|0x00000000ea500000, 0x00000000ea500000, 0x00000000ea600000|  0%| F|  |TAMS 0x00000000ea500000| PB 0x00000000ea500000| Untracked 
| 166|0x00000000ea600000, 0x00000000ea600000, 0x00000000ea700000|  0%| F|  |TAMS 0x00000000ea600000| PB 0x00000000ea600000| Untracked 
| 167|0x00000000ea700000, 0x00000000ea700000, 0x00000000ea800000|  0%| F|  |TAMS 0x00000000ea700000| PB 0x00000000ea700000| Untracked 
| 168|0x00000000ea800000, 0x00000000ea800000, 0x00000000ea900000|  0%| F|  |TAMS 0x00000000ea800000| PB 0x00000000ea800000| Untracked 
| 169|0x00000000ea900000, 0x00000000ea900000, 0x00000000eaa00000|  0%| F|  |TAMS 0x00000000ea900000| PB 0x00000000ea900000| Untracked 
| 170|0x00000000eaa00000, 0x00000000eaa00000, 0x00000000eab00000|  0%| F|  |TAMS 0x00000000eaa00000| PB 0x00000000eaa00000| Untracked 
| 171|0x00000000eab00000, 0x00000000eab00000, 0x00000000eac00000|  0%| F|  |TAMS 0x00000000eab00000| PB 0x00000000eab00000| Untracked 
| 172|0x00000000eac00000, 0x00000000eac00000, 0x00000000ead00000|  0%| F|  |TAMS 0x00000000eac00000| PB 0x00000000eac00000| Untracked 
| 173|0x00000000ead00000, 0x00000000ead00000, 0x00000000eae00000|  0%| F|  |TAMS 0x00000000ead00000| PB 0x00000000ead00000| Untracked 
| 174|0x00000000eae00000, 0x00000000eae00000, 0x00000000eaf00000|  0%| F|  |TAMS 0x00000000eae00000| PB 0x00000000eae00000| Untracked 
| 175|0x00000000eaf00000, 0x00000000eaf00000, 0x00000000eb000000|  0%| F|  |TAMS 0x00000000eaf00000| PB 0x00000000eaf00000| Untracked 
| 176|0x00000000eb000000, 0x00000000eb0d05b0, 0x00000000eb100000| 81%| E|  |TAMS 0x00000000eb000000| PB 0x00000000eb000000| Complete 
| 177|0x00000000eb100000, 0x00000000eb200000, 0x00000000eb200000|100%| E|CS|TAMS 0x00000000eb100000| PB 0x00000000eb100000| Complete 
| 178|0x00000000eb200000, 0x00000000eb300000, 0x00000000eb300000|100%| E|CS|TAMS 0x00000000eb200000| PB 0x00000000eb200000| Complete 
| 179|0x00000000eb300000, 0x00000000eb400000, 0x00000000eb400000|100%| E|CS|TAMS 0x00000000eb300000| PB 0x00000000eb300000| Complete 
| 180|0x00000000eb400000, 0x00000000eb500000, 0x00000000eb500000|100%| E|CS|TAMS 0x00000000eb400000| PB 0x00000000eb400000| Complete 
| 181|0x00000000eb500000, 0x00000000eb600000, 0x00000000eb600000|100%| E|CS|TAMS 0x00000000eb500000| PB 0x00000000eb500000| Complete 
| 182|0x00000000eb600000, 0x00000000eb700000, 0x00000000eb700000|100%| E|CS|TAMS 0x00000000eb600000| PB 0x00000000eb600000| Complete 
| 183|0x00000000eb700000, 0x00000000eb800000, 0x00000000eb800000|100%| E|CS|TAMS 0x00000000eb700000| PB 0x00000000eb700000| Complete 
| 184|0x00000000eb800000, 0x00000000eb900000, 0x00000000eb900000|100%| E|CS|TAMS 0x00000000eb800000| PB 0x00000000eb800000| Complete 
| 185|0x00000000eb900000, 0x00000000eba00000, 0x00000000eba00000|100%| E|CS|TAMS 0x00000000eb900000| PB 0x00000000eb900000| Complete 
| 186|0x00000000eba00000, 0x00000000ebb00000, 0x00000000ebb00000|100%| E|CS|TAMS 0x00000000eba00000| PB 0x00000000eba00000| Complete 
| 187|0x00000000ebb00000, 0x00000000ebc00000, 0x00000000ebc00000|100%| E|CS|TAMS 0x00000000ebb00000| PB 0x00000000ebb00000| Complete 
| 188|0x00000000ebc00000, 0x00000000ebd00000, 0x00000000ebd00000|100%| E|CS|TAMS 0x00000000ebc00000| PB 0x00000000ebc00000| Complete 
| 189|0x00000000ebd00000, 0x00000000ebe00000, 0x00000000ebe00000|100%| E|CS|TAMS 0x00000000ebd00000| PB 0x00000000ebd00000| Complete 
| 190|0x00000000ebe00000, 0x00000000ebf00000, 0x00000000ebf00000|100%| E|CS|TAMS 0x00000000ebe00000| PB 0x00000000ebe00000| Complete 
| 191|0x00000000ebf00000, 0x00000000ec000000, 0x00000000ec000000|100%| E|CS|TAMS 0x00000000ebf00000| PB 0x00000000ebf00000| Complete 
| 192|0x00000000ec000000, 0x00000000ec100000, 0x00000000ec100000|100%| E|CS|TAMS 0x00000000ec000000| PB 0x00000000ec000000| Complete 
| 193|0x00000000ec100000, 0x00000000ec200000, 0x00000000ec200000|100%| E|CS|TAMS 0x00000000ec100000| PB 0x00000000ec100000| Complete 
| 194|0x00000000ec200000, 0x00000000ec300000, 0x00000000ec300000|100%| E|CS|TAMS 0x00000000ec200000| PB 0x00000000ec200000| Complete 
| 195|0x00000000ec300000, 0x00000000ec400000, 0x00000000ec400000|100%| E|CS|TAMS 0x00000000ec300000| PB 0x00000000ec300000| Complete 
| 196|0x00000000ec400000, 0x00000000ec500000, 0x00000000ec500000|100%| E|CS|TAMS 0x00000000ec400000| PB 0x00000000ec400000| Complete 
| 197|0x00000000ec500000, 0x00000000ec600000, 0x00000000ec600000|100%| E|CS|TAMS 0x00000000ec500000| PB 0x00000000ec500000| Complete 
| 198|0x00000000ec600000, 0x00000000ec700000, 0x00000000ec700000|100%| E|CS|TAMS 0x00000000ec600000| PB 0x00000000ec600000| Complete 
| 199|0x00000000ec700000, 0x00000000ec800000, 0x00000000ec800000|100%| E|CS|TAMS 0x00000000ec700000| PB 0x00000000ec700000| Complete 
| 200|0x00000000ec800000, 0x00000000ec900000, 0x00000000ec900000|100%| E|CS|TAMS 0x00000000ec800000| PB 0x00000000ec800000| Complete 
| 201|0x00000000ec900000, 0x00000000eca00000, 0x00000000eca00000|100%| E|CS|TAMS 0x00000000ec900000| PB 0x00000000ec900000| Complete 
| 202|0x00000000eca00000, 0x00000000ecb00000, 0x00000000ecb00000|100%| E|CS|TAMS 0x00000000eca00000| PB 0x00000000eca00000| Complete 
| 203|0x00000000ecb00000, 0x00000000ecc00000, 0x00000000ecc00000|100%| E|CS|TAMS 0x00000000ecb00000| PB 0x00000000ecb00000| Complete 
| 204|0x00000000ecc00000, 0x00000000ecd00000, 0x00000000ecd00000|100%| E|CS|TAMS 0x00000000ecc00000| PB 0x00000000ecc00000| Complete 
| 205|0x00000000ecd00000, 0x00000000ece00000, 0x00000000ece00000|100%| E|CS|TAMS 0x00000000ecd00000| PB 0x00000000ecd00000| Complete 
| 206|0x00000000ece00000, 0x00000000ecf00000, 0x00000000ecf00000|100%| E|CS|TAMS 0x00000000ece00000| PB 0x00000000ece00000| Complete 
| 207|0x00000000ecf00000, 0x00000000ed000000, 0x00000000ed000000|100%| E|CS|TAMS 0x00000000ecf00000| PB 0x00000000ecf00000| Complete 
| 208|0x00000000ed000000, 0x00000000ed100000, 0x00000000ed100000|100%| E|CS|TAMS 0x00000000ed000000| PB 0x00000000ed000000| Complete 
| 209|0x00000000ed100000, 0x00000000ed200000, 0x00000000ed200000|100%| E|CS|TAMS 0x00000000ed100000| PB 0x00000000ed100000| Complete 
| 210|0x00000000ed200000, 0x00000000ed300000, 0x00000000ed300000|100%| E|CS|TAMS 0x00000000ed200000| PB 0x00000000ed200000| Complete 
| 211|0x00000000ed300000, 0x00000000ed400000, 0x00000000ed400000|100%| E|CS|TAMS 0x00000000ed300000| PB 0x00000000ed300000| Complete 
| 212|0x00000000ed400000, 0x00000000ed500000, 0x00000000ed500000|100%| E|CS|TAMS 0x00000000ed400000| PB 0x00000000ed400000| Complete 
| 213|0x00000000ed500000, 0x00000000ed600000, 0x00000000ed600000|100%| E|CS|TAMS 0x00000000ed500000| PB 0x00000000ed500000| Complete 
| 214|0x00000000ed600000, 0x00000000ed700000, 0x00000000ed700000|100%| E|CS|TAMS 0x00000000ed600000| PB 0x00000000ed600000| Complete 
| 215|0x00000000ed700000, 0x00000000ed800000, 0x00000000ed800000|100%| E|CS|TAMS 0x00000000ed700000| PB 0x00000000ed700000| Complete 
| 216|0x00000000ed800000, 0x00000000ed900000, 0x00000000ed900000|100%| E|CS|TAMS 0x00000000ed800000| PB 0x00000000ed800000| Complete 
| 217|0x00000000ed900000, 0x00000000eda00000, 0x00000000eda00000|100%| E|CS|TAMS 0x00000000ed900000| PB 0x00000000ed900000| Complete 
| 218|0x00000000eda00000, 0x00000000edb00000, 0x00000000edb00000|100%| E|CS|TAMS 0x00000000eda00000| PB 0x00000000eda00000| Complete 
| 219|0x00000000edb00000, 0x00000000edc00000, 0x00000000edc00000|100%| E|CS|TAMS 0x00000000edb00000| PB 0x00000000edb00000| Complete 
| 220|0x00000000edc00000, 0x00000000edd00000, 0x00000000edd00000|100%| E|CS|TAMS 0x00000000edc00000| PB 0x00000000edc00000| Complete 
| 221|0x00000000edd00000, 0x00000000ede00000, 0x00000000ede00000|100%| E|CS|TAMS 0x00000000edd00000| PB 0x00000000edd00000| Complete 
| 222|0x00000000ede00000, 0x00000000edf00000, 0x00000000edf00000|100%| E|CS|TAMS 0x00000000ede00000| PB 0x00000000ede00000| Complete 
| 223|0x00000000edf00000, 0x00000000ee000000, 0x00000000ee000000|100%| E|CS|TAMS 0x00000000edf00000| PB 0x00000000edf00000| Complete 
| 224|0x00000000ee000000, 0x00000000ee100000, 0x00000000ee100000|100%| E|CS|TAMS 0x00000000ee000000| PB 0x00000000ee000000| Complete 
| 225|0x00000000ee100000, 0x00000000ee200000, 0x00000000ee200000|100%| E|CS|TAMS 0x00000000ee100000| PB 0x00000000ee100000| Complete 
| 226|0x00000000ee200000, 0x00000000ee300000, 0x00000000ee300000|100%| E|CS|TAMS 0x00000000ee200000| PB 0x00000000ee200000| Complete 
| 227|0x00000000ee300000, 0x00000000ee400000, 0x00000000ee400000|100%| E|CS|TAMS 0x00000000ee300000| PB 0x00000000ee300000| Complete 
| 228|0x00000000ee400000, 0x00000000ee500000, 0x00000000ee500000|100%| E|CS|TAMS 0x00000000ee400000| PB 0x00000000ee400000| Complete 
| 229|0x00000000ee500000, 0x00000000ee600000, 0x00000000ee600000|100%| E|CS|TAMS 0x00000000ee500000| PB 0x00000000ee500000| Complete 
| 230|0x00000000ee600000, 0x00000000ee700000, 0x00000000ee700000|100%| E|CS|TAMS 0x00000000ee600000| PB 0x00000000ee600000| Complete 
| 231|0x00000000ee700000, 0x00000000ee800000, 0x00000000ee800000|100%| E|CS|TAMS 0x00000000ee700000| PB 0x00000000ee700000| Complete 
| 232|0x00000000ee800000, 0x00000000ee900000, 0x00000000ee900000|100%| E|CS|TAMS 0x00000000ee800000| PB 0x00000000ee800000| Complete 
| 233|0x00000000ee900000, 0x00000000eea00000, 0x00000000eea00000|100%| E|CS|TAMS 0x00000000ee900000| PB 0x00000000ee900000| Complete 
| 234|0x00000000eea00000, 0x00000000eeb00000, 0x00000000eeb00000|100%| E|CS|TAMS 0x00000000eea00000| PB 0x00000000eea00000| Complete 
| 235|0x00000000eeb00000, 0x00000000eec00000, 0x00000000eec00000|100%| E|CS|TAMS 0x00000000eeb00000| PB 0x00000000eeb00000| Complete 
| 236|0x00000000eec00000, 0x00000000eed00000, 0x00000000eed00000|100%| E|CS|TAMS 0x00000000eec00000| PB 0x00000000eec00000| Complete 
| 237|0x00000000eed00000, 0x00000000eee00000, 0x00000000eee00000|100%| E|CS|TAMS 0x00000000eed00000| PB 0x00000000eed00000| Complete 
| 238|0x00000000eee00000, 0x00000000eef00000, 0x00000000eef00000|100%| E|CS|TAMS 0x00000000eee00000| PB 0x00000000eee00000| Complete 
| 239|0x00000000eef00000, 0x00000000ef000000, 0x00000000ef000000|100%| E|CS|TAMS 0x00000000eef00000| PB 0x00000000eef00000| Complete 
| 240|0x00000000ef000000, 0x00000000ef100000, 0x00000000ef100000|100%| E|CS|TAMS 0x00000000ef000000| PB 0x00000000ef000000| Complete 
| 241|0x00000000ef100000, 0x00000000ef200000, 0x00000000ef200000|100%| E|CS|TAMS 0x00000000ef100000| PB 0x00000000ef100000| Complete 
| 242|0x00000000ef200000, 0x00000000ef300000, 0x00000000ef300000|100%| E|CS|TAMS 0x00000000ef200000| PB 0x00000000ef200000| Complete 
| 243|0x00000000ef300000, 0x00000000ef400000, 0x00000000ef400000|100%| E|CS|TAMS 0x00000000ef300000| PB 0x00000000ef300000| Complete 
| 244|0x00000000ef400000, 0x00000000ef500000, 0x00000000ef500000|100%| E|CS|TAMS 0x00000000ef400000| PB 0x00000000ef400000| Complete 
| 245|0x00000000ef500000, 0x00000000ef600000, 0x00000000ef600000|100%| E|CS|TAMS 0x00000000ef500000| PB 0x00000000ef500000| Complete 
| 246|0x00000000ef600000, 0x00000000ef700000, 0x00000000ef700000|100%| E|CS|TAMS 0x00000000ef600000| PB 0x00000000ef600000| Complete 
| 247|0x00000000ef700000, 0x00000000ef800000, 0x00000000ef800000|100%| E|CS|TAMS 0x00000000ef700000| PB 0x00000000ef700000| Complete 
| 248|0x00000000ef800000, 0x00000000ef900000, 0x00000000ef900000|100%| E|CS|TAMS 0x00000000ef800000| PB 0x00000000ef800000| Complete 
| 249|0x00000000ef900000, 0x00000000efa00000, 0x00000000efa00000|100%| E|CS|TAMS 0x00000000ef900000| PB 0x00000000ef900000| Complete 
| 250|0x00000000efa00000, 0x00000000efb00000, 0x00000000efb00000|100%| E|CS|TAMS 0x00000000efa00000| PB 0x00000000efa00000| Complete 
| 251|0x00000000efb00000, 0x00000000efc00000, 0x00000000efc00000|100%| E|CS|TAMS 0x00000000efb00000| PB 0x00000000efb00000| Complete 
| 252|0x00000000efc00000, 0x00000000efd00000, 0x00000000efd00000|100%| E|CS|TAMS 0x00000000efc00000| PB 0x00000000efc00000| Complete 
| 253|0x00000000efd00000, 0x00000000efe00000, 0x00000000efe00000|100%| E|CS|TAMS 0x00000000efd00000| PB 0x00000000efd00000| Complete 
| 254|0x00000000efe00000, 0x00000000eff00000, 0x00000000eff00000|100%| E|CS|TAMS 0x00000000efe00000| PB 0x00000000efe00000| Complete 
| 255|0x00000000eff00000, 0x00000000f0000000, 0x00000000f0000000|100%| E|CS|TAMS 0x00000000eff00000| PB 0x00000000eff00000| Complete 

Card table byte_map: [0x000001f8f7560000,0x000001f8f7660000] _byte_map_base: 0x000001f8f6e60000

Marking Bits: (CMBitMap*) 0x000001f8dfe93380
 Bits: [0x000001f8f7660000, 0x000001f8f7e60000)

Polling page: 0x000001f8dde10000

Metaspace:

Usage:
  Non-class:     46.20 MB used.
      Class:      7.87 MB used.
       Both:     54.07 MB used.

Virtual space:
  Non-class space:       64.00 MB reserved,      47.12 MB ( 74%) committed,  1 nodes.
      Class space:      320.00 MB reserved,       8.75 MB (  3%) committed,  1 nodes.
             Both:      384.00 MB reserved,      55.88 MB ( 15%) committed. 

Chunk freelists:
   Non-Class:  224.00 KB
       Class:  7.19 MB
        Both:  7.41 MB

MaxMetaspaceSize: 384.00 MB
CompressedClassSpaceSize: 320.00 MB
Initial GC threshold: 21.00 MB
Current GC threshold: 60.12 MB
CDS: on
 - commit_granule_bytes: 65536.
 - commit_granule_words: 8192.
 - virtual_space_node_default_size: 8388608.
 - enlarge_chunks_in_place: 1.
 - use_allocation_guard: 0.


Internal statistics:

num_allocs_failed_limit: 12.
num_arena_births: 3304.
num_arena_deaths: 0.
num_vsnodes_births: 2.
num_vsnodes_deaths: 0.
num_space_committed: 894.
num_space_uncommitted: 0.
num_chunks_returned_to_freelist: 12.
num_chunks_taken_from_freelist: 6005.
num_chunk_merges: 12.
num_chunk_splits: 3846.
num_chunks_enlarged: 2312.
num_inconsistent_stats: 0.

CodeHeap 'non-profiled nmethods': size=120000Kb used=3435Kb max_used=3435Kb free=116564Kb
 bounds [0x000001f8f0030000, 0x000001f8f0390000, 0x000001f8f7560000]
CodeHeap 'profiled nmethods': size=120000Kb used=11878Kb max_used=11878Kb free=108122Kb
 bounds [0x000001f8e8560000, 0x000001f8e9100000, 0x000001f8efa90000]
CodeHeap 'non-nmethods': size=5760Kb used=2749Kb max_used=2796Kb free=3010Kb
 bounds [0x000001f8efa90000, 0x000001f8efd50000, 0x000001f8f0030000]
 total_blobs=7022 nmethods=6146 adapters=780
 compilation: enabled
              stopped_count=0, restarted_count=0
 full_count=0

Compilation events (20 events):
Event: 14.918 Thread 0x000001f8fa484440 6604       2       org.gradle.internal.logging.text.AbstractLineChoppingStyledTextOutput$2::execute (9 bytes)
Event: 14.918 Thread 0x000001f8fa484440 nmethod 6604 0x000001f8e90f3990 code [0x000001f8e90f3b40, 0x000001f8e90f3ca0]
Event: 14.922 Thread 0x000001f8fa484440 6606       3       java.lang.ProcessEnvironment$CheckedEntry::getValue (5 bytes)
Event: 14.922 Thread 0x000001f8fa484440 nmethod 6606 0x000001f8e90f3d90 code [0x000001f8e90f3f40, 0x000001f8e90f4278]
Event: 14.922 Thread 0x000001f8fa484440 6607       3       java.lang.ProcessEnvironment$CheckedEntry::getValue (13 bytes)
Event: 14.922 Thread 0x000001f8fa484440 nmethod 6607 0x000001f8e90f4390 code [0x000001f8e90f4540, 0x000001f8e90f4808]
Event: 14.922 Thread 0x000001f8fa484440 6609       3       java.lang.ProcessEnvironment$EntryComparator::compare (13 bytes)
Event: 14.922 Thread 0x000001f8fa484440 nmethod 6609 0x000001f8e90f4910 code [0x000001f8e90f4b20, 0x000001f8e90f5278]
Event: 14.922 Thread 0x000001f8fa484440 6608       3       org.gradle.internal.dispatch.ProxyDispatchAdapter$DispatchingInvocationHandler::invoke (184 bytes)
Event: 14.924 Thread 0x000001f8fa482590 nmethod 6602 0x000001f8f0386990 code [0x000001f8f0386bc0, 0x000001f8f03872a8]
Event: 14.924 Thread 0x000001f8fa482590 6603       4       org.gradle.internal.logging.text.AbstractLineChoppingStyledTextOutput$1::execute (140 bytes)
Event: 14.924 Thread 0x000001f8fa484440 nmethod 6608 0x000001f8e90f5410 code [0x000001f8e90f58c0, 0x000001f8e90f7c30]
Event: 14.931 Thread 0x000001f8fa484440 6610   !   3       jdk.internal.misc.ScopedMemoryAccess::copyMemory (27 bytes)
Event: 14.931 Thread 0x000001f8fa482590 nmethod 6603 0x000001f8f0387890 code [0x000001f8f0387aa0, 0x000001f8f0388140]
Event: 14.931 Thread 0x000001f8fa484440 nmethod 6610 0x000001f8e90f8790 code [0x000001f8e90f89a0, 0x000001f8e90f8fc8]
Event: 15.340 Thread 0x000001f8fa482590 6611       4       org.gradle.internal.logging.text.AbstractLineChoppingStyledTextOutput::doAppend (43 bytes)
Event: 15.344 Thread 0x000001f8fa484440 6612       3       java.lang.StringBuilder::append (6 bytes)
Event: 15.345 Thread 0x000001f8fa484440 nmethod 6612 0x000001f8e90f9390 code [0x000001f8e90f9540, 0x000001f8e90f96f0]
Event: 15.369 Thread 0x000001f8fa482590 nmethod 6611 0x000001f8f0388710 code [0x000001f8f0388a20, 0x000001f8f038a178]
Event: 15.875 Thread 0x000001f8fa484440 6613       3       javax.management.ObjectName::construct (1135 bytes)

GC Heap History (16 events):
Event: 0.853 GC heap before
{Heap before GC invocations=0 (full 0):
 garbage-first heap   total 262144K, used 12288K [0x00000000e0000000, 0x0000000100000000)
  region size 1024K, 13 young (13312K), 0 survivors (0K)
 Metaspace       used 823K, committed 960K, reserved 393216K
  class space    used 67K, committed 128K, reserved 327680K
}
Event: 0.863 GC heap after
{Heap after GC invocations=1 (full 0):
 garbage-first heap   total 262144K, used 1280K [0x00000000e0000000, 0x0000000100000000)
  region size 1024K, 2 young (2048K), 2 survivors (2048K)
 Metaspace       used 823K, committed 960K, reserved 393216K
  class space    used 67K, committed 128K, reserved 327680K
}
Event: 1.816 GC heap before
{Heap before GC invocations=1 (full 0):
 garbage-first heap   total 262144K, used 28928K [0x00000000e0000000, 0x0000000100000000)
  region size 1024K, 27 young (27648K), 2 survivors (2048K)
 Metaspace       used 3578K, committed 3712K, reserved 393216K
  class space    used 448K, committed 512K, reserved 327680K
}
Event: 1.820 GC heap after
{Heap after GC invocations=2 (full 0):
 garbage-first heap   total 262144K, used 10256K [0x00000000e0000000, 0x0000000100000000)
  region size 1024K, 4 young (4096K), 4 survivors (4096K)
 Metaspace       used 3578K, committed 3712K, reserved 393216K
  class space    used 448K, committed 512K, reserved 327680K
}
Event: 6.936 GC heap before
{Heap before GC invocations=2 (full 0):
 garbage-first heap   total 262144K, used 163856K [0x00000000e0000000, 0x0000000100000000)
  region size 1024K, 153 young (156672K), 4 survivors (4096K)
 Metaspace       used 20831K, committed 21504K, reserved 393216K
  class space    used 3014K, committed 3328K, reserved 327680K
}
Event: 6.952 GC heap after
{Heap after GC invocations=3 (full 0):
 garbage-first heap   total 262144K, used 24524K [0x00000000e0000000, 0x0000000100000000)
  region size 1024K, 17 young (17408K), 17 survivors (17408K)
 Metaspace       used 20831K, committed 21504K, reserved 393216K
  class space    used 3014K, committed 3328K, reserved 327680K
}
Event: 6.961 GC heap before
{Heap before GC invocations=3 (full 0):
 garbage-first heap   total 262144K, used 25548K [0x00000000e0000000, 0x0000000100000000)
  region size 1024K, 19 young (19456K), 17 survivors (17408K)
 Metaspace       used 20889K, committed 21504K, reserved 393216K
  class space    used 3025K, committed 3328K, reserved 327680K
}
Event: 6.976 GC heap after
{Heap after GC invocations=4 (full 0):
 garbage-first heap   total 262144K, used 25987K [0x00000000e0000000, 0x0000000100000000)
  region size 1024K, 2 young (2048K), 2 survivors (2048K)
 Metaspace       used 20889K, committed 21504K, reserved 393216K
  class space    used 3025K, committed 3328K, reserved 327680K
}
Event: 10.483 GC heap before
{Heap before GC invocations=5 (full 0):
 garbage-first heap   total 262144K, used 117123K [0x00000000e0000000, 0x0000000100000000)
  region size 1024K, 92 young (94208K), 2 survivors (2048K)
 Metaspace       used 34637K, committed 35968K, reserved 393216K
  class space    used 5070K, committed 5760K, reserved 327680K
}
Event: 10.490 GC heap after
{Heap after GC invocations=6 (full 0):
 garbage-first heap   total 262144K, used 30345K [0x00000000e0000000, 0x0000000100000000)
  region size 1024K, 7 young (7168K), 7 survivors (7168K)
 Metaspace       used 34637K, committed 35968K, reserved 393216K
  class space    used 5070K, committed 5760K, reserved 327680K
}
Event: 10.565 GC heap before
{Heap before GC invocations=6 (full 0):
 garbage-first heap   total 262144K, used 33417K [0x00000000e0000000, 0x0000000100000000)
  region size 1024K, 11 young (11264K), 7 survivors (7168K)
 Metaspace       used 35013K, committed 36288K, reserved 393216K
  class space    used 5122K, committed 5760K, reserved 327680K
}
Event: 10.573 GC heap after
{Heap after GC invocations=7 (full 0):
 garbage-first heap   total 262144K, used 30416K [0x00000000e0000000, 0x0000000100000000)
  region size 1024K, 7 young (7168K), 7 survivors (7168K)
 Metaspace       used 35013K, committed 36288K, reserved 393216K
  class space    used 5122K, committed 5760K, reserved 327680K
}
Event: 10.631 GC heap before
{Heap before GC invocations=7 (full 0):
 garbage-first heap   total 262144K, used 31440K [0x00000000e0000000, 0x0000000100000000)
  region size 1024K, 9 young (9216K), 7 survivors (7168K)
 Metaspace       used 35345K, committed 36608K, reserved 393216K
  class space    used 5177K, committed 5824K, reserved 327680K
}
Event: 10.639 GC heap after
{Heap after GC invocations=8 (full 0):
 garbage-first heap   total 262144K, used 30923K [0x00000000e0000000, 0x0000000100000000)
  region size 1024K, 7 young (7168K), 7 survivors (7168K)
 Metaspace       used 35345K, committed 36608K, reserved 393216K
  class space    used 5177K, committed 5824K, reserved 327680K
}
Event: 13.489 GC heap before
{Heap before GC invocations=9 (full 0):
 garbage-first heap   total 262144K, used 186571K [0x00000000e0000000, 0x0000000100000000)
  region size 1024K, 153 young (156672K), 7 survivors (7168K)
 Metaspace       used 49971K, committed 51584K, reserved 393216K
  class space    used 7165K, committed 7936K, reserved 327680K
}
Event: 13.504 GC heap after
{Heap after GC invocations=10 (full 0):
 garbage-first heap   total 262144K, used 40100K [0x00000000e0000000, 0x0000000100000000)
  region size 1024K, 16 young (16384K), 16 survivors (16384K)
 Metaspace       used 49971K, committed 51584K, reserved 393216K
  class space    used 7165K, committed 7936K, reserved 327680K
}

Dll operation events (15 events):
Event: 0.009 Loaded shared library C:\Users\ASUS\.jdks\corretto-21.0.4\bin\java.dll
Event: 0.048 Loaded shared library C:\Users\ASUS\.jdks\corretto-21.0.4\bin\jsvml.dll
Event: 0.162 Loaded shared library C:\Users\ASUS\.jdks\corretto-21.0.4\bin\zip.dll
Event: 0.167 Loaded shared library C:\Users\ASUS\.jdks\corretto-21.0.4\bin\instrument.dll
Event: 0.180 Loaded shared library C:\Users\ASUS\.jdks\corretto-21.0.4\bin\net.dll
Event: 0.182 Loaded shared library C:\Users\ASUS\.jdks\corretto-21.0.4\bin\nio.dll
Event: 0.186 Loaded shared library C:\Users\ASUS\.jdks\corretto-21.0.4\bin\zip.dll
Event: 0.960 Loaded shared library C:\Users\ASUS\.jdks\corretto-21.0.4\bin\jimage.dll
Event: 1.207 Loaded shared library C:\Users\ASUS\.jdks\corretto-21.0.4\bin\verify.dll
Event: 1.438 Loaded shared library C:\Users\ASUS\.gradle\native\c067742578af261105cb4f569cf0c3c89f3d7b1fecec35dd04571415982c5e48\windows-amd64\native-platform.dll
Event: 1.466 Loaded shared library C:\Users\ASUS\.gradle\native\100fb08df4bc3b14c8652ba06237920a3bd2aa13389f12d3474272988ae205f9\windows-amd64\native-platform-file-events.dll
Event: 3.733 Loaded shared library C:\Users\ASUS\.jdks\corretto-21.0.4\bin\management.dll
Event: 3.745 Loaded shared library C:\Users\ASUS\.jdks\corretto-21.0.4\bin\management_ext.dll
Event: 4.405 Loaded shared library C:\Users\ASUS\.jdks\corretto-21.0.4\bin\extnet.dll
Event: 4.677 Loaded shared library C:\Users\ASUS\.jdks\corretto-21.0.4\bin\sunmscapi.dll

Deoptimization events (20 events):
Event: 14.571 Thread 0x000001f895f85cd0 Uncommon trap: trap_request=0xffffff45 fr.pc=0x000001f8f0124850 relative=0x0000000000000190
Event: 14.571 Thread 0x000001f895f85cd0 Uncommon trap: reason=unstable_if action=reinterpret pc=0x000001f8f0124850 method=java.util.stream.AbstractPipeline.evaluate(Ljava/util/stream/TerminalOp;)Ljava/lang/Object; @ 53 c2
Event: 14.571 Thread 0x000001f895f85cd0 DEOPT PACKING pc=0x000001f8f0124850 sp=0x0000007da9df8320
Event: 14.571 Thread 0x000001f895f85cd0 DEOPT UNPACKING pc=0x000001f8efae46a2 sp=0x0000007da9df82e0 mode 2
Event: 14.571 Thread 0x000001f895f85cd0 Uncommon trap: trap_request=0xffffff45 fr.pc=0x000001f8f00eae44 relative=0x0000000000000124
Event: 14.571 Thread 0x000001f895f85cd0 Uncommon trap: reason=unstable_if action=reinterpret pc=0x000001f8f00eae44 method=java.util.stream.AbstractPipeline.sourceSpliterator(I)Ljava/util/Spliterator; @ 82 c2
Event: 14.571 Thread 0x000001f895f85cd0 DEOPT PACKING pc=0x000001f8f00eae44 sp=0x0000007da9df82a0
Event: 14.571 Thread 0x000001f895f85cd0 DEOPT UNPACKING pc=0x000001f8efae46a2 sp=0x0000007da9df8230 mode 2
Event: 14.575 Thread 0x000001f898ea8f90 Uncommon trap: trap_request=0xffffff45 fr.pc=0x000001f8f0122800 relative=0x0000000000000140
Event: 14.575 Thread 0x000001f898ea8f90 Uncommon trap: reason=unstable_if action=reinterpret pc=0x000001f8f0122800 method=java.lang.ThreadLocal.get(Ljava/lang/Thread;)Ljava/lang/Object; @ 7 c2
Event: 14.575 Thread 0x000001f898ea8f90 DEOPT PACKING pc=0x000001f8f0122800 sp=0x0000007dabafe610
Event: 14.575 Thread 0x000001f898ea8f90 DEOPT UNPACKING pc=0x000001f8efae46a2 sp=0x0000007dabafe5a8 mode 2
Event: 14.896 Thread 0x000001f898eaa340 Uncommon trap: trap_request=0xffffff45 fr.pc=0x000001f8f02468a8 relative=0x00000000000008c8
Event: 14.896 Thread 0x000001f898eaa340 Uncommon trap: reason=unstable_if action=reinterpret pc=0x000001f8f02468a8 method=java.io.BufferedInputStream.implRead([BII)I @ 55 c2
Event: 14.896 Thread 0x000001f898eaa340 DEOPT PACKING pc=0x000001f8f02468a8 sp=0x0000007dabffeb70
Event: 14.896 Thread 0x000001f898eaa340 DEOPT UNPACKING pc=0x000001f8efae46a2 sp=0x0000007dabffeb28 mode 2
Event: 14.896 Thread 0x000001f898ea5480 Uncommon trap: trap_request=0xffffff54 fr.pc=0x000001f8f02f9c10 relative=0x0000000000000650
Event: 14.896 Thread 0x000001f898ea5480 Uncommon trap: reason=speculate_null_assert action=make_not_entrant pc=0x000001f8f02f9c10 method=jdk.internal.util.ReferencedKeyMap.internKey(Ljdk/internal/util/ReferencedKeyMap;Ljava/lang/Object;)Ljava/lang/Object; @ 28 c2
Event: 14.896 Thread 0x000001f898ea5480 DEOPT PACKING pc=0x000001f8f02f9c10 sp=0x0000007dabefdf80
Event: 14.896 Thread 0x000001f898ea5480 DEOPT UNPACKING pc=0x000001f8efae46a2 sp=0x0000007dabefdf58 mode 2

Classes loaded (20 events):
Event: 14.622 Loading class jdk/internal/logger/LoggerFinderLoader
Event: 14.623 Loading class jdk/internal/logger/LoggerFinderLoader done
Event: 14.623 Loading class jdk/internal/logger/LoggerFinderLoader$TemporaryLoggerFinder
Event: 14.623 Loading class jdk/internal/logger/LoggerFinderLoader$TemporaryLoggerFinder done
Event: 14.623 Loading class sun/util/logging/internal/LoggingProviderImpl$JULWrapper
Event: 14.650 Loading class java/util/concurrent/LinkedBlockingDeque$Itr
Event: 14.665 Loading class sun/util/logging/PlatformLogger$ConfigurableBridge$LoggerConfiguration
Event: 14.667 Loading class java/util/concurrent/LinkedBlockingDeque$AbstractItr
Event: 14.673 Loading class sun/util/logging/PlatformLogger$ConfigurableBridge$LoggerConfiguration done
Event: 14.673 Loading class sun/util/logging/internal/LoggingProviderImpl$JULWrapper done
Event: 14.674 Loading class java/lang/System$Logger$Level
Event: 14.705 Loading class java/util/concurrent/LinkedBlockingDeque$AbstractItr done
Event: 14.705 Loading class java/util/concurrent/LinkedBlockingDeque$Itr done
Event: 14.710 Loading class java/lang/System$Logger$Level done
Event: 14.921 Loading class java/io/ObjectOutputStream$BlockDataOutputStream
Event: 14.923 Loading class java/io/ObjectOutputStream$BlockDataOutputStream done
Event: 14.923 Loading class java/io/ObjectOutputStream$HandleTable
Event: 14.924 Loading class java/io/ObjectOutputStream$HandleTable done
Event: 14.924 Loading class java/io/ObjectOutputStream$ReplaceTable
Event: 14.928 Loading class java/io/ObjectOutputStream$ReplaceTable done

Classes unloaded (0 events):
No events

Classes redefined (0 events):
No events

Internal exceptions (20 events):
Event: 14.403 Thread 0x000001f895f85cd0 Exception <a 'java/lang/ClassNotFoundException'{0x00000000ec5bee70}: org/gradle/api/internal/artifacts/dsl/DefaultRepositoryHandlerCustomizer> (0x00000000ec5bee70) 
thrown [s\src\hotspot\share\classfile\systemDictionary.cpp, line 312]
Event: 14.406 Thread 0x000001f895f85cd0 Exception <a 'java/lang/ClassNotFoundException'{0x00000000ec41aa50}: org/gradle/api/internal/artifacts/dsl/DefaultRepositoryHandler_DecoratedCustomizer> (0x00000000ec41aa50) 
thrown [s\src\hotspot\share\classfile\systemDictionary.cpp, line 312]
Event: 14.413 Thread 0x000001f895f85cd0 Exception <a 'java/lang/ClassNotFoundException'{0x00000000ec4c4268}: org/gradle/api/internal/artifacts/dsl/dependencies/DefaultDependencyHandler_DecoratedBeanInfo> (0x00000000ec4c4268) 
thrown [s\src\hotspot\share\classfile\systemDictionary.cpp, line 312]
Event: 14.415 Thread 0x000001f895f85cd0 Exception <a 'java/lang/ClassNotFoundException'{0x00000000ec4df300}: org/gradle/api/internal/artifacts/dsl/dependencies/DefaultDependencyHandlerBeanInfo> (0x00000000ec4df300) 
thrown [s\src\hotspot\share\classfile\systemDictionary.cpp, line 312]
Event: 14.416 Thread 0x000001f895f85cd0 Exception <a 'java/lang/ClassNotFoundException'{0x00000000ec4fa350}: org/gradle/api/internal/artifacts/dsl/dependencies/DefaultDependencyHandlerCustomizer> (0x00000000ec4fa350) 
thrown [s\src\hotspot\share\classfile\systemDictionary.cpp, line 312]
Event: 14.420 Thread 0x000001f895f85cd0 Exception <a 'java/lang/ClassNotFoundException'{0x00000000ec349228}: org/gradle/api/internal/artifacts/dsl/dependencies/DefaultDependencyHandler_DecoratedCustomizer> (0x00000000ec349228) 
thrown [s\src\hotspot\share\classfile\systemDictionary.cpp, line 312]
Event: 14.433 Thread 0x000001f895f85cd0 Exception <a 'java/lang/ClassNotFoundException'{0x00000000ebf16e70}: org/gradle/api/internal/tasks/DefaultTaskContainer_DecoratedBeanInfo> (0x00000000ebf16e70) 
thrown [s\src\hotspot\share\classfile\systemDictionary.cpp, line 312]
Event: 14.434 Thread 0x000001f895f85cd0 Exception <a 'java/lang/ClassNotFoundException'{0x00000000ebf2ae30}: org/gradle/api/internal/tasks/DefaultTaskContainerBeanInfo> (0x00000000ebf2ae30) 
thrown [s\src\hotspot\share\classfile\systemDictionary.cpp, line 312]
Event: 14.434 Thread 0x000001f895f85cd0 Exception <a 'java/lang/ClassNotFoundException'{0x00000000ebf3ee10}: org/gradle/api/internal/tasks/DefaultTaskCollectionBeanInfo> (0x00000000ebf3ee10) 
thrown [s\src\hotspot\share\classfile\systemDictionary.cpp, line 312]
Event: 14.435 Thread 0x000001f895f85cd0 Exception <a 'java/lang/ClassNotFoundException'{0x00000000ebf53078}: org/gradle/api/internal/tasks/DefaultTaskCollectionCustomizer> (0x00000000ebf53078) 
thrown [s\src\hotspot\share\classfile\systemDictionary.cpp, line 312]
Event: 14.437 Thread 0x000001f895f85cd0 Exception <a 'java/lang/ClassNotFoundException'{0x00000000ebfba9b0}: org/gradle/api/internal/tasks/DefaultTaskContainerCustomizer> (0x00000000ebfba9b0) 
thrown [s\src\hotspot\share\classfile\systemDictionary.cpp, line 312]
Event: 14.440 Thread 0x000001f895f85cd0 Exception <a 'java/lang/ClassNotFoundException'{0x00000000ebe4a338}: org/gradle/api/internal/tasks/DefaultTaskContainer_DecoratedCustomizer> (0x00000000ebe4a338) 
thrown [s\src\hotspot\share\classfile\systemDictionary.cpp, line 312]
Event: 14.446 Thread 0x000001f895f85cd0 Exception <a 'java/lang/NoSuchMethodError'{0x00000000ebed7190}: 'void java.lang.invoke.DirectMethodHandle$Holder.invokeInterface(java.lang.Object, java.lang.Object, java.lang.Object, java.lang.Object)'> (0x00000000ebed7190) 
thrown [s\src\hotspot\share\interpreter\linkResolver.cpp, line 773]
Event: 14.519 Thread 0x000001f895f85cd0 Exception <a 'java/lang/NoSuchMethodError'{0x00000000eb87ef30}: 'int java.lang.invoke.DirectMethodHandle$Holder.invokeSpecialIFC(java.lang.Object, java.lang.Object, java.lang.Object, java.lang.Object, java.lang.Object)'> (0x00000000eb87ef30) 
thrown [s\src\hotspot\share\interpreter\linkResolver.cpp, line 773]
Event: 14.565 Thread 0x000001f895f85cd0 Exception <a 'java/lang/NoSuchMethodError'{0x00000000eb48d1e8}: 'java.lang.Object java.lang.invoke.DirectMethodHandle$Holder.newInvokeSpecial(java.lang.Object, java.lang.Object, java.lang.Object, java.lang.Object, java.lang.Object, java.lang.Object, int)'> (0x00000000eb48d1e8) 
thrown [s\src\hotspot\share\interpreter\linkResolver.cpp, line 773]
Event: 14.565 Thread 0x000001f895f85cd0 Exception <a 'java/lang/NoSuchMethodError'{0x00000000eb492158}: 'java.lang.Object java.lang.invoke.DirectMethodHandle$Holder.invokeSpecial(java.lang.Object, java.lang.Object, java.lang.Object, java.lang.Object, java.lang.Object, java.lang.Object, java.lang.Object, int)'> (0x00000000eb492158) 
thrown [s\src\hotspot\share\interpreter\linkResolver.cpp, line 773]
Event: 14.565 Thread 0x000001f895f85cd0 Exception <a 'java/lang/NoSuchMethodError'{0x00000000eb496a50}: 'java.lang.Object java.lang.invoke.Invokers$Holder.linkToTargetMethod(java.lang.Object, java.lang.Object, java.lang.Object, java.lang.Object, java.lang.Object, int, java.lang.Object)'> (0x00000000eb496a50) 
thrown [s\src\hotspot\share\interpreter\linkResolver.cpp, line 773]
Event: 14.575 Thread 0x000001f898ea8f90 Implicit null exception at 0x000001f8f0122707 to 0x000001f8f01227e8
Event: 14.611 Thread 0x000001f898ea9cb0 Exception <a 'java/lang/NoSuchMethodError'{0x00000000eb2be5e8}: 'void java.lang.invoke.DirectMethodHandle$Holder.invokeStatic(java.lang.Object, long)'> (0x00000000eb2be5e8) 
thrown [s\src\hotspot\share\interpreter\linkResolver.cpp, line 773]
Event: 14.614 Thread 0x000001f898ea9cb0 Exception <a 'java/lang/NoSuchMethodError'{0x00000000eb2c8a28}: 'java.lang.Object java.lang.invoke.DirectMethodHandle$Holder.invokeStaticInit(java.lang.Object, long, java.lang.Object)'> (0x00000000eb2c8a28) 
thrown [s\src\hotspot\share\interpreter\linkResolver.cpp, line 773]

ZGC Phase Switch (0 events):
No events

VM Operations (20 events):
Event: 12.957 Executing VM operation: HandshakeAllThreads (Deoptimize)
Event: 12.957 Executing VM operation: HandshakeAllThreads (Deoptimize) done
Event: 12.965 Executing VM operation: HandshakeAllThreads (Deoptimize)
Event: 12.965 Executing VM operation: HandshakeAllThreads (Deoptimize) done
Event: 13.136 Executing VM operation: HandshakeAllThreads (Deoptimize)
Event: 13.136 Executing VM operation: HandshakeAllThreads (Deoptimize) done
Event: 13.164 Executing VM operation: ICBufferFull
Event: 13.164 Executing VM operation: ICBufferFull done
Event: 13.311 Executing VM operation: ICBufferFull
Event: 13.312 Executing VM operation: ICBufferFull done
Event: 13.489 Executing VM operation: G1CollectForAllocation (G1 Evacuation Pause)
Event: 13.505 Executing VM operation: G1CollectForAllocation (G1 Evacuation Pause) done
Event: 14.126 Executing VM operation: ICBufferFull
Event: 14.126 Executing VM operation: ICBufferFull done
Event: 14.527 Executing VM operation: ICBufferFull
Event: 14.527 Executing VM operation: ICBufferFull done
Event: 14.718 Executing VM operation: HandshakeAllThreads (Deoptimize)
Event: 14.718 Executing VM operation: HandshakeAllThreads (Deoptimize) done
Event: 15.718 Executing VM operation: Cleanup
Event: 15.718 Executing VM operation: Cleanup done

Memory protections (0 events):
No events

Nmethod flushes (20 events):
Event: 10.682 Thread 0x000001f8fa4524b0 flushing  nmethod 0x000001f8e877d690
Event: 10.682 Thread 0x000001f8fa4524b0 flushing  nmethod 0x000001f8e87d5290
Event: 10.682 Thread 0x000001f8fa4524b0 flushing  nmethod 0x000001f8e87d5890
Event: 10.682 Thread 0x000001f8fa4524b0 flushing  nmethod 0x000001f8e87d5d10
Event: 10.682 Thread 0x000001f8fa4524b0 flushing  nmethod 0x000001f8e87d6090
Event: 10.682 Thread 0x000001f8fa4524b0 flushing  nmethod 0x000001f8e87d6f10
Event: 10.682 Thread 0x000001f8fa4524b0 flushing  nmethod 0x000001f8e87d8710
Event: 10.682 Thread 0x000001f8fa4524b0 flushing  nmethod 0x000001f8e87da110
Event: 10.682 Thread 0x000001f8fa4524b0 flushing  nmethod 0x000001f8e8862190
Event: 10.682 Thread 0x000001f8fa4524b0 flushing  nmethod 0x000001f8e8896a90
Event: 10.682 Thread 0x000001f8fa4524b0 flushing  nmethod 0x000001f8e889b610
Event: 10.682 Thread 0x000001f8fa4524b0 flushing  nmethod 0x000001f8e889ee10
Event: 10.682 Thread 0x000001f8fa4524b0 flushing  nmethod 0x000001f8e889fa10
Event: 10.682 Thread 0x000001f8fa4524b0 flushing  nmethod 0x000001f8e8949e10
Event: 10.682 Thread 0x000001f8fa4524b0 flushing  nmethod 0x000001f8e894bb90
Event: 10.682 Thread 0x000001f8fa4524b0 flushing  nmethod 0x000001f8e8957510
Event: 10.682 Thread 0x000001f8fa4524b0 flushing  nmethod 0x000001f8e89b1f90
Event: 10.682 Thread 0x000001f8fa4524b0 flushing  nmethod 0x000001f8e89bad90
Event: 10.682 Thread 0x000001f8fa4524b0 flushing  nmethod 0x000001f8e8a27c10
Event: 10.682 Thread 0x000001f8fa4524b0 flushing  nmethod 0x000001f8e8a2b910

Events (20 events):
Event: 9.510 Thread 0x000001f895f85cd0 Thread added: 0x000001f897cc4f70
Event: 9.610 Thread 0x000001f895f85cd0 Thread added: 0x000001f897cc1460
Event: 11.177 Thread 0x000001f895f85cd0 Thread added: 0x000001f897cbed00
Event: 11.210 Thread 0x000001f895f85cd0 Thread added: 0x000001f897cc2180
Event: 13.123 Thread 0x000001f895f85cd0 Thread added: 0x000001f897cbe670
Event: 13.123 Thread 0x000001f895f85cd0 Thread added: 0x000001f897cc5c90
Event: 13.123 Thread 0x000001f895f85cd0 Thread added: 0x000001f897cc0dd0
Event: 13.186 Thread 0x000001f895f85cd0 Thread added: 0x000001f897cbfa20
Event: 13.189 Thread 0x000001f895f85cd0 Thread added: 0x000001f898ea8900
Event: 13.190 Thread 0x000001f895f85cd0 Thread added: 0x000001f898ea4df0
Event: 13.253 Thread 0x000001f895f85cd0 Thread added: 0x000001f898ea9620
Event: 13.253 Thread 0x000001f895f85cd0 Thread added: 0x000001f898ea8270
Event: 13.254 Thread 0x000001f895f85cd0 Thread added: 0x000001f898ea3a40
Event: 13.889 Thread 0x000001f895f85cd0 Thread added: 0x000001f898ea7550
Event: 14.575 Thread 0x000001f895f85cd0 Thread added: 0x000001f898ea8f90
Event: 14.575 Thread 0x000001f898ea8f90 Thread added: 0x000001f898ea61a0
Event: 14.575 Thread 0x000001f898ea8f90 Thread added: 0x000001f898ea7be0
Event: 14.601 Thread 0x000001f898ea61a0 Thread added: 0x000001f898ea9cb0
Event: 14.711 Thread 0x000001f898ea9cb0 Thread added: 0x000001f898ea5480
Event: 14.711 Thread 0x000001f898ea9cb0 Thread added: 0x000001f898eaa340


Dynamic libraries:
0x00007ff69c0e0000 - 0x00007ff69c0ee000 	C:\Users\ASUS\.jdks\corretto-21.0.4\bin\java.exe
0x00007ffd06110000 - 0x00007ffd06308000 	C:\Windows\SYSTEM32\ntdll.dll
0x00007ffd04400000 - 0x00007ffd044bf000 	C:\Windows\System32\KERNEL32.DLL
0x00007ffd03910000 - 0x00007ffd03be2000 	C:\Windows\System32\KERNELBASE.dll
0x00007ffd03f70000 - 0x00007ffd04070000 	C:\Windows\System32\ucrtbase.dll
0x00007ffcf9dc0000 - 0x00007ffcf9ddb000 	C:\Users\ASUS\.jdks\corretto-21.0.4\bin\VCRUNTIME140.dll
0x00007ffcf9de0000 - 0x00007ffcf9df8000 	C:\Users\ASUS\.jdks\corretto-21.0.4\bin\jli.dll
0x00007ffd05cb0000 - 0x00007ffd05e51000 	C:\Windows\System32\USER32.dll
0x00007ffd04070000 - 0x00007ffd04092000 	C:\Windows\System32\win32u.dll
0x00007ffcec180000 - 0x00007ffcec41a000 	C:\Windows\WinSxS\amd64_microsoft.windows.common-controls_6595b64144ccf1df_6.0.19041.1110_none_60b5254171f9507e\COMCTL32.dll
0x00007ffd04740000 - 0x00007ffd0476b000 	C:\Windows\System32\GDI32.dll
0x00007ffd06030000 - 0x00007ffd060ce000 	C:\Windows\System32\msvcrt.dll
0x00007ffd03bf0000 - 0x00007ffd03cff000 	C:\Windows\System32\gdi32full.dll
0x00007ffd03870000 - 0x00007ffd0390d000 	C:\Windows\System32\msvcp_win.dll
0x00007ffd04770000 - 0x00007ffd047a2000 	C:\Windows\System32\IMM32.DLL
0x00007ffcefba0000 - 0x00007ffcefbac000 	C:\Users\ASUS\.jdks\corretto-21.0.4\bin\vcruntime140_1.dll
0x00007ffce78b0000 - 0x00007ffce793d000 	C:\Users\ASUS\.jdks\corretto-21.0.4\bin\msvcp140.dll
0x00007ffca04f0000 - 0x00007ffca1286000 	C:\Users\ASUS\.jdks\corretto-21.0.4\bin\server\jvm.dll
0x00007ffd05560000 - 0x00007ffd0560e000 	C:\Windows\System32\ADVAPI32.dll
0x00007ffd04230000 - 0x00007ffd042cc000 	C:\Windows\System32\sechost.dll
0x00007ffd04f60000 - 0x00007ffd05085000 	C:\Windows\System32\RPCRT4.dll
0x00007ffd04640000 - 0x00007ffd046ab000 	C:\Windows\System32\WS2_32.dll
0x00007ffd02d70000 - 0x00007ffd02dbb000 	C:\Windows\SYSTEM32\POWRPROF.dll
0x00007ffcf97f0000 - 0x00007ffcf9817000 	C:\Windows\SYSTEM32\WINMM.dll
0x00007ffcfd820000 - 0x00007ffcfd82a000 	C:\Windows\SYSTEM32\VERSION.dll
0x00007ffd02c40000 - 0x00007ffd02c52000 	C:\Windows\SYSTEM32\UMPDC.dll
0x00007ffd016c0000 - 0x00007ffd016d2000 	C:\Windows\SYSTEM32\kernel.appcore.dll
0x00007ffce8050000 - 0x00007ffce805a000 	C:\Users\ASUS\.jdks\corretto-21.0.4\bin\jimage.dll
0x00007ffcedb20000 - 0x00007ffcedd04000 	C:\Windows\SYSTEM32\DBGHELP.DLL
0x00007ffcecb40000 - 0x00007ffcecb75000 	C:\Windows\SYSTEM32\dbgcore.DLL
0x00007ffd03d00000 - 0x00007ffd03d82000 	C:\Windows\System32\bcryptPrimitives.dll
0x00007ffce79f0000 - 0x00007ffce79fe000 	C:\Users\ASUS\.jdks\corretto-21.0.4\bin\instrument.dll
0x00007ffce79d0000 - 0x00007ffce79ef000 	C:\Users\ASUS\.jdks\corretto-21.0.4\bin\java.dll
0x00007ffd04810000 - 0x00007ffd04f55000 	C:\Windows\System32\SHELL32.dll
0x00007ffd018c0000 - 0x00007ffd02052000 	C:\Windows\SYSTEM32\windows.storage.dll
0x00007ffd05950000 - 0x00007ffd05ca5000 	C:\Windows\System32\combase.dll
0x00007ffd03260000 - 0x00007ffd03290000 	C:\Windows\SYSTEM32\Wldp.dll
0x00007ffd04350000 - 0x00007ffd043fd000 	C:\Windows\System32\SHCORE.dll
0x00007ffd047b0000 - 0x00007ffd04805000 	C:\Windows\System32\shlwapi.dll
0x00007ffd03740000 - 0x00007ffd0375f000 	C:\Windows\SYSTEM32\profapi.dll
0x00007ffc9bdc0000 - 0x00007ffc9be97000 	C:\Users\ASUS\.jdks\corretto-21.0.4\bin\jsvml.dll
0x00007ffce79b0000 - 0x00007ffce79c8000 	C:\Users\ASUS\.jdks\corretto-21.0.4\bin\zip.dll
0x00007ffce79a0000 - 0x00007ffce79b0000 	C:\Users\ASUS\.jdks\corretto-21.0.4\bin\net.dll
0x00007ffcfb500000 - 0x00007ffcfb60c000 	C:\Windows\SYSTEM32\WINHTTP.dll
0x00007ffd02fc0000 - 0x00007ffd0302a000 	C:\Windows\system32\mswsock.dll
0x00007ffce7980000 - 0x00007ffce7996000 	C:\Users\ASUS\.jdks\corretto-21.0.4\bin\nio.dll
0x00007ffce78a0000 - 0x00007ffce78b0000 	C:\Users\ASUS\.jdks\corretto-21.0.4\bin\verify.dll
0x00007ffcfdc60000 - 0x00007ffcfdc87000 	C:\Users\ASUS\.gradle\native\c067742578af261105cb4f569cf0c3c89f3d7b1fecec35dd04571415982c5e48\windows-amd64\native-platform.dll
0x00007ffc9bc70000 - 0x00007ffc9bdb4000 	C:\Users\ASUS\.gradle\native\100fb08df4bc3b14c8652ba06237920a3bd2aa13389f12d3474272988ae205f9\windows-amd64\native-platform-file-events.dll
0x00007ffce7890000 - 0x00007ffce7899000 	C:\Users\ASUS\.jdks\corretto-21.0.4\bin\management.dll
0x00007ffce7880000 - 0x00007ffce788b000 	C:\Users\ASUS\.jdks\corretto-21.0.4\bin\management_ext.dll
0x00007ffd05610000 - 0x00007ffd05618000 	C:\Windows\System32\PSAPI.DLL
0x00007ffd031b0000 - 0x00007ffd031c8000 	C:\Windows\SYSTEM32\CRYPTSP.dll
0x00007ffd02800000 - 0x00007ffd02834000 	C:\Windows\system32\rsaenh.dll
0x00007ffd03ef0000 - 0x00007ffd03f17000 	C:\Windows\System32\bcrypt.dll
0x00007ffd03700000 - 0x00007ffd0372e000 	C:\Windows\SYSTEM32\USERENV.dll
0x00007ffd031d0000 - 0x00007ffd031dc000 	C:\Windows\SYSTEM32\CRYPTBASE.dll
0x00007ffd02c60000 - 0x00007ffd02c9b000 	C:\Windows\SYSTEM32\IPHLPAPI.DLL
0x00007ffd06020000 - 0x00007ffd06028000 	C:\Windows\System32\NSI.dll
0x00007ffce7870000 - 0x00007ffce7879000 	C:\Users\ASUS\.jdks\corretto-21.0.4\bin\extnet.dll
0x00007ffce7860000 - 0x00007ffce786e000 	C:\Users\ASUS\.jdks\corretto-21.0.4\bin\sunmscapi.dll
0x00007ffd03d90000 - 0x00007ffd03ee6000 	C:\Windows\System32\CRYPT32.dll
0x00007ffd032d0000 - 0x00007ffd032f7000 	C:\Windows\SYSTEM32\ncrypt.dll
0x00007ffd03290000 - 0x00007ffd032cb000 	C:\Windows\SYSTEM32\NTASN1.dll
0x00007ffcfc810000 - 0x00007ffcfc817000 	C:\Windows\system32\wshunix.dll

dbghelp: loaded successfully - version: 4.0.5 - missing functions: none
symbol engine: initialized successfully - sym options: 0x614 - pdb path: .;C:\Users\ASUS\.jdks\corretto-21.0.4\bin;C:\Windows\SYSTEM32;C:\Windows\WinSxS\amd64_microsoft.windows.common-controls_6595b64144ccf1df_6.0.19041.1110_none_60b5254171f9507e;C:\Users\ASUS\.jdks\corretto-21.0.4\bin\server;C:\Users\ASUS\.gradle\native\c067742578af261105cb4f569cf0c3c89f3d7b1fecec35dd04571415982c5e48\windows-amd64;C:\Users\ASUS\.gradle\native\100fb08df4bc3b14c8652ba06237920a3bd2aa13389f12d3474272988ae205f9\windows-amd64

VM Arguments:
jvm_args: --add-opens=java.base/java.lang=ALL-UNNAMED --add-opens=java.base/java.lang.invoke=ALL-UNNAMED --add-opens=java.base/java.util=ALL-UNNAMED --add-opens=java.prefs/java.util.prefs=ALL-UNNAMED --add-exports=jdk.compiler/com.sun.tools.javac.api=ALL-UNNAMED --add-exports=jdk.compiler/com.sun.tools.javac.util=ALL-UNNAMED --add-opens=java.base/java.util=ALL-UNNAMED --add-opens=java.prefs/java.util.prefs=ALL-UNNAMED --add-opens=java.base/java.nio.charset=ALL-UNNAMED --add-opens=java.base/java.net=ALL-UNNAMED --add-opens=java.base/java.util.concurrent.atomic=ALL-UNNAMED --add-opens=java.xml/javax.xml.namespace=ALL-UNNAMED -XX:MaxMetaspaceSize=384m -XX:+HeapDumpOnOutOfMemoryError -Xms256m -Xmx512m -Dfile.encoding=windows-1252 -Duser.country=US -Duser.language=en -Duser.variant -javaagent:C:\Users\ASUS\.gradle\wrapper\dists\gradle-8.11.1-bin\bpt9gzteqjrbo1mjrsomdt32c\gradle-8.11.1\lib\agents\gradle-instrumentation-agent-8.11.1.jar 
java_command: org.gradle.launcher.daemon.bootstrap.GradleDaemon 8.11.1
java_class_path (initial): C:\Users\ASUS\.gradle\wrapper\dists\gradle-8.11.1-bin\bpt9gzteqjrbo1mjrsomdt32c\gradle-8.11.1\lib\gradle-daemon-main-8.11.1.jar
Launcher Type: SUN_STANDARD

[Global flags]
     intx CICompilerCount                          = 3                                         {product} {ergonomic}
   size_t CompressedClassSpaceSize                 = 335544320                                 {product} {ergonomic}
     uint ConcGCThreads                            = 1                                         {product} {ergonomic}
     uint G1ConcRefinementThreads                  = 4                                         {product} {ergonomic}
   size_t G1HeapRegionSize                         = 1048576                                   {product} {ergonomic}
    uintx GCDrainStackTargetSize                   = 64                                        {product} {ergonomic}
     bool HeapDumpOnOutOfMemoryError               = true                                   {manageable} {command line}
   size_t InitialHeapSize                          = 268435456                                 {product} {command line}
   size_t MarkStackSize                            = 4194304                                   {product} {ergonomic}
   size_t MaxHeapSize                              = 536870912                                 {product} {command line}
   size_t MaxMetaspaceSize                         = 402653184                                 {product} {command line}
   size_t MaxNewSize                               = 321912832                                 {product} {ergonomic}
   size_t MinHeapDeltaBytes                        = 1048576                                   {product} {ergonomic}
   size_t MinHeapSize                              = 268435456                                 {product} {command line}
    uintx NonNMethodCodeHeapSize                   = 5832780                                {pd product} {ergonomic}
    uintx NonProfiledCodeHeapSize                  = 122912730                              {pd product} {ergonomic}
    uintx ProfiledCodeHeapSize                     = 122912730                              {pd product} {ergonomic}
    uintx ReservedCodeCacheSize                    = 251658240                              {pd product} {ergonomic}
     bool SegmentedCodeCache                       = true                                      {product} {ergonomic}
   size_t SoftMaxHeapSize                          = 536870912                              {manageable} {ergonomic}
     bool UseCompressedOops                        = true                           {product lp64_product} {ergonomic}
     bool UseG1GC                                  = true                                      {product} {ergonomic}
     bool UseLargePagesIndividualAllocation        = false                                  {pd product} {ergonomic}

Logging:
Log output configuration:
 #0: stdout all=warning uptime,level,tags foldmultilines=false
 #1: stderr all=off uptime,level,tags foldmultilines=false

Environment Variables:
PATH=C:\Windows\system32;C:\Windows;C:\Windows\System32\Wbem;C:\Windows\System32\WindowsPowerShell\v1.0\;C:\Windows\System32\OpenSSH\;C:\Program Files\Git\cmd;C:\Users\ASUS\AppData\Local\Microsoft\WindowsApps;;D:\WebStorm 2024.1.5\bin;
USERNAME=ASUS
OS=Windows_NT
PROCESSOR_IDENTIFIER=Intel64 Family 6 Model 158 Stepping 9, GenuineIntel
TMP=C:\Users\ASUS\AppData\Local\Temp
TEMP=C:\Users\ASUS\AppData\Local\Temp




Periodic native trim disabled

---------------  S Y S T E M  ---------------

OS:
 Windows 10 , 64 bit Build 19041 (10.0.19041.2546)
OS uptime: 0 days 9:36 hours

CPU: total 4 (initial active 4) (4 cores per cpu, 1 threads per core) family 6 model 158 stepping 9 microcode 0xb4, cx8, cmov, fxsr, mmx, 3dnowpref, sse, sse2, sse3, ssse3, sse4.1, sse4.2, popcnt, lzcnt, tsc, tscinvbit, avx, avx2, aes, erms, clmul, bmi1, bmi2, adx, fma, vzeroupper, clflush, clflushopt, rdtscp, f16c
Processor Information for all 4 processors :
  Max Mhz: 2501, Current Mhz: 2501, Mhz Limit: 2501

Memory: 4k page, system-wide physical 8076M (325M free)
TotalPageFile size 16542M (AvailPageFile size 0M)
current process WorkingSet (physical memory assigned to process): 360M, peak: 383M
current process commit charge ("private bytes"): 455M, peak: 478M

vm_info: OpenJDK 64-Bit Server VM (21.0.4+7-LTS) for windows-amd64 JRE (21.0.4+7-LTS), built on 2024-07-10T17:34:29Z by "Administrator" with MS VC++ 16.10 / 16.11 (VS2019)

END.
