#
# There is insufficient memory for the Java Runtime Environment to continue.
# Native memory allocation (malloc) failed to allocate 77296 bytes. Error detail: Chunk::new
# Possible reasons:
#   The system is out of physical RAM or swap space
#   This process is running with CompressedOops enabled, and the Java Heap may be blocking the growth of the native heap
# Possible solutions:
#   Reduce memory load on the system
#   Increase physical memory or swap space
#   Check if swap backing store is full
#   Decrease Java heap size (-Xmx/-Xms)
#   Decrease number of Java threads
#   Decrease Java thread stack sizes (-Xss)
#   Set larger code cache with -XX:ReservedCodeCacheSize=
#   JVM is running with Unscaled Compressed Oops mode in which the Java heap is
#     placed in the first 4GB address space. The Java Heap base address is the
#     maximum limit for the native heap growth. Please use -XX:HeapBaseMinAddress
#     to set the Java Heap base and to place the Java Heap above 4GB virtual address.
# This output file may be truncated or incomplete.
#
#  Out of Memory Error (arena.cpp:191), pid=12708, tid=5260
#
# JRE version: OpenJDK Runtime Environment Corretto-17.0.12.7.1 (17.0.12+7) (build 17.0.12+7-LTS)
# Java VM: OpenJDK 64-Bit Server VM Corretto-17.0.12.7.1 (17.0.12+7-LTS, mixed mode, sharing, tiered, compressed oops, compressed class ptrs, g1 gc, windows-amd64)
# No core dump will be written. Minidumps are not enabled by default on client versions of Windows
#

---------------  S U M M A R Y ------------

Command Line: --add-opens=java.base/java.lang=ALL-UNNAMED --add-opens=java.base/java.lang.invoke=ALL-UNNAMED --add-opens=java.base/java.util=ALL-UNNAMED --add-opens=java.prefs/java.util.prefs=ALL-UNNAMED --add-exports=jdk.compiler/com.sun.tools.javac.api=ALL-UNNAMED --add-exports=jdk.compiler/com.sun.tools.javac.util=ALL-UNNAMED --add-opens=java.base/java.util=ALL-UNNAMED --add-opens=java.prefs/java.util.prefs=ALL-UNNAMED --add-opens=java.base/java.nio.charset=ALL-UNNAMED --add-opens=java.base/java.net=ALL-UNNAMED --add-opens=java.base/java.util.concurrent.atomic=ALL-UNNAMED --add-opens=java.xml/javax.xml.namespace=ALL-UNNAMED -XX:MaxMetaspaceSize=384m -XX:+HeapDumpOnOutOfMemoryError -Xms256m -Xmx512m -Dfile.encoding=windows-1252 -Duser.country=US -Duser.language=en -Duser.variant -javaagent:C:\Users\ASUS\.gradle\wrapper\dists\gradle-8.11.1-bin\bpt9gzteqjrbo1mjrsomdt32c\gradle-8.11.1\lib\agents\gradle-instrumentation-agent-8.11.1.jar org.gradle.launcher.daemon.bootstrap.GradleDaemon 8.11.1

Host: Intel(R) Core(TM) i5-7300HQ CPU @ 2.50GHz, 4 cores, 7G,  Windows 10 , 64 bit Build 19041 (10.0.19041.2546)
Time: Fri Feb  7 14:27:10 2025 SE Asia Standard Time elapsed time: 56.318158 seconds (0d 0h 0m 56s)

---------------  T H R E A D  ---------------

Current thread (0x00000258003b8070):  JavaThread "C2 CompilerThread0" daemon [_thread_in_native, id=5260, stack(0x0000006288700000,0x0000006288800000)]


Current CompileTask:
C2:  56318 9159       4       java.util.stream.ReferencePipeline::filter (22 bytes)

Stack: [0x0000006288700000,0x0000006288800000]
Native frames: (J=compiled Java code, j=interpreted, Vv=VM code, C=native code)
V  [jvm.dll+0x67f4f9]
V  [jvm.dll+0x836eaa]
V  [jvm.dll+0x83896e]
V  [jvm.dll+0x838fd3]
V  [jvm.dll+0x247f6f]
V  [jvm.dll+0xac9d4]
V  [jvm.dll+0xad01c]
V  [jvm.dll+0x2af56f]
V  [jvm.dll+0x5864f7]
V  [jvm.dll+0x222e12]
V  [jvm.dll+0x22320f]
V  [jvm.dll+0x21c330]
V  [jvm.dll+0x219831]
V  [jvm.dll+0x1a57bd]
V  [jvm.dll+0x22966d]
V  [jvm.dll+0x22781c]
V  [jvm.dll+0x7ebec7]
V  [jvm.dll+0x7e62ac]
V  [jvm.dll+0x67e3c7]
C  [ucrtbase.dll+0x21bb2]
C  [KERNEL32.DLL+0x17614]
C  [ntdll.dll+0x526a1]


---------------  P R O C E S S  ---------------

Threads class SMR info:
_java_thread_list=0x000002581c9747c0, length=86, elements={
0x0000025865ff67d0, 0x00000258003997d0, 0x000002580039a2a0, 0x00000258003b5950,
0x00000258003b6220, 0x00000258003b6af0, 0x00000258003b73c0, 0x00000258003b8070,
0x00000258003b8a30, 0x00000258003b9340, 0x0000025800384390, 0x0000025800694c30,
0x000002581ae886a0, 0x000002581bb592f0, 0x000002581bd10860, 0x000002581bba61c0,
0x000002581bddc410, 0x000002581b9adf30, 0x000002581b9ac5e0, 0x000002581b9aa780,
0x000002581b9ad510, 0x000002581b9ad000, 0x000002581b9ab6b0, 0x000002581b9ada20,
0x000002581b9acaf0, 0x000002581b9abbc0, 0x000002581b9ac0d0, 0x000002581db06670,
0x000002581db04300, 0x000002581daff710, 0x000002581db02ec0, 0x000002581db029b0,
0x000002581db033d0, 0x000002581db05740, 0x000002581db01a80, 0x000002581db01f90,
0x000002581db024a0, 0x000002581db06160, 0x000002581daffc20, 0x000002581db07090,
0x000002581dbab3e0, 0x000002581dbad240, 0x000002581dbab8f0, 0x000002581dbabe00,
0x000002581dbac310, 0x000002581dbadc60, 0x000002581dbac820, 0x000002581dbad750,
0x000002581dd505d0, 0x000002581dd51500, 0x000002581dd51a10, 0x000002581dd53870,
0x000002581dd50ff0, 0x000002581dd52940, 0x000002581dd50ae0, 0x000002581dd51f20,
0x000002581dd53360, 0x000002581dd500c0, 0x000002581dd52430, 0x000002581dd52e50,
0x000002581d92beb0, 0x000002581d92f150, 0x000002581d92b9a0, 0x000002581d930590,
0x000002581d930aa0, 0x000002581d92c8d0, 0x000002581d92d2f0, 0x000002581d92b490,
0x000002581d92fb70, 0x000002581d930fb0, 0x000002581d92d800, 0x000002581d92c3c0,
0x000002581d92dd10, 0x000002581d929b40, 0x000002581d9314c0, 0x000002581d92cde0,
0x000002581d930080, 0x000002581d92aa70, 0x000002581d92a050, 0x000002581d92e220,
0x000002581d92af80, 0x000002581d92a560, 0x000002581d92e730, 0x000002581d92ec40,
0x000002581d71b520, 0x000002581d71a5f0
}

Java Threads: ( => current thread )
  0x0000025865ff67d0 JavaThread "main" [_thread_blocked, id=10832, stack(0x0000006287a00000,0x0000006287b00000)]
  0x00000258003997d0 JavaThread "Reference Handler" daemon [_thread_blocked, id=12912, stack(0x0000006288100000,0x0000006288200000)]
  0x000002580039a2a0 JavaThread "Finalizer" daemon [_thread_blocked, id=10696, stack(0x0000006288200000,0x0000006288300000)]
  0x00000258003b5950 JavaThread "Signal Dispatcher" daemon [_thread_blocked, id=14548, stack(0x0000006288300000,0x0000006288400000)]
  0x00000258003b6220 JavaThread "Attach Listener" daemon [_thread_blocked, id=15028, stack(0x0000006288400000,0x0000006288500000)]
  0x00000258003b6af0 JavaThread "Service Thread" daemon [_thread_blocked, id=2700, stack(0x0000006288500000,0x0000006288600000)]
  0x00000258003b73c0 JavaThread "Monitor Deflation Thread" daemon [_thread_blocked, id=14672, stack(0x0000006288600000,0x0000006288700000)]
=>0x00000258003b8070 JavaThread "C2 CompilerThread0" daemon [_thread_in_native, id=5260, stack(0x0000006288700000,0x0000006288800000)]
  0x00000258003b8a30 JavaThread "C1 CompilerThread0" daemon [_thread_blocked, id=12176, stack(0x0000006288800000,0x0000006288900000)]
  0x00000258003b9340 JavaThread "Sweeper thread" daemon [_thread_blocked, id=12592, stack(0x0000006288900000,0x0000006288a00000)]
  0x0000025800384390 JavaThread "Common-Cleaner" daemon [_thread_blocked, id=15112, stack(0x0000006288a00000,0x0000006288b00000)]
  0x0000025800694c30 JavaThread "Notification Thread" daemon [_thread_blocked, id=15312, stack(0x0000006288b00000,0x0000006288c00000)]
  0x000002581ae886a0 JavaThread "Daemon health stats" [_thread_blocked, id=7812, stack(0x0000006289000000,0x0000006289100000)]
  0x000002581bb592f0 JavaThread "Incoming local TCP Connector on port 57316" [_thread_in_native, id=6532, stack(0x0000006289100000,0x0000006289200000)]
  0x000002581bd10860 JavaThread "Daemon periodic checks" [_thread_blocked, id=1104, stack(0x0000006289200000,0x0000006289300000)]
  0x000002581bba61c0 JavaThread "Daemon" [_thread_blocked, id=12984, stack(0x0000006289300000,0x0000006289400000)]
  0x000002581bddc410 JavaThread "Handler for socket connection from /127.0.0.1:57316 to /127.0.0.1:57317" [_thread_in_native, id=14992, stack(0x0000006289400000,0x0000006289500000)]
  0x000002581b9adf30 JavaThread "Cancel handler" [_thread_blocked, id=14512, stack(0x0000006289500000,0x0000006289600000)]
  0x000002581b9ac5e0 JavaThread "Daemon worker" [_thread_in_Java, id=5744, stack(0x0000006289600000,0x0000006289700000)]
  0x000002581b9aa780 JavaThread "Asynchronous log dispatcher for DefaultDaemonConnection: socket connection from /127.0.0.1:57316 to /127.0.0.1:57317" [_thread_blocked, id=3976, stack(0x0000006289700000,0x0000006289800000)]
  0x000002581b9ad510 JavaThread "Stdin handler" [_thread_blocked, id=12368, stack(0x0000006289800000,0x0000006289900000)]
  0x000002581b9ad000 JavaThread "Daemon client event forwarder" [_thread_blocked, id=11272, stack(0x0000006289900000,0x0000006289a00000)]
  0x000002581b9ab6b0 JavaThread "Cache worker for journal cache (C:\Users\ASUS\.gradle\caches\journal-1)" [_thread_blocked, id=8364, stack(0x0000006289a00000,0x0000006289b00000)]
  0x000002581b9ada20 JavaThread "File lock request listener" [_thread_in_native, id=13796, stack(0x0000006289b00000,0x0000006289c00000)]
  0x000002581b9acaf0 JavaThread "Cache worker for file hash cache (C:\Users\ASUS\.gradle\caches\8.11.1\fileHashes)" [_thread_blocked, id=6292, stack(0x0000006289c00000,0x0000006289d00000)]
  0x000002581b9abbc0 JavaThread "Cache worker for file content cache (C:\Users\ASUS\.gradle\caches\8.11.1\fileContent)" [_thread_blocked, id=4964, stack(0x0000006289d00000,0x0000006289e00000)]
  0x000002581b9ac0d0 JavaThread "Cache worker for file hash cache (D:\codegym\bat_dong_san\case_study_module_4\case_study\case_study\.gradle\8.11.1\fileHashes)" [_thread_blocked, id=14220, stack(0x0000006289f00000,0x000000628a000000)]
  0x000002581db06670 JavaThread "Cache worker for Build Output Cleanup Cache (D:\codegym\bat_dong_san\case_study_module_4\case_study\case_study\.gradle\buildOutputCleanup)" [_thread_blocked, id=12380, stack(0x000000628a000000,0x000000628a100000)]
  0x000002581db04300 JavaThread "File watcher server" daemon [_thread_in_native, id=14408, stack(0x000000628a200000,0x000000628a300000)]
  0x000002581daff710 JavaThread "File watcher consumer" daemon [_thread_blocked, id=7732, stack(0x000000628a300000,0x000000628a400000)]
  0x000002581db02ec0 JavaThread "Cache worker for checksums cache (D:\codegym\bat_dong_san\case_study_module_4\case_study\case_study\.gradle\8.11.1\checksums)" [_thread_blocked, id=14976, stack(0x0000006289e00000,0x0000006289f00000)]
  0x000002581db029b0 JavaThread "Cache worker for cache directory md-rule (C:\Users\ASUS\.gradle\caches\8.11.1\md-rule)" [_thread_blocked, id=5328, stack(0x000000628a400000,0x000000628a500000)]
  0x000002581db033d0 JavaThread "Cache worker for cache directory md-supplier (C:\Users\ASUS\.gradle\caches\8.11.1\md-supplier)" [_thread_blocked, id=12720, stack(0x000000628a500000,0x000000628a600000)]
  0x000002581db05740 JavaThread "jar transforms" [_thread_blocked, id=9028, stack(0x000000628a600000,0x000000628a700000)]
  0x000002581db01a80 JavaThread "jar transforms Thread 2" [_thread_blocked, id=12008, stack(0x000000628a700000,0x000000628a800000)]
  0x000002581db01f90 JavaThread "File lock release action executor" [_thread_blocked, id=8680, stack(0x000000628a800000,0x000000628a900000)]
  0x000002581db024a0 JavaThread "jar transforms Thread 3" [_thread_blocked, id=13088, stack(0x000000628a900000,0x000000628aa00000)]
  0x000002581db06160 JavaThread "jar transforms Thread 4" [_thread_blocked, id=14212, stack(0x000000628aa00000,0x000000628ab00000)]
  0x000002581daffc20 JavaThread "Unconstrained build operations" [_thread_blocked, id=12052, stack(0x000000628ac00000,0x000000628ad00000)]
  0x000002581db07090 JavaThread "Unconstrained build operations Thread 2" [_thread_blocked, id=12384, stack(0x000000628ad00000,0x000000628ae00000)]
  0x000002581dbab3e0 JavaThread "Unconstrained build operations Thread 3" [_thread_blocked, id=13268, stack(0x000000628ae00000,0x000000628af00000)]
  0x000002581dbad240 JavaThread "Unconstrained build operations Thread 4" [_thread_blocked, id=2488, stack(0x000000628af00000,0x000000628b000000)]
  0x000002581dbab8f0 JavaThread "Unconstrained build operations Thread 5" [_thread_blocked, id=14552, stack(0x000000628b000000,0x000000628b100000)]
  0x000002581dbabe00 JavaThread "Unconstrained build operations Thread 6" [_thread_blocked, id=2424, stack(0x000000628b100000,0x000000628b200000)]
  0x000002581dbac310 JavaThread "Unconstrained build operations Thread 7" [_thread_blocked, id=10068, stack(0x000000628b200000,0x000000628b300000)]
  0x000002581dbadc60 JavaThread "Unconstrained build operations Thread 8" [_thread_blocked, id=3960, stack(0x000000628b300000,0x000000628b400000)]
  0x000002581dbac820 JavaThread "Unconstrained build operations Thread 9" [_thread_blocked, id=10652, stack(0x000000628b400000,0x000000628b500000)]
  0x000002581dbad750 JavaThread "Memory manager" [_thread_blocked, id=9828, stack(0x000000628b500000,0x000000628b600000)]
  0x000002581dd505d0 JavaThread "ForkJoinPool.commonPool-worker-1" daemon [_thread_blocked, id=1876, stack(0x000000628b600000,0x000000628b700000)]
  0x000002581dd51500 JavaThread "ForkJoinPool.commonPool-worker-2" daemon [_thread_blocked, id=13752, stack(0x000000628b700000,0x000000628b800000)]
  0x000002581dd51a10 JavaThread "ForkJoinPool.commonPool-worker-3" daemon [_thread_blocked, id=15292, stack(0x000000628b800000,0x000000628b900000)]
  0x000002581dd53870 JavaThread "Exec process" daemon [_thread_blocked, id=7896, stack(0x000000628b900000,0x000000628ba00000)]
  0x000002581dd50ff0 JavaThread "Exec process Thread 2" daemon [_thread_blocked, id=13244, stack(0x000000628ba00000,0x000000628bb00000)]
  0x000002581dd52940 JavaThread "Exec process Thread 3" daemon [_thread_blocked, id=7956, stack(0x000000628bb00000,0x000000628bc00000)]
  0x000002581dd50ae0 JavaThread "Daemon Thread 2" [_thread_blocked, id=14704, stack(0x000000628bc00000,0x000000628bd00000)]
  0x000002581dd51f20 JavaThread "Unconstrained build operations Thread 10" [_thread_blocked, id=13040, stack(0x000000628bf00000,0x000000628c000000)]
  0x000002581dd53360 JavaThread "Unconstrained build operations Thread 11" [_thread_blocked, id=11596, stack(0x000000628c000000,0x000000628c100000)]
  0x000002581dd500c0 JavaThread "Unconstrained build operations Thread 12" [_thread_blocked, id=2420, stack(0x000000628c100000,0x000000628c200000)]
  0x000002581dd52430 JavaThread "Unconstrained build operations Thread 13" [_thread_blocked, id=14644, stack(0x000000628c200000,0x000000628c300000)]
  0x000002581dd52e50 JavaThread "Unconstrained build operations Thread 14" [_thread_blocked, id=14000, stack(0x000000628c300000,0x000000628c400000)]
  0x000002581d92beb0 JavaThread "Unconstrained build operations Thread 15" [_thread_blocked, id=11588, stack(0x000000628c400000,0x000000628c500000)]
  0x000002581d92f150 JavaThread "Unconstrained build operations Thread 16" [_thread_blocked, id=2524, stack(0x000000628c500000,0x000000628c600000)]
  0x000002581d92b9a0 JavaThread "Unconstrained build operations Thread 17" [_thread_blocked, id=15004, stack(0x000000628c600000,0x000000628c700000)]
  0x000002581d930590 JavaThread "Unconstrained build operations Thread 18" [_thread_blocked, id=7680, stack(0x000000628c700000,0x000000628c800000)]
  0x000002581d930aa0 JavaThread "Unconstrained build operations Thread 19" [_thread_blocked, id=14856, stack(0x000000628c800000,0x000000628c900000)]
  0x000002581d92c8d0 JavaThread "Unconstrained build operations Thread 20" [_thread_blocked, id=13064, stack(0x000000628c900000,0x000000628ca00000)]
  0x000002581d92d2f0 JavaThread "Unconstrained build operations Thread 21" [_thread_blocked, id=4340, stack(0x000000628ca00000,0x000000628cb00000)]
  0x000002581d92b490 JavaThread "Unconstrained build operations Thread 22" [_thread_blocked, id=2708, stack(0x000000628cb00000,0x000000628cc00000)]
  0x000002581d92fb70 JavaThread "Unconstrained build operations Thread 23" [_thread_blocked, id=12076, stack(0x000000628cc00000,0x000000628cd00000)]
  0x000002581d930fb0 JavaThread "Unconstrained build operations Thread 24" [_thread_blocked, id=12116, stack(0x000000628cd00000,0x000000628ce00000)]
  0x000002581d92d800 JavaThread "Unconstrained build operations Thread 25" [_thread_blocked, id=5192, stack(0x000000628ce00000,0x000000628cf00000)]
  0x000002581d92c3c0 JavaThread "Unconstrained build operations Thread 26" [_thread_blocked, id=11088, stack(0x000000628cf00000,0x000000628d000000)]
  0x000002581d92dd10 JavaThread "Unconstrained build operations Thread 27" [_thread_blocked, id=12724, stack(0x000000628d000000,0x000000628d100000)]
  0x000002581d929b40 JavaThread "Unconstrained build operations Thread 28" [_thread_blocked, id=6540, stack(0x000000628d100000,0x000000628d200000)]
  0x000002581d9314c0 JavaThread "Unconstrained build operations Thread 29" [_thread_blocked, id=13684, stack(0x000000628d200000,0x000000628d300000)]
  0x000002581d92cde0 JavaThread "Unconstrained build operations Thread 30" [_thread_blocked, id=12884, stack(0x000000628d300000,0x000000628d400000)]
  0x000002581d930080 JavaThread "Unconstrained build operations Thread 31" [_thread_blocked, id=12348, stack(0x000000628d400000,0x000000628d500000)]
  0x000002581d92aa70 JavaThread "Unconstrained build operations Thread 32" [_thread_blocked, id=14268, stack(0x000000628d500000,0x000000628d600000)]
  0x000002581d92a050 JavaThread "Unconstrained build operations Thread 33" [_thread_blocked, id=12644, stack(0x000000628d600000,0x000000628d700000)]
  0x000002581d92e220 JavaThread "Unconstrained build operations Thread 34" [_thread_blocked, id=13152, stack(0x000000628d700000,0x000000628d800000)]
  0x000002581d92af80 JavaThread "Unconstrained build operations Thread 35" [_thread_blocked, id=11996, stack(0x000000628d800000,0x000000628d900000)]
  0x000002581d92a560 JavaThread "Unconstrained build operations Thread 36" [_thread_blocked, id=8016, stack(0x000000628d900000,0x000000628da00000)]
  0x000002581d92e730 JavaThread "Unconstrained build operations Thread 37" [_thread_blocked, id=6752, stack(0x000000628da00000,0x000000628db00000)]
  0x000002581d92ec40 JavaThread "Unconstrained build operations Thread 38" [_thread_blocked, id=12796, stack(0x000000628db00000,0x000000628dc00000)]
  0x000002581d71b520 JavaThread "Unconstrained build operations Thread 39" [_thread_blocked, id=7220, stack(0x000000628dc00000,0x000000628dd00000)]
  0x000002581d71a5f0 JavaThread "Unconstrained build operations Thread 40" [_thread_blocked, id=8448, stack(0x000000628dd00000,0x000000628de00000)]

Other Threads:
  0x0000025800394140 VMThread "VM Thread" [stack: 0x0000006288000000,0x0000006288100000] [id=9772]
  0x0000025800695320 WatcherThread [stack: 0x0000006288c00000,0x0000006288d00000] [id=13908]
  0x0000025866021ec0 GCTaskThread "GC Thread#0" [stack: 0x0000006287b00000,0x0000006287c00000] [id=15104]
  0x00000258008918a0 GCTaskThread "GC Thread#1" [stack: 0x0000006288d00000,0x0000006288e00000] [id=2316]
  0x000002580082c480 GCTaskThread "GC Thread#2" [stack: 0x0000006288e00000,0x0000006288f00000] [id=5104]
  0x000002580082e750 GCTaskThread "GC Thread#3" [stack: 0x0000006288f00000,0x0000006289000000] [id=11820]
  0x00000258660283e0 ConcurrentGCThread "G1 Main Marker" [stack: 0x0000006287c00000,0x0000006287d00000] [id=13936]
  0x0000025866029350 ConcurrentGCThread "G1 Conc#0" [stack: 0x0000006287d00000,0x0000006287e00000] [id=12408]
  0x00000258660becb0 ConcurrentGCThread "G1 Refine#0" [stack: 0x0000006287e00000,0x0000006287f00000] [id=5788]
  0x000002581d486160 ConcurrentGCThread "G1 Refine#1" [stack: 0x000000628a100000,0x000000628a200000] [id=12020]
  0x000002581d9017b0 ConcurrentGCThread "G1 Refine#2" [stack: 0x000000628ab00000,0x000000628ac00000] [id=14752]
  0x000002580025a9e0 ConcurrentGCThread "G1 Service" [stack: 0x0000006287f00000,0x0000006288000000] [id=12716]

Threads with active compile tasks:
C2 CompilerThread0    56427 9159       4       java.util.stream.ReferencePipeline::filter (22 bytes)

VM state: not at safepoint (normal execution)

VM Mutex/Monitor currently owned by a thread: None

Heap address: 0x00000000e0000000, size: 512 MB, Compressed Oops mode: 32-bit

CDS archive(s) mapped at: [0x0000025801000000-0x0000025801bb0000-0x0000025801bb0000), size 12255232, SharedBaseAddress: 0x0000025801000000, ArchiveRelocationMode: 1.
Compressed class space mapped at: 0x0000025802000000-0x0000025816000000, reserved size: 335544320
Narrow klass base: 0x0000025801000000, Narrow klass shift: 0, Narrow klass range: 0x100000000

GC Precious Log:
 CPUs: 4 total, 4 available
 Memory: 8076M
 Large Page Support: Disabled
 NUMA Support: Disabled
 Compressed Oops: Enabled (32-bit)
 Heap Region Size: 1M
 Heap Min Capacity: 256M
 Heap Initial Capacity: 256M
 Heap Max Capacity: 512M
 Pre-touch: Disabled
 Parallel Workers: 4
 Concurrent Workers: 1
 Concurrent Refinement Workers: 4
 Periodic GC: Disabled

Heap:
 garbage-first heap   total 262144K, used 190047K [0x00000000e0000000, 0x0000000100000000)
  region size 1024K, 150 young (153600K), 2 survivors (2048K)
 Metaspace       used 54939K, committed 55488K, reserved 393216K
  class space    used 7629K, committed 7872K, reserved 327680K

Heap Regions: E=young(eden), S=young(survivor), O=old, HS=humongous(starts), HC=humongous(continues), CS=collection set, F=free, OA=open archive, CA=closed archive, TAMS=top-at-mark-start (previous, next)
|   0|0x00000000e0000000, 0x00000000e0100000, 0x00000000e0100000|100%|HS|  |TAMS 0x00000000e0100000, 0x00000000e0000000| Complete 
|   1|0x00000000e0100000, 0x00000000e0200000, 0x00000000e0200000|100%|HC|  |TAMS 0x00000000e0200000, 0x00000000e0100000| Complete 
|   2|0x00000000e0200000, 0x00000000e0300000, 0x00000000e0300000|100%|HC|  |TAMS 0x00000000e0300000, 0x00000000e0200000| Complete 
|   3|0x00000000e0300000, 0x00000000e0400000, 0x00000000e0400000|100%| O|  |TAMS 0x00000000e0400000, 0x00000000e0300000| Untracked 
|   4|0x00000000e0400000, 0x00000000e0500000, 0x00000000e0500000|100%| O|  |TAMS 0x00000000e0500000, 0x00000000e0400000| Untracked 
|   5|0x00000000e0500000, 0x00000000e0600000, 0x00000000e0600000|100%| O|  |TAMS 0x00000000e0600000, 0x00000000e0500000| Untracked 
|   6|0x00000000e0600000, 0x00000000e0700000, 0x00000000e0700000|100%| O|  |TAMS 0x00000000e0700000, 0x00000000e0600000| Untracked 
|   7|0x00000000e0700000, 0x00000000e0800000, 0x00000000e0800000|100%|HS|  |TAMS 0x00000000e0800000, 0x00000000e0700000| Complete 
|   8|0x00000000e0800000, 0x00000000e0900000, 0x00000000e0900000|100%| O|  |TAMS 0x00000000e0900000, 0x00000000e0800000| Untracked 
|   9|0x00000000e0900000, 0x00000000e0a00000, 0x00000000e0a00000|100%| O|  |TAMS 0x00000000e0a00000, 0x00000000e0900000| Untracked 
|  10|0x00000000e0a00000, 0x00000000e0b00000, 0x00000000e0b00000|100%| O|  |TAMS 0x00000000e0b00000, 0x00000000e0a00000| Untracked 
|  11|0x00000000e0b00000, 0x00000000e0c00000, 0x00000000e0c00000|100%| O|  |TAMS 0x00000000e0c00000, 0x00000000e0b00000| Untracked 
|  12|0x00000000e0c00000, 0x00000000e0d00000, 0x00000000e0d00000|100%| O|  |TAMS 0x00000000e0d00000, 0x00000000e0c00000| Untracked 
|  13|0x00000000e0d00000, 0x00000000e0e00000, 0x00000000e0e00000|100%| O|  |TAMS 0x00000000e0e00000, 0x00000000e0d00000| Untracked 
|  14|0x00000000e0e00000, 0x00000000e0f00000, 0x00000000e0f00000|100%| O|  |TAMS 0x00000000e0f00000, 0x00000000e0e00000| Untracked 
|  15|0x00000000e0f00000, 0x00000000e1000000, 0x00000000e1000000|100%| O|  |TAMS 0x00000000e1000000, 0x00000000e0f00000| Untracked 
|  16|0x00000000e1000000, 0x00000000e1100000, 0x00000000e1100000|100%| O|  |TAMS 0x00000000e1100000, 0x00000000e1000000| Untracked 
|  17|0x00000000e1100000, 0x00000000e1200000, 0x00000000e1200000|100%| O|  |TAMS 0x00000000e1200000, 0x00000000e1100000| Untracked 
|  18|0x00000000e1200000, 0x00000000e1200000, 0x00000000e1300000|  0%| F|  |TAMS 0x00000000e1200000, 0x00000000e1200000| Untracked 
|  19|0x00000000e1300000, 0x00000000e1400000, 0x00000000e1400000|100%| O|  |TAMS 0x00000000e1400000, 0x00000000e1300000| Untracked 
|  20|0x00000000e1400000, 0x00000000e1500000, 0x00000000e1500000|100%| O|  |TAMS 0x00000000e1500000, 0x00000000e1400000| Untracked 
|  21|0x00000000e1500000, 0x00000000e1600000, 0x00000000e1600000|100%| O|  |TAMS 0x00000000e1522a00, 0x00000000e1500000| Untracked 
|  22|0x00000000e1600000, 0x00000000e1700000, 0x00000000e1700000|100%| O|  |TAMS 0x00000000e1600000, 0x00000000e1600000| Untracked 
|  23|0x00000000e1700000, 0x00000000e1800000, 0x00000000e1800000|100%| O|  |TAMS 0x00000000e1700000, 0x00000000e1700000| Untracked 
|  24|0x00000000e1800000, 0x00000000e1900000, 0x00000000e1900000|100%| O|  |TAMS 0x00000000e1800000, 0x00000000e1800000| Untracked 
|  25|0x00000000e1900000, 0x00000000e1a00000, 0x00000000e1a00000|100%| O|  |TAMS 0x00000000e1900000, 0x00000000e1900000| Untracked 
|  26|0x00000000e1a00000, 0x00000000e1b00000, 0x00000000e1b00000|100%| O|  |TAMS 0x00000000e1a00000, 0x00000000e1a00000| Untracked 
|  27|0x00000000e1b00000, 0x00000000e1c00000, 0x00000000e1c00000|100%| O|  |TAMS 0x00000000e1b00000, 0x00000000e1b00000| Untracked 
|  28|0x00000000e1c00000, 0x00000000e1d00000, 0x00000000e1d00000|100%| O|  |TAMS 0x00000000e1c00000, 0x00000000e1c00000| Untracked 
|  29|0x00000000e1d00000, 0x00000000e1e00000, 0x00000000e1e00000|100%| O|  |TAMS 0x00000000e1d00000, 0x00000000e1d00000| Untracked 
|  30|0x00000000e1e00000, 0x00000000e1f00000, 0x00000000e1f00000|100%| O|  |TAMS 0x00000000e1e00000, 0x00000000e1e00000| Untracked 
|  31|0x00000000e1f00000, 0x00000000e2000000, 0x00000000e2000000|100%| O|  |TAMS 0x00000000e1f00000, 0x00000000e1f00000| Untracked 
|  32|0x00000000e2000000, 0x00000000e2100000, 0x00000000e2100000|100%| O|  |TAMS 0x00000000e2000000, 0x00000000e2000000| Untracked 
|  33|0x00000000e2100000, 0x00000000e2200000, 0x00000000e2200000|100%| O|  |TAMS 0x00000000e2100000, 0x00000000e2100000| Untracked 
|  34|0x00000000e2200000, 0x00000000e2300000, 0x00000000e2300000|100%| O|  |TAMS 0x00000000e2200000, 0x00000000e2200000| Untracked 
|  35|0x00000000e2300000, 0x00000000e2400000, 0x00000000e2400000|100%| O|  |TAMS 0x00000000e2300000, 0x00000000e2300000| Untracked 
|  36|0x00000000e2400000, 0x00000000e2500000, 0x00000000e2500000|100%| O|  |TAMS 0x00000000e2400000, 0x00000000e2400000| Untracked 
|  37|0x00000000e2500000, 0x00000000e2597c00, 0x00000000e2600000| 59%| O|  |TAMS 0x00000000e2500000, 0x00000000e2500000| Untracked 
|  38|0x00000000e2600000, 0x00000000e2600000, 0x00000000e2700000|  0%| F|  |TAMS 0x00000000e2600000, 0x00000000e2600000| Untracked 
|  39|0x00000000e2700000, 0x00000000e2700000, 0x00000000e2800000|  0%| F|  |TAMS 0x00000000e2700000, 0x00000000e2700000| Untracked 
|  40|0x00000000e2800000, 0x00000000e2800000, 0x00000000e2900000|  0%| F|  |TAMS 0x00000000e2800000, 0x00000000e2800000| Untracked 
|  41|0x00000000e2900000, 0x00000000e2900000, 0x00000000e2a00000|  0%| F|  |TAMS 0x00000000e2900000, 0x00000000e2900000| Untracked 
|  42|0x00000000e2a00000, 0x00000000e2a00000, 0x00000000e2b00000|  0%| F|  |TAMS 0x00000000e2a00000, 0x00000000e2a00000| Untracked 
|  43|0x00000000e2b00000, 0x00000000e2b00000, 0x00000000e2c00000|  0%| F|  |TAMS 0x00000000e2b00000, 0x00000000e2b00000| Untracked 
|  44|0x00000000e2c00000, 0x00000000e2c00000, 0x00000000e2d00000|  0%| F|  |TAMS 0x00000000e2c00000, 0x00000000e2c00000| Untracked 
|  45|0x00000000e2d00000, 0x00000000e2d00000, 0x00000000e2e00000|  0%| F|  |TAMS 0x00000000e2d00000, 0x00000000e2d00000| Untracked 
|  46|0x00000000e2e00000, 0x00000000e2e00000, 0x00000000e2f00000|  0%| F|  |TAMS 0x00000000e2e00000, 0x00000000e2e00000| Untracked 
|  47|0x00000000e2f00000, 0x00000000e2f00000, 0x00000000e3000000|  0%| F|  |TAMS 0x00000000e2f00000, 0x00000000e2f00000| Untracked 
|  48|0x00000000e3000000, 0x00000000e3000000, 0x00000000e3100000|  0%| F|  |TAMS 0x00000000e3000000, 0x00000000e3000000| Untracked 
|  49|0x00000000e3100000, 0x00000000e3100000, 0x00000000e3200000|  0%| F|  |TAMS 0x00000000e3100000, 0x00000000e3100000| Untracked 
|  50|0x00000000e3200000, 0x00000000e3200000, 0x00000000e3300000|  0%| F|  |TAMS 0x00000000e3200000, 0x00000000e3200000| Untracked 
|  51|0x00000000e3300000, 0x00000000e3300000, 0x00000000e3400000|  0%| F|  |TAMS 0x00000000e3300000, 0x00000000e3300000| Untracked 
|  52|0x00000000e3400000, 0x00000000e3400000, 0x00000000e3500000|  0%| F|  |TAMS 0x00000000e3400000, 0x00000000e3400000| Untracked 
|  53|0x00000000e3500000, 0x00000000e3500000, 0x00000000e3600000|  0%| F|  |TAMS 0x00000000e3500000, 0x00000000e3500000| Untracked 
|  54|0x00000000e3600000, 0x00000000e3600000, 0x00000000e3700000|  0%| F|  |TAMS 0x00000000e3600000, 0x00000000e3600000| Untracked 
|  55|0x00000000e3700000, 0x00000000e3700000, 0x00000000e3800000|  0%| F|  |TAMS 0x00000000e3700000, 0x00000000e3700000| Untracked 
|  56|0x00000000e3800000, 0x00000000e3800000, 0x00000000e3900000|  0%| F|  |TAMS 0x00000000e3800000, 0x00000000e3800000| Untracked 
|  57|0x00000000e3900000, 0x00000000e3900000, 0x00000000e3a00000|  0%| F|  |TAMS 0x00000000e3900000, 0x00000000e3900000| Untracked 
|  58|0x00000000e3a00000, 0x00000000e3a00000, 0x00000000e3b00000|  0%| F|  |TAMS 0x00000000e3a00000, 0x00000000e3a00000| Untracked 
|  59|0x00000000e3b00000, 0x00000000e3b00000, 0x00000000e3c00000|  0%| F|  |TAMS 0x00000000e3b00000, 0x00000000e3b00000| Untracked 
|  60|0x00000000e3c00000, 0x00000000e3c00000, 0x00000000e3d00000|  0%| F|  |TAMS 0x00000000e3c00000, 0x00000000e3c00000| Untracked 
|  61|0x00000000e3d00000, 0x00000000e3d00000, 0x00000000e3e00000|  0%| F|  |TAMS 0x00000000e3d00000, 0x00000000e3d00000| Untracked 
|  62|0x00000000e3e00000, 0x00000000e3e00000, 0x00000000e3f00000|  0%| F|  |TAMS 0x00000000e3e00000, 0x00000000e3e00000| Untracked 
|  63|0x00000000e3f00000, 0x00000000e3f00000, 0x00000000e4000000|  0%| F|  |TAMS 0x00000000e3f00000, 0x00000000e3f00000| Untracked 
|  64|0x00000000e4000000, 0x00000000e4000000, 0x00000000e4100000|  0%| F|  |TAMS 0x00000000e4000000, 0x00000000e4000000| Untracked 
|  65|0x00000000e4100000, 0x00000000e4100000, 0x00000000e4200000|  0%| F|  |TAMS 0x00000000e4100000, 0x00000000e4100000| Untracked 
|  66|0x00000000e4200000, 0x00000000e4200000, 0x00000000e4300000|  0%| F|  |TAMS 0x00000000e4200000, 0x00000000e4200000| Untracked 
|  67|0x00000000e4300000, 0x00000000e4300000, 0x00000000e4400000|  0%| F|  |TAMS 0x00000000e4300000, 0x00000000e4300000| Untracked 
|  68|0x00000000e4400000, 0x00000000e4400000, 0x00000000e4500000|  0%| F|  |TAMS 0x00000000e4400000, 0x00000000e4400000| Untracked 
|  69|0x00000000e4500000, 0x00000000e4500000, 0x00000000e4600000|  0%| F|  |TAMS 0x00000000e4500000, 0x00000000e4500000| Untracked 
|  70|0x00000000e4600000, 0x00000000e4600000, 0x00000000e4700000|  0%| F|  |TAMS 0x00000000e4600000, 0x00000000e4600000| Untracked 
|  71|0x00000000e4700000, 0x00000000e4700000, 0x00000000e4800000|  0%| F|  |TAMS 0x00000000e4700000, 0x00000000e4700000| Untracked 
|  72|0x00000000e4800000, 0x00000000e4800000, 0x00000000e4900000|  0%| F|  |TAMS 0x00000000e4800000, 0x00000000e4800000| Untracked 
|  73|0x00000000e4900000, 0x00000000e4900000, 0x00000000e4a00000|  0%| F|  |TAMS 0x00000000e4900000, 0x00000000e4900000| Untracked 
|  74|0x00000000e4a00000, 0x00000000e4a00000, 0x00000000e4b00000|  0%| F|  |TAMS 0x00000000e4a00000, 0x00000000e4a00000| Untracked 
|  75|0x00000000e4b00000, 0x00000000e4b00000, 0x00000000e4c00000|  0%| F|  |TAMS 0x00000000e4b00000, 0x00000000e4b00000| Untracked 
|  76|0x00000000e4c00000, 0x00000000e4c00000, 0x00000000e4d00000|  0%| F|  |TAMS 0x00000000e4c00000, 0x00000000e4c00000| Untracked 
|  77|0x00000000e4d00000, 0x00000000e4d00000, 0x00000000e4e00000|  0%| F|  |TAMS 0x00000000e4d00000, 0x00000000e4d00000| Untracked 
|  78|0x00000000e4e00000, 0x00000000e4e00000, 0x00000000e4f00000|  0%| F|  |TAMS 0x00000000e4e00000, 0x00000000e4e00000| Untracked 
|  79|0x00000000e4f00000, 0x00000000e4f00000, 0x00000000e5000000|  0%| F|  |TAMS 0x00000000e4f00000, 0x00000000e4f00000| Untracked 
|  80|0x00000000e5000000, 0x00000000e5000000, 0x00000000e5100000|  0%| F|  |TAMS 0x00000000e5000000, 0x00000000e5000000| Untracked 
|  81|0x00000000e5100000, 0x00000000e5100000, 0x00000000e5200000|  0%| F|  |TAMS 0x00000000e5100000, 0x00000000e5100000| Untracked 
|  82|0x00000000e5200000, 0x00000000e5200000, 0x00000000e5300000|  0%| F|  |TAMS 0x00000000e5200000, 0x00000000e5200000| Untracked 
|  83|0x00000000e5300000, 0x00000000e5300000, 0x00000000e5400000|  0%| F|  |TAMS 0x00000000e5300000, 0x00000000e5300000| Untracked 
|  84|0x00000000e5400000, 0x00000000e5400000, 0x00000000e5500000|  0%| F|  |TAMS 0x00000000e5400000, 0x00000000e5400000| Untracked 
|  85|0x00000000e5500000, 0x00000000e5500000, 0x00000000e5600000|  0%| F|  |TAMS 0x00000000e5500000, 0x00000000e5500000| Untracked 
|  86|0x00000000e5600000, 0x00000000e5600000, 0x00000000e5700000|  0%| F|  |TAMS 0x00000000e5600000, 0x00000000e5600000| Untracked 
|  87|0x00000000e5700000, 0x00000000e5700000, 0x00000000e5800000|  0%| F|  |TAMS 0x00000000e5700000, 0x00000000e5700000| Untracked 
|  88|0x00000000e5800000, 0x00000000e5800000, 0x00000000e5900000|  0%| F|  |TAMS 0x00000000e5800000, 0x00000000e5800000| Untracked 
|  89|0x00000000e5900000, 0x00000000e5900000, 0x00000000e5a00000|  0%| F|  |TAMS 0x00000000e5900000, 0x00000000e5900000| Untracked 
|  90|0x00000000e5a00000, 0x00000000e5a00000, 0x00000000e5b00000|  0%| F|  |TAMS 0x00000000e5a00000, 0x00000000e5a00000| Untracked 
|  91|0x00000000e5b00000, 0x00000000e5b00000, 0x00000000e5c00000|  0%| F|  |TAMS 0x00000000e5b00000, 0x00000000e5b00000| Untracked 
|  92|0x00000000e5c00000, 0x00000000e5c00000, 0x00000000e5d00000|  0%| F|  |TAMS 0x00000000e5c00000, 0x00000000e5c00000| Untracked 
|  93|0x00000000e5d00000, 0x00000000e5d00000, 0x00000000e5e00000|  0%| F|  |TAMS 0x00000000e5d00000, 0x00000000e5d00000| Untracked 
|  94|0x00000000e5e00000, 0x00000000e5e00000, 0x00000000e5f00000|  0%| F|  |TAMS 0x00000000e5e00000, 0x00000000e5e00000| Untracked 
|  95|0x00000000e5f00000, 0x00000000e5f00000, 0x00000000e6000000|  0%| F|  |TAMS 0x00000000e5f00000, 0x00000000e5f00000| Untracked 
|  96|0x00000000e6000000, 0x00000000e6000000, 0x00000000e6100000|  0%| F|  |TAMS 0x00000000e6000000, 0x00000000e6000000| Untracked 
|  97|0x00000000e6100000, 0x00000000e6100000, 0x00000000e6200000|  0%| F|  |TAMS 0x00000000e6100000, 0x00000000e6100000| Untracked 
|  98|0x00000000e6200000, 0x00000000e6200000, 0x00000000e6300000|  0%| F|  |TAMS 0x00000000e6200000, 0x00000000e6200000| Untracked 
|  99|0x00000000e6300000, 0x00000000e6300000, 0x00000000e6400000|  0%| F|  |TAMS 0x00000000e6300000, 0x00000000e6300000| Untracked 
| 100|0x00000000e6400000, 0x00000000e6400000, 0x00000000e6500000|  0%| F|  |TAMS 0x00000000e6400000, 0x00000000e6400000| Untracked 
| 101|0x00000000e6500000, 0x00000000e6500000, 0x00000000e6600000|  0%| F|  |TAMS 0x00000000e6500000, 0x00000000e6500000| Untracked 
| 102|0x00000000e6600000, 0x00000000e6600000, 0x00000000e6700000|  0%| F|  |TAMS 0x00000000e6600000, 0x00000000e6600000| Untracked 
| 103|0x00000000e6700000, 0x00000000e6700000, 0x00000000e6800000|  0%| F|  |TAMS 0x00000000e6700000, 0x00000000e6700000| Untracked 
| 104|0x00000000e6800000, 0x00000000e6800000, 0x00000000e6900000|  0%| F|  |TAMS 0x00000000e6800000, 0x00000000e6800000| Untracked 
| 105|0x00000000e6900000, 0x00000000e6900000, 0x00000000e6a00000|  0%| F|  |TAMS 0x00000000e6900000, 0x00000000e6900000| Untracked 
| 106|0x00000000e6a00000, 0x00000000e6b00000, 0x00000000e6b00000|100%| E|  |TAMS 0x00000000e6a00000, 0x00000000e6a00000| Complete 
| 107|0x00000000e6b00000, 0x00000000e6c00000, 0x00000000e6c00000|100%| E|CS|TAMS 0x00000000e6b00000, 0x00000000e6b00000| Complete 
| 108|0x00000000e6c00000, 0x00000000e6d00000, 0x00000000e6d00000|100%| E|CS|TAMS 0x00000000e6c00000, 0x00000000e6c00000| Complete 
| 109|0x00000000e6d00000, 0x00000000e6e00000, 0x00000000e6e00000|100%| E|CS|TAMS 0x00000000e6d00000, 0x00000000e6d00000| Complete 
| 110|0x00000000e6e00000, 0x00000000e6f00000, 0x00000000e6f00000|100%| E|CS|TAMS 0x00000000e6e00000, 0x00000000e6e00000| Complete 
| 111|0x00000000e6f00000, 0x00000000e7000000, 0x00000000e7000000|100%| E|CS|TAMS 0x00000000e6f00000, 0x00000000e6f00000| Complete 
| 112|0x00000000e7000000, 0x00000000e7100000, 0x00000000e7100000|100%| E|CS|TAMS 0x00000000e7000000, 0x00000000e7000000| Complete 
| 113|0x00000000e7100000, 0x00000000e7200000, 0x00000000e7200000|100%| E|CS|TAMS 0x00000000e7100000, 0x00000000e7100000| Complete 
| 114|0x00000000e7200000, 0x00000000e7300000, 0x00000000e7300000|100%| E|CS|TAMS 0x00000000e7200000, 0x00000000e7200000| Complete 
| 115|0x00000000e7300000, 0x00000000e7400000, 0x00000000e7400000|100%| E|CS|TAMS 0x00000000e7300000, 0x00000000e7300000| Complete 
| 116|0x00000000e7400000, 0x00000000e7500000, 0x00000000e7500000|100%| E|CS|TAMS 0x00000000e7400000, 0x00000000e7400000| Complete 
| 117|0x00000000e7500000, 0x00000000e7600000, 0x00000000e7600000|100%| E|CS|TAMS 0x00000000e7500000, 0x00000000e7500000| Complete 
| 118|0x00000000e7600000, 0x00000000e7700000, 0x00000000e7700000|100%| E|CS|TAMS 0x00000000e7600000, 0x00000000e7600000| Complete 
| 119|0x00000000e7700000, 0x00000000e7800000, 0x00000000e7800000|100%| E|CS|TAMS 0x00000000e7700000, 0x00000000e7700000| Complete 
| 120|0x00000000e7800000, 0x00000000e7900000, 0x00000000e7900000|100%| E|CS|TAMS 0x00000000e7800000, 0x00000000e7800000| Complete 
| 121|0x00000000e7900000, 0x00000000e7a00000, 0x00000000e7a00000|100%| E|CS|TAMS 0x00000000e7900000, 0x00000000e7900000| Complete 
| 122|0x00000000e7a00000, 0x00000000e7b00000, 0x00000000e7b00000|100%| E|CS|TAMS 0x00000000e7a00000, 0x00000000e7a00000| Complete 
| 123|0x00000000e7b00000, 0x00000000e7c00000, 0x00000000e7c00000|100%| E|CS|TAMS 0x00000000e7b00000, 0x00000000e7b00000| Complete 
| 124|0x00000000e7c00000, 0x00000000e7d00000, 0x00000000e7d00000|100%| E|CS|TAMS 0x00000000e7c00000, 0x00000000e7c00000| Complete 
| 125|0x00000000e7d00000, 0x00000000e7e00000, 0x00000000e7e00000|100%| E|CS|TAMS 0x00000000e7d00000, 0x00000000e7d00000| Complete 
| 126|0x00000000e7e00000, 0x00000000e7f00000, 0x00000000e7f00000|100%| E|CS|TAMS 0x00000000e7e00000, 0x00000000e7e00000| Complete 
| 127|0x00000000e7f00000, 0x00000000e8000000, 0x00000000e8000000|100%| E|CS|TAMS 0x00000000e7f00000, 0x00000000e7f00000| Complete 
| 128|0x00000000e8000000, 0x00000000e8100000, 0x00000000e8100000|100%| E|CS|TAMS 0x00000000e8000000, 0x00000000e8000000| Complete 
| 129|0x00000000e8100000, 0x00000000e8200000, 0x00000000e8200000|100%| E|CS|TAMS 0x00000000e8100000, 0x00000000e8100000| Complete 
| 130|0x00000000e8200000, 0x00000000e8300000, 0x00000000e8300000|100%| E|CS|TAMS 0x00000000e8200000, 0x00000000e8200000| Complete 
| 131|0x00000000e8300000, 0x00000000e8400000, 0x00000000e8400000|100%| E|CS|TAMS 0x00000000e8300000, 0x00000000e8300000| Complete 
| 132|0x00000000e8400000, 0x00000000e8500000, 0x00000000e8500000|100%| E|CS|TAMS 0x00000000e8400000, 0x00000000e8400000| Complete 
| 133|0x00000000e8500000, 0x00000000e8600000, 0x00000000e8600000|100%| E|CS|TAMS 0x00000000e8500000, 0x00000000e8500000| Complete 
| 134|0x00000000e8600000, 0x00000000e8700000, 0x00000000e8700000|100%| E|CS|TAMS 0x00000000e8600000, 0x00000000e8600000| Complete 
| 135|0x00000000e8700000, 0x00000000e8800000, 0x00000000e8800000|100%| E|CS|TAMS 0x00000000e8700000, 0x00000000e8700000| Complete 
| 136|0x00000000e8800000, 0x00000000e8900000, 0x00000000e8900000|100%| E|CS|TAMS 0x00000000e8800000, 0x00000000e8800000| Complete 
| 137|0x00000000e8900000, 0x00000000e8a00000, 0x00000000e8a00000|100%| E|CS|TAMS 0x00000000e8900000, 0x00000000e8900000| Complete 
| 138|0x00000000e8a00000, 0x00000000e8b00000, 0x00000000e8b00000|100%| E|CS|TAMS 0x00000000e8a00000, 0x00000000e8a00000| Complete 
| 139|0x00000000e8b00000, 0x00000000e8c00000, 0x00000000e8c00000|100%| E|CS|TAMS 0x00000000e8b00000, 0x00000000e8b00000| Complete 
| 140|0x00000000e8c00000, 0x00000000e8d00000, 0x00000000e8d00000|100%| E|CS|TAMS 0x00000000e8c00000, 0x00000000e8c00000| Complete 
| 141|0x00000000e8d00000, 0x00000000e8e00000, 0x00000000e8e00000|100%| E|CS|TAMS 0x00000000e8d00000, 0x00000000e8d00000| Complete 
| 142|0x00000000e8e00000, 0x00000000e8f00000, 0x00000000e8f00000|100%| E|CS|TAMS 0x00000000e8e00000, 0x00000000e8e00000| Complete 
| 143|0x00000000e8f00000, 0x00000000e9000000, 0x00000000e9000000|100%| E|CS|TAMS 0x00000000e8f00000, 0x00000000e8f00000| Complete 
| 144|0x00000000e9000000, 0x00000000e9100000, 0x00000000e9100000|100%| E|CS|TAMS 0x00000000e9000000, 0x00000000e9000000| Complete 
| 145|0x00000000e9100000, 0x00000000e9200000, 0x00000000e9200000|100%| E|CS|TAMS 0x00000000e9100000, 0x00000000e9100000| Complete 
| 146|0x00000000e9200000, 0x00000000e9300000, 0x00000000e9300000|100%| E|CS|TAMS 0x00000000e9200000, 0x00000000e9200000| Complete 
| 147|0x00000000e9300000, 0x00000000e9400000, 0x00000000e9400000|100%| E|CS|TAMS 0x00000000e9300000, 0x00000000e9300000| Complete 
| 148|0x00000000e9400000, 0x00000000e9500000, 0x00000000e9500000|100%| E|CS|TAMS 0x00000000e9400000, 0x00000000e9400000| Complete 
| 149|0x00000000e9500000, 0x00000000e9600000, 0x00000000e9600000|100%| E|CS|TAMS 0x00000000e9500000, 0x00000000e9500000| Complete 
| 150|0x00000000e9600000, 0x00000000e9700000, 0x00000000e9700000|100%| E|CS|TAMS 0x00000000e9600000, 0x00000000e9600000| Complete 
| 151|0x00000000e9700000, 0x00000000e9800000, 0x00000000e9800000|100%| E|CS|TAMS 0x00000000e9700000, 0x00000000e9700000| Complete 
| 152|0x00000000e9800000, 0x00000000e9900000, 0x00000000e9900000|100%| E|CS|TAMS 0x00000000e9800000, 0x00000000e9800000| Complete 
| 153|0x00000000e9900000, 0x00000000e9a00000, 0x00000000e9a00000|100%| E|CS|TAMS 0x00000000e9900000, 0x00000000e9900000| Complete 
| 154|0x00000000e9a00000, 0x00000000e9b00000, 0x00000000e9b00000|100%| E|CS|TAMS 0x00000000e9a00000, 0x00000000e9a00000| Complete 
| 155|0x00000000e9b00000, 0x00000000e9c00000, 0x00000000e9c00000|100%| E|CS|TAMS 0x00000000e9b00000, 0x00000000e9b00000| Complete 
| 156|0x00000000e9c00000, 0x00000000e9d00000, 0x00000000e9d00000|100%| E|CS|TAMS 0x00000000e9c00000, 0x00000000e9c00000| Complete 
| 157|0x00000000e9d00000, 0x00000000e9e00000, 0x00000000e9e00000|100%| E|CS|TAMS 0x00000000e9d00000, 0x00000000e9d00000| Complete 
| 158|0x00000000e9e00000, 0x00000000e9f00000, 0x00000000e9f00000|100%| E|CS|TAMS 0x00000000e9e00000, 0x00000000e9e00000| Complete 
| 159|0x00000000e9f00000, 0x00000000ea000000, 0x00000000ea000000|100%| E|CS|TAMS 0x00000000e9f00000, 0x00000000e9f00000| Complete 
| 160|0x00000000ea000000, 0x00000000ea100000, 0x00000000ea100000|100%| E|CS|TAMS 0x00000000ea000000, 0x00000000ea000000| Complete 
| 161|0x00000000ea100000, 0x00000000ea200000, 0x00000000ea200000|100%| E|CS|TAMS 0x00000000ea100000, 0x00000000ea100000| Complete 
| 162|0x00000000ea200000, 0x00000000ea300000, 0x00000000ea300000|100%| E|CS|TAMS 0x00000000ea200000, 0x00000000ea200000| Complete 
| 163|0x00000000ea300000, 0x00000000ea400000, 0x00000000ea400000|100%| E|CS|TAMS 0x00000000ea300000, 0x00000000ea300000| Complete 
| 164|0x00000000ea400000, 0x00000000ea500000, 0x00000000ea500000|100%| E|CS|TAMS 0x00000000ea400000, 0x00000000ea400000| Complete 
| 165|0x00000000ea500000, 0x00000000ea600000, 0x00000000ea600000|100%| E|CS|TAMS 0x00000000ea500000, 0x00000000ea500000| Complete 
| 166|0x00000000ea600000, 0x00000000ea700000, 0x00000000ea700000|100%| E|CS|TAMS 0x00000000ea600000, 0x00000000ea600000| Complete 
| 167|0x00000000ea700000, 0x00000000ea800000, 0x00000000ea800000|100%| E|CS|TAMS 0x00000000ea700000, 0x00000000ea700000| Complete 
| 168|0x00000000ea800000, 0x00000000ea900000, 0x00000000ea900000|100%| E|CS|TAMS 0x00000000ea800000, 0x00000000ea800000| Complete 
| 169|0x00000000ea900000, 0x00000000eaa00000, 0x00000000eaa00000|100%| E|CS|TAMS 0x00000000ea900000, 0x00000000ea900000| Complete 
| 170|0x00000000eaa00000, 0x00000000eab00000, 0x00000000eab00000|100%| E|CS|TAMS 0x00000000eaa00000, 0x00000000eaa00000| Complete 
| 171|0x00000000eab00000, 0x00000000eac00000, 0x00000000eac00000|100%| E|CS|TAMS 0x00000000eab00000, 0x00000000eab00000| Complete 
| 172|0x00000000eac00000, 0x00000000ead00000, 0x00000000ead00000|100%| E|CS|TAMS 0x00000000eac00000, 0x00000000eac00000| Complete 
| 173|0x00000000ead00000, 0x00000000eae00000, 0x00000000eae00000|100%| E|CS|TAMS 0x00000000ead00000, 0x00000000ead00000| Complete 
| 174|0x00000000eae00000, 0x00000000eaf00000, 0x00000000eaf00000|100%| E|CS|TAMS 0x00000000eae00000, 0x00000000eae00000| Complete 
| 175|0x00000000eaf00000, 0x00000000eb000000, 0x00000000eb000000|100%| E|CS|TAMS 0x00000000eaf00000, 0x00000000eaf00000| Complete 
| 176|0x00000000eb000000, 0x00000000eb100000, 0x00000000eb100000|100%| E|CS|TAMS 0x00000000eb000000, 0x00000000eb000000| Complete 
| 177|0x00000000eb100000, 0x00000000eb200000, 0x00000000eb200000|100%| E|CS|TAMS 0x00000000eb100000, 0x00000000eb100000| Complete 
| 178|0x00000000eb200000, 0x00000000eb300000, 0x00000000eb300000|100%| E|CS|TAMS 0x00000000eb200000, 0x00000000eb200000| Complete 
| 179|0x00000000eb300000, 0x00000000eb400000, 0x00000000eb400000|100%| E|CS|TAMS 0x00000000eb300000, 0x00000000eb300000| Complete 
| 180|0x00000000eb400000, 0x00000000eb500000, 0x00000000eb500000|100%| E|CS|TAMS 0x00000000eb400000, 0x00000000eb400000| Complete 
| 181|0x00000000eb500000, 0x00000000eb600000, 0x00000000eb600000|100%| E|CS|TAMS 0x00000000eb500000, 0x00000000eb500000| Complete 
| 182|0x00000000eb600000, 0x00000000eb700000, 0x00000000eb700000|100%| E|CS|TAMS 0x00000000eb600000, 0x00000000eb600000| Complete 
| 183|0x00000000eb700000, 0x00000000eb800000, 0x00000000eb800000|100%| E|CS|TAMS 0x00000000eb700000, 0x00000000eb700000| Complete 
| 184|0x00000000eb800000, 0x00000000eb900000, 0x00000000eb900000|100%| E|CS|TAMS 0x00000000eb800000, 0x00000000eb800000| Complete 
| 185|0x00000000eb900000, 0x00000000eba00000, 0x00000000eba00000|100%| E|CS|TAMS 0x00000000eb900000, 0x00000000eb900000| Complete 
| 186|0x00000000eba00000, 0x00000000ebb00000, 0x00000000ebb00000|100%| E|CS|TAMS 0x00000000eba00000, 0x00000000eba00000| Complete 
| 187|0x00000000ebb00000, 0x00000000ebc00000, 0x00000000ebc00000|100%| E|CS|TAMS 0x00000000ebb00000, 0x00000000ebb00000| Complete 
| 188|0x00000000ebc00000, 0x00000000ebd00000, 0x00000000ebd00000|100%| E|CS|TAMS 0x00000000ebc00000, 0x00000000ebc00000| Complete 
| 189|0x00000000ebd00000, 0x00000000ebe00000, 0x00000000ebe00000|100%| E|CS|TAMS 0x00000000ebd00000, 0x00000000ebd00000| Complete 
| 190|0x00000000ebe00000, 0x00000000ebf00000, 0x00000000ebf00000|100%| E|CS|TAMS 0x00000000ebe00000, 0x00000000ebe00000| Complete 
| 191|0x00000000ebf00000, 0x00000000ec000000, 0x00000000ec000000|100%| E|CS|TAMS 0x00000000ebf00000, 0x00000000ebf00000| Complete 
| 192|0x00000000ec000000, 0x00000000ec100000, 0x00000000ec100000|100%| E|CS|TAMS 0x00000000ec000000, 0x00000000ec000000| Complete 
| 193|0x00000000ec100000, 0x00000000ec200000, 0x00000000ec200000|100%| E|CS|TAMS 0x00000000ec100000, 0x00000000ec100000| Complete 
| 194|0x00000000ec200000, 0x00000000ec300000, 0x00000000ec300000|100%| E|CS|TAMS 0x00000000ec200000, 0x00000000ec200000| Complete 
| 195|0x00000000ec300000, 0x00000000ec400000, 0x00000000ec400000|100%| E|CS|TAMS 0x00000000ec300000, 0x00000000ec300000| Complete 
| 196|0x00000000ec400000, 0x00000000ec500000, 0x00000000ec500000|100%| E|CS|TAMS 0x00000000ec400000, 0x00000000ec400000| Complete 
| 197|0x00000000ec500000, 0x00000000ec600000, 0x00000000ec600000|100%| E|CS|TAMS 0x00000000ec500000, 0x00000000ec500000| Complete 
| 198|0x00000000ec600000, 0x00000000ec700000, 0x00000000ec700000|100%| E|CS|TAMS 0x00000000ec600000, 0x00000000ec600000| Complete 
| 199|0x00000000ec700000, 0x00000000ec800000, 0x00000000ec800000|100%| E|CS|TAMS 0x00000000ec700000, 0x00000000ec700000| Complete 
| 200|0x00000000ec800000, 0x00000000ec900000, 0x00000000ec900000|100%| E|CS|TAMS 0x00000000ec800000, 0x00000000ec800000| Complete 
| 201|0x00000000ec900000, 0x00000000eca00000, 0x00000000eca00000|100%| E|CS|TAMS 0x00000000ec900000, 0x00000000ec900000| Complete 
| 202|0x00000000eca00000, 0x00000000ecb00000, 0x00000000ecb00000|100%| E|CS|TAMS 0x00000000eca00000, 0x00000000eca00000| Complete 
| 203|0x00000000ecb00000, 0x00000000ecc00000, 0x00000000ecc00000|100%| E|CS|TAMS 0x00000000ecb00000, 0x00000000ecb00000| Complete 
| 204|0x00000000ecc00000, 0x00000000ecd00000, 0x00000000ecd00000|100%| E|CS|TAMS 0x00000000ecc00000, 0x00000000ecc00000| Complete 
| 205|0x00000000ecd00000, 0x00000000ece00000, 0x00000000ece00000|100%| E|CS|TAMS 0x00000000ecd00000, 0x00000000ecd00000| Complete 
| 206|0x00000000ece00000, 0x00000000ecf00000, 0x00000000ecf00000|100%| E|CS|TAMS 0x00000000ece00000, 0x00000000ece00000| Complete 
| 207|0x00000000ecf00000, 0x00000000ed000000, 0x00000000ed000000|100%| E|CS|TAMS 0x00000000ecf00000, 0x00000000ecf00000| Complete 
| 208|0x00000000ed000000, 0x00000000ed100000, 0x00000000ed100000|100%| E|CS|TAMS 0x00000000ed000000, 0x00000000ed000000| Complete 
| 209|0x00000000ed100000, 0x00000000ed200000, 0x00000000ed200000|100%| E|CS|TAMS 0x00000000ed100000, 0x00000000ed100000| Complete 
| 210|0x00000000ed200000, 0x00000000ed300000, 0x00000000ed300000|100%| E|CS|TAMS 0x00000000ed200000, 0x00000000ed200000| Complete 
| 211|0x00000000ed300000, 0x00000000ed400000, 0x00000000ed400000|100%| E|CS|TAMS 0x00000000ed300000, 0x00000000ed300000| Complete 
| 212|0x00000000ed400000, 0x00000000ed500000, 0x00000000ed500000|100%| E|CS|TAMS 0x00000000ed400000, 0x00000000ed400000| Complete 
| 213|0x00000000ed500000, 0x00000000ed600000, 0x00000000ed600000|100%| E|CS|TAMS 0x00000000ed500000, 0x00000000ed500000| Complete 
| 214|0x00000000ed600000, 0x00000000ed700000, 0x00000000ed700000|100%| E|CS|TAMS 0x00000000ed600000, 0x00000000ed600000| Complete 
| 215|0x00000000ed700000, 0x00000000ed800000, 0x00000000ed800000|100%| E|CS|TAMS 0x00000000ed700000, 0x00000000ed700000| Complete 
| 216|0x00000000ed800000, 0x00000000ed900000, 0x00000000ed900000|100%| E|CS|TAMS 0x00000000ed800000, 0x00000000ed800000| Complete 
| 217|0x00000000ed900000, 0x00000000eda00000, 0x00000000eda00000|100%| E|CS|TAMS 0x00000000ed900000, 0x00000000ed900000| Complete 
| 218|0x00000000eda00000, 0x00000000edb00000, 0x00000000edb00000|100%| E|CS|TAMS 0x00000000eda00000, 0x00000000eda00000| Complete 
| 219|0x00000000edb00000, 0x00000000edc00000, 0x00000000edc00000|100%| E|CS|TAMS 0x00000000edb00000, 0x00000000edb00000| Complete 
| 220|0x00000000edc00000, 0x00000000edd00000, 0x00000000edd00000|100%| E|CS|TAMS 0x00000000edc00000, 0x00000000edc00000| Complete 
| 221|0x00000000edd00000, 0x00000000ede00000, 0x00000000ede00000|100%| E|CS|TAMS 0x00000000edd00000, 0x00000000edd00000| Complete 
| 222|0x00000000ede00000, 0x00000000edf00000, 0x00000000edf00000|100%| E|CS|TAMS 0x00000000ede00000, 0x00000000ede00000| Complete 
| 223|0x00000000edf00000, 0x00000000ee000000, 0x00000000ee000000|100%| E|CS|TAMS 0x00000000edf00000, 0x00000000edf00000| Complete 
| 224|0x00000000ee000000, 0x00000000ee100000, 0x00000000ee100000|100%| E|CS|TAMS 0x00000000ee000000, 0x00000000ee000000| Complete 
| 225|0x00000000ee100000, 0x00000000ee200000, 0x00000000ee200000|100%| E|CS|TAMS 0x00000000ee100000, 0x00000000ee100000| Complete 
| 226|0x00000000ee200000, 0x00000000ee300000, 0x00000000ee300000|100%| E|CS|TAMS 0x00000000ee200000, 0x00000000ee200000| Complete 
| 227|0x00000000ee300000, 0x00000000ee400000, 0x00000000ee400000|100%| E|CS|TAMS 0x00000000ee300000, 0x00000000ee300000| Complete 
| 228|0x00000000ee400000, 0x00000000ee500000, 0x00000000ee500000|100%| E|CS|TAMS 0x00000000ee400000, 0x00000000ee400000| Complete 
| 229|0x00000000ee500000, 0x00000000ee600000, 0x00000000ee600000|100%| E|CS|TAMS 0x00000000ee500000, 0x00000000ee500000| Complete 
| 230|0x00000000ee600000, 0x00000000ee700000, 0x00000000ee700000|100%| E|CS|TAMS 0x00000000ee600000, 0x00000000ee600000| Complete 
| 231|0x00000000ee700000, 0x00000000ee800000, 0x00000000ee800000|100%| E|CS|TAMS 0x00000000ee700000, 0x00000000ee700000| Complete 
| 232|0x00000000ee800000, 0x00000000ee900000, 0x00000000ee900000|100%| E|CS|TAMS 0x00000000ee800000, 0x00000000ee800000| Complete 
| 233|0x00000000ee900000, 0x00000000eea00000, 0x00000000eea00000|100%| E|CS|TAMS 0x00000000ee900000, 0x00000000ee900000| Complete 
| 234|0x00000000eea00000, 0x00000000eeb00000, 0x00000000eeb00000|100%| E|CS|TAMS 0x00000000eea00000, 0x00000000eea00000| Complete 
| 235|0x00000000eeb00000, 0x00000000eec00000, 0x00000000eec00000|100%| E|CS|TAMS 0x00000000eeb00000, 0x00000000eeb00000| Complete 
| 236|0x00000000eec00000, 0x00000000eed00000, 0x00000000eed00000|100%| E|CS|TAMS 0x00000000eec00000, 0x00000000eec00000| Complete 
| 237|0x00000000eed00000, 0x00000000eee00000, 0x00000000eee00000|100%| E|CS|TAMS 0x00000000eed00000, 0x00000000eed00000| Complete 
| 238|0x00000000eee00000, 0x00000000eef00000, 0x00000000eef00000|100%| E|CS|TAMS 0x00000000eee00000, 0x00000000eee00000| Complete 
| 239|0x00000000eef00000, 0x00000000ef000000, 0x00000000ef000000|100%| E|CS|TAMS 0x00000000eef00000, 0x00000000eef00000| Complete 
| 240|0x00000000ef000000, 0x00000000ef100000, 0x00000000ef100000|100%| E|CS|TAMS 0x00000000ef000000, 0x00000000ef000000| Complete 
| 241|0x00000000ef100000, 0x00000000ef200000, 0x00000000ef200000|100%| E|CS|TAMS 0x00000000ef100000, 0x00000000ef100000| Complete 
| 242|0x00000000ef200000, 0x00000000ef300000, 0x00000000ef300000|100%| E|CS|TAMS 0x00000000ef200000, 0x00000000ef200000| Complete 
| 243|0x00000000ef300000, 0x00000000ef400000, 0x00000000ef400000|100%| E|CS|TAMS 0x00000000ef300000, 0x00000000ef300000| Complete 
| 244|0x00000000ef400000, 0x00000000ef500000, 0x00000000ef500000|100%| E|CS|TAMS 0x00000000ef400000, 0x00000000ef400000| Complete 
| 245|0x00000000ef500000, 0x00000000ef600000, 0x00000000ef600000|100%| E|CS|TAMS 0x00000000ef500000, 0x00000000ef500000| Complete 
| 246|0x00000000ef600000, 0x00000000ef700000, 0x00000000ef700000|100%| E|CS|TAMS 0x00000000ef600000, 0x00000000ef600000| Complete 
| 247|0x00000000ef700000, 0x00000000ef800000, 0x00000000ef800000|100%| E|CS|TAMS 0x00000000ef700000, 0x00000000ef700000| Complete 
| 248|0x00000000ef800000, 0x00000000ef900000, 0x00000000ef900000|100%| E|CS|TAMS 0x00000000ef800000, 0x00000000ef800000| Complete 
| 249|0x00000000ef900000, 0x00000000efa00000, 0x00000000efa00000|100%| E|CS|TAMS 0x00000000ef900000, 0x00000000ef900000| Complete 
| 250|0x00000000efa00000, 0x00000000efb00000, 0x00000000efb00000|100%| E|CS|TAMS 0x00000000efa00000, 0x00000000efa00000| Complete 
| 251|0x00000000efb00000, 0x00000000efc00000, 0x00000000efc00000|100%| E|CS|TAMS 0x00000000efb00000, 0x00000000efb00000| Complete 
| 252|0x00000000efc00000, 0x00000000efd00000, 0x00000000efd00000|100%| E|CS|TAMS 0x00000000efc00000, 0x00000000efc00000| Complete 
| 253|0x00000000efd00000, 0x00000000efe00000, 0x00000000efe00000|100%| S|CS|TAMS 0x00000000efd00000, 0x00000000efd00000| Complete 
| 254|0x00000000efe00000, 0x00000000eff00000, 0x00000000eff00000|100%| S|CS|TAMS 0x00000000efe00000, 0x00000000efe00000| Complete 
| 255|0x00000000eff00000, 0x00000000f0000000, 0x00000000f0000000|100%| E|CS|TAMS 0x00000000eff00000, 0x00000000eff00000| Complete 

Card table byte_map: [0x000002587cb30000,0x000002587cc30000] _byte_map_base: 0x000002587c430000

Marking Bits (Prev, Next): (CMBitMap*) 0x00000258660232a0, (CMBitMap*) 0x00000258660232e0
 Prev Bits: [0x000002587cd30000, 0x000002587d530000)
 Next Bits: [0x000002587d530000, 0x000002587dd30000)

Polling page: 0x00000258657c0000

Metaspace:

Usage:
  Non-class:     46.20 MB used.
      Class:      7.45 MB used.
       Both:     53.65 MB used.

Virtual space:
  Non-class space:       64.00 MB reserved,      46.50 MB ( 73%) committed,  1 nodes.
      Class space:      320.00 MB reserved,       7.69 MB (  2%) committed,  1 nodes.
             Both:      384.00 MB reserved,      54.19 MB ( 14%) committed. 

Chunk freelists:
   Non-Class:  576.00 KB
       Class:  8.20 MB
        Both:  8.76 MB

MaxMetaspaceSize: 384.00 MB
CompressedClassSpaceSize: 320.00 MB
Initial GC threshold: 21.00 MB
Current GC threshold: 59.19 MB
CDS: on
MetaspaceReclaimPolicy: balanced
 - commit_granule_bytes: 65536.
 - commit_granule_words: 8192.
 - virtual_space_node_default_size: 8388608.
 - enlarge_chunks_in_place: 1.
 - new_chunks_are_fully_committed: 0.
 - uncommit_free_chunks: 1.
 - use_allocation_guard: 0.
 - handle_deallocations: 1.


Internal statistics:

num_allocs_failed_limit: 6.
num_arena_births: 646.
num_arena_deaths: 0.
num_vsnodes_births: 2.
num_vsnodes_deaths: 0.
num_space_committed: 867.
num_space_uncommitted: 0.
num_chunks_returned_to_freelist: 6.
num_chunks_taken_from_freelist: 2933.
num_chunk_merges: 6.
num_chunk_splits: 1888.
num_chunks_enlarged: 1243.
num_inconsistent_stats: 0.

CodeHeap 'non-profiled nmethods': size=120000Kb used=4939Kb max_used=4939Kb free=115060Kb
 bounds [0x0000025875600000, 0x0000025875ae0000, 0x000002587cb30000]
CodeHeap 'profiled nmethods': size=120000Kb used=16868Kb max_used=16868Kb free=103132Kb
 bounds [0x000002586db30000, 0x000002586ebb0000, 0x0000025875060000]
CodeHeap 'non-nmethods': size=5760Kb used=2331Kb max_used=2426Kb free=3428Kb
 bounds [0x0000025875060000, 0x00000258752d0000, 0x0000025875600000]
 total_blobs=9277 nmethods=8425 adapters=764
 compilation: enabled
              stopped_count=0, restarted_count=0
 full_count=0

Compilation events (20 events):
Event: 56.237 Thread 0x00000258003b8a30 9153       3       io.spring.gradle.dependencymanagement.org.apache.maven.model.DependencyManagement::getDependencies (23 bytes)
Event: 56.238 Thread 0x00000258003b8a30 nmethod 9153 0x000002586eb8f610 code [0x000002586eb8f7e0, 0x000002586eb8fbd8]
Event: 56.238 Thread 0x00000258003b8a30 9154       1       org.gradle.api.internal.artifacts.configurations.DefaultConfigurationRole::isConsumptionDeprecated (5 bytes)
Event: 56.238 Thread 0x00000258003b8a30 nmethod 9154 0x0000025875ad0a90 code [0x0000025875ad0c20, 0x0000025875ad0cf8]
Event: 56.238 Thread 0x00000258003b8a30 9155       1       org.gradle.api.internal.artifacts.configurations.DefaultConfigurationRole::isResolutionDeprecated (5 bytes)
Event: 56.238 Thread 0x00000258003b8a30 nmethod 9155 0x0000025875ad0d90 code [0x0000025875ad0f20, 0x0000025875ad0ff8]
Event: 56.238 Thread 0x00000258003b8a30 9156       1       org.gradle.api.internal.artifacts.configurations.DefaultConfigurationRole::isDeclarationAgainstDeprecated (5 bytes)
Event: 56.238 Thread 0x00000258003b8a30 nmethod 9156 0x0000025875ad1090 code [0x0000025875ad1220, 0x0000025875ad12f8]
Event: 56.239 Thread 0x00000258003b8070 nmethod 9151 0x0000025875ad1390 code [0x0000025875ad1520, 0x0000025875ad16f8]
Event: 56.239 Thread 0x00000258003b8070 9152       4       java.util.stream.ReferencePipeline$2$1::begin (13 bytes)
Event: 56.239 Thread 0x00000258003b8070 nmethod 9152 0x0000025875ad1810 code [0x0000025875ad1980, 0x0000025875ad1a38]
Event: 56.264 Thread 0x00000258003b8a30 9157       1       org.gradle.internal.ImmutableActionSet$EmptySet::isEmpty (2 bytes)
Event: 56.264 Thread 0x00000258003b8a30 nmethod 9157 0x0000025875ad1b10 code [0x0000025875ad1ca0, 0x0000025875ad1d78]
Event: 56.310 Thread 0x00000258003b8a30 9158       3       org.gradle.internal.event.ListenerBroadcast::getSource (35 bytes)
Event: 56.310 Thread 0x00000258003b8a30 nmethod 9158 0x000002586eb8fd10 code [0x000002586eb8fec0, 0x000002586eb901e8]
Event: 56.312 Thread 0x00000258003b8070 9159       4       java.util.stream.ReferencePipeline::filter (22 bytes)
Event: 56.312 Thread 0x00000258003b8a30 9160       3       io.spring.gradle.dependencymanagement.org.apache.maven.model.management.DefaultDependencyManagementInjector$ManagementModelMerger::mergeManagedDependencies (151 bytes)
Event: 56.313 Thread 0x00000258003b8a30 nmethod 9160 0x000002586eb90310 code [0x000002586eb90640, 0x000002586eb92008]
Event: 56.314 Thread 0x00000258003b8a30 9161       1       io.spring.gradle.dependencymanagement.org.apache.maven.model.DependencyManagement::setDependencies (6 bytes)
Event: 56.314 Thread 0x00000258003b8a30 nmethod 9161 0x0000025875ad1e10 code [0x0000025875ad1fa0, 0x0000025875ad20b8]

GC Heap History (14 events):
Event: 0.649 GC heap before
{Heap before GC invocations=0 (full 0):
 garbage-first heap   total 262144K, used 13312K [0x00000000e0000000, 0x0000000100000000)
  region size 1024K, 13 young (13312K), 0 survivors (0K)
 Metaspace       used 760K, committed 896K, reserved 393216K
  class space    used 61K, committed 128K, reserved 327680K
}
Event: 0.651 GC heap after
{Heap after GC invocations=1 (full 0):
 garbage-first heap   total 262144K, used 1312K [0x00000000e0000000, 0x0000000100000000)
  region size 1024K, 2 young (2048K), 2 survivors (2048K)
 Metaspace       used 760K, committed 896K, reserved 393216K
  class space    used 61K, committed 128K, reserved 327680K
}
Event: 1.149 GC heap before
{Heap before GC invocations=1 (full 0):
 garbage-first heap   total 262144K, used 23840K [0x00000000e0000000, 0x0000000100000000)
  region size 1024K, 21 young (21504K), 2 survivors (2048K)
 Metaspace       used 2789K, committed 2944K, reserved 393216K
  class space    used 321K, committed 384K, reserved 327680K
}
Event: 1.153 GC heap after
{Heap after GC invocations=2 (full 0):
 garbage-first heap   total 262144K, used 9514K [0x00000000e0000000, 0x0000000100000000)
  region size 1024K, 3 young (3072K), 3 survivors (3072K)
 Metaspace       used 2789K, committed 2944K, reserved 393216K
  class space    used 321K, committed 384K, reserved 327680K
}
Event: 6.935 GC heap before
{Heap before GC invocations=2 (full 0):
 garbage-first heap   total 262144K, used 165162K [0x00000000e0000000, 0x0000000100000000)
  region size 1024K, 153 young (156672K), 3 survivors (3072K)
 Metaspace       used 18490K, committed 18752K, reserved 393216K
  class space    used 2678K, committed 2816K, reserved 327680K
}
Event: 6.947 GC heap after
{Heap after GC invocations=3 (full 0):
 garbage-first heap   total 262144K, used 22237K [0x00000000e0000000, 0x0000000100000000)
  region size 1024K, 15 young (15360K), 15 survivors (15360K)
 Metaspace       used 18490K, committed 18752K, reserved 393216K
  class space    used 2678K, committed 2816K, reserved 327680K
}
Event: 7.775 GC heap before
{Heap before GC invocations=3 (full 0):
 garbage-first heap   total 262144K, used 45789K [0x00000000e0000000, 0x0000000100000000)
  region size 1024K, 40 young (40960K), 15 survivors (15360K)
 Metaspace       used 21195K, committed 21504K, reserved 393216K
  class space    used 3104K, committed 3264K, reserved 327680K
}
Event: 7.786 GC heap after
{Heap after GC invocations=4 (full 0):
 garbage-first heap   total 262144K, used 24094K [0x00000000e0000000, 0x0000000100000000)
  region size 1024K, 3 young (3072K), 3 survivors (3072K)
 Metaspace       used 21195K, committed 21504K, reserved 393216K
  class space    used 3104K, committed 3264K, reserved 327680K
}
Event: 12.065 GC heap before
{Heap before GC invocations=5 (full 0):
 garbage-first heap   total 262144K, used 144926K [0x00000000e0000000, 0x0000000100000000)
  region size 1024K, 118 young (120832K), 3 survivors (3072K)
 Metaspace       used 35711K, committed 36096K, reserved 393216K
  class space    used 4971K, committed 5120K, reserved 327680K
}
Event: 12.075 GC heap after
{Heap after GC invocations=6 (full 0):
 garbage-first heap   total 262144K, used 31670K [0x00000000e0000000, 0x0000000100000000)
  region size 1024K, 10 young (10240K), 10 survivors (10240K)
 Metaspace       used 35711K, committed 36096K, reserved 393216K
  class space    used 4971K, committed 5120K, reserved 327680K
}
Event: 20.983 GC heap before
{Heap before GC invocations=7 (full 0):
 garbage-first heap   total 262144K, used 180150K [0x00000000e0000000, 0x0000000100000000)
  region size 1024K, 153 young (156672K), 10 survivors (10240K)
 Metaspace       used 49701K, committed 50240K, reserved 393216K
  class space    used 7085K, committed 7360K, reserved 327680K
}
Event: 21.001 GC heap after
{Heap after GC invocations=8 (full 0):
 garbage-first heap   total 262144K, used 38026K [0x00000000e0000000, 0x0000000100000000)
  region size 1024K, 16 young (16384K), 16 survivors (16384K)
 Metaspace       used 49701K, committed 50240K, reserved 393216K
  class space    used 7085K, committed 7360K, reserved 327680K
}
Event: 21.294 GC heap before
{Heap before GC invocations=8 (full 0):
 garbage-first heap   total 262144K, used 39050K [0x00000000e0000000, 0x0000000100000000)
  region size 1024K, 17 young (17408K), 16 survivors (16384K)
 Metaspace       used 49722K, committed 50304K, reserved 393216K
  class space    used 7087K, committed 7360K, reserved 327680K
}
Event: 21.308 GC heap after
{Heap after GC invocations=9 (full 0):
 garbage-first heap   total 262144K, used 39519K [0x00000000e0000000, 0x0000000100000000)
  region size 1024K, 2 young (2048K), 2 survivors (2048K)
 Metaspace       used 49722K, committed 50304K, reserved 393216K
  class space    used 7087K, committed 7360K, reserved 327680K
}

Dll operation events (15 events):
Event: 0.031 Loaded shared library C:\Users\ASUS\.jdks\corretto-17.0.12\bin\java.dll
Event: 0.061 Loaded shared library C:\Users\ASUS\.jdks\corretto-17.0.12\bin\jsvml.dll
Event: 0.289 Loaded shared library C:\Users\ASUS\.jdks\corretto-17.0.12\bin\zip.dll
Event: 0.308 Loaded shared library C:\Users\ASUS\.jdks\corretto-17.0.12\bin\instrument.dll
Event: 0.326 Loaded shared library C:\Users\ASUS\.jdks\corretto-17.0.12\bin\net.dll
Event: 0.335 Loaded shared library C:\Users\ASUS\.jdks\corretto-17.0.12\bin\nio.dll
Event: 0.337 Loaded shared library C:\Users\ASUS\.jdks\corretto-17.0.12\bin\zip.dll
Event: 0.715 Loaded shared library C:\Users\ASUS\.jdks\corretto-17.0.12\bin\jimage.dll
Event: 0.954 Loaded shared library C:\Users\ASUS\.jdks\corretto-17.0.12\bin\verify.dll
Event: 1.099 Loaded shared library C:\Users\ASUS\.gradle\native\c067742578af261105cb4f569cf0c3c89f3d7b1fecec35dd04571415982c5e48\windows-amd64\native-platform.dll
Event: 1.125 Loaded shared library C:\Users\ASUS\.gradle\native\100fb08df4bc3b14c8652ba06237920a3bd2aa13389f12d3474272988ae205f9\windows-amd64\native-platform-file-events.dll
Event: 3.793 Loaded shared library C:\Users\ASUS\.jdks\corretto-17.0.12\bin\management.dll
Event: 3.803 Loaded shared library C:\Users\ASUS\.jdks\corretto-17.0.12\bin\management_ext.dll
Event: 4.364 Loaded shared library C:\Users\ASUS\.jdks\corretto-17.0.12\bin\extnet.dll
Event: 4.826 Loaded shared library C:\Users\ASUS\.jdks\corretto-17.0.12\bin\sunmscapi.dll

Deoptimization events (20 events):
Event: 49.490 Thread 0x000002581d719bd0 Uncommon trap: trap_request=0xffffffc6 fr.pc=0x0000025875628190 relative=0x0000000000001510
Event: 49.490 Thread 0x000002581d719bd0 Uncommon trap: reason=bimorphic_or_optimized_type_check action=maybe_recompile pc=0x0000025875628190 method=java.io.DataInputStream.readInt()I @ 6 c2
Event: 49.490 Thread 0x000002581d719bd0 DEOPT PACKING pc=0x0000025875628190 sp=0x000000628defdb40
Event: 49.490 Thread 0x000002581d719bd0 DEOPT UNPACKING pc=0x00000258750b69a3 sp=0x000000628defdb08 mode 2
Event: 49.492 Thread 0x000002581d719bd0 Uncommon trap: trap_request=0xffffff45 fr.pc=0x0000025875959978 relative=0x00000000000002b8
Event: 49.492 Thread 0x000002581d719bd0 Uncommon trap: reason=unstable_if action=reinterpret pc=0x0000025875959978 method=com.esotericsoftware.kryo.io.Input.require(I)I @ 180 c2
Event: 49.492 Thread 0x000002581d719bd0 DEOPT PACKING pc=0x0000025875959978 sp=0x000000628defec80
Event: 49.492 Thread 0x000002581d719bd0 DEOPT UNPACKING pc=0x00000258750b69a3 sp=0x000000628defeba8 mode 2
Event: 49.958 Thread 0x000002581b9ac5e0 Uncommon trap: trap_request=0xffffff45 fr.pc=0x00000258759bcf58 relative=0x0000000000000f18
Event: 49.958 Thread 0x000002581b9ac5e0 Uncommon trap: reason=unstable_if action=reinterpret pc=0x00000258759bcf58 method=io.spring.gradle.dependencymanagement.org.codehaus.plexus.util.xml.pull.MXParser.nextImpl()I @ 977 c2
Event: 49.958 Thread 0x000002581b9ac5e0 DEOPT PACKING pc=0x00000258759bcf58 sp=0x00000062896f93b0
Event: 49.958 Thread 0x000002581b9ac5e0 DEOPT UNPACKING pc=0x00000258750b69a3 sp=0x00000062896f9330 mode 2
Event: 52.023 Thread 0x000002581b9ac5e0 Uncommon trap: trap_request=0xffffff45 fr.pc=0x0000025875a9c244 relative=0x00000000000001c4
Event: 52.023 Thread 0x000002581b9ac5e0 Uncommon trap: reason=unstable_if action=reinterpret pc=0x0000025875a9c244 method=io.spring.gradle.dependencymanagement.org.apache.maven.model.ConfigurationContainer.getLocation(Ljava/lang/Object;)Lio/spring/gradle/dependencymanagement/org/apache/maven/mo
Event: 52.023 Thread 0x000002581b9ac5e0 DEOPT PACKING pc=0x0000025875a9c244 sp=0x00000062896f9290
Event: 52.023 Thread 0x000002581b9ac5e0 DEOPT UNPACKING pc=0x00000258750b69a3 sp=0x00000062896f9230 mode 2
Event: 53.004 Thread 0x000002581b9ac5e0 Uncommon trap: trap_request=0xffffff45 fr.pc=0x00000258759baa64 relative=0x00000000000012e4
Event: 53.004 Thread 0x000002581b9ac5e0 Uncommon trap: reason=unstable_if action=reinterpret pc=0x00000258759baa64 method=io.spring.gradle.dependencymanagement.org.codehaus.plexus.util.xml.pull.MXParser.isS(C)Z @ 21 c2
Event: 53.004 Thread 0x000002581b9ac5e0 DEOPT PACKING pc=0x00000258759baa64 sp=0x00000062896f9750
Event: 53.004 Thread 0x000002581b9ac5e0 DEOPT UNPACKING pc=0x00000258750b69a3 sp=0x00000062896f9688 mode 2

Classes loaded (20 events):
Event: 33.230 Loading class java/io/ObjectStreamClass$ClassDataSlot
Event: 33.230 Loading class java/io/ObjectStreamClass$ClassDataSlot done
Event: 33.230 Loading class java/io/ObjectInputStream$FieldValues
Event: 33.230 Loading class java/io/ObjectInputStream$GetField
Event: 33.231 Loading class java/io/ObjectInputStream$GetField done
Event: 33.231 Loading class java/io/ObjectInputStream$FieldValues done
Event: 33.231 Loading class jdk/internal/reflect/UnsafeQualifiedStaticLongFieldAccessorImpl
Event: 33.231 Loading class jdk/internal/reflect/UnsafeQualifiedStaticLongFieldAccessorImpl done
Event: 33.232 Loading class java/io/ObjectStreamClass$ExceptionInfo
Event: 33.232 Loading class java/io/ObjectStreamClass$ExceptionInfo done
Event: 33.233 Loading class java/io/SerialCallbackContext
Event: 33.233 Loading class java/io/SerialCallbackContext done
Event: 35.202 Loading class java/io/FileReader
Event: 35.203 Loading class java/io/FileReader done
Event: 35.204 Loading class java/text/MessageFormat
Event: 35.205 Loading class java/text/MessageFormat done
Event: 35.300 Loading class java/util/Stack
Event: 35.301 Loading class java/util/Stack done
Event: 51.811 Loading class jdk/internal/access/foreign/MemorySegmentProxy
Event: 51.811 Loading class jdk/internal/access/foreign/MemorySegmentProxy done

Classes unloaded (0 events):
No events

Classes redefined (0 events):
No events

Internal exceptions (20 events):
Event: 22.397 Thread 0x000002581b9ac5e0 Exception <a 'java/lang/NoSuchMethodError'{0x00000000ed945ff0}: 'java.lang.Object java.lang.invoke.DirectMethodHandle$Holder.newInvokeSpecial(java.lang.Object, java.lang.Object, java.lang.Object, java.lang.Object, java.lang.Object, java.lang.Object, int)'> (0x00000000ed945ff0) 
thrown [s\src\hotspot\share\interpreter\linkResolver.cpp, line 759]
Event: 22.398 Thread 0x000002581b9ac5e0 Exception <a 'java/lang/NoSuchMethodError'{0x00000000ed94b9f8}: 'java.lang.Object java.lang.invoke.DirectMethodHandle$Holder.invokeSpecial(java.lang.Object, java.lang.Object, java.lang.Object, java.lang.Object, java.lang.Object, java.lang.Object, java.lang.Object, int)'> (0x00000000ed94b9f8) 
thrown [s\src\hotspot\share\interpreter\linkResolver.cpp, line 759]
Event: 22.399 Thread 0x000002581b9ac5e0 Exception <a 'java/lang/NoSuchMethodError'{0x00000000ed950dd0}: 'java.lang.Object java.lang.invoke.Invokers$Holder.linkToTargetMethod(java.lang.Object, java.lang.Object, java.lang.Object, java.lang.Object, java.lang.Object, int, java.lang.Object)'> (0x00000000ed950dd0) 
thrown [s\src\hotspot\share\interpreter\linkResolver.cpp, line 759]
Event: 22.726 Thread 0x000002581dd51500 Implicit null exception at 0x000002587576c8e0 to 0x000002587576ca4c
Event: 22.755 Thread 0x000002581dd53870 Exception <a 'java/lang/NoSuchMethodError'{0x00000000ed64df98}: 'void java.lang.invoke.DirectMethodHandle$Holder.invokeStatic(java.lang.Object, long)'> (0x00000000ed64df98) 
thrown [s\src\hotspot\share\interpreter\linkResolver.cpp, line 759]
Event: 22.757 Thread 0x000002581dd53870 Exception <a 'java/lang/NoSuchMethodError'{0x00000000ed658e70}: 'java.lang.Object java.lang.invoke.DirectMethodHandle$Holder.invokeStatic(java.lang.Object, java.lang.Object, long, java.lang.Object)'> (0x00000000ed658e70) 
thrown [s\src\hotspot\share\interpreter\linkResolver.cpp, line 759]
Event: 22.759 Thread 0x000002581dd53870 Exception <a 'java/lang/NoSuchMethodError'{0x00000000ed65c648}: 'java.lang.Object java.lang.invoke.DirectMethodHandle$Holder.invokeStaticInit(java.lang.Object, java.lang.Object, long, java.lang.Object)'> (0x00000000ed65c648) 
thrown [s\src\hotspot\share\interpreter\linkResolver.cpp, line 759]
Event: 25.025 Thread 0x000002581dd53870 Exception <a 'java/lang/NoSuchMethodError'{0x00000000ed66fd08}: 'void java.lang.invoke.DirectMethodHandle$Holder.invokeSpecial(java.lang.Object, java.lang.Object, int)'> (0x00000000ed66fd08) 
thrown [s\src\hotspot\share\interpreter\linkResolver.cpp, line 759]
Event: 33.179 Thread 0x000002581dd500c0 Exception <a 'java/lang/NoSuchMethodError'{0x00000000ed0a4a38}: 'void java.lang.invoke.DirectMethodHandle$Holder.invokeSpecial(java.lang.Object, java.lang.Object, java.lang.Object, int)'> (0x00000000ed0a4a38) 
thrown [s\src\hotspot\share\interpreter\linkResolver.cpp, line 759]
Event: 33.228 Thread 0x000002581dd500c0 Exception <a 'java/lang/NoSuchMethodError'{0x00000000ed0e3188}: static Lorg/gradle/launcher/daemon/protocol/Command;.<clinit>()V> (0x00000000ed0e3188) 
thrown [s\src\hotspot\share\prims\jni.cpp, line 1112]
Event: 33.229 Thread 0x000002581dd500c0 Exception <a 'java/lang/NoSuchMethodError'{0x00000000ed0ee300}: static Lorg/gradle/launcher/daemon/protocol/InvalidateVirtualFileSystemAfterChange;.<clinit>()V> (0x00000000ed0ee300) 
thrown [s\src\hotspot\share\prims\jni.cpp, line 1112]
Event: 35.364 Thread 0x000002581b9ac5e0 Exception <a 'java/lang/ClassNotFoundException'{0x00000000ec29b2d0}: org/gradle/api/internal/plugins/NaggingBasePluginConventionBeanInfo> (0x00000000ec29b2d0) 
thrown [s\src\hotspot\share\classfile\systemDictionary.cpp, line 256]
Event: 35.365 Thread 0x000002581b9ac5e0 Exception <a 'java/lang/ClassNotFoundException'{0x00000000ec2aada8}: org/gradle/api/plugins/BasePluginConventionBeanInfo> (0x00000000ec2aada8) 
thrown [s\src\hotspot\share\classfile\systemDictionary.cpp, line 256]
Event: 35.365 Thread 0x000002581b9ac5e0 Exception <a 'java/lang/ClassNotFoundException'{0x00000000ec2ba848}: org/gradle/api/plugins/BasePluginConventionCustomizer> (0x00000000ec2ba848) 
thrown [s\src\hotspot\share\classfile\systemDictionary.cpp, line 256]
Event: 35.367 Thread 0x000002581b9ac5e0 Exception <a 'java/lang/ClassNotFoundException'{0x00000000ec2d4878}: org/gradle/api/internal/plugins/NaggingBasePluginConventionCustomizer> (0x00000000ec2d4878) 
thrown [s\src\hotspot\share\classfile\systemDictionary.cpp, line 256]
Event: 35.370 Thread 0x000002581b9ac5e0 Exception <a 'java/lang/ClassNotFoundException'{0x00000000ec116da8}: org/gradle/api/plugins/internal/NaggingJavaPluginConventionBeanInfo> (0x00000000ec116da8) 
thrown [s\src\hotspot\share\classfile\systemDictionary.cpp, line 256]
Event: 35.371 Thread 0x000002581b9ac5e0 Exception <a 'java/lang/ClassNotFoundException'{0x00000000ec126880}: org/gradle/api/plugins/JavaPluginConventionBeanInfo> (0x00000000ec126880) 
thrown [s\src\hotspot\share\classfile\systemDictionary.cpp, line 256]
Event: 35.371 Thread 0x000002581b9ac5e0 Exception <a 'java/lang/ClassNotFoundException'{0x00000000ec136320}: org/gradle/api/plugins/JavaPluginConventionCustomizer> (0x00000000ec136320) 
thrown [s\src\hotspot\share\classfile\systemDictionary.cpp, line 256]
Event: 35.372 Thread 0x000002581b9ac5e0 Exception <a 'java/lang/ClassNotFoundException'{0x00000000ec159e58}: org/gradle/api/plugins/internal/NaggingJavaPluginConventionCustomizer> (0x00000000ec159e58) 
thrown [s\src\hotspot\share\classfile\systemDictionary.cpp, line 256]
Event: 40.499 Thread 0x000002581b9ac5e0 Exception <a 'java/lang/NoSuchMethodError'{0x00000000e9d08a78}: 'void java.lang.invoke.DirectMethodHandle$Holder.invokeVirtual(java.lang.Object, java.lang.Object, java.lang.Object, java.lang.Object)'> (0x00000000e9d08a78) 
thrown [s\src\hotspot\share\interpreter\linkResolver.cpp, line 759]

VM Operations (20 events):
Event: 44.610 Executing VM operation: Cleanup
Event: 44.610 Executing VM operation: Cleanup done
Event: 45.623 Executing VM operation: Cleanup
Event: 45.623 Executing VM operation: Cleanup done
Event: 47.638 Executing VM operation: Cleanup
Event: 47.639 Executing VM operation: Cleanup done
Event: 49.656 Executing VM operation: Cleanup
Event: 49.656 Executing VM operation: Cleanup done
Event: 49.956 Executing VM operation: HandshakeAllThreads
Event: 49.957 Executing VM operation: HandshakeAllThreads done
Event: 50.967 Executing VM operation: Cleanup
Event: 50.967 Executing VM operation: Cleanup done
Event: 51.974 Executing VM operation: Cleanup
Event: 51.975 Executing VM operation: Cleanup done
Event: 52.977 Executing VM operation: Cleanup
Event: 52.995 Executing VM operation: Cleanup done
Event: 54.007 Executing VM operation: Cleanup
Event: 54.007 Executing VM operation: Cleanup done
Event: 55.016 Executing VM operation: Cleanup
Event: 55.016 Executing VM operation: Cleanup done

Events (20 events):
Event: 38.623 Thread 0x000002581d92fb70 Thread added: 0x000002581d92fb70
Event: 38.967 Thread 0x000002581d930fb0 Thread added: 0x000002581d930fb0
Event: 39.251 Thread 0x000002581d92d800 Thread added: 0x000002581d92d800
Event: 39.486 Thread 0x000002581d92c3c0 Thread added: 0x000002581d92c3c0
Event: 39.859 Thread 0x000002581d92dd10 Thread added: 0x000002581d92dd10
Event: 39.892 Thread 0x000002581d929b40 Thread added: 0x000002581d929b40
Event: 39.914 Thread 0x000002581d9314c0 Thread added: 0x000002581d9314c0
Event: 39.961 Thread 0x000002581d92cde0 Thread added: 0x000002581d92cde0
Event: 39.992 Thread 0x000002581d930080 Thread added: 0x000002581d930080
Event: 40.018 Thread 0x000002581d92aa70 Thread added: 0x000002581d92aa70
Event: 40.035 Thread 0x000002581d92a050 Thread added: 0x000002581d92a050
Event: 40.062 Thread 0x000002581d92e220 Thread added: 0x000002581d92e220
Event: 40.070 Thread 0x000002581d92af80 Thread added: 0x000002581d92af80
Event: 40.088 Thread 0x000002581d92a560 Thread added: 0x000002581d92a560
Event: 40.098 Thread 0x000002581d92e730 Thread added: 0x000002581d92e730
Event: 40.151 Thread 0x000002581d92ec40 Thread added: 0x000002581d92ec40
Event: 40.160 Thread 0x000002581d71b520 Thread added: 0x000002581d71b520
Event: 40.166 Thread 0x000002581d71a5f0 Thread added: 0x000002581d71a5f0
Event: 49.486 Thread 0x000002581d719bd0 Thread added: 0x000002581d719bd0
Event: 49.493 Thread 0x000002581d719bd0 Thread exited: 0x000002581d719bd0


Dynamic libraries:
0x00007ff641310000 - 0x00007ff64131e000 	C:\Users\ASUS\.jdks\corretto-17.0.12\bin\java.exe
0x00007ff823b30000 - 0x00007ff823d28000 	C:\Windows\SYSTEM32\ntdll.dll
0x00007ff822020000 - 0x00007ff8220df000 	C:\Windows\System32\KERNEL32.DLL
0x00007ff821890000 - 0x00007ff821b62000 	C:\Windows\System32\KERNELBASE.dll
0x00007ff8214b0000 - 0x00007ff8215b0000 	C:\Windows\System32\ucrtbase.dll
0x00007ff81bf70000 - 0x00007ff81bf8b000 	C:\Users\ASUS\.jdks\corretto-17.0.12\bin\VCRUNTIME140.dll
0x00007ff810f50000 - 0x00007ff810f67000 	C:\Users\ASUS\.jdks\corretto-17.0.12\bin\jli.dll
0x00007ff822dd0000 - 0x00007ff822f71000 	C:\Windows\System32\USER32.dll
0x00007ff809ca0000 - 0x00007ff809f3a000 	C:\Windows\WinSxS\amd64_microsoft.windows.common-controls_6595b64144ccf1df_6.0.19041.1110_none_60b5254171f9507e\COMCTL32.dll
0x00007ff8212c0000 - 0x00007ff8212e2000 	C:\Windows\System32\win32u.dll
0x00007ff821b70000 - 0x00007ff821c0e000 	C:\Windows\System32\msvcrt.dll
0x00007ff822b30000 - 0x00007ff822b5b000 	C:\Windows\System32\GDI32.dll
0x00007ff8213a0000 - 0x00007ff8214af000 	C:\Windows\System32\gdi32full.dll
0x00007ff821220000 - 0x00007ff8212bd000 	C:\Windows\System32\msvcp_win.dll
0x00007ff8220e0000 - 0x00007ff822112000 	C:\Windows\System32\IMM32.DLL
0x00007ff81cdb0000 - 0x00007ff81cdbc000 	C:\Users\ASUS\.jdks\corretto-17.0.12\bin\vcruntime140_1.dll
0x00007ff800f10000 - 0x00007ff800f9d000 	C:\Users\ASUS\.jdks\corretto-17.0.12\bin\msvcp140.dll
0x00007fffc8b60000 - 0x00007fffc97ca000 	C:\Users\ASUS\.jdks\corretto-17.0.12\bin\server\jvm.dll
0x00007ff8232f0000 - 0x00007ff82339e000 	C:\Windows\System32\ADVAPI32.dll
0x00007ff8221b0000 - 0x00007ff82224c000 	C:\Windows\System32\sechost.dll
0x00007ff822250000 - 0x00007ff822375000 	C:\Windows\System32\RPCRT4.dll
0x00007ff8229f0000 - 0x00007ff822a5b000 	C:\Windows\System32\WS2_32.dll
0x00007ff8207a0000 - 0x00007ff8207eb000 	C:\Windows\SYSTEM32\POWRPROF.dll
0x00007ff817690000 - 0x00007ff8176b7000 	C:\Windows\SYSTEM32\WINMM.dll
0x00007ff81aed0000 - 0x00007ff81aeda000 	C:\Windows\SYSTEM32\VERSION.dll
0x00007ff820660000 - 0x00007ff820672000 	C:\Windows\SYSTEM32\UMPDC.dll
0x00007ff81f0e0000 - 0x00007ff81f0f2000 	C:\Windows\SYSTEM32\kernel.appcore.dll
0x00007ff81c6d0000 - 0x00007ff81c6da000 	C:\Users\ASUS\.jdks\corretto-17.0.12\bin\jimage.dll
0x00007ff80b4a0000 - 0x00007ff80b684000 	C:\Windows\SYSTEM32\DBGHELP.DLL
0x00007ff80a450000 - 0x00007ff80a485000 	C:\Windows\SYSTEM32\dbgcore.DLL
0x00007ff821780000 - 0x00007ff821802000 	C:\Windows\System32\bcryptPrimitives.dll
0x00007ff81b830000 - 0x00007ff81b83e000 	C:\Users\ASUS\.jdks\corretto-17.0.12\bin\instrument.dll
0x00007ff800ee0000 - 0x00007ff800f05000 	C:\Users\ASUS\.jdks\corretto-17.0.12\bin\java.dll
0x00007ff800e00000 - 0x00007ff800ed7000 	C:\Users\ASUS\.jdks\corretto-17.0.12\bin\jsvml.dll
0x00007ff8233a0000 - 0x00007ff823ae5000 	C:\Windows\System32\SHELL32.dll
0x00007ff81f2e0000 - 0x00007ff81fa72000 	C:\Windows\SYSTEM32\windows.storage.dll
0x00007ff821cc0000 - 0x00007ff822015000 	C:\Windows\System32\combase.dll
0x00007ff820c80000 - 0x00007ff820cb0000 	C:\Windows\SYSTEM32\Wldp.dll
0x00007ff822380000 - 0x00007ff82242d000 	C:\Windows\System32\SHCORE.dll
0x00007ff822f80000 - 0x00007ff822fd5000 	C:\Windows\System32\shlwapi.dll
0x00007ff821160000 - 0x00007ff82117f000 	C:\Windows\SYSTEM32\profapi.dll
0x00007ff80a740000 - 0x00007ff80a758000 	C:\Users\ASUS\.jdks\corretto-17.0.12\bin\zip.dll
0x00007ff801f70000 - 0x00007ff801f89000 	C:\Users\ASUS\.jdks\corretto-17.0.12\bin\net.dll
0x00007ff819180000 - 0x00007ff81928c000 	C:\Windows\SYSTEM32\WINHTTP.dll
0x00007ff8209e0000 - 0x00007ff820a4a000 	C:\Windows\system32\mswsock.dll
0x00007ff800de0000 - 0x00007ff800df6000 	C:\Users\ASUS\.jdks\corretto-17.0.12\bin\nio.dll
0x00007ff815570000 - 0x00007ff815580000 	C:\Users\ASUS\.jdks\corretto-17.0.12\bin\verify.dll
0x00007ff81b840000 - 0x00007ff81b867000 	C:\Users\ASUS\.gradle\native\c067742578af261105cb4f569cf0c3c89f3d7b1fecec35dd04571415982c5e48\windows-amd64\native-platform.dll
0x00007ff800b30000 - 0x00007ff800c74000 	C:\Users\ASUS\.gradle\native\100fb08df4bc3b14c8652ba06237920a3bd2aa13389f12d3474272988ae205f9\windows-amd64\native-platform-file-events.dll
0x00007ff813020000 - 0x00007ff813029000 	C:\Users\ASUS\.jdks\corretto-17.0.12\bin\management.dll
0x00007ff810f40000 - 0x00007ff810f4b000 	C:\Users\ASUS\.jdks\corretto-17.0.12\bin\management_ext.dll
0x00007ff8232e0000 - 0x00007ff8232e8000 	C:\Windows\System32\PSAPI.DLL
0x00007ff820bd0000 - 0x00007ff820be8000 	C:\Windows\SYSTEM32\CRYPTSP.dll
0x00007ff820290000 - 0x00007ff8202c4000 	C:\Windows\system32\rsaenh.dll
0x00007ff821810000 - 0x00007ff821837000 	C:\Windows\System32\bcrypt.dll
0x00007ff821120000 - 0x00007ff82114e000 	C:\Windows\SYSTEM32\USERENV.dll
0x00007ff820bf0000 - 0x00007ff820bfc000 	C:\Windows\SYSTEM32\CRYPTBASE.dll
0x00007ff820680000 - 0x00007ff8206bb000 	C:\Windows\SYSTEM32\IPHLPAPI.DLL
0x00007ff822fe0000 - 0x00007ff822fe8000 	C:\Windows\System32\NSI.dll
0x00007ff819c30000 - 0x00007ff819c47000 	C:\Windows\SYSTEM32\dhcpcsvc6.DLL
0x00007ff81a140000 - 0x00007ff81a15d000 	C:\Windows\SYSTEM32\dhcpcsvc.DLL
0x00007ff8206d0000 - 0x00007ff82079b000 	C:\Windows\SYSTEM32\DNSAPI.dll
0x00007ff80b6d0000 - 0x00007ff80b6d9000 	C:\Users\ASUS\.jdks\corretto-17.0.12\bin\extnet.dll
0x00007ff8091f0000 - 0x00007ff8091fe000 	C:\Users\ASUS\.jdks\corretto-17.0.12\bin\sunmscapi.dll
0x00007ff8215b0000 - 0x00007ff821706000 	C:\Windows\System32\CRYPT32.dll
0x00007ff820cf0000 - 0x00007ff820d17000 	C:\Windows\SYSTEM32\ncrypt.dll
0x00007ff820cb0000 - 0x00007ff820ceb000 	C:\Windows\SYSTEM32\NTASN1.dll
0x00007ff81bdc0000 - 0x00007ff81bdc7000 	C:\Windows\system32\wshunix.dll

dbghelp: loaded successfully - version: 4.0.5 - missing functions: none
symbol engine: initialized successfully - sym options: 0x614 - pdb path: .;C:\Users\ASUS\.jdks\corretto-17.0.12\bin;C:\Windows\SYSTEM32;C:\Windows\WinSxS\amd64_microsoft.windows.common-controls_6595b64144ccf1df_6.0.19041.1110_none_60b5254171f9507e;C:\Users\ASUS\.jdks\corretto-17.0.12\bin\server;C:\Users\ASUS\.gradle\native\c067742578af261105cb4f569cf0c3c89f3d7b1fecec35dd04571415982c5e48\windows-amd64;C:\Users\ASUS\.gradle\native\100fb08df4bc3b14c8652ba06237920a3bd2aa13389f12d3474272988ae205f9\windows-amd64

VM Arguments:
jvm_args: --add-opens=java.base/java.lang=ALL-UNNAMED --add-opens=java.base/java.lang.invoke=ALL-UNNAMED --add-opens=java.base/java.util=ALL-UNNAMED --add-opens=java.prefs/java.util.prefs=ALL-UNNAMED --add-exports=jdk.compiler/com.sun.tools.javac.api=ALL-UNNAMED --add-exports=jdk.compiler/com.sun.tools.javac.util=ALL-UNNAMED --add-opens=java.base/java.util=ALL-UNNAMED --add-opens=java.prefs/java.util.prefs=ALL-UNNAMED --add-opens=java.base/java.nio.charset=ALL-UNNAMED --add-opens=java.base/java.net=ALL-UNNAMED --add-opens=java.base/java.util.concurrent.atomic=ALL-UNNAMED --add-opens=java.xml/javax.xml.namespace=ALL-UNNAMED -XX:MaxMetaspaceSize=384m -XX:+HeapDumpOnOutOfMemoryError -Xms256m -Xmx512m -Dfile.encoding=windows-1252 -Duser.country=US -Duser.language=en -Duser.variant -javaagent:C:\Users\ASUS\.gradle\wrapper\dists\gradle-8.11.1-bin\bpt9gzteqjrbo1mjrsomdt32c\gradle-8.11.1\lib\agents\gradle-instrumentation-agent-8.11.1.jar 
java_command: org.gradle.launcher.daemon.bootstrap.GradleDaemon 8.11.1
java_class_path (initial): C:\Users\ASUS\.gradle\wrapper\dists\gradle-8.11.1-bin\bpt9gzteqjrbo1mjrsomdt32c\gradle-8.11.1\lib\gradle-daemon-main-8.11.1.jar
Launcher Type: SUN_STANDARD

[Global flags]
     intx CICompilerCount                          = 3                                         {product} {ergonomic}
   size_t CompressedClassSpaceSize                 = 335544320                                 {product} {ergonomic}
     uint ConcGCThreads                            = 1                                         {product} {ergonomic}
     uint G1ConcRefinementThreads                  = 4                                         {product} {ergonomic}
   size_t G1HeapRegionSize                         = 1048576                                   {product} {ergonomic}
    uintx GCDrainStackTargetSize                   = 64                                        {product} {ergonomic}
     bool HeapDumpOnOutOfMemoryError               = true                                   {manageable} {command line}
   size_t InitialHeapSize                          = 268435456                                 {product} {command line}
   size_t MarkStackSize                            = 4194304                                   {product} {ergonomic}
   size_t MaxHeapSize                              = 536870912                                 {product} {command line}
   size_t MaxMetaspaceSize                         = 402653184                                 {product} {command line}
   size_t MaxNewSize                               = 321912832                                 {product} {ergonomic}
   size_t MinHeapDeltaBytes                        = 1048576                                   {product} {ergonomic}
   size_t MinHeapSize                              = 268435456                                 {product} {command line}
    uintx NonNMethodCodeHeapSize                   = 5832780                                {pd product} {ergonomic}
    uintx NonProfiledCodeHeapSize                  = 122912730                              {pd product} {ergonomic}
    uintx ProfiledCodeHeapSize                     = 122912730                              {pd product} {ergonomic}
    uintx ReservedCodeCacheSize                    = 251658240                              {pd product} {ergonomic}
     bool SegmentedCodeCache                       = true                                      {product} {ergonomic}
   size_t SoftMaxHeapSize                          = 536870912                              {manageable} {ergonomic}
     bool UseCompressedClassPointers               = true                           {product lp64_product} {ergonomic}
     bool UseCompressedOops                        = true                           {product lp64_product} {ergonomic}
     bool UseG1GC                                  = true                                      {product} {ergonomic}
     bool UseLargePagesIndividualAllocation        = false                                  {pd product} {ergonomic}

Logging:
Log output configuration:
 #0: stdout all=warning uptime,level,tags
 #1: stderr all=off uptime,level,tags

Environment Variables:
PATH=C:\Windows\system32;C:\Windows;C:\Windows\System32\Wbem;C:\Windows\System32\WindowsPowerShell\v1.0\;C:\Windows\System32\OpenSSH\;C:\Program Files\Git\cmd;C:\Users\ASUS\AppData\Local\Microsoft\WindowsApps;;D:\WebStorm 2024.1.5\bin;
USERNAME=ASUS
OS=Windows_NT
PROCESSOR_IDENTIFIER=Intel64 Family 6 Model 158 Stepping 9, GenuineIntel
TMP=C:\Users\ASUS\AppData\Local\Temp
TEMP=C:\Users\ASUS\AppData\Local\Temp



Periodic native trim disabled


---------------  S Y S T E M  ---------------

OS:
 Windows 10 , 64 bit Build 19041 (10.0.19041.2546)
OS uptime: 0 days 6:24 hours

CPU: total 4 (initial active 4) (4 cores per cpu, 1 threads per core) family 6 model 158 stepping 9 microcode 0xb4, cx8, cmov, fxsr, mmx, 3dnowpref, sse, sse2, sse3, ssse3, sse4.1, sse4.2, popcnt, lzcnt, tsc, tscinvbit, avx, avx2, aes, erms, clmul, bmi1, bmi2, adx, fma, vzeroupper, clflush, clflushopt
Processor Information for all 4 processors :
  Max Mhz: 2501, Current Mhz: 2501, Mhz Limit: 2501

Memory: 4k page, system-wide physical 8076M (298M free)
TotalPageFile size 16542M (AvailPageFile size 101M)
current process WorkingSet (physical memory assigned to process): 336M, peak: 393M
current process commit charge ("private bytes"): 461M, peak: 483M

vm_info: OpenJDK 64-Bit Server VM (17.0.12+7-LTS) for windows-amd64 JRE (17.0.12+7-LTS), built on Jul 10 2024 20:46:33 by "Administrator" with MS VC++ 16.10 / 16.11 (VS2019)

END.
