#
# There is insufficient memory for the Java Runtime Environment to continue.
# Native memory allocation (malloc) failed to allocate 2156896 bytes. Error detail: Chunk::new
# Possible reasons:
#   The system is out of physical RAM or swap space
#   This process is running with CompressedOops enabled, and the Java Heap may be blocking the growth of the native heap
# Possible solutions:
#   Reduce memory load on the system
#   Increase physical memory or swap space
#   Check if swap backing store is full
#   Decrease Java heap size (-Xmx/-Xms)
#   Decrease number of Java threads
#   Decrease Java thread stack sizes (-Xss)
#   Set larger code cache with -XX:ReservedCodeCacheSize=
#   JVM is running with Unscaled Compressed Oops mode in which the Java heap is
#     placed in the first 4GB address space. The Java Heap base address is the
#     maximum limit for the native heap growth. Please use -XX:HeapBaseMinAddress
#     to set the Java Heap base and to place the Java Heap above 4GB virtual address.
# This output file may be truncated or incomplete.
#
#  Out of Memory Error (arena.cpp:168), pid=14056, tid=13132
#
# JRE version: OpenJDK Runtime Environment Corretto-21.0.4.7.1 (21.0.4+7) (build 21.0.4+7-LTS)
# Java VM: OpenJDK 64-Bit Server VM Corretto-21.0.4.7.1 (21.0.4+7-LTS, mixed mode, sharing, tiered, compressed oops, compressed class ptrs, g1 gc, windows-amd64)
# No core dump will be written. Minidumps are not enabled by default on client versions of Windows
#

---------------  S U M M A R Y ------------

Command Line: --add-opens=java.base/java.lang=ALL-UNNAMED --add-opens=java.base/java.lang.invoke=ALL-UNNAMED --add-opens=java.base/java.util=ALL-UNNAMED --add-opens=java.prefs/java.util.prefs=ALL-UNNAMED --add-exports=jdk.compiler/com.sun.tools.javac.api=ALL-UNNAMED --add-exports=jdk.compiler/com.sun.tools.javac.util=ALL-UNNAMED --add-opens=java.base/java.util=ALL-UNNAMED --add-opens=java.prefs/java.util.prefs=ALL-UNNAMED --add-opens=java.base/java.nio.charset=ALL-UNNAMED --add-opens=java.base/java.net=ALL-UNNAMED --add-opens=java.base/java.util.concurrent.atomic=ALL-UNNAMED --add-opens=java.xml/javax.xml.namespace=ALL-UNNAMED -XX:MaxMetaspaceSize=384m -XX:+HeapDumpOnOutOfMemoryError -Xms256m -Xmx512m -Dfile.encoding=windows-1252 -Duser.country=US -Duser.language=en -Duser.variant -javaagent:C:\Users\ASUS\.gradle\wrapper\dists\gradle-8.11.1-bin\bpt9gzteqjrbo1mjrsomdt32c\gradle-8.11.1\lib\agents\gradle-instrumentation-agent-8.11.1.jar org.gradle.launcher.daemon.bootstrap.GradleDaemon 8.11.1

Host: Intel(R) Core(TM) i5-7300HQ CPU @ 2.50GHz, 4 cores, 7G,  Windows 10 , 64 bit Build 19041 (10.0.19041.2546)
Time: Wed Feb 12 15:45:35 2025 SE Asia Standard Time elapsed time: 15877.181813 seconds (0d 4h 24m 37s)

---------------  T H R E A D  ---------------

Current thread (0x0000029f3d1ba670):  JavaThread "C2 CompilerThread0" daemon [_thread_in_native, id=13132, stack(0x000000cd40600000,0x000000cd40700000) (1024K)]


Current CompileTask:
C2:15877181 46979   !   4       lombok.javac.JavacAST::drill (146 bytes)

Stack: [0x000000cd40600000,0x000000cd40700000]
Native frames: (J=compiled Java code, j=interpreted, Vv=VM code, C=native code)
V  [jvm.dll+0x6d83d9]
V  [jvm.dll+0x8b39f3]
V  [jvm.dll+0x8b5d4e]
V  [jvm.dll+0x8b6433]
V  [jvm.dll+0x285816]
V  [jvm.dll+0xc608d]
V  [jvm.dll+0xc65c3]
V  [jvm.dll+0x3bf09b]
V  [jvm.dll+0x38afb7]
V  [jvm.dll+0x38a42a]
V  [jvm.dll+0x24dcb2]
V  [jvm.dll+0x24d281]
V  [jvm.dll+0x1cbda4]
V  [jvm.dll+0x25c819]
V  [jvm.dll+0x25adcb]
V  [jvm.dll+0x3f9936]
V  [jvm.dll+0x85c768]
V  [jvm.dll+0x6d6bdd]
C  [ucrtbase.dll+0x21bb2]
C  [KERNEL32.DLL+0x17614]
C  [ntdll.dll+0x526a1]


---------------  P R O C E S S  ---------------

Threads class SMR info:
_java_thread_list=0x0000029f63058360, length=93, elements={
0x0000029f20aa1820, 0x0000029f3d1b4190, 0x0000029f3d1b6db0, 0x0000029f3d1b79c0,
0x0000029f3d1b8420, 0x0000029f3d1b8e80, 0x0000029f3d1b98e0, 0x0000029f3d1ba670,
0x0000029f3d1bcd10, 0x0000029f3d39d040, 0x0000029f3d5713f0, 0x0000029f57d7cb90,
0x0000029f57399f70, 0x0000029f3d40f540, 0x0000029f3d6cb2b0, 0x0000029f3d6cda10,
0x0000029f3d6cccf0, 0x0000029f59e35470, 0x0000029f59e35b00, 0x0000029f59e340c0,
0x0000029f59e36190, 0x0000029f59e36820, 0x0000029f59e34750, 0x0000029f59e3a330,
0x0000029f5b39ff40, 0x0000029f59b395a0, 0x0000029f5b39c430, 0x0000029f5883c960,
0x0000029f59e37bd0, 0x0000029f59e34de0, 0x0000029f5b3a26a0, 0x0000029f5af0c140,
0x0000029f5af07fa0, 0x0000029f588387c0, 0x0000029f59b38880, 0x0000029f59b346e0,
0x0000029f59b34d70, 0x0000029f59b39c30, 0x0000029f59b35400, 0x0000029f5b3a3a50,
0x0000029f5b39f8b0, 0x0000029f5b39cac0, 0x0000029f5b3a05d0, 0x0000029f5b3a0c60,
0x0000029f5b39d7e0, 0x0000029f5b39eb90, 0x0000029f5b3a12f0, 0x0000029f5b3a1980,
0x0000029f5b3a2010, 0x0000029f5b3a2d30, 0x0000029f5b3a33c0, 0x0000029f5b39d150,
0x0000029f5b39de70, 0x0000029f5b39e500, 0x0000029f5b39f220, 0x0000029f5b47e980,
0x0000029f5b482b20, 0x0000029f5b47cf40, 0x0000029f5b481770, 0x0000029f5b4831b0,
0x0000029f5b47c8b0, 0x0000029f5b47e2f0, 0x0000029f5b483840, 0x0000029f5b47f6a0,
0x0000029f5b47fd30, 0x0000029f5b4803c0, 0x0000029f5b483ed0, 0x0000029f5b47d5d0,
0x0000029f5b47dc60, 0x0000029f5b47f010, 0x0000029f5b4810e0, 0x0000029f5af0c7d0,
0x0000029f5af099e0, 0x0000029f5af0ce60, 0x0000029f5af0a070, 0x0000029f5af0db80,
0x0000029f5af06bf0, 0x0000029f5af07910, 0x0000029f5af08630, 0x0000029f5af0bab0,
0x0000029f5af08cc0, 0x0000029f5af09350, 0x0000029f5af0a700, 0x0000029f5af0ad90,
0x0000029f5883d680, 0x0000029f5883cff0, 0x0000029f588366f0, 0x0000029f58836d80,
0x0000029f5883a890, 0x0000029f58837aa0, 0x0000029f5883af20, 0x0000029f588394e0,
0x0000029f5883bc40
}

Java Threads: ( => current thread )
  0x0000029f20aa1820 JavaThread "main"                              [_thread_blocked, id=2296, stack(0x000000cd3f800000,0x000000cd3f900000) (1024K)]
  0x0000029f3d1b4190 JavaThread "Reference Handler"          daemon [_thread_blocked, id=12012, stack(0x000000cd40000000,0x000000cd40100000) (1024K)]
  0x0000029f3d1b6db0 JavaThread "Finalizer"                  daemon [_thread_blocked, id=8168, stack(0x000000cd40100000,0x000000cd40200000) (1024K)]
  0x0000029f3d1b79c0 JavaThread "Signal Dispatcher"          daemon [_thread_blocked, id=15080, stack(0x000000cd40200000,0x000000cd40300000) (1024K)]
  0x0000029f3d1b8420 JavaThread "Attach Listener"            daemon [_thread_blocked, id=2156, stack(0x000000cd40300000,0x000000cd40400000) (1024K)]
  0x0000029f3d1b8e80 JavaThread "Service Thread"             daemon [_thread_blocked, id=3300, stack(0x000000cd40400000,0x000000cd40500000) (1024K)]
  0x0000029f3d1b98e0 JavaThread "Monitor Deflation Thread"   daemon [_thread_blocked, id=4236, stack(0x000000cd40500000,0x000000cd40600000) (1024K)]
=>0x0000029f3d1ba670 JavaThread "C2 CompilerThread0"         daemon [_thread_in_native, id=13132, stack(0x000000cd40600000,0x000000cd40700000) (1024K)]
  0x0000029f3d1bcd10 JavaThread "C1 CompilerThread0"         daemon [_thread_in_native, id=13200, stack(0x000000cd40700000,0x000000cd40800000) (1024K)]
  0x0000029f3d39d040 JavaThread "Common-Cleaner"             daemon [_thread_blocked, id=4036, stack(0x000000cd40800000,0x000000cd40900000) (1024K)]
  0x0000029f3d5713f0 JavaThread "Notification Thread"        daemon [_thread_blocked, id=9260, stack(0x000000cd40900000,0x000000cd40a00000) (1024K)]
  0x0000029f57d7cb90 JavaThread "Daemon health stats"               [_thread_blocked, id=5256, stack(0x000000cd40d00000,0x000000cd40e00000) (1024K)]
  0x0000029f57399f70 JavaThread "Incoming local TCP Connector on port 63087"        [_thread_in_native, id=11308, stack(0x000000cd40e00000,0x000000cd40f00000) (1024K)]
  0x0000029f3d40f540 JavaThread "Daemon periodic checks"            [_thread_blocked, id=13176, stack(0x000000cd40f00000,0x000000cd41000000) (1024K)]
  0x0000029f3d6cb2b0 JavaThread "Cache worker for journal cache (C:\Users\ASUS\.gradle\caches\journal-1)"        [_thread_blocked, id=8088, stack(0x000000cd41700000,0x000000cd41800000) (1024K)]
  0x0000029f3d6cda10 JavaThread "File lock request listener"        [_thread_in_native, id=15132, stack(0x000000cd41800000,0x000000cd41900000) (1024K)]
  0x0000029f3d6cccf0 JavaThread "Cache worker for file hash cache (C:\Users\ASUS\.gradle\caches\8.11.1\fileHashes)"        [_thread_blocked, id=1768, stack(0x000000cd41900000,0x000000cd41a00000) (1024K)]
  0x0000029f59e35470 JavaThread "Cache worker for file content cache (C:\Users\ASUS\.gradle\caches\8.11.1\fileContent)"        [_thread_blocked, id=8852, stack(0x000000cd41c00000,0x000000cd41d00000) (1024K)]
  0x0000029f59e35b00 JavaThread "File watcher server"        daemon [_thread_in_native, id=6232, stack(0x000000cd41f00000,0x000000cd42000000) (1024K)]
  0x0000029f59e340c0 JavaThread "File watcher consumer"      daemon [_thread_blocked, id=11764, stack(0x000000cd42000000,0x000000cd42100000) (1024K)]
  0x0000029f59e36190 JavaThread "jar transforms"                    [_thread_blocked, id=11580, stack(0x000000cd42400000,0x000000cd42500000) (1024K)]
  0x0000029f59e36820 JavaThread "jar transforms Thread 2"           [_thread_blocked, id=7148, stack(0x000000cd42500000,0x000000cd42600000) (1024K)]
  0x0000029f59e34750 JavaThread "jar transforms Thread 3"           [_thread_blocked, id=14684, stack(0x000000cd42600000,0x000000cd42700000) (1024K)]
  0x0000029f59e3a330 JavaThread "jar transforms Thread 4"           [_thread_blocked, id=4244, stack(0x000000cd42700000,0x000000cd42800000) (1024K)]
  0x0000029f5b39ff40 JavaThread "Memory manager"                    [_thread_blocked, id=13584, stack(0x000000cd43100000,0x000000cd43200000) (1024K)]
  0x0000029f59b395a0 JavaThread "Cache worker for Java compile cache (C:\Users\ASUS\.gradle\caches\8.11.1\javaCompile)"        [_thread_blocked, id=11500, stack(0x000000cd45100000,0x000000cd45200000) (1024K)]
  0x0000029f5b39c430 JavaThread "ForkJoinPool.commonPool-worker-78" daemon [_thread_blocked, id=7444, stack(0x000000cd42b00000,0x000000cd42c00000) (1024K)]
  0x0000029f5883c960 JavaThread "ForkJoinPool.commonPool-worker-79" daemon [_thread_blocked, id=15448, stack(0x000000cd42c00000,0x000000cd42d00000) (1024K)]
  0x0000029f59e37bd0 JavaThread "Daemon Thread 60"                  [_thread_blocked, id=16100, stack(0x000000cd3f500000,0x000000cd3f600000) (1024K)]
  0x0000029f59e34de0 JavaThread "Daemon worker Thread 47"           [_thread_blocked, id=15612, stack(0x000000cd41000000,0x000000cd41100000) (1024K)]
  0x0000029f5b3a26a0 JavaThread "ForkJoinPool.commonPool-worker-80" daemon [_thread_blocked, id=12124, stack(0x000000cd42900000,0x000000cd42a00000) (1024K)]
  0x0000029f5af0c140 JavaThread "VFS cleanup Thread 48"             [_thread_blocked, id=15924, stack(0x000000cd41100000,0x000000cd41200000) (1024K)]
  0x0000029f5af07fa0 JavaThread "Daemon Thread 61"                  [_thread_blocked, id=16424, stack(0x000000cd3f700000,0x000000cd3f800000) (1024K)]
  0x0000029f588387c0 JavaThread "included builds"                   [_thread_blocked, id=5692, stack(0x000000cd45300000,0x000000cd45400000) (1024K)]
  0x0000029f59b38880 JavaThread "File lock release action executor Thread 4"        [_thread_blocked, id=12232, stack(0x000000cd3f600000,0x000000cd3f700000) (1024K)]
  0x0000029f59b346e0 JavaThread "Handler for socket connection from /127.0.0.1:63087 to /127.0.0.1:56853"        [_thread_in_native, id=17340, stack(0x000000cd41200000,0x000000cd41300000) (1024K)]
  0x0000029f59b34d70 JavaThread "Cancel handler"                    [_thread_blocked, id=9432, stack(0x000000cd41300000,0x000000cd41400000) (1024K)]
  0x0000029f59b39c30 JavaThread "Asynchronous log dispatcher for DefaultDaemonConnection: socket connection from /127.0.0.1:63087 to /127.0.0.1:56853"        [_thread_blocked, id=14592, stack(0x000000cd41400000,0x000000cd41500000) (1024K)]
  0x0000029f59b35400 JavaThread "Stdin handler"                     [_thread_blocked, id=7956, stack(0x000000cd41500000,0x000000cd41600000) (1024K)]
  0x0000029f5b3a3a50 JavaThread "Daemon client event forwarder"        [_thread_blocked, id=10032, stack(0x000000cd41600000,0x000000cd41700000) (1024K)]
  0x0000029f5b39f8b0 JavaThread "Cache worker for file hash cache (D:\codegym\bat_dong_san\case_study_module_4\case_study\case_study\.gradle\8.11.1\fileHashes)"        [_thread_blocked, id=13384, stack(0x000000cd41a00000,0x000000cd41b00000) (1024K)]
  0x0000029f5b39cac0 JavaThread "Cache worker for Build Output Cleanup Cache (D:\codegym\bat_dong_san\case_study_module_4\case_study\case_study\.gradle\buildOutputCleanup)"        [_thread_blocked, id=17212, stack(0x000000cd41b00000,0x000000cd41c00000) (1024K)]
  0x0000029f5b3a05d0 JavaThread "Cache worker for checksums cache (D:\codegym\bat_dong_san\case_study_module_4\case_study\case_study\.gradle\8.11.1\checksums)"        [_thread_blocked, id=16652, stack(0x000000cd41d00000,0x000000cd41e00000) (1024K)]
  0x0000029f5b3a0c60 JavaThread "Cache worker for cache directory md-rule (C:\Users\ASUS\.gradle\caches\8.11.1\md-rule)"        [_thread_blocked, id=1448, stack(0x000000cd41e00000,0x000000cd41f00000) (1024K)]
  0x0000029f5b39d7e0 JavaThread "Cache worker for cache directory md-supplier (C:\Users\ASUS\.gradle\caches\8.11.1\md-supplier)"        [_thread_blocked, id=16080, stack(0x000000cd42100000,0x000000cd42200000) (1024K)]
  0x0000029f5b39eb90 JavaThread "Unconstrained build operations"        [_thread_blocked, id=10860, stack(0x000000cd42200000,0x000000cd42300000) (1024K)]
  0x0000029f5b3a12f0 JavaThread "Unconstrained build operations Thread 2"        [_thread_blocked, id=13388, stack(0x000000cd42300000,0x000000cd42400000) (1024K)]
  0x0000029f5b3a1980 JavaThread "Unconstrained build operations Thread 3"        [_thread_blocked, id=15884, stack(0x000000cd42800000,0x000000cd42900000) (1024K)]
  0x0000029f5b3a2010 JavaThread "Unconstrained build operations Thread 4"        [_thread_blocked, id=14040, stack(0x000000cd42a00000,0x000000cd42b00000) (1024K)]
  0x0000029f5b3a2d30 JavaThread "Unconstrained build operations Thread 5"        [_thread_blocked, id=2400, stack(0x000000cd42d00000,0x000000cd42e00000) (1024K)]
  0x0000029f5b3a33c0 JavaThread "Unconstrained build operations Thread 6"        [_thread_blocked, id=19120, stack(0x000000cd42e00000,0x000000cd42f00000) (1024K)]
  0x0000029f5b39d150 JavaThread "Unconstrained build operations Thread 7"        [_thread_blocked, id=6088, stack(0x000000cd42f00000,0x000000cd43000000) (1024K)]
  0x0000029f5b39de70 JavaThread "Unconstrained build operations Thread 8"        [_thread_blocked, id=7788, stack(0x000000cd43000000,0x000000cd43100000) (1024K)]
  0x0000029f5b39e500 JavaThread "Unconstrained build operations Thread 9"        [_thread_blocked, id=12240, stack(0x000000cd43200000,0x000000cd43300000) (1024K)]
  0x0000029f5b39f220 JavaThread "Unconstrained build operations Thread 10"        [_thread_blocked, id=19196, stack(0x000000cd43300000,0x000000cd43400000) (1024K)]
  0x0000029f5b47e980 JavaThread "Unconstrained build operations Thread 11"        [_thread_blocked, id=7620, stack(0x000000cd43400000,0x000000cd43500000) (1024K)]
  0x0000029f5b482b20 JavaThread "Unconstrained build operations Thread 12"        [_thread_blocked, id=9692, stack(0x000000cd43500000,0x000000cd43600000) (1024K)]
  0x0000029f5b47cf40 JavaThread "Unconstrained build operations Thread 13"        [_thread_blocked, id=13740, stack(0x000000cd43600000,0x000000cd43700000) (1024K)]
  0x0000029f5b481770 JavaThread "Unconstrained build operations Thread 14"        [_thread_blocked, id=10144, stack(0x000000cd43700000,0x000000cd43800000) (1024K)]
  0x0000029f5b4831b0 JavaThread "Unconstrained build operations Thread 15"        [_thread_blocked, id=17820, stack(0x000000cd43800000,0x000000cd43900000) (1024K)]
  0x0000029f5b47c8b0 JavaThread "Unconstrained build operations Thread 16"        [_thread_blocked, id=13576, stack(0x000000cd43900000,0x000000cd43a00000) (1024K)]
  0x0000029f5b47e2f0 JavaThread "Unconstrained build operations Thread 17"        [_thread_blocked, id=17160, stack(0x000000cd43a00000,0x000000cd43b00000) (1024K)]
  0x0000029f5b483840 JavaThread "Unconstrained build operations Thread 18"        [_thread_blocked, id=7296, stack(0x000000cd43b00000,0x000000cd43c00000) (1024K)]
  0x0000029f5b47f6a0 JavaThread "Unconstrained build operations Thread 19"        [_thread_blocked, id=12160, stack(0x000000cd43c00000,0x000000cd43d00000) (1024K)]
  0x0000029f5b47fd30 JavaThread "Unconstrained build operations Thread 20"        [_thread_blocked, id=14572, stack(0x000000cd43d00000,0x000000cd43e00000) (1024K)]
  0x0000029f5b4803c0 JavaThread "Unconstrained build operations Thread 21"        [_thread_blocked, id=16252, stack(0x000000cd43e00000,0x000000cd43f00000) (1024K)]
  0x0000029f5b483ed0 JavaThread "Unconstrained build operations Thread 22"        [_thread_blocked, id=18572, stack(0x000000cd43f00000,0x000000cd44000000) (1024K)]
  0x0000029f5b47d5d0 JavaThread "Unconstrained build operations Thread 23"        [_thread_blocked, id=15616, stack(0x000000cd44000000,0x000000cd44100000) (1024K)]
  0x0000029f5b47dc60 JavaThread "Unconstrained build operations Thread 24"        [_thread_blocked, id=16220, stack(0x000000cd44100000,0x000000cd44200000) (1024K)]
  0x0000029f5b47f010 JavaThread "Unconstrained build operations Thread 25"        [_thread_blocked, id=9140, stack(0x000000cd44200000,0x000000cd44300000) (1024K)]
  0x0000029f5b4810e0 JavaThread "Unconstrained build operations Thread 26"        [_thread_blocked, id=12760, stack(0x000000cd44300000,0x000000cd44400000) (1024K)]
  0x0000029f5af0c7d0 JavaThread "Unconstrained build operations Thread 27"        [_thread_blocked, id=8020, stack(0x000000cd44400000,0x000000cd44500000) (1024K)]
  0x0000029f5af099e0 JavaThread "Unconstrained build operations Thread 28"        [_thread_blocked, id=16020, stack(0x000000cd44500000,0x000000cd44600000) (1024K)]
  0x0000029f5af0ce60 JavaThread "Unconstrained build operations Thread 29"        [_thread_blocked, id=9552, stack(0x000000cd44600000,0x000000cd44700000) (1024K)]
  0x0000029f5af0a070 JavaThread "Unconstrained build operations Thread 30"        [_thread_blocked, id=15260, stack(0x000000cd44700000,0x000000cd44800000) (1024K)]
  0x0000029f5af0db80 JavaThread "Unconstrained build operations Thread 31"        [_thread_blocked, id=19256, stack(0x000000cd44800000,0x000000cd44900000) (1024K)]
  0x0000029f5af06bf0 JavaThread "Unconstrained build operations Thread 32"        [_thread_blocked, id=15172, stack(0x000000cd44900000,0x000000cd44a00000) (1024K)]
  0x0000029f5af07910 JavaThread "Unconstrained build operations Thread 33"        [_thread_blocked, id=14804, stack(0x000000cd44a00000,0x000000cd44b00000) (1024K)]
  0x0000029f5af08630 JavaThread "Unconstrained build operations Thread 34"        [_thread_blocked, id=1152, stack(0x000000cd44b00000,0x000000cd44c00000) (1024K)]
  0x0000029f5af0bab0 JavaThread "Unconstrained build operations Thread 35"        [_thread_blocked, id=5184, stack(0x000000cd44c00000,0x000000cd44d00000) (1024K)]
  0x0000029f5af08cc0 JavaThread "Unconstrained build operations Thread 36"        [_thread_blocked, id=2604, stack(0x000000cd44d00000,0x000000cd44e00000) (1024K)]
  0x0000029f5af09350 JavaThread "Unconstrained build operations Thread 37"        [_thread_blocked, id=1384, stack(0x000000cd44e00000,0x000000cd44f00000) (1024K)]
  0x0000029f5af0a700 JavaThread "Unconstrained build operations Thread 38"        [_thread_blocked, id=18848, stack(0x000000cd44f00000,0x000000cd45000000) (1024K)]
  0x0000029f5af0ad90 JavaThread "Unconstrained build operations Thread 39"        [_thread_blocked, id=15772, stack(0x000000cd45000000,0x000000cd45100000) (1024K)]
  0x0000029f5883d680 JavaThread "Unconstrained build operations Thread 40"        [_thread_blocked, id=1848, stack(0x000000cd45200000,0x000000cd45300000) (1024K)]
  0x0000029f5883cff0 JavaThread "included builds"                   [_thread_in_Java, id=16336, stack(0x000000cd45400000,0x000000cd45500000) (1024K)]
  0x0000029f588366f0 JavaThread "Execution worker"                  [_thread_blocked, id=16376, stack(0x000000cd45500000,0x000000cd45600000) (1024K)]
  0x0000029f58836d80 JavaThread "Execution worker Thread 2"         [_thread_blocked, id=7700, stack(0x000000cd45600000,0x000000cd45700000) (1024K)]
  0x0000029f5883a890 JavaThread "Execution worker Thread 3"         [_thread_blocked, id=14004, stack(0x000000cd45700000,0x000000cd45800000) (1024K)]
  0x0000029f58837aa0 JavaThread "Cache worker for execution history cache (D:\codegym\bat_dong_san\case_study_module_4\case_study\case_study\.gradle\8.11.1\executionHistory)"        [_thread_blocked, id=15032, stack(0x000000cd45800000,0x000000cd45900000) (1024K)]
  0x0000029f5883af20 JavaThread "Build operations"                  [_thread_blocked, id=14216, stack(0x000000cd45900000,0x000000cd45a00000) (1024K)]
  0x0000029f588394e0 JavaThread "Build operations Thread 2"         [_thread_blocked, id=11196, stack(0x000000cd45a00000,0x000000cd45b00000) (1024K)]
  0x0000029f5883bc40 JavaThread "Build operations Thread 3"         [_thread_blocked, id=8896, stack(0x000000cd45b00000,0x000000cd45c00000) (1024K)]
Total: 93

Other Threads:
  0x0000029f3d196b10 VMThread "VM Thread"                           [id=2220, stack(0x000000cd3ff00000,0x000000cd40000000) (1024K)]
  0x0000029f3d1778e0 WatcherThread "VM Periodic Task Thread"        [id=5304, stack(0x000000cd3fe00000,0x000000cd3ff00000) (1024K)]
  0x0000029f20c93960 WorkerThread "GC Thread#0"                     [id=14996, stack(0x000000cd3f900000,0x000000cd3fa00000) (1024K)]
  0x0000029f3d6debe0 WorkerThread "GC Thread#1"                     [id=10248, stack(0x000000cd40a00000,0x000000cd40b00000) (1024K)]
  0x0000029f3d5e3a60 WorkerThread "GC Thread#2"                     [id=7736, stack(0x000000cd40b00000,0x000000cd40c00000) (1024K)]
  0x0000029f3d5e3e00 WorkerThread "GC Thread#3"                     [id=2292, stack(0x000000cd40c00000,0x000000cd40d00000) (1024K)]
  0x0000029f20c988a0 ConcurrentGCThread "G1 Main Marker"            [id=3796, stack(0x000000cd3fa00000,0x000000cd3fb00000) (1024K)]
  0x0000029f20c998f0 WorkerThread "G1 Conc#0"                       [id=10896, stack(0x000000cd3fb00000,0x000000cd3fc00000) (1024K)]
  0x0000029f3d04b570 ConcurrentGCThread "G1 Refine#0"               [id=3680, stack(0x000000cd3fc00000,0x000000cd3fd00000) (1024K)]
  0x0000029f3d04cda0 ConcurrentGCThread "G1 Service"                [id=13020, stack(0x000000cd3fd00000,0x000000cd3fe00000) (1024K)]
Total: 10

Threads with active compile tasks:
C2 CompilerThread0  15877293 46979   !   4       lombok.javac.JavacAST::drill (146 bytes)
C1 CompilerThread0  15877293 47149       2       lombok.core.AnnotationValues::<init> (25 bytes)
Total: 2

VM state: not at safepoint (normal execution)

VM Mutex/Monitor currently owned by a thread: None

Heap address: 0x00000000e0000000, size: 512 MB, Compressed Oops mode: 32-bit

CDS archive(s) mapped at: [0x0000029f3e000000-0x0000029f3ec90000-0x0000029f3ec90000), size 13172736, SharedBaseAddress: 0x0000029f3e000000, ArchiveRelocationMode: 1.
Compressed class space mapped at: 0x0000029f3f000000-0x0000029f53000000, reserved size: 335544320
Narrow klass base: 0x0000029f3e000000, Narrow klass shift: 0, Narrow klass range: 0x100000000

GC Precious Log:
 CardTable entry size: 512
 Card Set container configuration: InlinePtr #cards 5 size 8 Array Of Cards #cards 12 size 40 Howl #buckets 4 coarsen threshold 1843 Howl Bitmap #cards 512 size 80 coarsen threshold 460 Card regions per heap region 1 cards per card region 2048
 CPUs: 4 total, 4 available
 Memory: 8076M
 Large Page Support: Disabled
 NUMA Support: Disabled
 Compressed Oops: Enabled (32-bit)
 Heap Region Size: 1M
 Heap Min Capacity: 256M
 Heap Initial Capacity: 256M
 Heap Max Capacity: 512M
 Pre-touch: Disabled
 Parallel Workers: 4
 Concurrent Workers: 1
 Concurrent Refinement Workers: 4
 Periodic GC: Disabled

Heap:
 garbage-first heap   total 262144K, used 179299K [0x00000000e0000000, 0x0000000100000000)
  region size 1024K, 107 young (109568K), 20 survivors (20480K)
 Metaspace       used 90607K, committed 92672K, reserved 458752K
  class space    used 11487K, committed 12544K, reserved 327680K

Heap Regions: E=young(eden), S=young(survivor), O=old, HS=humongous(starts), HC=humongous(continues), CS=collection set, F=free, TAMS=top-at-mark-start, PB=parsable bottom
|   0|0x00000000e0000000, 0x00000000e0100000, 0x00000000e0100000|100%|HS|  |TAMS 0x00000000e0000000| PB 0x00000000e0000000| Complete 
|   1|0x00000000e0100000, 0x00000000e0200000, 0x00000000e0200000|100%|HC|  |TAMS 0x00000000e0100000| PB 0x00000000e0100000| Complete 
|   2|0x00000000e0200000, 0x00000000e0300000, 0x00000000e0300000|100%|HC|  |TAMS 0x00000000e0200000| PB 0x00000000e0200000| Complete 
|   3|0x00000000e0300000, 0x00000000e03e2170, 0x00000000e0400000| 88%| O|  |TAMS 0x00000000e0300000| PB 0x00000000e0300000| Untracked 
|   4|0x00000000e0400000, 0x00000000e0500000, 0x00000000e0500000|100%| O|  |TAMS 0x00000000e0400000| PB 0x00000000e0400000| Untracked 
|   5|0x00000000e0500000, 0x00000000e05ffff0, 0x00000000e0600000| 99%| O|  |TAMS 0x00000000e0500000| PB 0x00000000e0500000| Untracked 
|   6|0x00000000e0600000, 0x00000000e0700000, 0x00000000e0700000|100%|HS|  |TAMS 0x00000000e0600000| PB 0x00000000e0600000| Complete 
|   7|0x00000000e0700000, 0x00000000e0800000, 0x00000000e0800000|100%| O|  |TAMS 0x00000000e0700000| PB 0x00000000e0700000| Untracked 
|   8|0x00000000e0800000, 0x00000000e08ffff8, 0x00000000e0900000| 99%| O|  |TAMS 0x00000000e0800000| PB 0x00000000e0800000| Untracked 
|   9|0x00000000e0900000, 0x00000000e09fffa0, 0x00000000e0a00000| 99%| O|  |TAMS 0x00000000e0900000| PB 0x00000000e0900000| Untracked 
|  10|0x00000000e0a00000, 0x00000000e0b00000, 0x00000000e0b00000|100%| O|  |TAMS 0x00000000e0a00000| PB 0x00000000e0a00000| Untracked 
|  11|0x00000000e0b00000, 0x00000000e0c00000, 0x00000000e0c00000|100%| O|  |TAMS 0x00000000e0b00000| PB 0x00000000e0b00000| Untracked 
|  12|0x00000000e0c00000, 0x00000000e0d00000, 0x00000000e0d00000|100%| O|  |TAMS 0x00000000e0c00000| PB 0x00000000e0c00000| Untracked 
|  13|0x00000000e0d00000, 0x00000000e0e00000, 0x00000000e0e00000|100%| O|  |TAMS 0x00000000e0d00000| PB 0x00000000e0d00000| Untracked 
|  14|0x00000000e0e00000, 0x00000000e0effff0, 0x00000000e0f00000| 99%| O|  |TAMS 0x00000000e0e00000| PB 0x00000000e0e00000| Untracked 
|  15|0x00000000e0f00000, 0x00000000e1000000, 0x00000000e1000000|100%| O|  |TAMS 0x00000000e0f00000| PB 0x00000000e0f00000| Untracked 
|  16|0x00000000e1000000, 0x00000000e1100000, 0x00000000e1100000|100%| O|  |TAMS 0x00000000e1000000| PB 0x00000000e1000000| Untracked 
|  17|0x00000000e1100000, 0x00000000e1200000, 0x00000000e1200000|100%| O|  |TAMS 0x00000000e1100000| PB 0x00000000e1100000| Untracked 
|  18|0x00000000e1200000, 0x00000000e1300000, 0x00000000e1300000|100%| O|  |TAMS 0x00000000e1200000| PB 0x00000000e1200000| Untracked 
|  19|0x00000000e1300000, 0x00000000e1400000, 0x00000000e1400000|100%| O|  |TAMS 0x00000000e1300000| PB 0x00000000e1300000| Untracked 
|  20|0x00000000e1400000, 0x00000000e1500000, 0x00000000e1500000|100%| O|  |TAMS 0x00000000e1400000| PB 0x00000000e1400000| Untracked 
|  21|0x00000000e1500000, 0x00000000e1600000, 0x00000000e1600000|100%| O|  |TAMS 0x00000000e1500000| PB 0x00000000e1500000| Untracked 
|  22|0x00000000e1600000, 0x00000000e1600000, 0x00000000e1700000|  0%| F|  |TAMS 0x00000000e1600000| PB 0x00000000e1600000| Untracked 
|  23|0x00000000e1700000, 0x00000000e1800000, 0x00000000e1800000|100%| O|  |TAMS 0x00000000e1700000| PB 0x00000000e1700000| Untracked 
|  24|0x00000000e1800000, 0x00000000e1800000, 0x00000000e1900000|  0%| F|  |TAMS 0x00000000e1800000| PB 0x00000000e1800000| Untracked 
|  25|0x00000000e1900000, 0x00000000e1900000, 0x00000000e1a00000|  0%| F|  |TAMS 0x00000000e1900000| PB 0x00000000e1900000| Untracked 
|  26|0x00000000e1a00000, 0x00000000e1b00000, 0x00000000e1b00000|100%| O|  |TAMS 0x00000000e1a00000| PB 0x00000000e1a00000| Untracked 
|  27|0x00000000e1b00000, 0x00000000e1c00000, 0x00000000e1c00000|100%| O|  |TAMS 0x00000000e1b00000| PB 0x00000000e1b00000| Untracked 
|  28|0x00000000e1c00000, 0x00000000e1d00000, 0x00000000e1d00000|100%| O|  |TAMS 0x00000000e1c00000| PB 0x00000000e1c00000| Untracked 
|  29|0x00000000e1d00000, 0x00000000e1e00000, 0x00000000e1e00000|100%| O|  |TAMS 0x00000000e1d00000| PB 0x00000000e1d00000| Untracked 
|  30|0x00000000e1e00000, 0x00000000e1f00000, 0x00000000e1f00000|100%| O|  |TAMS 0x00000000e1e00000| PB 0x00000000e1e00000| Untracked 
|  31|0x00000000e1f00000, 0x00000000e2000000, 0x00000000e2000000|100%| O|  |TAMS 0x00000000e1f00000| PB 0x00000000e1f00000| Untracked 
|  32|0x00000000e2000000, 0x00000000e2100000, 0x00000000e2100000|100%| O|  |TAMS 0x00000000e2000000| PB 0x00000000e2000000| Untracked 
|  33|0x00000000e2100000, 0x00000000e2200000, 0x00000000e2200000|100%| O|  |TAMS 0x00000000e2100000| PB 0x00000000e2100000| Untracked 
|  34|0x00000000e2200000, 0x00000000e2300000, 0x00000000e2300000|100%| O|  |TAMS 0x00000000e2200000| PB 0x00000000e2200000| Untracked 
|  35|0x00000000e2300000, 0x00000000e2400000, 0x00000000e2400000|100%| O|  |TAMS 0x00000000e2300000| PB 0x00000000e2300000| Untracked 
|  36|0x00000000e2400000, 0x00000000e2500000, 0x00000000e2500000|100%| O|  |TAMS 0x00000000e2400000| PB 0x00000000e2400000| Untracked 
|  37|0x00000000e2500000, 0x00000000e2500000, 0x00000000e2600000|  0%| F|  |TAMS 0x00000000e2500000| PB 0x00000000e2500000| Untracked 
|  38|0x00000000e2600000, 0x00000000e2700000, 0x00000000e2700000|100%| O|  |TAMS 0x00000000e2600000| PB 0x00000000e2600000| Untracked 
|  39|0x00000000e2700000, 0x00000000e2800000, 0x00000000e2800000|100%| O|  |TAMS 0x00000000e2700000| PB 0x00000000e2700000| Untracked 
|  40|0x00000000e2800000, 0x00000000e2900000, 0x00000000e2900000|100%| O|  |TAMS 0x00000000e2800000| PB 0x00000000e2800000| Untracked 
|  41|0x00000000e2900000, 0x00000000e2a00000, 0x00000000e2a00000|100%| O|  |TAMS 0x00000000e2900000| PB 0x00000000e2900000| Untracked 
|  42|0x00000000e2a00000, 0x00000000e2b00000, 0x00000000e2b00000|100%|HS|  |TAMS 0x00000000e2a00000| PB 0x00000000e2a00000| Complete 
|  43|0x00000000e2b00000, 0x00000000e2c00000, 0x00000000e2c00000|100%| O|  |TAMS 0x00000000e2b00000| PB 0x00000000e2b00000| Untracked 
|  44|0x00000000e2c00000, 0x00000000e2d00000, 0x00000000e2d00000|100%| O|  |TAMS 0x00000000e2c00000| PB 0x00000000e2c00000| Untracked 
|  45|0x00000000e2d00000, 0x00000000e2e00000, 0x00000000e2e00000|100%| O|  |TAMS 0x00000000e2d00000| PB 0x00000000e2d00000| Untracked 
|  46|0x00000000e2e00000, 0x00000000e2f00000, 0x00000000e2f00000|100%| O|  |TAMS 0x00000000e2e00000| PB 0x00000000e2e00000| Untracked 
|  47|0x00000000e2f00000, 0x00000000e3000000, 0x00000000e3000000|100%| O|  |TAMS 0x00000000e2f00000| PB 0x00000000e2f00000| Untracked 
|  48|0x00000000e3000000, 0x00000000e3100000, 0x00000000e3100000|100%| O|  |TAMS 0x00000000e3000000| PB 0x00000000e3000000| Untracked 
|  49|0x00000000e3100000, 0x00000000e3200000, 0x00000000e3200000|100%| O|  |TAMS 0x00000000e3100000| PB 0x00000000e3100000| Untracked 
|  50|0x00000000e3200000, 0x00000000e3300000, 0x00000000e3300000|100%| O|  |TAMS 0x00000000e3200000| PB 0x00000000e3200000| Untracked 
|  51|0x00000000e3300000, 0x00000000e3400000, 0x00000000e3400000|100%| O|  |TAMS 0x00000000e3300000| PB 0x00000000e3300000| Untracked 
|  52|0x00000000e3400000, 0x00000000e3500000, 0x00000000e3500000|100%| O|  |TAMS 0x00000000e3400000| PB 0x00000000e3400000| Untracked 
|  53|0x00000000e3500000, 0x00000000e3600000, 0x00000000e3600000|100%| O|  |TAMS 0x00000000e3500000| PB 0x00000000e3500000| Untracked 
|  54|0x00000000e3600000, 0x00000000e3700000, 0x00000000e3700000|100%| O|  |TAMS 0x00000000e3600000| PB 0x00000000e3600000| Untracked 
|  55|0x00000000e3700000, 0x00000000e3800000, 0x00000000e3800000|100%| O|  |TAMS 0x00000000e3700000| PB 0x00000000e3700000| Untracked 
|  56|0x00000000e3800000, 0x00000000e3900000, 0x00000000e3900000|100%| O|  |TAMS 0x00000000e3800000| PB 0x00000000e3800000| Untracked 
|  57|0x00000000e3900000, 0x00000000e3a00000, 0x00000000e3a00000|100%| O|  |TAMS 0x00000000e3900000| PB 0x00000000e3900000| Untracked 
|  58|0x00000000e3a00000, 0x00000000e3b00000, 0x00000000e3b00000|100%| O|  |TAMS 0x00000000e3a00000| PB 0x00000000e3a00000| Untracked 
|  59|0x00000000e3b00000, 0x00000000e3c00000, 0x00000000e3c00000|100%| O|  |TAMS 0x00000000e3b00000| PB 0x00000000e3b00000| Untracked 
|  60|0x00000000e3c00000, 0x00000000e3d00000, 0x00000000e3d00000|100%| O|  |TAMS 0x00000000e3c00000| PB 0x00000000e3c00000| Untracked 
|  61|0x00000000e3d00000, 0x00000000e3e00000, 0x00000000e3e00000|100%| O|  |TAMS 0x00000000e3d00000| PB 0x00000000e3d00000| Untracked 
|  62|0x00000000e3e00000, 0x00000000e3f00000, 0x00000000e3f00000|100%| O|  |TAMS 0x00000000e3e00000| PB 0x00000000e3e00000| Untracked 
|  63|0x00000000e3f00000, 0x00000000e4000000, 0x00000000e4000000|100%| O|  |TAMS 0x00000000e3f00000| PB 0x00000000e3f00000| Untracked 
|  64|0x00000000e4000000, 0x00000000e4100000, 0x00000000e4100000|100%| O|  |TAMS 0x00000000e4000000| PB 0x00000000e4000000| Untracked 
|  65|0x00000000e4100000, 0x00000000e4200000, 0x00000000e4200000|100%| O|  |TAMS 0x00000000e4100000| PB 0x00000000e4100000| Untracked 
|  66|0x00000000e4200000, 0x00000000e4300000, 0x00000000e4300000|100%| O|  |TAMS 0x00000000e4200000| PB 0x00000000e4200000| Untracked 
|  67|0x00000000e4300000, 0x00000000e4336ea0, 0x00000000e4400000| 21%| O|  |TAMS 0x00000000e4300000| PB 0x00000000e4300000| Untracked 
|  68|0x00000000e4400000, 0x00000000e4500000, 0x00000000e4500000|100%| O|  |TAMS 0x00000000e4400000| PB 0x00000000e4400000| Untracked 
|  69|0x00000000e4500000, 0x00000000e4500000, 0x00000000e4600000|  0%| F|  |TAMS 0x00000000e4500000| PB 0x00000000e4500000| Untracked 
|  70|0x00000000e4600000, 0x00000000e4600000, 0x00000000e4700000|  0%| F|  |TAMS 0x00000000e4600000| PB 0x00000000e4600000| Untracked 
|  71|0x00000000e4700000, 0x00000000e4700000, 0x00000000e4800000|  0%| F|  |TAMS 0x00000000e4700000| PB 0x00000000e4700000| Untracked 
|  72|0x00000000e4800000, 0x00000000e4900000, 0x00000000e4900000|100%| O|  |TAMS 0x00000000e4800000| PB 0x00000000e4800000| Untracked 
|  73|0x00000000e4900000, 0x00000000e4900000, 0x00000000e4a00000|  0%| F|  |TAMS 0x00000000e4900000| PB 0x00000000e4900000| Untracked 
|  74|0x00000000e4a00000, 0x00000000e4a00000, 0x00000000e4b00000|  0%| F|  |TAMS 0x00000000e4a00000| PB 0x00000000e4a00000| Untracked 
|  75|0x00000000e4b00000, 0x00000000e4b00000, 0x00000000e4c00000|  0%| F|  |TAMS 0x00000000e4b00000| PB 0x00000000e4b00000| Untracked 
|  76|0x00000000e4c00000, 0x00000000e4c00000, 0x00000000e4d00000|  0%| F|  |TAMS 0x00000000e4c00000| PB 0x00000000e4c00000| Untracked 
|  77|0x00000000e4d00000, 0x00000000e4d00000, 0x00000000e4e00000|  0%| F|  |TAMS 0x00000000e4d00000| PB 0x00000000e4d00000| Untracked 
|  78|0x00000000e4e00000, 0x00000000e4f00000, 0x00000000e4f00000|100%| S|CS|TAMS 0x00000000e4e00000| PB 0x00000000e4e00000| Complete 
|  79|0x00000000e4f00000, 0x00000000e5000000, 0x00000000e5000000|100%| S|CS|TAMS 0x00000000e4f00000| PB 0x00000000e4f00000| Complete 
|  80|0x00000000e5000000, 0x00000000e5100000, 0x00000000e5100000|100%| S|CS|TAMS 0x00000000e5000000| PB 0x00000000e5000000| Complete 
|  81|0x00000000e5100000, 0x00000000e5200000, 0x00000000e5200000|100%| S|CS|TAMS 0x00000000e5100000| PB 0x00000000e5100000| Complete 
|  82|0x00000000e5200000, 0x00000000e5300000, 0x00000000e5300000|100%| S|CS|TAMS 0x00000000e5200000| PB 0x00000000e5200000| Complete 
|  83|0x00000000e5300000, 0x00000000e5400000, 0x00000000e5400000|100%| S|CS|TAMS 0x00000000e5300000| PB 0x00000000e5300000| Complete 
|  84|0x00000000e5400000, 0x00000000e5500000, 0x00000000e5500000|100%| S|CS|TAMS 0x00000000e5400000| PB 0x00000000e5400000| Complete 
|  85|0x00000000e5500000, 0x00000000e5600000, 0x00000000e5600000|100%| O|  |TAMS 0x00000000e5500000| PB 0x00000000e5500000| Untracked 
|  86|0x00000000e5600000, 0x00000000e5700000, 0x00000000e5700000|100%| O|  |TAMS 0x00000000e5600000| PB 0x00000000e5600000| Untracked 
|  87|0x00000000e5700000, 0x00000000e5800000, 0x00000000e5800000|100%| O|  |TAMS 0x00000000e5700000| PB 0x00000000e5700000| Untracked 
|  88|0x00000000e5800000, 0x00000000e5900000, 0x00000000e5900000|100%| S|CS|TAMS 0x00000000e5800000| PB 0x00000000e5800000| Complete 
|  89|0x00000000e5900000, 0x00000000e5a00000, 0x00000000e5a00000|100%| S|CS|TAMS 0x00000000e5900000| PB 0x00000000e5900000| Complete 
|  90|0x00000000e5a00000, 0x00000000e5a00000, 0x00000000e5b00000|  0%| F|  |TAMS 0x00000000e5a00000| PB 0x00000000e5a00000| Untracked 
|  91|0x00000000e5b00000, 0x00000000e5b00000, 0x00000000e5c00000|  0%| F|  |TAMS 0x00000000e5b00000| PB 0x00000000e5b00000| Untracked 
|  92|0x00000000e5c00000, 0x00000000e5c00000, 0x00000000e5d00000|  0%| F|  |TAMS 0x00000000e5c00000| PB 0x00000000e5c00000| Untracked 
|  93|0x00000000e5d00000, 0x00000000e5d00000, 0x00000000e5e00000|  0%| F|  |TAMS 0x00000000e5d00000| PB 0x00000000e5d00000| Untracked 
|  94|0x00000000e5e00000, 0x00000000e5e00000, 0x00000000e5f00000|  0%| F|  |TAMS 0x00000000e5e00000| PB 0x00000000e5e00000| Untracked 
|  95|0x00000000e5f00000, 0x00000000e5f00000, 0x00000000e6000000|  0%| F|  |TAMS 0x00000000e5f00000| PB 0x00000000e5f00000| Untracked 
|  96|0x00000000e6000000, 0x00000000e6000000, 0x00000000e6100000|  0%| F|  |TAMS 0x00000000e6000000| PB 0x00000000e6000000| Untracked 
|  97|0x00000000e6100000, 0x00000000e6100000, 0x00000000e6200000|  0%| F|  |TAMS 0x00000000e6100000| PB 0x00000000e6100000| Untracked 
|  98|0x00000000e6200000, 0x00000000e6200000, 0x00000000e6300000|  0%| F|  |TAMS 0x00000000e6200000| PB 0x00000000e6200000| Untracked 
|  99|0x00000000e6300000, 0x00000000e6400000, 0x00000000e6400000|100%| O|  |TAMS 0x00000000e6300000| PB 0x00000000e6300000| Untracked 
| 100|0x00000000e6400000, 0x00000000e6400000, 0x00000000e6500000|  0%| F|  |TAMS 0x00000000e6400000| PB 0x00000000e6400000| Untracked 
| 101|0x00000000e6500000, 0x00000000e6500000, 0x00000000e6600000|  0%| F|  |TAMS 0x00000000e6500000| PB 0x00000000e6500000| Untracked 
| 102|0x00000000e6600000, 0x00000000e6700000, 0x00000000e6700000|100%| S|CS|TAMS 0x00000000e6600000| PB 0x00000000e6600000| Complete 
| 103|0x00000000e6700000, 0x00000000e6800000, 0x00000000e6800000|100%| S|CS|TAMS 0x00000000e6700000| PB 0x00000000e6700000| Complete 
| 104|0x00000000e6800000, 0x00000000e6900000, 0x00000000e6900000|100%| S|CS|TAMS 0x00000000e6800000| PB 0x00000000e6800000| Complete 
| 105|0x00000000e6900000, 0x00000000e6a00000, 0x00000000e6a00000|100%| S|CS|TAMS 0x00000000e6900000| PB 0x00000000e6900000| Complete 
| 106|0x00000000e6a00000, 0x00000000e6b00000, 0x00000000e6b00000|100%| S|CS|TAMS 0x00000000e6a00000| PB 0x00000000e6a00000| Complete 
| 107|0x00000000e6b00000, 0x00000000e6c00000, 0x00000000e6c00000|100%| S|CS|TAMS 0x00000000e6b00000| PB 0x00000000e6b00000| Complete 
| 108|0x00000000e6c00000, 0x00000000e6d00000, 0x00000000e6d00000|100%| S|CS|TAMS 0x00000000e6c00000| PB 0x00000000e6c00000| Complete 
| 109|0x00000000e6d00000, 0x00000000e6e00000, 0x00000000e6e00000|100%| S|CS|TAMS 0x00000000e6d00000| PB 0x00000000e6d00000| Complete 
| 110|0x00000000e6e00000, 0x00000000e6f00000, 0x00000000e6f00000|100%| S|CS|TAMS 0x00000000e6e00000| PB 0x00000000e6e00000| Complete 
| 111|0x00000000e6f00000, 0x00000000e7000000, 0x00000000e7000000|100%| S|CS|TAMS 0x00000000e6f00000| PB 0x00000000e6f00000| Complete 
| 112|0x00000000e7000000, 0x00000000e7100000, 0x00000000e7100000|100%| S|CS|TAMS 0x00000000e7000000| PB 0x00000000e7000000| Complete 
| 113|0x00000000e7100000, 0x00000000e7200000, 0x00000000e7200000|100%| O|  |TAMS 0x00000000e7100000| PB 0x00000000e7100000| Untracked 
| 114|0x00000000e7200000, 0x00000000e7200000, 0x00000000e7300000|  0%| F|  |TAMS 0x00000000e7200000| PB 0x00000000e7200000| Untracked 
| 115|0x00000000e7300000, 0x00000000e7300000, 0x00000000e7400000|  0%| F|  |TAMS 0x00000000e7300000| PB 0x00000000e7300000| Untracked 
| 116|0x00000000e7400000, 0x00000000e7400000, 0x00000000e7500000|  0%| F|  |TAMS 0x00000000e7400000| PB 0x00000000e7400000| Untracked 
| 117|0x00000000e7500000, 0x00000000e7500000, 0x00000000e7600000|  0%| F|  |TAMS 0x00000000e7500000| PB 0x00000000e7500000| Untracked 
| 118|0x00000000e7600000, 0x00000000e7600000, 0x00000000e7700000|  0%| F|  |TAMS 0x00000000e7600000| PB 0x00000000e7600000| Untracked 
| 119|0x00000000e7700000, 0x00000000e7700000, 0x00000000e7800000|  0%| F|  |TAMS 0x00000000e7700000| PB 0x00000000e7700000| Untracked 
| 120|0x00000000e7800000, 0x00000000e7800000, 0x00000000e7900000|  0%| F|  |TAMS 0x00000000e7800000| PB 0x00000000e7800000| Untracked 
| 121|0x00000000e7900000, 0x00000000e7900000, 0x00000000e7a00000|  0%| F|  |TAMS 0x00000000e7900000| PB 0x00000000e7900000| Untracked 
| 122|0x00000000e7a00000, 0x00000000e7a00000, 0x00000000e7b00000|  0%| F|  |TAMS 0x00000000e7a00000| PB 0x00000000e7a00000| Untracked 
| 123|0x00000000e7b00000, 0x00000000e7b00000, 0x00000000e7c00000|  0%| F|  |TAMS 0x00000000e7b00000| PB 0x00000000e7b00000| Untracked 
| 124|0x00000000e7c00000, 0x00000000e7c00000, 0x00000000e7d00000|  0%| F|  |TAMS 0x00000000e7c00000| PB 0x00000000e7c00000| Untracked 
| 125|0x00000000e7d00000, 0x00000000e7d00000, 0x00000000e7e00000|  0%| F|  |TAMS 0x00000000e7d00000| PB 0x00000000e7d00000| Untracked 
| 126|0x00000000e7e00000, 0x00000000e7e00000, 0x00000000e7f00000|  0%| F|  |TAMS 0x00000000e7e00000| PB 0x00000000e7e00000| Untracked 
| 127|0x00000000e7f00000, 0x00000000e7f00000, 0x00000000e8000000|  0%| F|  |TAMS 0x00000000e7f00000| PB 0x00000000e7f00000| Untracked 
| 128|0x00000000e8000000, 0x00000000e8000000, 0x00000000e8100000|  0%| F|  |TAMS 0x00000000e8000000| PB 0x00000000e8000000| Untracked 
| 129|0x00000000e8100000, 0x00000000e8100000, 0x00000000e8200000|  0%| F|  |TAMS 0x00000000e8100000| PB 0x00000000e8100000| Untracked 
| 130|0x00000000e8200000, 0x00000000e8200000, 0x00000000e8300000|  0%| F|  |TAMS 0x00000000e8200000| PB 0x00000000e8200000| Untracked 
| 131|0x00000000e8300000, 0x00000000e8300000, 0x00000000e8400000|  0%| F|  |TAMS 0x00000000e8300000| PB 0x00000000e8300000| Untracked 
| 132|0x00000000e8400000, 0x00000000e8400000, 0x00000000e8500000|  0%| F|  |TAMS 0x00000000e8400000| PB 0x00000000e8400000| Untracked 
| 133|0x00000000e8500000, 0x00000000e8500000, 0x00000000e8600000|  0%| F|  |TAMS 0x00000000e8500000| PB 0x00000000e8500000| Untracked 
| 134|0x00000000e8600000, 0x00000000e8600000, 0x00000000e8700000|  0%| F|  |TAMS 0x00000000e8600000| PB 0x00000000e8600000| Untracked 
| 135|0x00000000e8700000, 0x00000000e8700000, 0x00000000e8800000|  0%| F|  |TAMS 0x00000000e8700000| PB 0x00000000e8700000| Untracked 
| 136|0x00000000e8800000, 0x00000000e8800000, 0x00000000e8900000|  0%| F|  |TAMS 0x00000000e8800000| PB 0x00000000e8800000| Untracked 
| 137|0x00000000e8900000, 0x00000000e8900000, 0x00000000e8a00000|  0%| F|  |TAMS 0x00000000e8900000| PB 0x00000000e8900000| Untracked 
| 138|0x00000000e8a00000, 0x00000000e8a00000, 0x00000000e8b00000|  0%| F|  |TAMS 0x00000000e8a00000| PB 0x00000000e8a00000| Untracked 
| 139|0x00000000e8b00000, 0x00000000e8b00000, 0x00000000e8c00000|  0%| F|  |TAMS 0x00000000e8b00000| PB 0x00000000e8b00000| Untracked 
| 140|0x00000000e8c00000, 0x00000000e8c00000, 0x00000000e8d00000|  0%| F|  |TAMS 0x00000000e8c00000| PB 0x00000000e8c00000| Untracked 
| 141|0x00000000e8d00000, 0x00000000e8d00000, 0x00000000e8e00000|  0%| F|  |TAMS 0x00000000e8d00000| PB 0x00000000e8d00000| Untracked 
| 142|0x00000000e8e00000, 0x00000000e8e00000, 0x00000000e8f00000|  0%| F|  |TAMS 0x00000000e8e00000| PB 0x00000000e8e00000| Untracked 
| 143|0x00000000e8f00000, 0x00000000e8f00000, 0x00000000e9000000|  0%| F|  |TAMS 0x00000000e8f00000| PB 0x00000000e8f00000| Untracked 
| 144|0x00000000e9000000, 0x00000000e9000000, 0x00000000e9100000|  0%| F|  |TAMS 0x00000000e9000000| PB 0x00000000e9000000| Untracked 
| 145|0x00000000e9100000, 0x00000000e9100000, 0x00000000e9200000|  0%| F|  |TAMS 0x00000000e9100000| PB 0x00000000e9100000| Untracked 
| 146|0x00000000e9200000, 0x00000000e9200000, 0x00000000e9300000|  0%| F|  |TAMS 0x00000000e9200000| PB 0x00000000e9200000| Untracked 
| 147|0x00000000e9300000, 0x00000000e9300000, 0x00000000e9400000|  0%| F|  |TAMS 0x00000000e9300000| PB 0x00000000e9300000| Untracked 
| 148|0x00000000e9400000, 0x00000000e9400000, 0x00000000e9500000|  0%| F|  |TAMS 0x00000000e9400000| PB 0x00000000e9400000| Untracked 
| 149|0x00000000e9500000, 0x00000000e9500000, 0x00000000e9600000|  0%| F|  |TAMS 0x00000000e9500000| PB 0x00000000e9500000| Untracked 
| 150|0x00000000e9600000, 0x00000000e9600000, 0x00000000e9700000|  0%| F|  |TAMS 0x00000000e9600000| PB 0x00000000e9600000| Untracked 
| 151|0x00000000e9700000, 0x00000000e9700000, 0x00000000e9800000|  0%| F|  |TAMS 0x00000000e9700000| PB 0x00000000e9700000| Untracked 
| 152|0x00000000e9800000, 0x00000000e9800000, 0x00000000e9900000|  0%| F|  |TAMS 0x00000000e9800000| PB 0x00000000e9800000| Untracked 
| 153|0x00000000e9900000, 0x00000000e9900000, 0x00000000e9a00000|  0%| F|  |TAMS 0x00000000e9900000| PB 0x00000000e9900000| Untracked 
| 154|0x00000000e9a00000, 0x00000000e9a00000, 0x00000000e9b00000|  0%| F|  |TAMS 0x00000000e9a00000| PB 0x00000000e9a00000| Untracked 
| 155|0x00000000e9b00000, 0x00000000e9b00000, 0x00000000e9c00000|  0%| F|  |TAMS 0x00000000e9b00000| PB 0x00000000e9b00000| Untracked 
| 156|0x00000000e9c00000, 0x00000000e9c00000, 0x00000000e9d00000|  0%| F|  |TAMS 0x00000000e9c00000| PB 0x00000000e9c00000| Untracked 
| 157|0x00000000e9d00000, 0x00000000e9d00000, 0x00000000e9e00000|  0%| F|  |TAMS 0x00000000e9d00000| PB 0x00000000e9d00000| Untracked 
| 158|0x00000000e9e00000, 0x00000000e9e00000, 0x00000000e9f00000|  0%| F|  |TAMS 0x00000000e9e00000| PB 0x00000000e9e00000| Untracked 
| 159|0x00000000e9f00000, 0x00000000e9f00000, 0x00000000ea000000|  0%| F|  |TAMS 0x00000000e9f00000| PB 0x00000000e9f00000| Untracked 
| 160|0x00000000ea000000, 0x00000000ea000000, 0x00000000ea100000|  0%| F|  |TAMS 0x00000000ea000000| PB 0x00000000ea000000| Untracked 
| 161|0x00000000ea100000, 0x00000000ea100000, 0x00000000ea200000|  0%| F|  |TAMS 0x00000000ea100000| PB 0x00000000ea100000| Untracked 
| 162|0x00000000ea200000, 0x00000000ea200000, 0x00000000ea300000|  0%| F|  |TAMS 0x00000000ea200000| PB 0x00000000ea200000| Untracked 
| 163|0x00000000ea300000, 0x00000000ea300000, 0x00000000ea400000|  0%| F|  |TAMS 0x00000000ea300000| PB 0x00000000ea300000| Untracked 
| 164|0x00000000ea400000, 0x00000000ea400000, 0x00000000ea500000|  0%| F|  |TAMS 0x00000000ea400000| PB 0x00000000ea400000| Untracked 
| 165|0x00000000ea500000, 0x00000000ea500000, 0x00000000ea600000|  0%| F|  |TAMS 0x00000000ea500000| PB 0x00000000ea500000| Untracked 
| 166|0x00000000ea600000, 0x00000000ea600000, 0x00000000ea700000|  0%| F|  |TAMS 0x00000000ea600000| PB 0x00000000ea600000| Untracked 
| 167|0x00000000ea700000, 0x00000000ea700000, 0x00000000ea800000|  0%| F|  |TAMS 0x00000000ea700000| PB 0x00000000ea700000| Untracked 
| 168|0x00000000ea800000, 0x00000000ea900000, 0x00000000ea900000|100%| E|  |TAMS 0x00000000ea800000| PB 0x00000000ea800000| Complete 
| 169|0x00000000ea900000, 0x00000000eaa00000, 0x00000000eaa00000|100%| E|CS|TAMS 0x00000000ea900000| PB 0x00000000ea900000| Complete 
| 170|0x00000000eaa00000, 0x00000000eab00000, 0x00000000eab00000|100%| E|CS|TAMS 0x00000000eaa00000| PB 0x00000000eaa00000| Complete 
| 171|0x00000000eab00000, 0x00000000eac00000, 0x00000000eac00000|100%| E|CS|TAMS 0x00000000eab00000| PB 0x00000000eab00000| Complete 
| 172|0x00000000eac00000, 0x00000000ead00000, 0x00000000ead00000|100%| E|CS|TAMS 0x00000000eac00000| PB 0x00000000eac00000| Complete 
| 173|0x00000000ead00000, 0x00000000eae00000, 0x00000000eae00000|100%| E|CS|TAMS 0x00000000ead00000| PB 0x00000000ead00000| Complete 
| 174|0x00000000eae00000, 0x00000000eaf00000, 0x00000000eaf00000|100%| E|CS|TAMS 0x00000000eae00000| PB 0x00000000eae00000| Complete 
| 175|0x00000000eaf00000, 0x00000000eb000000, 0x00000000eb000000|100%| E|CS|TAMS 0x00000000eaf00000| PB 0x00000000eaf00000| Complete 
| 176|0x00000000eb000000, 0x00000000eb100000, 0x00000000eb100000|100%| E|CS|TAMS 0x00000000eb000000| PB 0x00000000eb000000| Complete 
| 177|0x00000000eb100000, 0x00000000eb200000, 0x00000000eb200000|100%| E|CS|TAMS 0x00000000eb100000| PB 0x00000000eb100000| Complete 
| 178|0x00000000eb200000, 0x00000000eb300000, 0x00000000eb300000|100%| E|CS|TAMS 0x00000000eb200000| PB 0x00000000eb200000| Complete 
| 179|0x00000000eb300000, 0x00000000eb400000, 0x00000000eb400000|100%| E|CS|TAMS 0x00000000eb300000| PB 0x00000000eb300000| Complete 
| 180|0x00000000eb400000, 0x00000000eb500000, 0x00000000eb500000|100%| E|CS|TAMS 0x00000000eb400000| PB 0x00000000eb400000| Complete 
| 181|0x00000000eb500000, 0x00000000eb600000, 0x00000000eb600000|100%| E|CS|TAMS 0x00000000eb500000| PB 0x00000000eb500000| Complete 
| 182|0x00000000eb600000, 0x00000000eb700000, 0x00000000eb700000|100%| E|CS|TAMS 0x00000000eb600000| PB 0x00000000eb600000| Complete 
| 183|0x00000000eb700000, 0x00000000eb800000, 0x00000000eb800000|100%| E|CS|TAMS 0x00000000eb700000| PB 0x00000000eb700000| Complete 
| 184|0x00000000eb800000, 0x00000000eb900000, 0x00000000eb900000|100%| E|CS|TAMS 0x00000000eb800000| PB 0x00000000eb800000| Complete 
| 185|0x00000000eb900000, 0x00000000eba00000, 0x00000000eba00000|100%| E|CS|TAMS 0x00000000eb900000| PB 0x00000000eb900000| Complete 
| 186|0x00000000eba00000, 0x00000000ebb00000, 0x00000000ebb00000|100%| E|CS|TAMS 0x00000000eba00000| PB 0x00000000eba00000| Complete 
| 187|0x00000000ebb00000, 0x00000000ebc00000, 0x00000000ebc00000|100%| E|CS|TAMS 0x00000000ebb00000| PB 0x00000000ebb00000| Complete 
| 188|0x00000000ebc00000, 0x00000000ebd00000, 0x00000000ebd00000|100%| E|CS|TAMS 0x00000000ebc00000| PB 0x00000000ebc00000| Complete 
| 189|0x00000000ebd00000, 0x00000000ebe00000, 0x00000000ebe00000|100%| E|CS|TAMS 0x00000000ebd00000| PB 0x00000000ebd00000| Complete 
| 190|0x00000000ebe00000, 0x00000000ebf00000, 0x00000000ebf00000|100%| E|CS|TAMS 0x00000000ebe00000| PB 0x00000000ebe00000| Complete 
| 191|0x00000000ebf00000, 0x00000000ec000000, 0x00000000ec000000|100%| E|CS|TAMS 0x00000000ebf00000| PB 0x00000000ebf00000| Complete 
| 192|0x00000000ec000000, 0x00000000ec100000, 0x00000000ec100000|100%| E|CS|TAMS 0x00000000ec000000| PB 0x00000000ec000000| Complete 
| 193|0x00000000ec100000, 0x00000000ec200000, 0x00000000ec200000|100%| E|CS|TAMS 0x00000000ec100000| PB 0x00000000ec100000| Complete 
| 194|0x00000000ec200000, 0x00000000ec300000, 0x00000000ec300000|100%| E|CS|TAMS 0x00000000ec200000| PB 0x00000000ec200000| Complete 
| 195|0x00000000ec300000, 0x00000000ec400000, 0x00000000ec400000|100%| E|CS|TAMS 0x00000000ec300000| PB 0x00000000ec300000| Complete 
| 196|0x00000000ec400000, 0x00000000ec500000, 0x00000000ec500000|100%| E|CS|TAMS 0x00000000ec400000| PB 0x00000000ec400000| Complete 
| 197|0x00000000ec500000, 0x00000000ec600000, 0x00000000ec600000|100%| E|CS|TAMS 0x00000000ec500000| PB 0x00000000ec500000| Complete 
| 199|0x00000000ec700000, 0x00000000ec800000, 0x00000000ec800000|100%| E|CS|TAMS 0x00000000ec700000| PB 0x00000000ec700000| Complete 
| 200|0x00000000ec800000, 0x00000000ec900000, 0x00000000ec900000|100%| E|CS|TAMS 0x00000000ec800000| PB 0x00000000ec800000| Complete 
| 201|0x00000000ec900000, 0x00000000eca00000, 0x00000000eca00000|100%| E|CS|TAMS 0x00000000ec900000| PB 0x00000000ec900000| Complete 
| 202|0x00000000eca00000, 0x00000000ecb00000, 0x00000000ecb00000|100%| E|CS|TAMS 0x00000000eca00000| PB 0x00000000eca00000| Complete 
| 203|0x00000000ecb00000, 0x00000000ecc00000, 0x00000000ecc00000|100%| E|CS|TAMS 0x00000000ecb00000| PB 0x00000000ecb00000| Complete 
| 204|0x00000000ecc00000, 0x00000000ecd00000, 0x00000000ecd00000|100%| E|CS|TAMS 0x00000000ecc00000| PB 0x00000000ecc00000| Complete 
| 205|0x00000000ecd00000, 0x00000000ece00000, 0x00000000ece00000|100%| E|CS|TAMS 0x00000000ecd00000| PB 0x00000000ecd00000| Complete 
| 206|0x00000000ece00000, 0x00000000ecf00000, 0x00000000ecf00000|100%| E|CS|TAMS 0x00000000ece00000| PB 0x00000000ece00000| Complete 
| 207|0x00000000ecf00000, 0x00000000ed000000, 0x00000000ed000000|100%| E|CS|TAMS 0x00000000ecf00000| PB 0x00000000ecf00000| Complete 
| 208|0x00000000ed000000, 0x00000000ed100000, 0x00000000ed100000|100%| E|CS|TAMS 0x00000000ed000000| PB 0x00000000ed000000| Complete 
| 209|0x00000000ed100000, 0x00000000ed200000, 0x00000000ed200000|100%| E|CS|TAMS 0x00000000ed100000| PB 0x00000000ed100000| Complete 
| 210|0x00000000ed200000, 0x00000000ed300000, 0x00000000ed300000|100%| E|CS|TAMS 0x00000000ed200000| PB 0x00000000ed200000| Complete 
| 211|0x00000000ed300000, 0x00000000ed400000, 0x00000000ed400000|100%| E|CS|TAMS 0x00000000ed300000| PB 0x00000000ed300000| Complete 
| 212|0x00000000ed400000, 0x00000000ed500000, 0x00000000ed500000|100%| E|CS|TAMS 0x00000000ed400000| PB 0x00000000ed400000| Complete 
| 213|0x00000000ed500000, 0x00000000ed600000, 0x00000000ed600000|100%| E|CS|TAMS 0x00000000ed500000| PB 0x00000000ed500000| Complete 
| 214|0x00000000ed600000, 0x00000000ed700000, 0x00000000ed700000|100%| E|CS|TAMS 0x00000000ed600000| PB 0x00000000ed600000| Complete 
| 215|0x00000000ed700000, 0x00000000ed800000, 0x00000000ed800000|100%| E|CS|TAMS 0x00000000ed700000| PB 0x00000000ed700000| Complete 
| 216|0x00000000ed800000, 0x00000000ed900000, 0x00000000ed900000|100%| E|CS|TAMS 0x00000000ed800000| PB 0x00000000ed800000| Complete 
| 217|0x00000000ed900000, 0x00000000eda00000, 0x00000000eda00000|100%| E|  |TAMS 0x00000000ed900000| PB 0x00000000ed900000| Complete 
| 218|0x00000000eda00000, 0x00000000edb00000, 0x00000000edb00000|100%| E|CS|TAMS 0x00000000eda00000| PB 0x00000000eda00000| Complete 
| 219|0x00000000edb00000, 0x00000000edc00000, 0x00000000edc00000|100%| E|CS|TAMS 0x00000000edb00000| PB 0x00000000edb00000| Complete 
| 220|0x00000000edc00000, 0x00000000edd00000, 0x00000000edd00000|100%| E|CS|TAMS 0x00000000edc00000| PB 0x00000000edc00000| Complete 
| 221|0x00000000edd00000, 0x00000000ede00000, 0x00000000ede00000|100%| E|CS|TAMS 0x00000000edd00000| PB 0x00000000edd00000| Complete 
| 222|0x00000000ede00000, 0x00000000edf00000, 0x00000000edf00000|100%| E|CS|TAMS 0x00000000ede00000| PB 0x00000000ede00000| Complete 
| 223|0x00000000edf00000, 0x00000000ee000000, 0x00000000ee000000|100%| E|CS|TAMS 0x00000000edf00000| PB 0x00000000edf00000| Complete 
| 224|0x00000000ee000000, 0x00000000ee100000, 0x00000000ee100000|100%| E|CS|TAMS 0x00000000ee000000| PB 0x00000000ee000000| Complete 
| 225|0x00000000ee100000, 0x00000000ee200000, 0x00000000ee200000|100%| E|CS|TAMS 0x00000000ee100000| PB 0x00000000ee100000| Complete 
| 226|0x00000000ee200000, 0x00000000ee300000, 0x00000000ee300000|100%| E|CS|TAMS 0x00000000ee200000| PB 0x00000000ee200000| Complete 
| 227|0x00000000ee300000, 0x00000000ee400000, 0x00000000ee400000|100%| E|CS|TAMS 0x00000000ee300000| PB 0x00000000ee300000| Complete 
| 228|0x00000000ee400000, 0x00000000ee500000, 0x00000000ee500000|100%| E|CS|TAMS 0x00000000ee400000| PB 0x00000000ee400000| Complete 
| 229|0x00000000ee500000, 0x00000000ee600000, 0x00000000ee600000|100%| E|CS|TAMS 0x00000000ee500000| PB 0x00000000ee500000| Complete 
| 230|0x00000000ee600000, 0x00000000ee700000, 0x00000000ee700000|100%| E|CS|TAMS 0x00000000ee600000| PB 0x00000000ee600000| Complete 
| 231|0x00000000ee700000, 0x00000000ee800000, 0x00000000ee800000|100%| E|CS|TAMS 0x00000000ee700000| PB 0x00000000ee700000| Complete 
| 232|0x00000000ee800000, 0x00000000ee900000, 0x00000000ee900000|100%| E|CS|TAMS 0x00000000ee800000| PB 0x00000000ee800000| Complete 
| 233|0x00000000ee900000, 0x00000000eea00000, 0x00000000eea00000|100%| E|CS|TAMS 0x00000000ee900000| PB 0x00000000ee900000| Complete 
| 234|0x00000000eea00000, 0x00000000eeb00000, 0x00000000eeb00000|100%| E|CS|TAMS 0x00000000eea00000| PB 0x00000000eea00000| Complete 
| 235|0x00000000eeb00000, 0x00000000eec00000, 0x00000000eec00000|100%| E|CS|TAMS 0x00000000eeb00000| PB 0x00000000eeb00000| Complete 
| 236|0x00000000eec00000, 0x00000000eed00000, 0x00000000eed00000|100%| E|CS|TAMS 0x00000000eec00000| PB 0x00000000eec00000| Complete 
| 237|0x00000000eed00000, 0x00000000eee00000, 0x00000000eee00000|100%| E|CS|TAMS 0x00000000eed00000| PB 0x00000000eed00000| Complete 
| 246|0x00000000ef600000, 0x00000000ef700000, 0x00000000ef700000|100%| E|CS|TAMS 0x00000000ef600000| PB 0x00000000ef600000| Complete 
| 247|0x00000000ef700000, 0x00000000ef800000, 0x00000000ef800000|100%| E|CS|TAMS 0x00000000ef700000| PB 0x00000000ef700000| Complete 
| 248|0x00000000ef800000, 0x00000000ef900000, 0x00000000ef900000|100%| E|CS|TAMS 0x00000000ef800000| PB 0x00000000ef800000| Complete 
| 249|0x00000000ef900000, 0x00000000efa00000, 0x00000000efa00000|100%| E|CS|TAMS 0x00000000ef900000| PB 0x00000000ef900000| Complete 
| 250|0x00000000efa00000, 0x00000000efb00000, 0x00000000efb00000|100%| E|CS|TAMS 0x00000000efa00000| PB 0x00000000efa00000| Complete 
| 251|0x00000000efb00000, 0x00000000efc00000, 0x00000000efc00000|100%| E|CS|TAMS 0x00000000efb00000| PB 0x00000000efb00000| Complete 
| 252|0x00000000efc00000, 0x00000000efd00000, 0x00000000efd00000|100%| E|CS|TAMS 0x00000000efc00000| PB 0x00000000efc00000| Complete 
| 253|0x00000000efd00000, 0x00000000efe00000, 0x00000000efe00000|100%| E|CS|TAMS 0x00000000efd00000| PB 0x00000000efd00000| Complete 
| 254|0x00000000efe00000, 0x00000000eff00000, 0x00000000eff00000|100%| E|CS|TAMS 0x00000000efe00000| PB 0x00000000efe00000| Complete 
| 255|0x00000000eff00000, 0x00000000f0000000, 0x00000000f0000000|100%| E|CS|TAMS 0x00000000eff00000| PB 0x00000000eff00000| Complete 
| 503|0x00000000ff700000, 0x00000000ff800000, 0x00000000ff800000|100%| E|CS|TAMS 0x00000000ff700000| PB 0x00000000ff700000| Complete 
| 504|0x00000000ff800000, 0x00000000ff900000, 0x00000000ff900000|100%| E|CS|TAMS 0x00000000ff800000| PB 0x00000000ff800000| Complete 
| 505|0x00000000ff900000, 0x00000000ffa00000, 0x00000000ffa00000|100%| E|CS|TAMS 0x00000000ff900000| PB 0x00000000ff900000| Complete 
| 506|0x00000000ffa00000, 0x00000000ffb00000, 0x00000000ffb00000|100%| E|CS|TAMS 0x00000000ffa00000| PB 0x00000000ffa00000| Complete 
| 507|0x00000000ffb00000, 0x00000000ffc00000, 0x00000000ffc00000|100%| E|CS|TAMS 0x00000000ffb00000| PB 0x00000000ffb00000| Complete 
| 508|0x00000000ffc00000, 0x00000000ffd00000, 0x00000000ffd00000|100%| E|CS|TAMS 0x00000000ffc00000| PB 0x00000000ffc00000| Complete 
| 509|0x00000000ffd00000, 0x00000000ffe00000, 0x00000000ffe00000|100%| E|CS|TAMS 0x00000000ffd00000| PB 0x00000000ffd00000| Complete 
| 510|0x00000000ffe00000, 0x00000000fff00000, 0x00000000fff00000|100%| E|CS|TAMS 0x00000000ffe00000| PB 0x00000000ffe00000| Complete 
| 511|0x00000000fff00000, 0x0000000100000000, 0x0000000100000000|100%| E|CS|TAMS 0x00000000fff00000| PB 0x00000000fff00000| Complete 

Card table byte_map: [0x0000029f3a290000,0x0000029f3a390000] _byte_map_base: 0x0000029f39b90000

Marking Bits: (CMBitMap*) 0x0000029f20c93e10
 Bits: [0x0000029f3a390000, 0x0000029f3ab90000)

Polling page: 0x0000029f20a40000

Metaspace:

Usage:
  Non-class:     77.27 MB used.
      Class:     11.22 MB used.
       Both:     88.49 MB used.

Virtual space:
  Non-class space:      128.00 MB reserved,      78.25 MB ( 61%) committed,  2 nodes.
      Class space:      320.00 MB reserved,      12.25 MB (  4%) committed,  1 nodes.
             Both:      448.00 MB reserved,      90.50 MB ( 20%) committed. 

Chunk freelists:
   Non-Class:  931.00 KB
       Class:  3.79 MB
        Both:  4.70 MB

MaxMetaspaceSize: 384.00 MB
CompressedClassSpaceSize: 320.00 MB
Initial GC threshold: 21.00 MB
Current GC threshold: 151.06 MB
CDS: on
 - commit_granule_bytes: 65536.
 - commit_granule_words: 8192.
 - virtual_space_node_default_size: 8388608.
 - enlarge_chunks_in_place: 1.
 - use_allocation_guard: 0.


Internal statistics:

num_allocs_failed_limit: 9.
num_arena_births: 7780.
num_arena_deaths: 4042.
num_vsnodes_births: 3.
num_vsnodes_deaths: 0.
num_space_committed: 1743.
num_space_uncommitted: 169.
num_chunks_returned_to_freelist: 9185.
num_chunks_taken_from_freelist: 18341.
num_chunk_merges: 1955.
num_chunk_splits: 8746.
num_chunks_enlarged: 5084.
num_inconsistent_stats: 0.

CodeHeap 'non-profiled nmethods': size=120000Kb used=23752Kb max_used=23752Kb free=96247Kb
 bounds [0x0000029f32630000, 0x0000029f33d70000, 0x0000029f39b60000]
CodeHeap 'profiled nmethods': size=120000Kb used=23880Kb max_used=46232Kb free=96119Kb
 bounds [0x0000029f2ab60000, 0x0000029f2d890000, 0x0000029f32090000]
CodeHeap 'non-nmethods': size=5760Kb used=2836Kb max_used=2963Kb free=2923Kb
 bounds [0x0000029f32090000, 0x0000029f32390000, 0x0000029f32630000]
 total_blobs=15590 nmethods=14647 adapters=845
 compilation: enabled
              stopped_count=0, restarted_count=0
 full_count=0

Compilation events (20 events):
Event: 15877.138 Thread 0x0000029f3d1bcd10 47005       2       java.lang.reflect.Method::setMethodAccessor (20 bytes)
Event: 15877.138 Thread 0x0000029f3d1bcd10 nmethod 47005 0x0000029f2b25cf90 code [0x0000029f2b25d140, 0x0000029f2b25d340]
Event: 15877.157 Thread 0x0000029f3d1bcd10 47006       1       java.lang.invoke.DirectMethodHandle::internalMemberName (5 bytes)
Event: 15877.157 Thread 0x0000029f3d1bcd10 nmethod 47006 0x0000029f33d60610 code [0x0000029f33d607a0, 0x0000029f33d60868]
Event: 15877.158 Thread 0x0000029f3d1bcd10 47007       2       java.lang.invoke.Invokers::basicInvoker (103 bytes)
Event: 15877.159 Thread 0x0000029f3d1bcd10 nmethod 47007 0x0000029f2b25c610 code [0x0000029f2b25c840, 0x0000029f2b25cc48]
Event: 15877.162 Thread 0x0000029f3d1bcd10 47008       2       lombok.javac.handlers.JavacHandlerUtil::typeMatches (116 bytes)
Event: 15877.163 Thread 0x0000029f3d1bcd10 nmethod 47008 0x0000029f2b25b510 code [0x0000029f2b25b760, 0x0000029f2b25bfa0]
Event: 15877.164 Thread 0x0000029f3d1bcd10 47009       2       com.sun.tools.javac.tree.TreeMaker::Return (19 bytes)
Event: 15877.164 Thread 0x0000029f3d1bcd10 nmethod 47009 0x0000029f2b25b110 code [0x0000029f2b25b2a0, 0x0000029f2b25b458]
Event: 15877.164 Thread 0x0000029f3d1bcd10 47010       2       com.sun.tools.javac.tree.JCTree$JCReturn::<init> (10 bytes)
Event: 15877.164 Thread 0x0000029f3d1bcd10 nmethod 47010 0x0000029f2b25ad90 code [0x0000029f2b25af20, 0x0000029f2b25b070]
Event: 15877.165 Thread 0x0000029f3d1bcd10 47011       2       lombok.core.FieldAugment::checkNotNull (15 bytes)
Event: 15877.165 Thread 0x0000029f3d1bcd10 nmethod 47011 0x0000029f2b25a990 code [0x0000029f2b25ab40, 0x0000029f2b25ace0]
Event: 15877.165 Thread 0x0000029f3d1bcd10 47012       2       lombok.javac.handlers.JavacHandlerUtil::annotationTypeMatches (28 bytes)
Event: 15877.166 Thread 0x0000029f3d1bcd10 nmethod 47012 0x0000029f2b25a390 code [0x0000029f2b25a560, 0x0000029f2b25a7c0]
Event: 15877.166 Thread 0x0000029f3d1bcd10 47013       1       lombok.javac.JavacTreeMaker$MethodId::access$0 (5 bytes)
Event: 15877.166 Thread 0x0000029f3d1bcd10 nmethod 47013 0x0000029f33d60910 code [0x0000029f33d60aa0, 0x0000029f33d60b50]
Event: 15877.166 Thread 0x0000029f3d1bcd10 47014       2       lombok.core.FieldAugment::access$1 (6 bytes)
Event: 15877.167 Thread 0x0000029f3d1bcd10 nmethod 47014 0x0000029f2b259f10 code [0x0000029f2b25a0c0, 0x0000029f2b25a260]

GC Heap History (20 events):
Event: 15121.353 GC heap before
{Heap before GC invocations=256 (full 1):
 garbage-first heap   total 262144K, used 226061K [0x00000000e0000000, 0x0000000100000000)
  region size 1024K, 153 young (156672K), 10 survivors (10240K)
 Metaspace       used 88448K, committed 91456K, reserved 458752K
  class space    used 11240K, committed 12416K, reserved 327680K
}
Event: 15121.705 GC heap after
{Heap after GC invocations=257 (full 1):
 garbage-first heap   total 262144K, used 79820K [0x00000000e0000000, 0x0000000100000000)
  region size 1024K, 11 young (11264K), 11 survivors (11264K)
 Metaspace       used 88448K, committed 91456K, reserved 458752K
  class space    used 11240K, committed 12416K, reserved 327680K
}
Event: 15152.526 GC heap before
{Heap before GC invocations=257 (full 1):
 garbage-first heap   total 262144K, used 225228K [0x00000000e0000000, 0x0000000100000000)
  region size 1024K, 153 young (156672K), 11 survivors (11264K)
 Metaspace       used 88454K, committed 91456K, reserved 458752K
  class space    used 11240K, committed 12416K, reserved 327680K
}
Event: 15152.539 GC heap after
{Heap after GC invocations=258 (full 1):
 garbage-first heap   total 262144K, used 72035K [0x00000000e0000000, 0x0000000100000000)
  region size 1024K, 3 young (3072K), 3 survivors (3072K)
 Metaspace       used 88454K, committed 91456K, reserved 458752K
  class space    used 11240K, committed 12416K, reserved 327680K
}
Event: 15562.782 GC heap before
{Heap before GC invocations=259 (full 1):
 garbage-first heap   total 262144K, used 224611K [0x00000000e0000000, 0x0000000100000000)
  region size 1024K, 153 young (156672K), 3 survivors (3072K)
 Metaspace       used 88301K, committed 90880K, reserved 458752K
  class space    used 11204K, committed 12224K, reserved 327680K
}
Event: 15562.809 GC heap after
{Heap after GC invocations=260 (full 1):
 garbage-first heap   total 262144K, used 73305K [0x00000000e0000000, 0x0000000100000000)
  region size 1024K, 5 young (5120K), 5 survivors (5120K)
 Metaspace       used 88301K, committed 90880K, reserved 458752K
  class space    used 11204K, committed 12224K, reserved 327680K
}
Event: 15606.573 GC heap before
{Heap before GC invocations=260 (full 1):
 garbage-first heap   total 262144K, used 223833K [0x00000000e0000000, 0x0000000100000000)
  region size 1024K, 153 young (156672K), 5 survivors (5120K)
 Metaspace       used 88302K, committed 90880K, reserved 458752K
  class space    used 11204K, committed 12224K, reserved 327680K
}
Event: 15606.600 GC heap after
{Heap after GC invocations=261 (full 1):
 garbage-first heap   total 262144K, used 75694K [0x00000000e0000000, 0x0000000100000000)
  region size 1024K, 8 young (8192K), 8 survivors (8192K)
 Metaspace       used 88302K, committed 90880K, reserved 458752K
  class space    used 11204K, committed 12224K, reserved 327680K
}
Event: 15621.258 GC heap before
{Heap before GC invocations=261 (full 1):
 garbage-first heap   total 262144K, used 224174K [0x00000000e0000000, 0x0000000100000000)
  region size 1024K, 153 young (156672K), 8 survivors (8192K)
 Metaspace       used 88302K, committed 90880K, reserved 458752K
  class space    used 11204K, committed 12224K, reserved 327680K
}
Event: 15621.272 GC heap after
{Heap after GC invocations=262 (full 1):
 garbage-first heap   total 262144K, used 79085K [0x00000000e0000000, 0x0000000100000000)
  region size 1024K, 11 young (11264K), 11 survivors (11264K)
 Metaspace       used 88302K, committed 90880K, reserved 458752K
  class space    used 11204K, committed 12224K, reserved 327680K
}
Event: 15803.597 GC heap before
{Heap before GC invocations=263 (full 1):
 garbage-first heap   total 262144K, used 223469K [0x00000000e0000000, 0x0000000100000000)
  region size 1024K, 153 young (156672K), 11 survivors (11264K)
 Metaspace       used 88308K, committed 90944K, reserved 458752K
  class space    used 11205K, committed 12224K, reserved 327680K
}
Event: 15803.605 GC heap after
{Heap after GC invocations=264 (full 1):
 garbage-first heap   total 262144K, used 69805K [0x00000000e0000000, 0x0000000100000000)
  region size 1024K, 2 young (2048K), 2 survivors (2048K)
 Metaspace       used 88308K, committed 90944K, reserved 458752K
  class space    used 11205K, committed 12224K, reserved 327680K
}
Event: 15848.065 GC heap before
{Heap before GC invocations=264 (full 1):
 garbage-first heap   total 262144K, used 223405K [0x00000000e0000000, 0x0000000100000000)
  region size 1024K, 153 young (156672K), 2 survivors (2048K)
 Metaspace       used 88334K, committed 90944K, reserved 458752K
  class space    used 11209K, committed 12224K, reserved 327680K
}
Event: 15848.118 GC heap after
{Heap after GC invocations=265 (full 1):
 garbage-first heap   total 262144K, used 71892K [0x00000000e0000000, 0x0000000100000000)
  region size 1024K, 4 young (4096K), 4 survivors (4096K)
 Metaspace       used 88334K, committed 90944K, reserved 458752K
  class space    used 11209K, committed 12224K, reserved 327680K
}
Event: 15849.193 GC heap before
{Heap before GC invocations=265 (full 1):
 garbage-first heap   total 262144K, used 169172K [0x00000000e0000000, 0x0000000100000000)
  region size 1024K, 101 young (103424K), 4 survivors (4096K)
 Metaspace       used 88344K, committed 90944K, reserved 458752K
  class space    used 11210K, committed 12224K, reserved 327680K
}
Event: 15849.206 GC heap after
{Heap after GC invocations=266 (full 1):
 garbage-first heap   total 262144K, used 78360K [0x00000000e0000000, 0x0000000100000000)
  region size 1024K, 11 young (11264K), 11 survivors (11264K)
 Metaspace       used 88344K, committed 90944K, reserved 458752K
  class space    used 11210K, committed 12224K, reserved 327680K
}
Event: 15870.050 GC heap before
{Heap before GC invocations=267 (full 1):
 garbage-first heap   total 262144K, used 224792K [0x00000000e0000000, 0x0000000100000000)
  region size 1024K, 153 young (156672K), 11 survivors (11264K)
 Metaspace       used 88717K, committed 90944K, reserved 458752K
  class space    used 11250K, committed 12224K, reserved 327680K
}
Event: 15870.171 GC heap after
{Heap after GC invocations=268 (full 1):
 garbage-first heap   total 262144K, used 79811K [0x00000000e0000000, 0x0000000100000000)
  region size 1024K, 11 young (11264K), 11 survivors (11264K)
 Metaspace       used 88717K, committed 90944K, reserved 458752K
  class space    used 11250K, committed 12224K, reserved 327680K
}
Event: 15873.457 GC heap before
{Heap before GC invocations=268 (full 1):
 garbage-first heap   total 262144K, used 226243K [0x00000000e0000000, 0x0000000100000000)
  region size 1024K, 153 young (156672K), 11 survivors (11264K)
 Metaspace       used 88825K, committed 90944K, reserved 458752K
  class space    used 11256K, committed 12224K, reserved 327680K
}
Event: 15873.706 GC heap after
{Heap after GC invocations=269 (full 1):
 garbage-first heap   total 262144K, used 92259K [0x00000000e0000000, 0x0000000100000000)
  region size 1024K, 20 young (20480K), 20 survivors (20480K)
 Metaspace       used 88825K, committed 90944K, reserved 458752K
  class space    used 11256K, committed 12224K, reserved 327680K
}

Dll operation events (15 events):
Event: 0.007 Loaded shared library C:\Users\ASUS\.jdks\corretto-21.0.4\bin\java.dll
Event: 0.046 Loaded shared library C:\Users\ASUS\.jdks\corretto-21.0.4\bin\jsvml.dll
Event: 0.164 Loaded shared library C:\Users\ASUS\.jdks\corretto-21.0.4\bin\zip.dll
Event: 0.172 Loaded shared library C:\Users\ASUS\.jdks\corretto-21.0.4\bin\instrument.dll
Event: 0.176 Loaded shared library C:\Users\ASUS\.jdks\corretto-21.0.4\bin\net.dll
Event: 0.178 Loaded shared library C:\Users\ASUS\.jdks\corretto-21.0.4\bin\nio.dll
Event: 0.190 Loaded shared library C:\Users\ASUS\.jdks\corretto-21.0.4\bin\zip.dll
Event: 0.550 Loaded shared library C:\Users\ASUS\.jdks\corretto-21.0.4\bin\jimage.dll
Event: 1.059 Loaded shared library C:\Users\ASUS\.jdks\corretto-21.0.4\bin\verify.dll
Event: 1.466 Loaded shared library C:\Users\ASUS\.gradle\native\c067742578af261105cb4f569cf0c3c89f3d7b1fecec35dd04571415982c5e48\windows-amd64\native-platform.dll
Event: 1.481 Loaded shared library C:\Users\ASUS\.gradle\native\100fb08df4bc3b14c8652ba06237920a3bd2aa13389f12d3474272988ae205f9\windows-amd64\native-platform-file-events.dll
Event: 4.978 Loaded shared library C:\Users\ASUS\.jdks\corretto-21.0.4\bin\management.dll
Event: 5.039 Loaded shared library C:\Users\ASUS\.jdks\corretto-21.0.4\bin\management_ext.dll
Event: 6.949 Loaded shared library C:\Users\ASUS\.jdks\corretto-21.0.4\bin\extnet.dll
Event: 7.382 Loaded shared library C:\Users\ASUS\.jdks\corretto-21.0.4\bin\sunmscapi.dll

Deoptimization events (20 events):
Event: 15858.395 Thread 0x0000029f59e34de0 DEOPT PACKING pc=0x0000029f2afed00e sp=0x000000cd410fd2e0
Event: 15858.395 Thread 0x0000029f59e34de0 DEOPT UNPACKING pc=0x0000029f320e4e42 sp=0x000000cd410fc7a8 mode 0
Event: 15858.401 Thread 0x0000029f59e34de0 DEOPT PACKING pc=0x0000029f2afed00e sp=0x000000cd410fd2e0
Event: 15858.401 Thread 0x0000029f59e34de0 DEOPT UNPACKING pc=0x0000029f320e4e42 sp=0x000000cd410fc7a8 mode 0
Event: 15873.103 Thread 0x0000029f5883cff0 DEOPT PACKING pc=0x0000029f2d48da4c sp=0x000000cd454f8b70
Event: 15873.103 Thread 0x0000029f5883cff0 DEOPT UNPACKING pc=0x0000029f320e4e42 sp=0x000000cd454f8008 mode 0
Event: 15873.892 Thread 0x0000029f5883cff0 DEOPT PACKING pc=0x0000029f2cd1a1a6 sp=0x000000cd454f88c0
Event: 15873.892 Thread 0x0000029f5883cff0 DEOPT UNPACKING pc=0x0000029f320e4e42 sp=0x000000cd454f7da8 mode 0
Event: 15874.460 Thread 0x0000029f5883cff0 DEOPT PACKING pc=0x0000029f2b60b631 sp=0x000000cd454f9410
Event: 15874.461 Thread 0x0000029f5883cff0 DEOPT UNPACKING pc=0x0000029f320e4e42 sp=0x000000cd454f8888 mode 0
Event: 15875.876 Thread 0x0000029f5883cff0 DEOPT PACKING pc=0x0000029f2c8a04a1 sp=0x000000cd454f4630
Event: 15875.876 Thread 0x0000029f5883cff0 DEOPT UNPACKING pc=0x0000029f320e4e42 sp=0x000000cd454f3ae0 mode 0
Event: 15875.896 Thread 0x0000029f5883cff0 DEOPT PACKING pc=0x0000029f2c8a04a1 sp=0x000000cd454f4630
Event: 15875.896 Thread 0x0000029f5883cff0 DEOPT UNPACKING pc=0x0000029f320e4e42 sp=0x000000cd454f3ae0 mode 0
Event: 15875.910 Thread 0x0000029f5883cff0 DEOPT PACKING pc=0x0000029f2c8a04a1 sp=0x000000cd454f4630
Event: 15875.910 Thread 0x0000029f5883cff0 DEOPT UNPACKING pc=0x0000029f320e4e42 sp=0x000000cd454f3ae0 mode 0
Event: 15875.925 Thread 0x0000029f5883cff0 DEOPT PACKING pc=0x0000029f2c8a04a1 sp=0x000000cd454f4630
Event: 15875.925 Thread 0x0000029f5883cff0 DEOPT UNPACKING pc=0x0000029f320e4e42 sp=0x000000cd454f3ae0 mode 0
Event: 15876.969 Thread 0x0000029f5883cff0 DEOPT PACKING pc=0x0000029f2cea1c6f sp=0x000000cd454f8a70
Event: 15876.969 Thread 0x0000029f5883cff0 DEOPT UNPACKING pc=0x0000029f320e4e42 sp=0x000000cd454f7f50 mode 0

Classes loaded (20 events):
Event: 11692.550 Loading class jdk/internal/module/IllegalAccessLogger
Event: 11692.550 Loading class jdk/internal/module/IllegalAccessLogger done
Event: 11844.184 Loading class jdk/internal/module/IllegalAccessLogger
Event: 11844.184 Loading class jdk/internal/module/IllegalAccessLogger done
Event: 11991.962 Loading class jdk/internal/module/IllegalAccessLogger
Event: 11991.962 Loading class jdk/internal/module/IllegalAccessLogger done
Event: 12092.721 Loading class jdk/internal/module/IllegalAccessLogger
Event: 12092.721 Loading class jdk/internal/module/IllegalAccessLogger done
Event: 12164.960 Loading class jdk/internal/module/IllegalAccessLogger
Event: 12164.960 Loading class jdk/internal/module/IllegalAccessLogger done
Event: 12222.942 Loading class jdk/internal/module/IllegalAccessLogger
Event: 12222.942 Loading class jdk/internal/module/IllegalAccessLogger done
Event: 12224.262 Loading class java/lang/invoke/MethodHandleImpl$CountingWrapper$1
Event: 12224.263 Loading class java/lang/invoke/MethodHandleImpl$CountingWrapper$1 done
Event: 13410.790 Loading class jdk/internal/module/IllegalAccessLogger
Event: 13410.791 Loading class jdk/internal/module/IllegalAccessLogger done
Event: 13563.928 Loading class jdk/internal/module/IllegalAccessLogger
Event: 13563.928 Loading class jdk/internal/module/IllegalAccessLogger done
Event: 15874.774 Loading class jdk/internal/module/IllegalAccessLogger
Event: 15874.774 Loading class jdk/internal/module/IllegalAccessLogger done

Classes unloaded (20 events):
Event: 15152.861 Thread 0x0000029f3d196b10 Unloading class 0x0000029f3fc38c00 'java/lang/invoke/LambdaForm$MH+0x0000029f3fc38c00'
Event: 15152.861 Thread 0x0000029f3d196b10 Unloading class 0x0000029f3fc38800 'java/lang/invoke/LambdaForm$MH+0x0000029f3fc38800'
Event: 15152.861 Thread 0x0000029f3d196b10 Unloading class 0x0000029f3fc38400 'java/lang/invoke/LambdaForm$MH+0x0000029f3fc38400'
Event: 15152.861 Thread 0x0000029f3d196b10 Unloading class 0x0000029f3fc38000 'java/lang/invoke/LambdaForm$MH+0x0000029f3fc38000'
Event: 15152.861 Thread 0x0000029f3d196b10 Unloading class 0x0000029f3fbed400 'jdk/internal/reflect/GeneratedSerializationConstructorAccessor256'
Event: 15152.861 Thread 0x0000029f3d196b10 Unloading class 0x0000029f3fbed000 'jdk/internal/reflect/GeneratedSerializationConstructorAccessor255'
Event: 15152.861 Thread 0x0000029f3d196b10 Unloading class 0x0000029f3fbecc00 'jdk/internal/reflect/GeneratedSerializationConstructorAccessor254'
Event: 15152.861 Thread 0x0000029f3d196b10 Unloading class 0x0000029f3fbec800 'jdk/internal/reflect/GeneratedSerializationConstructorAccessor253'
Event: 15152.861 Thread 0x0000029f3d196b10 Unloading class 0x0000029f3fbec400 'jdk/internal/reflect/GeneratedSerializationConstructorAccessor252'
Event: 15152.861 Thread 0x0000029f3d196b10 Unloading class 0x0000029f3fbec000 'jdk/internal/reflect/GeneratedSerializationConstructorAccessor251'
Event: 15152.861 Thread 0x0000029f3d196b10 Unloading class 0x0000029f3fc05400 'java/lang/invoke/LambdaForm$MH+0x0000029f3fc05400'
Event: 15152.861 Thread 0x0000029f3d196b10 Unloading class 0x0000029f3f340400 'java/lang/invoke/LambdaForm$MH+0x0000029f3f340400'
Event: 15152.861 Thread 0x0000029f3d196b10 Unloading class 0x0000029f3f47e400 'java/lang/invoke/LambdaForm$MH+0x0000029f3f47e400'
Event: 15152.861 Thread 0x0000029f3d196b10 Unloading class 0x0000029f3f47e000 'java/lang/invoke/LambdaForm$MH+0x0000029f3f47e000'
Event: 15152.861 Thread 0x0000029f3d196b10 Unloading class 0x0000029f3fbdc400 'java/lang/invoke/LambdaForm$MH+0x0000029f3fbdc400'
Event: 15152.861 Thread 0x0000029f3d196b10 Unloading class 0x0000029f3f782800 'java/lang/invoke/LambdaForm$MH+0x0000029f3f782800'
Event: 15152.861 Thread 0x0000029f3d196b10 Unloading class 0x0000029f3fb48c00 'java/lang/invoke/LambdaForm$MH+0x0000029f3fb48c00'
Event: 15152.861 Thread 0x0000029f3d196b10 Unloading class 0x0000029f3fb22800 'java/lang/invoke/LambdaForm$MH+0x0000029f3fb22800'
Event: 15152.861 Thread 0x0000029f3d196b10 Unloading class 0x0000029f3f725c00 'java/lang/invoke/LambdaForm$MH+0x0000029f3f725c00'
Event: 15152.861 Thread 0x0000029f3d196b10 Unloading class 0x0000029f3f783400 'java/lang/invoke/LambdaForm$MH+0x0000029f3f783400'

Classes redefined (0 events):
No events

Internal exceptions (20 events):
Event: 15874.195 Thread 0x0000029f5883cff0 Exception <a 'sun/nio/fs/WindowsException'{0x00000000ef840338}> (0x00000000ef840338) 
thrown [s\src\hotspot\share\prims\jni.cpp, line 520]
Event: 15874.199 Thread 0x0000029f5883cff0 Exception <a 'sun/nio/fs/WindowsException'{0x00000000ef895ee8}> (0x00000000ef895ee8) 
thrown [s\src\hotspot\share\prims\jni.cpp, line 520]
Event: 15874.207 Thread 0x0000029f5883cff0 Exception <a 'sun/nio/fs/WindowsException'{0x00000000ef72b668}> (0x00000000ef72b668) 
thrown [s\src\hotspot\share\prims\jni.cpp, line 520]
Event: 15874.250 Thread 0x0000029f5883cff0 Exception <a 'sun/nio/fs/WindowsException'{0x00000000ef74c5b8}> (0x00000000ef74c5b8) 
thrown [s\src\hotspot\share\prims\jni.cpp, line 520]
Event: 15874.252 Thread 0x0000029f5883cff0 Exception <a 'sun/nio/fs/WindowsException'{0x00000000ef7548d8}> (0x00000000ef7548d8) 
thrown [s\src\hotspot\share\prims\jni.cpp, line 520]
Event: 15874.254 Thread 0x0000029f5883cff0 Exception <a 'sun/nio/fs/WindowsException'{0x00000000ef78b628}> (0x00000000ef78b628) 
thrown [s\src\hotspot\share\prims\jni.cpp, line 520]
Event: 15874.257 Thread 0x0000029f5883cff0 Exception <a 'sun/nio/fs/WindowsException'{0x00000000ef603610}> (0x00000000ef603610) 
thrown [s\src\hotspot\share\prims\jni.cpp, line 520]
Event: 15874.291 Thread 0x0000029f5883cff0 Exception <a 'sun/nio/fs/WindowsException'{0x00000000eea5a850}> (0x00000000eea5a850) 
thrown [s\src\hotspot\share\prims\jni.cpp, line 520]
Event: 15874.291 Thread 0x0000029f5883cff0 Exception <a 'sun/nio/fs/WindowsException'{0x00000000eea5d0c0}> (0x00000000eea5d0c0) 
thrown [s\src\hotspot\share\prims\jni.cpp, line 520]
Event: 15874.291 Thread 0x0000029f5883cff0 Exception <a 'sun/nio/fs/WindowsException'{0x00000000eea5f9d8}> (0x00000000eea5f9d8) 
thrown [s\src\hotspot\share\prims\jni.cpp, line 520]
Event: 15874.292 Thread 0x0000029f5883cff0 Exception <a 'sun/nio/fs/WindowsException'{0x00000000eeada738}> (0x00000000eeada738) 
thrown [s\src\hotspot\share\prims\jni.cpp, line 520]
Event: 15874.293 Thread 0x0000029f5883cff0 Exception <a 'sun/nio/fs/WindowsException'{0x00000000eeaeac78}> (0x00000000eeaeac78) 
thrown [s\src\hotspot\share\prims\jni.cpp, line 520]
Event: 15874.293 Thread 0x0000029f5883cff0 Exception <a 'sun/nio/fs/WindowsException'{0x00000000eeafa778}> (0x00000000eeafa778) 
thrown [s\src\hotspot\share\prims\jni.cpp, line 520]
Event: 15874.294 Thread 0x0000029f5883cff0 Exception <a 'sun/nio/fs/WindowsException'{0x00000000ee93cb20}> (0x00000000ee93cb20) 
thrown [s\src\hotspot\share\prims\jni.cpp, line 520]
Event: 15874.311 Thread 0x0000029f5883cff0 Exception <a 'sun/nio/fs/WindowsException'{0x00000000ee82b2a8}> (0x00000000ee82b2a8) 
thrown [s\src\hotspot\share\prims\jni.cpp, line 520]
Event: 15874.367 Thread 0x0000029f5883cff0 Exception <a 'sun/nio/fs/WindowsException'{0x00000000ee519a18}> (0x00000000ee519a18) 
thrown [s\src\hotspot\share\prims\jni.cpp, line 520]
Event: 15874.369 Thread 0x0000029f5883cff0 Exception <a 'sun/nio/fs/WindowsException'{0x00000000ee56c9e0}> (0x00000000ee56c9e0) 
thrown [s\src\hotspot\share\prims\jni.cpp, line 520]
Event: 15877.116 Thread 0x0000029f5883cff0 Exception <a 'java/lang/NoSuchMethodError'{0x00000000eb9a2fc0}: 'void java.lang.invoke.DelegatingMethodHandle$Holder.reinvoke_L(java.lang.Object, java.lang.Object, java.lang.Object, int)'> (0x00000000eb9a2fc0) 
thrown [s\src\hotspot\share\interpreter\linkResolver.cpp, line 773]
Event: 15877.121 Thread 0x0000029f5883cff0 Exception <a 'java/lang/NoSuchMethodError'{0x00000000eb9dfea0}: 'java.lang.Object java.lang.invoke.DirectMethodHandle$Holder.invokeVirtual(java.lang.Object, java.lang.Object, long, java.lang.Object)'> (0x00000000eb9dfea0) 
thrown [s\src\hotspot\share\interpreter\linkResolver.cpp, line 773]
Event: 15877.121 Thread 0x0000029f5883cff0 Exception <a 'java/lang/NoSuchMethodError'{0x00000000eb9e43d0}: 'java.lang.Object java.lang.invoke.DelegatingMethodHandle$Holder.reinvoke_L(java.lang.Object, java.lang.Object, long, java.lang.Object)'> (0x00000000eb9e43d0) 
thrown [s\src\hotspot\share\interpreter\linkResolver.cpp, line 773]

ZGC Phase Switch (0 events):
No events

VM Operations (20 events):
Event: 15868.874 Executing VM operation: Cleanup
Event: 15868.889 Executing VM operation: Cleanup done
Event: 15870.049 Executing VM operation: G1CollectForAllocation (G1 Evacuation Pause)
Event: 15870.171 Executing VM operation: G1CollectForAllocation (G1 Evacuation Pause) done
Event: 15871.179 Executing VM operation: Cleanup
Event: 15871.179 Executing VM operation: Cleanup done
Event: 15872.181 Executing VM operation: Cleanup
Event: 15872.181 Executing VM operation: Cleanup done
Event: 15873.193 Executing VM operation: Cleanup
Event: 15873.193 Executing VM operation: Cleanup done
Event: 15873.457 Executing VM operation: G1CollectForAllocation (G1 Evacuation Pause)
Event: 15873.706 Executing VM operation: G1CollectForAllocation (G1 Evacuation Pause) done
Event: 15874.707 Executing VM operation: Cleanup
Event: 15874.771 Executing VM operation: Cleanup done
Event: 15875.772 Executing VM operation: Cleanup
Event: 15875.772 Executing VM operation: Cleanup done
Event: 15876.778 Executing VM operation: Cleanup
Event: 15876.793 Executing VM operation: Cleanup done
Event: 15877.085 Executing VM operation: HandshakeAllThreads (Deoptimize)
Event: 15877.086 Executing VM operation: HandshakeAllThreads (Deoptimize) done

Memory protections (0 events):
No events

Nmethod flushes (20 events):
Event: 15621.480 Thread 0x0000029f3d196b10 flushing  nmethod 0x0000029f2d291790
Event: 15621.480 Thread 0x0000029f3d196b10 flushing  nmethod 0x0000029f2af15110
Event: 15621.480 Thread 0x0000029f3d196b10 flushing  nmethod 0x0000029f2af3e790
Event: 15621.480 Thread 0x0000029f3d196b10 flushing  nmethod 0x0000029f2bd3c810
Event: 15621.480 Thread 0x0000029f3d196b10 flushing  nmethod 0x0000029f2ccd8710
Event: 15621.480 Thread 0x0000029f3d196b10 flushing  nmethod 0x0000029f2d258290
Event: 15621.480 Thread 0x0000029f3d196b10 flushing  nmethod 0x0000029f2d260190
Event: 15621.480 Thread 0x0000029f3d196b10 flushing  nmethod 0x0000029f2d39a090
Event: 15621.480 Thread 0x0000029f3d196b10 flushing  nmethod 0x0000029f2d499290
Event: 15849.535 Thread 0x0000029f3d196b10 flushing  nmethod 0x0000029f339a7390
Event: 15849.535 Thread 0x0000029f3d196b10 flushing  nmethod 0x0000029f2d264210
Event: 15849.535 Thread 0x0000029f3d196b10 flushing  nmethod 0x0000029f2cdc0f90
Event: 15849.535 Thread 0x0000029f3d196b10 flushing  nmethod 0x0000029f2d25e610
Event: 15849.535 Thread 0x0000029f3d196b10 flushing  nmethod 0x0000029f2d289710
Event: 15849.535 Thread 0x0000029f3d196b10 flushing  nmethod 0x0000029f2d3ae390
Event: 15849.535 Thread 0x0000029f3d196b10 flushing  nmethod 0x0000029f2d3b2390
Event: 15849.535 Thread 0x0000029f3d196b10 flushing  nmethod 0x0000029f2cd13c90
Event: 15849.535 Thread 0x0000029f3d196b10 flushing  nmethod 0x0000029f2d2cee90
Event: 15849.535 Thread 0x0000029f3d196b10 flushing  nmethod 0x0000029f2d30dd90
Event: 15849.535 Thread 0x0000029f3d196b10 flushing  nmethod 0x0000029f2d4ddc10

Events (20 events):
Event: 15869.833 Thread 0x0000029f59e34de0 Thread added: 0x0000029f5af0ce60
Event: 15869.837 Thread 0x0000029f59e34de0 Thread added: 0x0000029f5af0a070
Event: 15869.841 Thread 0x0000029f59e34de0 Thread added: 0x0000029f5af0db80
Event: 15869.846 Thread 0x0000029f59e34de0 Thread added: 0x0000029f5af06bf0
Event: 15869.854 Thread 0x0000029f59e34de0 Thread added: 0x0000029f5af07910
Event: 15869.862 Thread 0x0000029f59e34de0 Thread added: 0x0000029f5af08630
Event: 15869.866 Thread 0x0000029f59e34de0 Thread added: 0x0000029f5af0bab0
Event: 15869.871 Thread 0x0000029f59e34de0 Thread added: 0x0000029f5af08cc0
Event: 15869.878 Thread 0x0000029f59e34de0 Thread added: 0x0000029f5af09350
Event: 15869.883 Thread 0x0000029f59e34de0 Thread added: 0x0000029f5af0a700
Event: 15869.887 Thread 0x0000029f59e34de0 Thread added: 0x0000029f5af0ad90
Event: 15869.891 Thread 0x0000029f59e34de0 Thread added: 0x0000029f5883d680
Event: 15872.150 Thread 0x0000029f59e34de0 Thread added: 0x0000029f5883cff0
Event: 15872.151 Thread 0x0000029f5883cff0 Thread added: 0x0000029f588366f0
Event: 15872.151 Thread 0x0000029f5883cff0 Thread added: 0x0000029f58836d80
Event: 15872.151 Thread 0x0000029f5883cff0 Thread added: 0x0000029f5883a890
Event: 15872.155 Thread 0x0000029f5883cff0 Thread added: 0x0000029f58837aa0
Event: 15872.306 Thread 0x0000029f5883cff0 Thread added: 0x0000029f5883af20
Event: 15872.307 Thread 0x0000029f5883cff0 Thread added: 0x0000029f588394e0
Event: 15872.307 Thread 0x0000029f5883cff0 Thread added: 0x0000029f5883bc40


Dynamic libraries:
0x00007ff6a3f10000 - 0x00007ff6a3f1e000 	C:\Users\ASUS\.jdks\corretto-21.0.4\bin\java.exe
0x00007ffb22c50000 - 0x00007ffb22e48000 	C:\Windows\SYSTEM32\ntdll.dll
0x00007ffb20db0000 - 0x00007ffb20e6f000 	C:\Windows\System32\KERNEL32.DLL
0x00007ffb207f0000 - 0x00007ffb20ac2000 	C:\Windows\System32\KERNELBASE.dll
0x00007ffb20340000 - 0x00007ffb20440000 	C:\Windows\System32\ucrtbase.dll
0x00007ffb1c040000 - 0x00007ffb1c058000 	C:\Users\ASUS\.jdks\corretto-21.0.4\bin\jli.dll
0x00007ffb228c0000 - 0x00007ffb22a61000 	C:\Windows\System32\USER32.dll
0x00007ffb20b80000 - 0x00007ffb20ba2000 	C:\Windows\System32\win32u.dll
0x00007ffb225f0000 - 0x00007ffb2261b000 	C:\Windows\System32\GDI32.dll
0x00007ffb1b510000 - 0x00007ffb1b52b000 	C:\Users\ASUS\.jdks\corretto-21.0.4\bin\VCRUNTIME140.dll
0x00007ffb206b0000 - 0x00007ffb207bf000 	C:\Windows\System32\gdi32full.dll
0x00007ffb20440000 - 0x00007ffb204dd000 	C:\Windows\System32\msvcp_win.dll
0x00007ffb0dcf0000 - 0x00007ffb0df8a000 	C:\Windows\WinSxS\amd64_microsoft.windows.common-controls_6595b64144ccf1df_6.0.19041.1110_none_60b5254171f9507e\COMCTL32.dll
0x00007ffb21a90000 - 0x00007ffb21b2e000 	C:\Windows\System32\msvcrt.dll
0x00007ffb22a70000 - 0x00007ffb22aa2000 	C:\Windows\System32\IMM32.DLL
0x00007ffb1c030000 - 0x00007ffb1c03c000 	C:\Users\ASUS\.jdks\corretto-21.0.4\bin\vcruntime140_1.dll
0x00007ffb06ac0000 - 0x00007ffb06b4d000 	C:\Users\ASUS\.jdks\corretto-21.0.4\bin\msvcp140.dll
0x00007ffaf85f0000 - 0x00007ffaf9386000 	C:\Users\ASUS\.jdks\corretto-21.0.4\bin\server\jvm.dll
0x00007ffb22b60000 - 0x00007ffb22c0e000 	C:\Windows\System32\ADVAPI32.dll
0x00007ffb20e70000 - 0x00007ffb20f0c000 	C:\Windows\System32\sechost.dll
0x00007ffb21e20000 - 0x00007ffb21f45000 	C:\Windows\System32\RPCRT4.dll
0x00007ffb216c0000 - 0x00007ffb2172b000 	C:\Windows\System32\WS2_32.dll
0x00007ffb1f8b0000 - 0x00007ffb1f8fb000 	C:\Windows\SYSTEM32\POWRPROF.dll
0x00007ffb1ab00000 - 0x00007ffb1ab0a000 	C:\Windows\SYSTEM32\VERSION.dll
0x00007ffb17280000 - 0x00007ffb172a7000 	C:\Windows\SYSTEM32\WINMM.dll
0x00007ffb1f780000 - 0x00007ffb1f792000 	C:\Windows\SYSTEM32\UMPDC.dll
0x00007ffb1e200000 - 0x00007ffb1e212000 	C:\Windows\SYSTEM32\kernel.appcore.dll
0x00007ffb1acc0000 - 0x00007ffb1acca000 	C:\Users\ASUS\.jdks\corretto-21.0.4\bin\jimage.dll
0x00007ffb0acb0000 - 0x00007ffb0ae94000 	C:\Windows\SYSTEM32\DBGHELP.DLL
0x00007ffb09c00000 - 0x00007ffb09c35000 	C:\Windows\SYSTEM32\dbgcore.DLL
0x00007ffb20c00000 - 0x00007ffb20c82000 	C:\Windows\System32\bcryptPrimitives.dll
0x00007ffb1acb0000 - 0x00007ffb1acbe000 	C:\Users\ASUS\.jdks\corretto-21.0.4\bin\instrument.dll
0x00007ffb1ac90000 - 0x00007ffb1acaf000 	C:\Users\ASUS\.jdks\corretto-21.0.4\bin\java.dll
0x00007ffb20f10000 - 0x00007ffb21655000 	C:\Windows\System32\SHELL32.dll
0x00007ffb1e400000 - 0x00007ffb1eb92000 	C:\Windows\SYSTEM32\windows.storage.dll
0x00007ffb21730000 - 0x00007ffb21a85000 	C:\Windows\System32\combase.dll
0x00007ffb1fda0000 - 0x00007ffb1fdd0000 	C:\Windows\SYSTEM32\Wldp.dll
0x00007ffb21d70000 - 0x00007ffb21e1d000 	C:\Windows\System32\SHCORE.dll
0x00007ffb22860000 - 0x00007ffb228b5000 	C:\Windows\System32\shlwapi.dll
0x00007ffb20280000 - 0x00007ffb2029f000 	C:\Windows\SYSTEM32\profapi.dll
0x00007ffaed750000 - 0x00007ffaed827000 	C:\Users\ASUS\.jdks\corretto-21.0.4\bin\jsvml.dll
0x00007ffb1abd0000 - 0x00007ffb1abe8000 	C:\Users\ASUS\.jdks\corretto-21.0.4\bin\zip.dll
0x00007ffb1ac80000 - 0x00007ffb1ac90000 	C:\Users\ASUS\.jdks\corretto-21.0.4\bin\net.dll
0x00007ffb197e0000 - 0x00007ffb198ec000 	C:\Windows\SYSTEM32\WINHTTP.dll
0x00007ffb1fb00000 - 0x00007ffb1fb6a000 	C:\Windows\system32\mswsock.dll
0x00007ffb19360000 - 0x00007ffb19376000 	C:\Users\ASUS\.jdks\corretto-21.0.4\bin\nio.dll
0x00007ffb1abc0000 - 0x00007ffb1abd0000 	C:\Users\ASUS\.jdks\corretto-21.0.4\bin\verify.dll
0x00007ffb1c060000 - 0x00007ffb1c087000 	C:\Users\ASUS\.gradle\native\c067742578af261105cb4f569cf0c3c89f3d7b1fecec35dd04571415982c5e48\windows-amd64\native-platform.dll
0x00007ffa9b9f0000 - 0x00007ffa9bb34000 	C:\Users\ASUS\.gradle\native\100fb08df4bc3b14c8652ba06237920a3bd2aa13389f12d3474272988ae205f9\windows-amd64\native-platform-file-events.dll
0x00007ffb088a0000 - 0x00007ffb088a9000 	C:\Users\ASUS\.jdks\corretto-21.0.4\bin\management.dll
0x00007ffb08890000 - 0x00007ffb0889b000 	C:\Users\ASUS\.jdks\corretto-21.0.4\bin\management_ext.dll
0x00007ffb22620000 - 0x00007ffb22628000 	C:\Windows\System32\PSAPI.DLL
0x00007ffb1fcf0000 - 0x00007ffb1fd08000 	C:\Windows\SYSTEM32\CRYPTSP.dll
0x00007ffb1f340000 - 0x00007ffb1f374000 	C:\Windows\system32\rsaenh.dll
0x00007ffb207c0000 - 0x00007ffb207e7000 	C:\Windows\System32\bcrypt.dll
0x00007ffb20240000 - 0x00007ffb2026e000 	C:\Windows\SYSTEM32\USERENV.dll
0x00007ffb1fd10000 - 0x00007ffb1fd1c000 	C:\Windows\SYSTEM32\CRYPTBASE.dll
0x00007ffb1f7a0000 - 0x00007ffb1f7db000 	C:\Windows\SYSTEM32\IPHLPAPI.DLL
0x00007ffb21b30000 - 0x00007ffb21b38000 	C:\Windows\System32\NSI.dll
0x00007ffb08880000 - 0x00007ffb08889000 	C:\Users\ASUS\.jdks\corretto-21.0.4\bin\extnet.dll
0x00007ffb08870000 - 0x00007ffb0887e000 	C:\Users\ASUS\.jdks\corretto-21.0.4\bin\sunmscapi.dll
0x00007ffb20550000 - 0x00007ffb206a6000 	C:\Windows\System32\CRYPT32.dll
0x00007ffb1fe10000 - 0x00007ffb1fe37000 	C:\Windows\SYSTEM32\ncrypt.dll
0x00007ffb1fdd0000 - 0x00007ffb1fe0b000 	C:\Windows\SYSTEM32\NTASN1.dll
0x00007ffb16c30000 - 0x00007ffb16c37000 	C:\Windows\system32\wshunix.dll
0x00007ffb1f4d0000 - 0x00007ffb1f503000 	C:\Windows\SYSTEM32\ntmarta.dll

dbghelp: loaded successfully - version: 4.0.5 - missing functions: none
symbol engine: initialized successfully - sym options: 0x614 - pdb path: .;C:\Users\ASUS\.jdks\corretto-21.0.4\bin;C:\Windows\SYSTEM32;C:\Windows\WinSxS\amd64_microsoft.windows.common-controls_6595b64144ccf1df_6.0.19041.1110_none_60b5254171f9507e;C:\Users\ASUS\.jdks\corretto-21.0.4\bin\server;C:\Users\ASUS\.gradle\native\c067742578af261105cb4f569cf0c3c89f3d7b1fecec35dd04571415982c5e48\windows-amd64;C:\Users\ASUS\.gradle\native\100fb08df4bc3b14c8652ba06237920a3bd2aa13389f12d3474272988ae205f9\windows-amd64

VM Arguments:
jvm_args: --add-opens=java.base/java.lang=ALL-UNNAMED --add-opens=java.base/java.lang.invoke=ALL-UNNAMED --add-opens=java.base/java.util=ALL-UNNAMED --add-opens=java.prefs/java.util.prefs=ALL-UNNAMED --add-exports=jdk.compiler/com.sun.tools.javac.api=ALL-UNNAMED --add-exports=jdk.compiler/com.sun.tools.javac.util=ALL-UNNAMED --add-opens=java.base/java.util=ALL-UNNAMED --add-opens=java.prefs/java.util.prefs=ALL-UNNAMED --add-opens=java.base/java.nio.charset=ALL-UNNAMED --add-opens=java.base/java.net=ALL-UNNAMED --add-opens=java.base/java.util.concurrent.atomic=ALL-UNNAMED --add-opens=java.xml/javax.xml.namespace=ALL-UNNAMED -XX:MaxMetaspaceSize=384m -XX:+HeapDumpOnOutOfMemoryError -Xms256m -Xmx512m -Dfile.encoding=windows-1252 -Duser.country=US -Duser.language=en -Duser.variant -javaagent:C:\Users\ASUS\.gradle\wrapper\dists\gradle-8.11.1-bin\bpt9gzteqjrbo1mjrsomdt32c\gradle-8.11.1\lib\agents\gradle-instrumentation-agent-8.11.1.jar 
java_command: org.gradle.launcher.daemon.bootstrap.GradleDaemon 8.11.1
java_class_path (initial): C:\Users\ASUS\.gradle\wrapper\dists\gradle-8.11.1-bin\bpt9gzteqjrbo1mjrsomdt32c\gradle-8.11.1\lib\gradle-daemon-main-8.11.1.jar
Launcher Type: SUN_STANDARD

[Global flags]
     intx CICompilerCount                          = 3                                         {product} {ergonomic}
   size_t CompressedClassSpaceSize                 = 335544320                                 {product} {ergonomic}
     uint ConcGCThreads                            = 1                                         {product} {ergonomic}
     uint G1ConcRefinementThreads                  = 4                                         {product} {ergonomic}
   size_t G1HeapRegionSize                         = 1048576                                   {product} {ergonomic}
    uintx GCDrainStackTargetSize                   = 64                                        {product} {ergonomic}
     bool HeapDumpOnOutOfMemoryError               = true                                   {manageable} {command line}
   size_t InitialHeapSize                          = 268435456                                 {product} {command line}
   size_t MarkStackSize                            = 4194304                                   {product} {ergonomic}
   size_t MaxHeapSize                              = 536870912                                 {product} {command line}
   size_t MaxMetaspaceSize                         = 402653184                                 {product} {command line}
   size_t MaxNewSize                               = 321912832                                 {product} {ergonomic}
   size_t MinHeapDeltaBytes                        = 1048576                                   {product} {ergonomic}
   size_t MinHeapSize                              = 268435456                                 {product} {command line}
    uintx NonNMethodCodeHeapSize                   = 5832780                                {pd product} {ergonomic}
    uintx NonProfiledCodeHeapSize                  = 122912730                              {pd product} {ergonomic}
    uintx ProfiledCodeHeapSize                     = 122912730                              {pd product} {ergonomic}
    uintx ReservedCodeCacheSize                    = 251658240                              {pd product} {ergonomic}
     bool SegmentedCodeCache                       = true                                      {product} {ergonomic}
   size_t SoftMaxHeapSize                          = 536870912                              {manageable} {ergonomic}
     bool UseCompressedOops                        = true                           {product lp64_product} {ergonomic}
     bool UseG1GC                                  = true                                      {product} {ergonomic}
     bool UseLargePagesIndividualAllocation        = false                                  {pd product} {ergonomic}

Logging:
Log output configuration:
 #0: stdout all=warning uptime,level,tags foldmultilines=false
 #1: stderr all=off uptime,level,tags foldmultilines=false

Environment Variables:
PATH=C:\Windows\system32;C:\Windows;C:\Windows\System32\Wbem;C:\Windows\System32\WindowsPowerShell\v1.0\;C:\Windows\System32\OpenSSH\;C:\Program Files\Git\cmd;C:\Users\ASUS\AppData\Local\Microsoft\WindowsApps;;D:\WebStorm 2024.1.5\bin;
USERNAME=ASUS
OS=Windows_NT
PROCESSOR_IDENTIFIER=Intel64 Family 6 Model 158 Stepping 9, GenuineIntel
TMP=C:\Users\ASUS\AppData\Local\Temp
TEMP=C:\Users\ASUS\AppData\Local\Temp




Periodic native trim disabled

---------------  S Y S T E M  ---------------

OS:
 Windows 10 , 64 bit Build 19041 (10.0.19041.2546)
OS uptime: 1 days 6:12 hours

CPU: total 4 (initial active 4) (4 cores per cpu, 1 threads per core) family 6 model 158 stepping 9 microcode 0xb4, cx8, cmov, fxsr, mmx, 3dnowpref, sse, sse2, sse3, ssse3, sse4.1, sse4.2, popcnt, lzcnt, tsc, tscinvbit, avx, avx2, aes, erms, clmul, bmi1, bmi2, adx, fma, vzeroupper, clflush, clflushopt, rdtscp, f16c
Processor Information for all 4 processors :
  Max Mhz: 2501, Current Mhz: 2501, Mhz Limit: 2501

Memory: 4k page, system-wide physical 8076M (329M free)
TotalPageFile size 16542M (AvailPageFile size 4M)
current process WorkingSet (physical memory assigned to process): 434M, peak: 514M
current process commit charge ("private bytes"): 612M, peak: 626M

vm_info: OpenJDK 64-Bit Server VM (21.0.4+7-LTS) for windows-amd64 JRE (21.0.4+7-LTS), built on 2024-07-10T17:34:29Z by "Administrator" with MS VC++ 16.10 / 16.11 (VS2019)

END.
