#
# There is insufficient memory for the Java Runtime Environment to continue.
# Native memory allocation (malloc) failed to allocate 1647552 bytes. Error detail: Chunk::new
# Possible reasons:
#   The system is out of physical RAM or swap space
#   This process is running with CompressedOops enabled, and the Java Heap may be blocking the growth of the native heap
# Possible solutions:
#   Reduce memory load on the system
#   Increase physical memory or swap space
#   Check if swap backing store is full
#   Decrease Java heap size (-Xmx/-Xms)
#   Decrease number of Java threads
#   Decrease Java thread stack sizes (-Xss)
#   Set larger code cache with -XX:ReservedCodeCacheSize=
#   JVM is running with Unscaled Compressed Oops mode in which the Java heap is
#     placed in the first 4GB address space. The Java Heap base address is the
#     maximum limit for the native heap growth. Please use -XX:HeapBaseMinAddress
#     to set the Java Heap base and to place the Java Heap above 4GB virtual address.
# This output file may be truncated or incomplete.
#
#  Out of Memory Error (arena.cpp:168), pid=12144, tid=3420
#
# JRE version: OpenJDK Runtime Environment Corretto-21.0.4.7.1 (21.0.4+7) (build 21.0.4+7-LTS)
# Java VM: OpenJDK 64-Bit Server VM Corretto-21.0.4.7.1 (21.0.4+7-LTS, mixed mode, sharing, tiered, compressed oops, compressed class ptrs, g1 gc, windows-amd64)
# No core dump will be written. Minidumps are not enabled by default on client versions of Windows
#

---------------  S U M M A R Y ------------

Command Line: --add-opens=java.base/java.lang=ALL-UNNAMED --add-opens=java.base/java.lang.invoke=ALL-UNNAMED --add-opens=java.base/java.util=ALL-UNNAMED --add-opens=java.prefs/java.util.prefs=ALL-UNNAMED --add-exports=jdk.compiler/com.sun.tools.javac.api=ALL-UNNAMED --add-exports=jdk.compiler/com.sun.tools.javac.util=ALL-UNNAMED --add-opens=java.base/java.util=ALL-UNNAMED --add-opens=java.prefs/java.util.prefs=ALL-UNNAMED --add-opens=java.base/java.nio.charset=ALL-UNNAMED --add-opens=java.base/java.net=ALL-UNNAMED --add-opens=java.base/java.util.concurrent.atomic=ALL-UNNAMED --add-opens=java.xml/javax.xml.namespace=ALL-UNNAMED -XX:MaxMetaspaceSize=384m -XX:+HeapDumpOnOutOfMemoryError -Xms256m -Xmx512m -Dfile.encoding=windows-1252 -Duser.country=US -Duser.language=en -Duser.variant -javaagent:C:\Users\ASUS\.gradle\wrapper\dists\gradle-8.11.1-bin\bpt9gzteqjrbo1mjrsomdt32c\gradle-8.11.1\lib\agents\gradle-instrumentation-agent-8.11.1.jar org.gradle.launcher.daemon.bootstrap.GradleDaemon 8.11.1

Host: Intel(R) Core(TM) i5-7300HQ CPU @ 2.50GHz, 4 cores, 7G,  Windows 10 , 64 bit Build 19041 (10.0.19041.2546)
Time: Fri Feb 14 00:11:01 2025 SE Asia Standard Time elapsed time: 19.607016 seconds (0d 0h 0m 19s)

---------------  T H R E A D  ---------------

Current thread (0x000001b25b6f5010):  JavaThread "C2 CompilerThread0" daemon [_thread_in_native, id=3420, stack(0x0000007b19800000,0x0000007b19900000) (1024K)]


Current CompileTask:
C2:  19607 10113       4       org.gradle.internal.serialize.HierarchicalNameSerializer::readName (51 bytes)

Stack: [0x0000007b19800000,0x0000007b19900000]
Native frames: (J=compiled Java code, j=interpreted, Vv=VM code, C=native code)
V  [jvm.dll+0x6d83d9]
V  [jvm.dll+0x8b39f3]
V  [jvm.dll+0x8b5d4e]
V  [jvm.dll+0x8b6433]
V  [jvm.dll+0x285816]
V  [jvm.dll+0xc608d]
V  [jvm.dll+0xc65c3]
V  [jvm.dll+0x3bf09b]
V  [jvm.dll+0x38afb7]
V  [jvm.dll+0x38a42a]
V  [jvm.dll+0x24dcb2]
V  [jvm.dll+0x24d281]
V  [jvm.dll+0x1cbda4]
V  [jvm.dll+0x25c819]
V  [jvm.dll+0x25adcb]
V  [jvm.dll+0x3f9936]
V  [jvm.dll+0x85c768]
V  [jvm.dll+0x6d6bdd]
C  [ucrtbase.dll+0x21bb2]
C  [KERNEL32.DLL+0x17614]
C  [ntdll.dll+0x526a1]


---------------  P R O C E S S  ---------------

Threads class SMR info:
_java_thread_list=0x000001b2795c6bd0, length=92, elements={
0x000001b2410e9b00, 0x000001b25b6ee730, 0x000001b25b6f1750, 0x000001b25b6f2360,
0x000001b25b6f2dc0, 0x000001b25b6f3820, 0x000001b25b6f4280, 0x000001b25b6f5010,
0x000001b25b6f6ac0, 0x000001b25b8e7480, 0x000001b25ba95460, 0x000001b27678d290,
0x000001b2768299f0, 0x000001b276585100, 0x000001b276738870, 0x000001b2767597a0,
0x000001b276764870, 0x000001b276779720, 0x000001b27677be80, 0x000001b27677aad0,
0x000001b27677b7f0, 0x000001b27677a440, 0x000001b27677c510, 0x000001b276779090,
0x000001b276779db0, 0x000001b2776c78f0, 0x000001b2776ce1f0, 0x000001b2776c7f80,
0x000001b2776c8ca0, 0x000001b2776ca050, 0x000001b2776c8610, 0x000001b2776c9330,
0x000001b2776c99c0, 0x000001b2776cad70, 0x000001b2776cc120, 0x000001b2776cc7b0,
0x000001b2776cdb60, 0x000001b2776ce880, 0x000001b27907b2b0, 0x000001b279077110,
0x000001b27907c660, 0x000001b27907ccf0, 0x000001b2790791e0, 0x000001b27907d380,
0x000001b27907b940, 0x000001b27907a590, 0x000001b27907bfd0, 0x000001b279079f00,
0x000001b2790763f0, 0x000001b27907da10, 0x000001b279076a80, 0x000001b2790777a0,
0x000001b279078b50, 0x000001b279079870, 0x000001b27907ac20, 0x000001b276da0500,
0x000001b276da53c0, 0x000001b276da4010, 0x000001b276da32f0, 0x000001b276da3980,
0x000001b276da0b90, 0x000001b276da1f40, 0x000001b276da2c60, 0x000001b276da46a0,
0x000001b276da18b0, 0x000001b276d9fe70, 0x000001b276da6e00, 0x000001b276da60e0,
0x000001b276da4d30, 0x000001b276da5a50, 0x000001b276da6770, 0x000001b276da25d0,
0x000001b276da7490, 0x000001b276da1220, 0x000001b2773b1060, 0x000001b2773b65b0,
0x000001b2773b7960, 0x000001b2773b5200, 0x000001b2773b3e50, 0x000001b2773b37c0,
0x000001b2773b44e0, 0x000001b2773b3130, 0x000001b2773b6c40, 0x000001b2773b7ff0,
0x000001b2773b8680, 0x000001b2773b2aa0, 0x000001b2773b4b70, 0x000001b2773b16f0,
0x000001b2773b5890, 0x000001b2773b1d80, 0x000001b2773b2410, 0x000001b2773b5f20
}

Java Threads: ( => current thread )
  0x000001b2410e9b00 JavaThread "main"                              [_thread_blocked, id=14056, stack(0x0000007b18a00000,0x0000007b18b00000) (1024K)]
  0x000001b25b6ee730 JavaThread "Reference Handler"          daemon [_thread_blocked, id=8392, stack(0x0000007b19200000,0x0000007b19300000) (1024K)]
  0x000001b25b6f1750 JavaThread "Finalizer"                  daemon [_thread_blocked, id=8556, stack(0x0000007b19300000,0x0000007b19400000) (1024K)]
  0x000001b25b6f2360 JavaThread "Signal Dispatcher"          daemon [_thread_blocked, id=6868, stack(0x0000007b19400000,0x0000007b19500000) (1024K)]
  0x000001b25b6f2dc0 JavaThread "Attach Listener"            daemon [_thread_blocked, id=8440, stack(0x0000007b19500000,0x0000007b19600000) (1024K)]
  0x000001b25b6f3820 JavaThread "Service Thread"             daemon [_thread_blocked, id=13740, stack(0x0000007b19600000,0x0000007b19700000) (1024K)]
  0x000001b25b6f4280 JavaThread "Monitor Deflation Thread"   daemon [_thread_blocked, id=10852, stack(0x0000007b19700000,0x0000007b19800000) (1024K)]
=>0x000001b25b6f5010 JavaThread "C2 CompilerThread0"         daemon [_thread_in_native, id=3420, stack(0x0000007b19800000,0x0000007b19900000) (1024K)]
  0x000001b25b6f6ac0 JavaThread "C1 CompilerThread0"         daemon [_thread_blocked, id=4268, stack(0x0000007b19900000,0x0000007b19a00000) (1024K)]
  0x000001b25b8e7480 JavaThread "Common-Cleaner"             daemon [_thread_blocked, id=4356, stack(0x0000007b19a00000,0x0000007b19b00000) (1024K)]
  0x000001b25ba95460 JavaThread "Notification Thread"        daemon [_thread_blocked, id=7572, stack(0x0000007b19b00000,0x0000007b19c00000) (1024K)]
  0x000001b27678d290 JavaThread "Daemon health stats"               [_thread_blocked, id=13528, stack(0x0000007b19f00000,0x0000007b1a000000) (1024K)]
  0x000001b2768299f0 JavaThread "Incoming local TCP Connector on port 58996"        [_thread_in_native, id=7356, stack(0x0000007b1a000000,0x0000007b1a100000) (1024K)]
  0x000001b276585100 JavaThread "Daemon periodic checks"            [_thread_blocked, id=8492, stack(0x0000007b1a100000,0x0000007b1a200000) (1024K)]
  0x000001b276738870 JavaThread "Daemon"                            [_thread_blocked, id=9236, stack(0x0000007b1a200000,0x0000007b1a300000) (1024K)]
  0x000001b2767597a0 JavaThread "Handler for socket connection from /127.0.0.1:58996 to /127.0.0.1:58997"        [_thread_in_native, id=11508, stack(0x0000007b1a300000,0x0000007b1a400000) (1024K)]
  0x000001b276764870 JavaThread "Cancel handler"                    [_thread_blocked, id=12656, stack(0x0000007b1a400000,0x0000007b1a500000) (1024K)]
  0x000001b276779720 JavaThread "Daemon worker"                     [_thread_blocked, id=13820, stack(0x0000007b1a500000,0x0000007b1a600000) (1024K)]
  0x000001b27677be80 JavaThread "Asynchronous log dispatcher for DefaultDaemonConnection: socket connection from /127.0.0.1:58996 to /127.0.0.1:58997"        [_thread_blocked, id=14000, stack(0x0000007b1a600000,0x0000007b1a700000) (1024K)]
  0x000001b27677aad0 JavaThread "Stdin handler"                     [_thread_blocked, id=10364, stack(0x0000007b1a700000,0x0000007b1a800000) (1024K)]
  0x000001b27677b7f0 JavaThread "Daemon client event forwarder"        [_thread_blocked, id=9420, stack(0x0000007b1a800000,0x0000007b1a900000) (1024K)]
  0x000001b27677a440 JavaThread "Cache worker for journal cache (C:\Users\ASUS\.gradle\caches\journal-1)"        [_thread_blocked, id=8208, stack(0x0000007b1a900000,0x0000007b1aa00000) (1024K)]
  0x000001b27677c510 JavaThread "File lock request listener"        [_thread_in_native, id=10196, stack(0x0000007b1aa00000,0x0000007b1ab00000) (1024K)]
  0x000001b276779090 JavaThread "Cache worker for file hash cache (C:\Users\ASUS\.gradle\caches\8.11.1\fileHashes)"        [_thread_blocked, id=8664, stack(0x0000007b1ab00000,0x0000007b1ac00000) (1024K)]
  0x000001b276779db0 JavaThread "Cache worker for file content cache (C:\Users\ASUS\.gradle\caches\8.11.1\fileContent)"        [_thread_blocked, id=7884, stack(0x0000007b1ad00000,0x0000007b1ae00000) (1024K)]
  0x000001b2776c78f0 JavaThread "Cache worker for file hash cache (D:\codegym\bat_dong_san\case_study_module_4\case_study\case_study\.gradle\8.11.1\fileHashes)"        [_thread_blocked, id=12316, stack(0x0000007b1ae00000,0x0000007b1af00000) (1024K)]
  0x000001b2776ce1f0 JavaThread "Cache worker for Build Output Cleanup Cache (D:\codegym\bat_dong_san\case_study_module_4\case_study\case_study\.gradle\buildOutputCleanup)"        [_thread_blocked, id=9980, stack(0x0000007b1af00000,0x0000007b1b000000) (1024K)]
  0x000001b2776c7f80 JavaThread "File watcher server"        daemon [_thread_in_native, id=11528, stack(0x0000007b1b000000,0x0000007b1b100000) (1024K)]
  0x000001b2776c8ca0 JavaThread "File watcher consumer"      daemon [_thread_blocked, id=8136, stack(0x0000007b1b100000,0x0000007b1b200000) (1024K)]
  0x000001b2776ca050 JavaThread "Cache worker for checksums cache (D:\codegym\bat_dong_san\case_study_module_4\case_study\case_study\.gradle\8.11.1\checksums)"        [_thread_blocked, id=12052, stack(0x0000007b1ac00000,0x0000007b1ad00000) (1024K)]
  0x000001b2776c8610 JavaThread "Cache worker for cache directory md-rule (C:\Users\ASUS\.gradle\caches\8.11.1\md-rule)"        [_thread_blocked, id=11372, stack(0x0000007b1b200000,0x0000007b1b300000) (1024K)]
  0x000001b2776c9330 JavaThread "Cache worker for cache directory md-supplier (C:\Users\ASUS\.gradle\caches\8.11.1\md-supplier)"        [_thread_blocked, id=7628, stack(0x0000007b1b300000,0x0000007b1b400000) (1024K)]
  0x000001b2776c99c0 JavaThread "jar transforms"                    [_thread_blocked, id=13288, stack(0x0000007b1b500000,0x0000007b1b600000) (1024K)]
  0x000001b2776cad70 JavaThread "jar transforms Thread 2"           [_thread_blocked, id=612, stack(0x0000007b1b600000,0x0000007b1b700000) (1024K)]
  0x000001b2776cc120 JavaThread "jar transforms Thread 3"           [_thread_blocked, id=2780, stack(0x0000007b1b400000,0x0000007b1b500000) (1024K)]
  0x000001b2776cc7b0 JavaThread "jar transforms Thread 4"           [_thread_blocked, id=7800, stack(0x0000007b1b700000,0x0000007b1b800000) (1024K)]
  0x000001b2776cdb60 JavaThread "Unconstrained build operations"        [_thread_blocked, id=12036, stack(0x0000007b1b800000,0x0000007b1b900000) (1024K)]
  0x000001b2776ce880 JavaThread "Unconstrained build operations Thread 2"        [_thread_blocked, id=13168, stack(0x0000007b1b900000,0x0000007b1ba00000) (1024K)]
  0x000001b27907b2b0 JavaThread "Unconstrained build operations Thread 3"        [_thread_blocked, id=5784, stack(0x0000007b1ba00000,0x0000007b1bb00000) (1024K)]
  0x000001b279077110 JavaThread "Unconstrained build operations Thread 4"        [_thread_blocked, id=4584, stack(0x0000007b1bb00000,0x0000007b1bc00000) (1024K)]
  0x000001b27907c660 JavaThread "Unconstrained build operations Thread 5"        [_thread_blocked, id=8572, stack(0x0000007b1bc00000,0x0000007b1bd00000) (1024K)]
  0x000001b27907ccf0 JavaThread "Unconstrained build operations Thread 6"        [_thread_blocked, id=2732, stack(0x0000007b1bd00000,0x0000007b1be00000) (1024K)]
  0x000001b2790791e0 JavaThread "Unconstrained build operations Thread 7"        [_thread_blocked, id=2948, stack(0x0000007b1be00000,0x0000007b1bf00000) (1024K)]
  0x000001b27907d380 JavaThread "Unconstrained build operations Thread 8"        [_thread_blocked, id=2684, stack(0x0000007b1bf00000,0x0000007b1c000000) (1024K)]
  0x000001b27907b940 JavaThread "Unconstrained build operations Thread 9"        [_thread_blocked, id=12080, stack(0x0000007b1c000000,0x0000007b1c100000) (1024K)]
  0x000001b27907a590 JavaThread "Memory manager"                    [_thread_blocked, id=8268, stack(0x0000007b1c100000,0x0000007b1c200000) (1024K)]
  0x000001b27907bfd0 JavaThread "ForkJoinPool.commonPool-worker-1" daemon [_thread_blocked, id=6108, stack(0x0000007b1c200000,0x0000007b1c300000) (1024K)]
  0x000001b279079f00 JavaThread "ForkJoinPool.commonPool-worker-2" daemon [_thread_blocked, id=12772, stack(0x0000007b1c300000,0x0000007b1c400000) (1024K)]
  0x000001b2790763f0 JavaThread "ForkJoinPool.commonPool-worker-3" daemon [_thread_blocked, id=6840, stack(0x0000007b1c400000,0x0000007b1c500000) (1024K)]
  0x000001b27907da10 JavaThread "Exec process"                      [_thread_blocked, id=12504, stack(0x0000007b1c500000,0x0000007b1c600000) (1024K)]
  0x000001b279076a80 JavaThread "Exec process Thread 2"             [_thread_blocked, id=12376, stack(0x0000007b1c600000,0x0000007b1c700000) (1024K)]
  0x000001b2790777a0 JavaThread "Exec process Thread 3"             [_thread_blocked, id=3852, stack(0x0000007b1c700000,0x0000007b1c800000) (1024K)]
  0x000001b279078b50 JavaThread "Unconstrained build operations Thread 10"        [_thread_blocked, id=10028, stack(0x0000007b1c800000,0x0000007b1c900000) (1024K)]
  0x000001b279079870 JavaThread "Unconstrained build operations Thread 11"        [_thread_blocked, id=8484, stack(0x0000007b1c900000,0x0000007b1ca00000) (1024K)]
  0x000001b27907ac20 JavaThread "Unconstrained build operations Thread 12"        [_thread_blocked, id=11992, stack(0x0000007b1ca00000,0x0000007b1cb00000) (1024K)]
  0x000001b276da0500 JavaThread "Unconstrained build operations Thread 13"        [_thread_blocked, id=6044, stack(0x0000007b1cb00000,0x0000007b1cc00000) (1024K)]
  0x000001b276da53c0 JavaThread "Unconstrained build operations Thread 14"        [_thread_blocked, id=12720, stack(0x0000007b1cc00000,0x0000007b1cd00000) (1024K)]
  0x000001b276da4010 JavaThread "Unconstrained build operations Thread 15"        [_thread_blocked, id=7132, stack(0x0000007b1cd00000,0x0000007b1ce00000) (1024K)]
  0x000001b276da32f0 JavaThread "Unconstrained build operations Thread 16"        [_thread_blocked, id=13796, stack(0x0000007b1ce00000,0x0000007b1cf00000) (1024K)]
  0x000001b276da3980 JavaThread "Unconstrained build operations Thread 17"        [_thread_blocked, id=10036, stack(0x0000007b1cf00000,0x0000007b1d000000) (1024K)]
  0x000001b276da0b90 JavaThread "Unconstrained build operations Thread 18"        [_thread_blocked, id=8660, stack(0x0000007b1d000000,0x0000007b1d100000) (1024K)]
  0x000001b276da1f40 JavaThread "Unconstrained build operations Thread 19"        [_thread_blocked, id=4936, stack(0x0000007b1d100000,0x0000007b1d200000) (1024K)]
  0x000001b276da2c60 JavaThread "Unconstrained build operations Thread 20"        [_thread_blocked, id=8476, stack(0x0000007b1d200000,0x0000007b1d300000) (1024K)]
  0x000001b276da46a0 JavaThread "Unconstrained build operations Thread 21"        [_thread_blocked, id=4032, stack(0x0000007b1d300000,0x0000007b1d400000) (1024K)]
  0x000001b276da18b0 JavaThread "Unconstrained build operations Thread 22"        [_thread_blocked, id=9804, stack(0x0000007b1d400000,0x0000007b1d500000) (1024K)]
  0x000001b276d9fe70 JavaThread "Unconstrained build operations Thread 23"        [_thread_blocked, id=9704, stack(0x0000007b1d500000,0x0000007b1d600000) (1024K)]
  0x000001b276da6e00 JavaThread "Unconstrained build operations Thread 24"        [_thread_blocked, id=8452, stack(0x0000007b1d600000,0x0000007b1d700000) (1024K)]
  0x000001b276da60e0 JavaThread "Unconstrained build operations Thread 25"        [_thread_blocked, id=5024, stack(0x0000007b1d700000,0x0000007b1d800000) (1024K)]
  0x000001b276da4d30 JavaThread "Unconstrained build operations Thread 26"        [_thread_blocked, id=13580, stack(0x0000007b1d800000,0x0000007b1d900000) (1024K)]
  0x000001b276da5a50 JavaThread "Unconstrained build operations Thread 27"        [_thread_blocked, id=8668, stack(0x0000007b1d900000,0x0000007b1da00000) (1024K)]
  0x000001b276da6770 JavaThread "Unconstrained build operations Thread 28"        [_thread_blocked, id=9272, stack(0x0000007b1da00000,0x0000007b1db00000) (1024K)]
  0x000001b276da25d0 JavaThread "Unconstrained build operations Thread 29"        [_thread_blocked, id=6928, stack(0x0000007b1db00000,0x0000007b1dc00000) (1024K)]
  0x000001b276da7490 JavaThread "Unconstrained build operations Thread 30"        [_thread_blocked, id=13480, stack(0x0000007b1dc00000,0x0000007b1dd00000) (1024K)]
  0x000001b276da1220 JavaThread "Unconstrained build operations Thread 31"        [_thread_blocked, id=12076, stack(0x0000007b1dd00000,0x0000007b1de00000) (1024K)]
  0x000001b2773b1060 JavaThread "Unconstrained build operations Thread 32"        [_thread_blocked, id=10020, stack(0x0000007b1de00000,0x0000007b1df00000) (1024K)]
  0x000001b2773b65b0 JavaThread "Unconstrained build operations Thread 33"        [_thread_blocked, id=2788, stack(0x0000007b1df00000,0x0000007b1e000000) (1024K)]
  0x000001b2773b7960 JavaThread "Unconstrained build operations Thread 34"        [_thread_blocked, id=7352, stack(0x0000007b1e000000,0x0000007b1e100000) (1024K)]
  0x000001b2773b5200 JavaThread "Unconstrained build operations Thread 35"        [_thread_blocked, id=13124, stack(0x0000007b1e100000,0x0000007b1e200000) (1024K)]
  0x000001b2773b3e50 JavaThread "Unconstrained build operations Thread 36"        [_thread_blocked, id=12704, stack(0x0000007b1e200000,0x0000007b1e300000) (1024K)]
  0x000001b2773b37c0 JavaThread "Unconstrained build operations Thread 37"        [_thread_blocked, id=1880, stack(0x0000007b1e300000,0x0000007b1e400000) (1024K)]
  0x000001b2773b44e0 JavaThread "Unconstrained build operations Thread 38"        [_thread_blocked, id=13880, stack(0x0000007b1e400000,0x0000007b1e500000) (1024K)]
  0x000001b2773b3130 JavaThread "Unconstrained build operations Thread 39"        [_thread_blocked, id=6344, stack(0x0000007b1e500000,0x0000007b1e600000) (1024K)]
  0x000001b2773b6c40 JavaThread "Unconstrained build operations Thread 40"        [_thread_blocked, id=3160, stack(0x0000007b1e600000,0x0000007b1e700000) (1024K)]
  0x000001b2773b7ff0 JavaThread "included builds"                   [_thread_blocked, id=11972, stack(0x0000007b1e700000,0x0000007b1e800000) (1024K)]
  0x000001b2773b8680 JavaThread "Execution worker"                  [_thread_blocked, id=11724, stack(0x0000007b1e800000,0x0000007b1e900000) (1024K)]
  0x000001b2773b2aa0 JavaThread "Execution worker Thread 2"         [_thread_blocked, id=3856, stack(0x0000007b1e900000,0x0000007b1ea00000) (1024K)]
  0x000001b2773b4b70 JavaThread "Execution worker Thread 3"         [_thread_blocked, id=8892, stack(0x0000007b1ea00000,0x0000007b1eb00000) (1024K)]
  0x000001b2773b16f0 JavaThread "Cache worker for execution history cache (D:\codegym\bat_dong_san\case_study_module_4\case_study\case_study\.gradle\8.11.1\executionHistory)"        [_thread_blocked, id=13576, stack(0x0000007b1eb00000,0x0000007b1ec00000) (1024K)]
  0x000001b2773b5890 JavaThread "Cache worker for Java compile cache (C:\Users\ASUS\.gradle\caches\8.11.1\javaCompile)"        [_thread_in_Java, id=10112, stack(0x0000007b1ec00000,0x0000007b1ed00000) (1024K)]
  0x000001b2773b1d80 JavaThread "Build operations"                  [_thread_blocked, id=2308, stack(0x0000007b1ed00000,0x0000007b1ee00000) (1024K)]
  0x000001b2773b2410 JavaThread "Build operations Thread 2"         [_thread_blocked, id=10332, stack(0x0000007b1ee00000,0x0000007b1ef00000) (1024K)]
  0x000001b2773b5f20 JavaThread "Build operations Thread 3"         [_thread_blocked, id=12280, stack(0x0000007b1ef00000,0x0000007b1f000000) (1024K)]
Total: 92

Other Threads:
  0x000001b25b6d0e80 VMThread "VM Thread"                           [id=13068, stack(0x0000007b19100000,0x0000007b19200000) (1024K)]
  0x000001b25b6b4bc0 WatcherThread "VM Periodic Task Thread"        [id=10764, stack(0x0000007b19000000,0x0000007b19100000) (1024K)]
  0x000001b2411120b0 WorkerThread "GC Thread#0"                     [id=13176, stack(0x0000007b18b00000,0x0000007b18c00000) (1024K)]
  0x000001b25bc03580 WorkerThread "GC Thread#1"                     [id=9264, stack(0x0000007b19c00000,0x0000007b19d00000) (1024K)]
  0x000001b25bac50f0 WorkerThread "GC Thread#2"                     [id=7428, stack(0x0000007b19d00000,0x0000007b19e00000) (1024K)]
  0x000001b275084b70 WorkerThread "GC Thread#3"                     [id=7908, stack(0x0000007b19e00000,0x0000007b19f00000) (1024K)]
  0x000001b241116e40 ConcurrentGCThread "G1 Main Marker"            [id=12600, stack(0x0000007b18c00000,0x0000007b18d00000) (1024K)]
  0x000001b241118300 WorkerThread "G1 Conc#0"                       [id=2480, stack(0x0000007b18d00000,0x0000007b18e00000) (1024K)]
  0x000001b25b588560 ConcurrentGCThread "G1 Refine#0"               [id=4808, stack(0x0000007b18e00000,0x0000007b18f00000) (1024K)]
  0x000001b25b589d90 ConcurrentGCThread "G1 Service"                [id=1452, stack(0x0000007b18f00000,0x0000007b19000000) (1024K)]
Total: 10

Threads with active compile tasks:
C2 CompilerThread0    19651 10113       4       org.gradle.internal.serialize.HierarchicalNameSerializer::readName (51 bytes)
Total: 1

VM state: not at safepoint (normal execution)

VM Mutex/Monitor currently owned by a thread: None

Heap address: 0x00000000e0000000, size: 512 MB, Compressed Oops mode: 32-bit

CDS archive(s) mapped at: [0x000001b25c000000-0x000001b25cc90000-0x000001b25cc90000), size 13172736, SharedBaseAddress: 0x000001b25c000000, ArchiveRelocationMode: 1.
Compressed class space mapped at: 0x000001b25d000000-0x000001b271000000, reserved size: 335544320
Narrow klass base: 0x000001b25c000000, Narrow klass shift: 0, Narrow klass range: 0x100000000

GC Precious Log:
 CardTable entry size: 512
 Card Set container configuration: InlinePtr #cards 5 size 8 Array Of Cards #cards 12 size 40 Howl #buckets 4 coarsen threshold 1843 Howl Bitmap #cards 512 size 80 coarsen threshold 460 Card regions per heap region 1 cards per card region 2048
 CPUs: 4 total, 4 available
 Memory: 8076M
 Large Page Support: Disabled
 NUMA Support: Disabled
 Compressed Oops: Enabled (32-bit)
 Heap Region Size: 1M
 Heap Min Capacity: 256M
 Heap Initial Capacity: 256M
 Heap Max Capacity: 512M
 Pre-touch: Disabled
 Parallel Workers: 4
 Concurrent Workers: 1
 Concurrent Refinement Workers: 4
 Periodic GC: Disabled

Heap:
 garbage-first heap   total 262144K, used 92160K [0x00000000e0000000, 0x0000000100000000)
  region size 1024K, 43 young (44032K), 15 survivors (15360K)
 Metaspace       used 61571K, committed 63680K, reserved 393216K
  class space    used 8830K, committed 9856K, reserved 327680K

Heap Regions: E=young(eden), S=young(survivor), O=old, HS=humongous(starts), HC=humongous(continues), CS=collection set, F=free, TAMS=top-at-mark-start, PB=parsable bottom
|   0|0x00000000e0000000, 0x00000000e0100000, 0x00000000e0100000|100%|HS|  |TAMS 0x00000000e0000000| PB 0x00000000e0000000| Complete 
|   1|0x00000000e0100000, 0x00000000e0200000, 0x00000000e0200000|100%|HC|  |TAMS 0x00000000e0100000| PB 0x00000000e0100000| Complete 
|   2|0x00000000e0200000, 0x00000000e0300000, 0x00000000e0300000|100%|HC|  |TAMS 0x00000000e0200000| PB 0x00000000e0200000| Complete 
|   3|0x00000000e0300000, 0x00000000e0400000, 0x00000000e0400000|100%| O|  |TAMS 0x00000000e0300000| PB 0x00000000e0300000| Untracked 
|   4|0x00000000e0400000, 0x00000000e0500000, 0x00000000e0500000|100%| O|  |TAMS 0x00000000e0400000| PB 0x00000000e0400000| Untracked 
|   5|0x00000000e0500000, 0x00000000e0600000, 0x00000000e0600000|100%| O|  |TAMS 0x00000000e0500000| PB 0x00000000e0500000| Untracked 
|   6|0x00000000e0600000, 0x00000000e0700000, 0x00000000e0700000|100%|HS|  |TAMS 0x00000000e0600000| PB 0x00000000e0600000| Complete 
|   7|0x00000000e0700000, 0x00000000e0800000, 0x00000000e0800000|100%| O|  |TAMS 0x00000000e0700000| PB 0x00000000e0700000| Untracked 
|   8|0x00000000e0800000, 0x00000000e0900000, 0x00000000e0900000|100%| O|  |TAMS 0x00000000e0800000| PB 0x00000000e0800000| Untracked 
|   9|0x00000000e0900000, 0x00000000e0a00000, 0x00000000e0a00000|100%| O|Cm|TAMS 0x00000000e0900000| PB 0x00000000e0900000| Complete 
|  10|0x00000000e0a00000, 0x00000000e0b00000, 0x00000000e0b00000|100%| O|  |TAMS 0x00000000e0a00000| PB 0x00000000e0a00000| Untracked 
|  11|0x00000000e0b00000, 0x00000000e0c00000, 0x00000000e0c00000|100%| O|  |TAMS 0x00000000e0b00000| PB 0x00000000e0b00000| Untracked 
|  12|0x00000000e0c00000, 0x00000000e0d00000, 0x00000000e0d00000|100%| O|  |TAMS 0x00000000e0c00000| PB 0x00000000e0c00000| Untracked 
|  13|0x00000000e0d00000, 0x00000000e0e00000, 0x00000000e0e00000|100%| O|  |TAMS 0x00000000e0d00000| PB 0x00000000e0d00000| Untracked 
|  14|0x00000000e0e00000, 0x00000000e0f00000, 0x00000000e0f00000|100%| O|  |TAMS 0x00000000e0e00000| PB 0x00000000e0e00000| Untracked 
|  15|0x00000000e0f00000, 0x00000000e1000000, 0x00000000e1000000|100%| O|  |TAMS 0x00000000e0f00000| PB 0x00000000e0f00000| Untracked 
|  16|0x00000000e1000000, 0x00000000e1100000, 0x00000000e1100000|100%| O|  |TAMS 0x00000000e1000000| PB 0x00000000e1000000| Untracked 
|  17|0x00000000e1100000, 0x00000000e1200000, 0x00000000e1200000|100%| O|  |TAMS 0x00000000e1100000| PB 0x00000000e1100000| Untracked 
|  18|0x00000000e1200000, 0x00000000e1300000, 0x00000000e1300000|100%| O|  |TAMS 0x00000000e1200000| PB 0x00000000e1200000| Untracked 
|  19|0x00000000e1300000, 0x00000000e1400000, 0x00000000e1400000|100%| O|  |TAMS 0x00000000e1300000| PB 0x00000000e1300000| Untracked 
|  20|0x00000000e1400000, 0x00000000e1500000, 0x00000000e1500000|100%| O|  |TAMS 0x00000000e1400000| PB 0x00000000e1400000| Untracked 
|  21|0x00000000e1500000, 0x00000000e1600000, 0x00000000e1600000|100%| O|  |TAMS 0x00000000e1500000| PB 0x00000000e1500000| Untracked 
|  22|0x00000000e1600000, 0x00000000e1700000, 0x00000000e1700000|100%| O|  |TAMS 0x00000000e1600000| PB 0x00000000e1600000| Untracked 
|  23|0x00000000e1700000, 0x00000000e1800000, 0x00000000e1800000|100%| O|  |TAMS 0x00000000e1700000| PB 0x00000000e1700000| Untracked 
|  24|0x00000000e1800000, 0x00000000e1900000, 0x00000000e1900000|100%| O|  |TAMS 0x00000000e1800000| PB 0x00000000e1800000| Untracked 
|  25|0x00000000e1900000, 0x00000000e1a00000, 0x00000000e1a00000|100%| O|  |TAMS 0x00000000e1900000| PB 0x00000000e1900000| Untracked 
|  26|0x00000000e1a00000, 0x00000000e1b00000, 0x00000000e1b00000|100%| O|  |TAMS 0x00000000e1a00000| PB 0x00000000e1a00000| Untracked 
|  27|0x00000000e1b00000, 0x00000000e1c00000, 0x00000000e1c00000|100%| O|  |TAMS 0x00000000e1b00000| PB 0x00000000e1b00000| Untracked 
|  28|0x00000000e1c00000, 0x00000000e1d00000, 0x00000000e1d00000|100%| O|  |TAMS 0x00000000e1c00000| PB 0x00000000e1c00000| Untracked 
|  29|0x00000000e1d00000, 0x00000000e1e00000, 0x00000000e1e00000|100%| O|  |TAMS 0x00000000e1d00000| PB 0x00000000e1d00000| Untracked 
|  30|0x00000000e1e00000, 0x00000000e1f00000, 0x00000000e1f00000|100%| O|  |TAMS 0x00000000e1e00000| PB 0x00000000e1e00000| Untracked 
|  31|0x00000000e1f00000, 0x00000000e2000000, 0x00000000e2000000|100%| O|  |TAMS 0x00000000e1f00000| PB 0x00000000e1f00000| Untracked 
|  32|0x00000000e2000000, 0x00000000e2100000, 0x00000000e2100000|100%| O|  |TAMS 0x00000000e2000000| PB 0x00000000e2000000| Untracked 
|  33|0x00000000e2100000, 0x00000000e2200000, 0x00000000e2200000|100%| O|  |TAMS 0x00000000e2100000| PB 0x00000000e2100000| Untracked 
|  34|0x00000000e2200000, 0x00000000e2300000, 0x00000000e2300000|100%| O|  |TAMS 0x00000000e2200000| PB 0x00000000e2200000| Untracked 
|  35|0x00000000e2300000, 0x00000000e2400000, 0x00000000e2400000|100%| O|  |TAMS 0x00000000e2300000| PB 0x00000000e2300000| Untracked 
|  36|0x00000000e2400000, 0x00000000e2500000, 0x00000000e2500000|100%| O|  |TAMS 0x00000000e2400000| PB 0x00000000e2400000| Untracked 
|  37|0x00000000e2500000, 0x00000000e2600000, 0x00000000e2600000|100%| O|  |TAMS 0x00000000e2500000| PB 0x00000000e2500000| Untracked 
|  38|0x00000000e2600000, 0x00000000e2700000, 0x00000000e2700000|100%| O|  |TAMS 0x00000000e2600000| PB 0x00000000e2600000| Untracked 
|  39|0x00000000e2700000, 0x00000000e2800000, 0x00000000e2800000|100%| O|  |TAMS 0x00000000e2700000| PB 0x00000000e2700000| Untracked 
|  40|0x00000000e2800000, 0x00000000e2900000, 0x00000000e2900000|100%| O|  |TAMS 0x00000000e2800000| PB 0x00000000e2800000| Untracked 
|  41|0x00000000e2900000, 0x00000000e2a00000, 0x00000000e2a00000|100%| O|  |TAMS 0x00000000e2900000| PB 0x00000000e2900000| Untracked 
|  42|0x00000000e2a00000, 0x00000000e2b00000, 0x00000000e2b00000|100%| O|  |TAMS 0x00000000e2a00000| PB 0x00000000e2a00000| Untracked 
|  43|0x00000000e2b00000, 0x00000000e2c00000, 0x00000000e2c00000|100%| O|  |TAMS 0x00000000e2b00000| PB 0x00000000e2b00000| Untracked 
|  44|0x00000000e2c00000, 0x00000000e2d00000, 0x00000000e2d00000|100%| O|  |TAMS 0x00000000e2c00000| PB 0x00000000e2c00000| Untracked 
|  45|0x00000000e2d00000, 0x00000000e2e00000, 0x00000000e2e00000|100%| O|  |TAMS 0x00000000e2d00000| PB 0x00000000e2d00000| Untracked 
|  46|0x00000000e2e00000, 0x00000000e2f00000, 0x00000000e2f00000|100%| O|  |TAMS 0x00000000e2e00000| PB 0x00000000e2e00000| Untracked 
|  47|0x00000000e2f00000, 0x00000000e3000000, 0x00000000e3000000|100%| O|  |TAMS 0x00000000e2f00000| PB 0x00000000e2f00000| Untracked 
|  48|0x00000000e3000000, 0x00000000e3080000, 0x00000000e3100000| 50%| O|  |TAMS 0x00000000e3000000| PB 0x00000000e3000000| Untracked 
|  49|0x00000000e3100000, 0x00000000e3100000, 0x00000000e3200000|  0%| F|  |TAMS 0x00000000e3100000| PB 0x00000000e3100000| Untracked 
|  50|0x00000000e3200000, 0x00000000e3200000, 0x00000000e3300000|  0%| F|  |TAMS 0x00000000e3200000| PB 0x00000000e3200000| Untracked 
|  51|0x00000000e3300000, 0x00000000e3300000, 0x00000000e3400000|  0%| F|  |TAMS 0x00000000e3300000| PB 0x00000000e3300000| Untracked 
|  52|0x00000000e3400000, 0x00000000e3400000, 0x00000000e3500000|  0%| F|  |TAMS 0x00000000e3400000| PB 0x00000000e3400000| Untracked 
|  53|0x00000000e3500000, 0x00000000e3500000, 0x00000000e3600000|  0%| F|  |TAMS 0x00000000e3500000| PB 0x00000000e3500000| Untracked 
|  54|0x00000000e3600000, 0x00000000e3600000, 0x00000000e3700000|  0%| F|  |TAMS 0x00000000e3600000| PB 0x00000000e3600000| Untracked 
|  55|0x00000000e3700000, 0x00000000e3700000, 0x00000000e3800000|  0%| F|  |TAMS 0x00000000e3700000| PB 0x00000000e3700000| Untracked 
|  56|0x00000000e3800000, 0x00000000e3800000, 0x00000000e3900000|  0%| F|  |TAMS 0x00000000e3800000| PB 0x00000000e3800000| Untracked 
|  57|0x00000000e3900000, 0x00000000e3900000, 0x00000000e3a00000|  0%| F|  |TAMS 0x00000000e3900000| PB 0x00000000e3900000| Untracked 
|  58|0x00000000e3a00000, 0x00000000e3a00000, 0x00000000e3b00000|  0%| F|  |TAMS 0x00000000e3a00000| PB 0x00000000e3a00000| Untracked 
|  59|0x00000000e3b00000, 0x00000000e3b00000, 0x00000000e3c00000|  0%| F|  |TAMS 0x00000000e3b00000| PB 0x00000000e3b00000| Untracked 
|  60|0x00000000e3c00000, 0x00000000e3c00000, 0x00000000e3d00000|  0%| F|  |TAMS 0x00000000e3c00000| PB 0x00000000e3c00000| Untracked 
|  61|0x00000000e3d00000, 0x00000000e3d00000, 0x00000000e3e00000|  0%| F|  |TAMS 0x00000000e3d00000| PB 0x00000000e3d00000| Untracked 
|  62|0x00000000e3e00000, 0x00000000e3e00000, 0x00000000e3f00000|  0%| F|  |TAMS 0x00000000e3e00000| PB 0x00000000e3e00000| Untracked 
|  63|0x00000000e3f00000, 0x00000000e3f00000, 0x00000000e4000000|  0%| F|  |TAMS 0x00000000e3f00000| PB 0x00000000e3f00000| Untracked 
|  64|0x00000000e4000000, 0x00000000e4000000, 0x00000000e4100000|  0%| F|  |TAMS 0x00000000e4000000| PB 0x00000000e4000000| Untracked 
|  65|0x00000000e4100000, 0x00000000e4100000, 0x00000000e4200000|  0%| F|  |TAMS 0x00000000e4100000| PB 0x00000000e4100000| Untracked 
|  66|0x00000000e4200000, 0x00000000e4200000, 0x00000000e4300000|  0%| F|  |TAMS 0x00000000e4200000| PB 0x00000000e4200000| Untracked 
|  67|0x00000000e4300000, 0x00000000e4300000, 0x00000000e4400000|  0%| F|  |TAMS 0x00000000e4300000| PB 0x00000000e4300000| Untracked 
|  68|0x00000000e4400000, 0x00000000e4400000, 0x00000000e4500000|  0%| F|  |TAMS 0x00000000e4400000| PB 0x00000000e4400000| Untracked 
|  69|0x00000000e4500000, 0x00000000e4500000, 0x00000000e4600000|  0%| F|  |TAMS 0x00000000e4500000| PB 0x00000000e4500000| Untracked 
|  70|0x00000000e4600000, 0x00000000e4600000, 0x00000000e4700000|  0%| F|  |TAMS 0x00000000e4600000| PB 0x00000000e4600000| Untracked 
|  71|0x00000000e4700000, 0x00000000e4700000, 0x00000000e4800000|  0%| F|  |TAMS 0x00000000e4700000| PB 0x00000000e4700000| Untracked 
|  72|0x00000000e4800000, 0x00000000e4800000, 0x00000000e4900000|  0%| F|  |TAMS 0x00000000e4800000| PB 0x00000000e4800000| Untracked 
|  73|0x00000000e4900000, 0x00000000e4900000, 0x00000000e4a00000|  0%| F|  |TAMS 0x00000000e4900000| PB 0x00000000e4900000| Untracked 
|  74|0x00000000e4a00000, 0x00000000e4a00000, 0x00000000e4b00000|  0%| F|  |TAMS 0x00000000e4a00000| PB 0x00000000e4a00000| Untracked 
|  75|0x00000000e4b00000, 0x00000000e4b00000, 0x00000000e4c00000|  0%| F|  |TAMS 0x00000000e4b00000| PB 0x00000000e4b00000| Untracked 
|  76|0x00000000e4c00000, 0x00000000e4c00000, 0x00000000e4d00000|  0%| F|  |TAMS 0x00000000e4c00000| PB 0x00000000e4c00000| Untracked 
|  77|0x00000000e4d00000, 0x00000000e4d00000, 0x00000000e4e00000|  0%| F|  |TAMS 0x00000000e4d00000| PB 0x00000000e4d00000| Untracked 
|  78|0x00000000e4e00000, 0x00000000e4e00000, 0x00000000e4f00000|  0%| F|  |TAMS 0x00000000e4e00000| PB 0x00000000e4e00000| Untracked 
|  79|0x00000000e4f00000, 0x00000000e4f00000, 0x00000000e5000000|  0%| F|  |TAMS 0x00000000e4f00000| PB 0x00000000e4f00000| Untracked 
|  80|0x00000000e5000000, 0x00000000e5000000, 0x00000000e5100000|  0%| F|  |TAMS 0x00000000e5000000| PB 0x00000000e5000000| Untracked 
|  81|0x00000000e5100000, 0x00000000e5100000, 0x00000000e5200000|  0%| F|  |TAMS 0x00000000e5100000| PB 0x00000000e5100000| Untracked 
|  82|0x00000000e5200000, 0x00000000e5200000, 0x00000000e5300000|  0%| F|  |TAMS 0x00000000e5200000| PB 0x00000000e5200000| Untracked 
|  83|0x00000000e5300000, 0x00000000e5300000, 0x00000000e5400000|  0%| F|  |TAMS 0x00000000e5300000| PB 0x00000000e5300000| Untracked 
|  84|0x00000000e5400000, 0x00000000e5400000, 0x00000000e5500000|  0%| F|  |TAMS 0x00000000e5400000| PB 0x00000000e5400000| Untracked 
|  85|0x00000000e5500000, 0x00000000e5500000, 0x00000000e5600000|  0%| F|  |TAMS 0x00000000e5500000| PB 0x00000000e5500000| Untracked 
|  86|0x00000000e5600000, 0x00000000e5600000, 0x00000000e5700000|  0%| F|  |TAMS 0x00000000e5600000| PB 0x00000000e5600000| Untracked 
|  87|0x00000000e5700000, 0x00000000e5700000, 0x00000000e5800000|  0%| F|  |TAMS 0x00000000e5700000| PB 0x00000000e5700000| Untracked 
|  88|0x00000000e5800000, 0x00000000e5880000, 0x00000000e5900000| 50%| S|CS|TAMS 0x00000000e5800000| PB 0x00000000e5800000| Complete 
|  89|0x00000000e5900000, 0x00000000e5a00000, 0x00000000e5a00000|100%| S|CS|TAMS 0x00000000e5900000| PB 0x00000000e5900000| Complete 
|  90|0x00000000e5a00000, 0x00000000e5b00000, 0x00000000e5b00000|100%| S|CS|TAMS 0x00000000e5a00000| PB 0x00000000e5a00000| Complete 
|  91|0x00000000e5b00000, 0x00000000e5c00000, 0x00000000e5c00000|100%| S|CS|TAMS 0x00000000e5b00000| PB 0x00000000e5b00000| Complete 
|  92|0x00000000e5c00000, 0x00000000e5d00000, 0x00000000e5d00000|100%| S|CS|TAMS 0x00000000e5c00000| PB 0x00000000e5c00000| Complete 
|  93|0x00000000e5d00000, 0x00000000e5e00000, 0x00000000e5e00000|100%| S|CS|TAMS 0x00000000e5d00000| PB 0x00000000e5d00000| Complete 
|  94|0x00000000e5e00000, 0x00000000e5f00000, 0x00000000e5f00000|100%| S|CS|TAMS 0x00000000e5e00000| PB 0x00000000e5e00000| Complete 
|  95|0x00000000e5f00000, 0x00000000e6000000, 0x00000000e6000000|100%| S|CS|TAMS 0x00000000e5f00000| PB 0x00000000e5f00000| Complete 
|  96|0x00000000e6000000, 0x00000000e6100000, 0x00000000e6100000|100%| S|CS|TAMS 0x00000000e6000000| PB 0x00000000e6000000| Complete 
|  97|0x00000000e6100000, 0x00000000e6200000, 0x00000000e6200000|100%| S|CS|TAMS 0x00000000e6100000| PB 0x00000000e6100000| Complete 
|  98|0x00000000e6200000, 0x00000000e6300000, 0x00000000e6300000|100%| S|CS|TAMS 0x00000000e6200000| PB 0x00000000e6200000| Complete 
|  99|0x00000000e6300000, 0x00000000e6400000, 0x00000000e6400000|100%| S|CS|TAMS 0x00000000e6300000| PB 0x00000000e6300000| Complete 
| 100|0x00000000e6400000, 0x00000000e6500000, 0x00000000e6500000|100%| S|CS|TAMS 0x00000000e6400000| PB 0x00000000e6400000| Complete 
| 101|0x00000000e6500000, 0x00000000e6600000, 0x00000000e6600000|100%| S|CS|TAMS 0x00000000e6500000| PB 0x00000000e6500000| Complete 
| 102|0x00000000e6600000, 0x00000000e6700000, 0x00000000e6700000|100%| S|CS|TAMS 0x00000000e6600000| PB 0x00000000e6600000| Complete 
| 103|0x00000000e6700000, 0x00000000e6700000, 0x00000000e6800000|  0%| F|  |TAMS 0x00000000e6700000| PB 0x00000000e6700000| Untracked 
| 104|0x00000000e6800000, 0x00000000e6800000, 0x00000000e6900000|  0%| F|  |TAMS 0x00000000e6800000| PB 0x00000000e6800000| Untracked 
| 105|0x00000000e6900000, 0x00000000e6900000, 0x00000000e6a00000|  0%| F|  |TAMS 0x00000000e6900000| PB 0x00000000e6900000| Untracked 
| 106|0x00000000e6a00000, 0x00000000e6a00000, 0x00000000e6b00000|  0%| F|  |TAMS 0x00000000e6a00000| PB 0x00000000e6a00000| Untracked 
| 107|0x00000000e6b00000, 0x00000000e6b00000, 0x00000000e6c00000|  0%| F|  |TAMS 0x00000000e6b00000| PB 0x00000000e6b00000| Untracked 
| 108|0x00000000e6c00000, 0x00000000e6c00000, 0x00000000e6d00000|  0%| F|  |TAMS 0x00000000e6c00000| PB 0x00000000e6c00000| Untracked 
| 109|0x00000000e6d00000, 0x00000000e6d00000, 0x00000000e6e00000|  0%| F|  |TAMS 0x00000000e6d00000| PB 0x00000000e6d00000| Untracked 
| 110|0x00000000e6e00000, 0x00000000e6e00000, 0x00000000e6f00000|  0%| F|  |TAMS 0x00000000e6e00000| PB 0x00000000e6e00000| Untracked 
| 111|0x00000000e6f00000, 0x00000000e6f00000, 0x00000000e7000000|  0%| F|  |TAMS 0x00000000e6f00000| PB 0x00000000e6f00000| Untracked 
| 112|0x00000000e7000000, 0x00000000e7000000, 0x00000000e7100000|  0%| F|  |TAMS 0x00000000e7000000| PB 0x00000000e7000000| Untracked 
| 113|0x00000000e7100000, 0x00000000e7100000, 0x00000000e7200000|  0%| F|  |TAMS 0x00000000e7100000| PB 0x00000000e7100000| Untracked 
| 114|0x00000000e7200000, 0x00000000e7200000, 0x00000000e7300000|  0%| F|  |TAMS 0x00000000e7200000| PB 0x00000000e7200000| Untracked 
| 115|0x00000000e7300000, 0x00000000e7300000, 0x00000000e7400000|  0%| F|  |TAMS 0x00000000e7300000| PB 0x00000000e7300000| Untracked 
| 116|0x00000000e7400000, 0x00000000e7400000, 0x00000000e7500000|  0%| F|  |TAMS 0x00000000e7400000| PB 0x00000000e7400000| Untracked 
| 117|0x00000000e7500000, 0x00000000e7500000, 0x00000000e7600000|  0%| F|  |TAMS 0x00000000e7500000| PB 0x00000000e7500000| Untracked 
| 118|0x00000000e7600000, 0x00000000e7600000, 0x00000000e7700000|  0%| F|  |TAMS 0x00000000e7600000| PB 0x00000000e7600000| Untracked 
| 119|0x00000000e7700000, 0x00000000e7700000, 0x00000000e7800000|  0%| F|  |TAMS 0x00000000e7700000| PB 0x00000000e7700000| Untracked 
| 120|0x00000000e7800000, 0x00000000e7800000, 0x00000000e7900000|  0%| F|  |TAMS 0x00000000e7800000| PB 0x00000000e7800000| Untracked 
| 121|0x00000000e7900000, 0x00000000e7900000, 0x00000000e7a00000|  0%| F|  |TAMS 0x00000000e7900000| PB 0x00000000e7900000| Untracked 
| 122|0x00000000e7a00000, 0x00000000e7a00000, 0x00000000e7b00000|  0%| F|  |TAMS 0x00000000e7a00000| PB 0x00000000e7a00000| Untracked 
| 123|0x00000000e7b00000, 0x00000000e7b00000, 0x00000000e7c00000|  0%| F|  |TAMS 0x00000000e7b00000| PB 0x00000000e7b00000| Untracked 
| 124|0x00000000e7c00000, 0x00000000e7c00000, 0x00000000e7d00000|  0%| F|  |TAMS 0x00000000e7c00000| PB 0x00000000e7c00000| Untracked 
| 125|0x00000000e7d00000, 0x00000000e7d00000, 0x00000000e7e00000|  0%| F|  |TAMS 0x00000000e7d00000| PB 0x00000000e7d00000| Untracked 
| 126|0x00000000e7e00000, 0x00000000e7e00000, 0x00000000e7f00000|  0%| F|  |TAMS 0x00000000e7e00000| PB 0x00000000e7e00000| Untracked 
| 127|0x00000000e7f00000, 0x00000000e7f00000, 0x00000000e8000000|  0%| F|  |TAMS 0x00000000e7f00000| PB 0x00000000e7f00000| Untracked 
| 128|0x00000000e8000000, 0x00000000e8000000, 0x00000000e8100000|  0%| F|  |TAMS 0x00000000e8000000| PB 0x00000000e8000000| Untracked 
| 129|0x00000000e8100000, 0x00000000e8100000, 0x00000000e8200000|  0%| F|  |TAMS 0x00000000e8100000| PB 0x00000000e8100000| Untracked 
| 130|0x00000000e8200000, 0x00000000e8200000, 0x00000000e8300000|  0%| F|  |TAMS 0x00000000e8200000| PB 0x00000000e8200000| Untracked 
| 131|0x00000000e8300000, 0x00000000e8300000, 0x00000000e8400000|  0%| F|  |TAMS 0x00000000e8300000| PB 0x00000000e8300000| Untracked 
| 132|0x00000000e8400000, 0x00000000e8400000, 0x00000000e8500000|  0%| F|  |TAMS 0x00000000e8400000| PB 0x00000000e8400000| Untracked 
| 133|0x00000000e8500000, 0x00000000e8500000, 0x00000000e8600000|  0%| F|  |TAMS 0x00000000e8500000| PB 0x00000000e8500000| Untracked 
| 134|0x00000000e8600000, 0x00000000e8600000, 0x00000000e8700000|  0%| F|  |TAMS 0x00000000e8600000| PB 0x00000000e8600000| Untracked 
| 135|0x00000000e8700000, 0x00000000e8700000, 0x00000000e8800000|  0%| F|  |TAMS 0x00000000e8700000| PB 0x00000000e8700000| Untracked 
| 136|0x00000000e8800000, 0x00000000e8800000, 0x00000000e8900000|  0%| F|  |TAMS 0x00000000e8800000| PB 0x00000000e8800000| Untracked 
| 137|0x00000000e8900000, 0x00000000e8900000, 0x00000000e8a00000|  0%| F|  |TAMS 0x00000000e8900000| PB 0x00000000e8900000| Untracked 
| 138|0x00000000e8a00000, 0x00000000e8a00000, 0x00000000e8b00000|  0%| F|  |TAMS 0x00000000e8a00000| PB 0x00000000e8a00000| Untracked 
| 139|0x00000000e8b00000, 0x00000000e8b00000, 0x00000000e8c00000|  0%| F|  |TAMS 0x00000000e8b00000| PB 0x00000000e8b00000| Untracked 
| 140|0x00000000e8c00000, 0x00000000e8c00000, 0x00000000e8d00000|  0%| F|  |TAMS 0x00000000e8c00000| PB 0x00000000e8c00000| Untracked 
| 141|0x00000000e8d00000, 0x00000000e8d00000, 0x00000000e8e00000|  0%| F|  |TAMS 0x00000000e8d00000| PB 0x00000000e8d00000| Untracked 
| 142|0x00000000e8e00000, 0x00000000e8e00000, 0x00000000e8f00000|  0%| F|  |TAMS 0x00000000e8e00000| PB 0x00000000e8e00000| Untracked 
| 143|0x00000000e8f00000, 0x00000000e8f00000, 0x00000000e9000000|  0%| F|  |TAMS 0x00000000e8f00000| PB 0x00000000e8f00000| Untracked 
| 144|0x00000000e9000000, 0x00000000e9000000, 0x00000000e9100000|  0%| F|  |TAMS 0x00000000e9000000| PB 0x00000000e9000000| Untracked 
| 145|0x00000000e9100000, 0x00000000e9100000, 0x00000000e9200000|  0%| F|  |TAMS 0x00000000e9100000| PB 0x00000000e9100000| Untracked 
| 146|0x00000000e9200000, 0x00000000e9200000, 0x00000000e9300000|  0%| F|  |TAMS 0x00000000e9200000| PB 0x00000000e9200000| Untracked 
| 147|0x00000000e9300000, 0x00000000e9300000, 0x00000000e9400000|  0%| F|  |TAMS 0x00000000e9300000| PB 0x00000000e9300000| Untracked 
| 148|0x00000000e9400000, 0x00000000e9400000, 0x00000000e9500000|  0%| F|  |TAMS 0x00000000e9400000| PB 0x00000000e9400000| Untracked 
| 149|0x00000000e9500000, 0x00000000e9500000, 0x00000000e9600000|  0%| F|  |TAMS 0x00000000e9500000| PB 0x00000000e9500000| Untracked 
| 150|0x00000000e9600000, 0x00000000e9600000, 0x00000000e9700000|  0%| F|  |TAMS 0x00000000e9600000| PB 0x00000000e9600000| Untracked 
| 151|0x00000000e9700000, 0x00000000e9700000, 0x00000000e9800000|  0%| F|  |TAMS 0x00000000e9700000| PB 0x00000000e9700000| Untracked 
| 152|0x00000000e9800000, 0x00000000e9800000, 0x00000000e9900000|  0%| F|  |TAMS 0x00000000e9800000| PB 0x00000000e9800000| Untracked 
| 153|0x00000000e9900000, 0x00000000e9900000, 0x00000000e9a00000|  0%| F|  |TAMS 0x00000000e9900000| PB 0x00000000e9900000| Untracked 
| 154|0x00000000e9a00000, 0x00000000e9a00000, 0x00000000e9b00000|  0%| F|  |TAMS 0x00000000e9a00000| PB 0x00000000e9a00000| Untracked 
| 155|0x00000000e9b00000, 0x00000000e9b00000, 0x00000000e9c00000|  0%| F|  |TAMS 0x00000000e9b00000| PB 0x00000000e9b00000| Untracked 
| 156|0x00000000e9c00000, 0x00000000e9c00000, 0x00000000e9d00000|  0%| F|  |TAMS 0x00000000e9c00000| PB 0x00000000e9c00000| Untracked 
| 157|0x00000000e9d00000, 0x00000000e9d00000, 0x00000000e9e00000|  0%| F|  |TAMS 0x00000000e9d00000| PB 0x00000000e9d00000| Untracked 
| 158|0x00000000e9e00000, 0x00000000e9e00000, 0x00000000e9f00000|  0%| F|  |TAMS 0x00000000e9e00000| PB 0x00000000e9e00000| Untracked 
| 159|0x00000000e9f00000, 0x00000000e9f00000, 0x00000000ea000000|  0%| F|  |TAMS 0x00000000e9f00000| PB 0x00000000e9f00000| Untracked 
| 160|0x00000000ea000000, 0x00000000ea000000, 0x00000000ea100000|  0%| F|  |TAMS 0x00000000ea000000| PB 0x00000000ea000000| Untracked 
| 161|0x00000000ea100000, 0x00000000ea100000, 0x00000000ea200000|  0%| F|  |TAMS 0x00000000ea100000| PB 0x00000000ea100000| Untracked 
| 162|0x00000000ea200000, 0x00000000ea200000, 0x00000000ea300000|  0%| F|  |TAMS 0x00000000ea200000| PB 0x00000000ea200000| Untracked 
| 163|0x00000000ea300000, 0x00000000ea300000, 0x00000000ea400000|  0%| F|  |TAMS 0x00000000ea300000| PB 0x00000000ea300000| Untracked 
| 164|0x00000000ea400000, 0x00000000ea400000, 0x00000000ea500000|  0%| F|  |TAMS 0x00000000ea400000| PB 0x00000000ea400000| Untracked 
| 165|0x00000000ea500000, 0x00000000ea500000, 0x00000000ea600000|  0%| F|  |TAMS 0x00000000ea500000| PB 0x00000000ea500000| Untracked 
| 166|0x00000000ea600000, 0x00000000ea600000, 0x00000000ea700000|  0%| F|  |TAMS 0x00000000ea600000| PB 0x00000000ea600000| Untracked 
| 167|0x00000000ea700000, 0x00000000ea700000, 0x00000000ea800000|  0%| F|  |TAMS 0x00000000ea700000| PB 0x00000000ea700000| Untracked 
| 168|0x00000000ea800000, 0x00000000ea800000, 0x00000000ea900000|  0%| F|  |TAMS 0x00000000ea800000| PB 0x00000000ea800000| Untracked 
| 169|0x00000000ea900000, 0x00000000ea900000, 0x00000000eaa00000|  0%| F|  |TAMS 0x00000000ea900000| PB 0x00000000ea900000| Untracked 
| 170|0x00000000eaa00000, 0x00000000eaa00000, 0x00000000eab00000|  0%| F|  |TAMS 0x00000000eaa00000| PB 0x00000000eaa00000| Untracked 
| 171|0x00000000eab00000, 0x00000000eab00000, 0x00000000eac00000|  0%| F|  |TAMS 0x00000000eab00000| PB 0x00000000eab00000| Untracked 
| 172|0x00000000eac00000, 0x00000000eac00000, 0x00000000ead00000|  0%| F|  |TAMS 0x00000000eac00000| PB 0x00000000eac00000| Untracked 
| 173|0x00000000ead00000, 0x00000000ead00000, 0x00000000eae00000|  0%| F|  |TAMS 0x00000000ead00000| PB 0x00000000ead00000| Untracked 
| 174|0x00000000eae00000, 0x00000000eae00000, 0x00000000eaf00000|  0%| F|  |TAMS 0x00000000eae00000| PB 0x00000000eae00000| Untracked 
| 175|0x00000000eaf00000, 0x00000000eaf00000, 0x00000000eb000000|  0%| F|  |TAMS 0x00000000eaf00000| PB 0x00000000eaf00000| Untracked 
| 176|0x00000000eb000000, 0x00000000eb000000, 0x00000000eb100000|  0%| F|  |TAMS 0x00000000eb000000| PB 0x00000000eb000000| Untracked 
| 177|0x00000000eb100000, 0x00000000eb100000, 0x00000000eb200000|  0%| F|  |TAMS 0x00000000eb100000| PB 0x00000000eb100000| Untracked 
| 178|0x00000000eb200000, 0x00000000eb200000, 0x00000000eb300000|  0%| F|  |TAMS 0x00000000eb200000| PB 0x00000000eb200000| Untracked 
| 179|0x00000000eb300000, 0x00000000eb300000, 0x00000000eb400000|  0%| F|  |TAMS 0x00000000eb300000| PB 0x00000000eb300000| Untracked 
| 180|0x00000000eb400000, 0x00000000eb400000, 0x00000000eb500000|  0%| F|  |TAMS 0x00000000eb400000| PB 0x00000000eb400000| Untracked 
| 181|0x00000000eb500000, 0x00000000eb500000, 0x00000000eb600000|  0%| F|  |TAMS 0x00000000eb500000| PB 0x00000000eb500000| Untracked 
| 182|0x00000000eb600000, 0x00000000eb600000, 0x00000000eb700000|  0%| F|  |TAMS 0x00000000eb600000| PB 0x00000000eb600000| Untracked 
| 183|0x00000000eb700000, 0x00000000eb700000, 0x00000000eb800000|  0%| F|  |TAMS 0x00000000eb700000| PB 0x00000000eb700000| Untracked 
| 184|0x00000000eb800000, 0x00000000eb800000, 0x00000000eb900000|  0%| F|  |TAMS 0x00000000eb800000| PB 0x00000000eb800000| Untracked 
| 185|0x00000000eb900000, 0x00000000eb900000, 0x00000000eba00000|  0%| F|  |TAMS 0x00000000eb900000| PB 0x00000000eb900000| Untracked 
| 186|0x00000000eba00000, 0x00000000eba00000, 0x00000000ebb00000|  0%| F|  |TAMS 0x00000000eba00000| PB 0x00000000eba00000| Untracked 
| 187|0x00000000ebb00000, 0x00000000ebb00000, 0x00000000ebc00000|  0%| F|  |TAMS 0x00000000ebb00000| PB 0x00000000ebb00000| Untracked 
| 188|0x00000000ebc00000, 0x00000000ebc00000, 0x00000000ebd00000|  0%| F|  |TAMS 0x00000000ebc00000| PB 0x00000000ebc00000| Untracked 
| 189|0x00000000ebd00000, 0x00000000ebd00000, 0x00000000ebe00000|  0%| F|  |TAMS 0x00000000ebd00000| PB 0x00000000ebd00000| Untracked 
| 190|0x00000000ebe00000, 0x00000000ebe00000, 0x00000000ebf00000|  0%| F|  |TAMS 0x00000000ebe00000| PB 0x00000000ebe00000| Untracked 
| 191|0x00000000ebf00000, 0x00000000ebf00000, 0x00000000ec000000|  0%| F|  |TAMS 0x00000000ebf00000| PB 0x00000000ebf00000| Untracked 
| 192|0x00000000ec000000, 0x00000000ec000000, 0x00000000ec100000|  0%| F|  |TAMS 0x00000000ec000000| PB 0x00000000ec000000| Untracked 
| 193|0x00000000ec100000, 0x00000000ec100000, 0x00000000ec200000|  0%| F|  |TAMS 0x00000000ec100000| PB 0x00000000ec100000| Untracked 
| 194|0x00000000ec200000, 0x00000000ec200000, 0x00000000ec300000|  0%| F|  |TAMS 0x00000000ec200000| PB 0x00000000ec200000| Untracked 
| 195|0x00000000ec300000, 0x00000000ec300000, 0x00000000ec400000|  0%| F|  |TAMS 0x00000000ec300000| PB 0x00000000ec300000| Untracked 
| 196|0x00000000ec400000, 0x00000000ec400000, 0x00000000ec500000|  0%| F|  |TAMS 0x00000000ec400000| PB 0x00000000ec400000| Untracked 
| 197|0x00000000ec500000, 0x00000000ec500000, 0x00000000ec600000|  0%| F|  |TAMS 0x00000000ec500000| PB 0x00000000ec500000| Untracked 
| 198|0x00000000ec600000, 0x00000000ec600000, 0x00000000ec700000|  0%| F|  |TAMS 0x00000000ec600000| PB 0x00000000ec600000| Untracked 
| 199|0x00000000ec700000, 0x00000000ec700000, 0x00000000ec800000|  0%| F|  |TAMS 0x00000000ec700000| PB 0x00000000ec700000| Untracked 
| 200|0x00000000ec800000, 0x00000000ec800000, 0x00000000ec900000|  0%| F|  |TAMS 0x00000000ec800000| PB 0x00000000ec800000| Untracked 
| 201|0x00000000ec900000, 0x00000000ec900000, 0x00000000eca00000|  0%| F|  |TAMS 0x00000000ec900000| PB 0x00000000ec900000| Untracked 
| 202|0x00000000eca00000, 0x00000000eca00000, 0x00000000ecb00000|  0%| F|  |TAMS 0x00000000eca00000| PB 0x00000000eca00000| Untracked 
| 203|0x00000000ecb00000, 0x00000000ecb00000, 0x00000000ecc00000|  0%| F|  |TAMS 0x00000000ecb00000| PB 0x00000000ecb00000| Untracked 
| 204|0x00000000ecc00000, 0x00000000ecc00000, 0x00000000ecd00000|  0%| F|  |TAMS 0x00000000ecc00000| PB 0x00000000ecc00000| Untracked 
| 205|0x00000000ecd00000, 0x00000000ecd00000, 0x00000000ece00000|  0%| F|  |TAMS 0x00000000ecd00000| PB 0x00000000ecd00000| Untracked 
| 206|0x00000000ece00000, 0x00000000ece00000, 0x00000000ecf00000|  0%| F|  |TAMS 0x00000000ece00000| PB 0x00000000ece00000| Untracked 
| 207|0x00000000ecf00000, 0x00000000ecf00000, 0x00000000ed000000|  0%| F|  |TAMS 0x00000000ecf00000| PB 0x00000000ecf00000| Untracked 
| 208|0x00000000ed000000, 0x00000000ed000000, 0x00000000ed100000|  0%| F|  |TAMS 0x00000000ed000000| PB 0x00000000ed000000| Untracked 
| 209|0x00000000ed100000, 0x00000000ed100000, 0x00000000ed200000|  0%| F|  |TAMS 0x00000000ed100000| PB 0x00000000ed100000| Untracked 
| 210|0x00000000ed200000, 0x00000000ed200000, 0x00000000ed300000|  0%| F|  |TAMS 0x00000000ed200000| PB 0x00000000ed200000| Untracked 
| 211|0x00000000ed300000, 0x00000000ed300000, 0x00000000ed400000|  0%| F|  |TAMS 0x00000000ed300000| PB 0x00000000ed300000| Untracked 
| 212|0x00000000ed400000, 0x00000000ed400000, 0x00000000ed500000|  0%| F|  |TAMS 0x00000000ed400000| PB 0x00000000ed400000| Untracked 
| 213|0x00000000ed500000, 0x00000000ed500000, 0x00000000ed600000|  0%| F|  |TAMS 0x00000000ed500000| PB 0x00000000ed500000| Untracked 
| 214|0x00000000ed600000, 0x00000000ed600000, 0x00000000ed700000|  0%| F|  |TAMS 0x00000000ed600000| PB 0x00000000ed600000| Untracked 
| 215|0x00000000ed700000, 0x00000000ed700000, 0x00000000ed800000|  0%| F|  |TAMS 0x00000000ed700000| PB 0x00000000ed700000| Untracked 
| 216|0x00000000ed800000, 0x00000000ed800000, 0x00000000ed900000|  0%| F|  |TAMS 0x00000000ed800000| PB 0x00000000ed800000| Untracked 
| 217|0x00000000ed900000, 0x00000000ed900000, 0x00000000eda00000|  0%| F|  |TAMS 0x00000000ed900000| PB 0x00000000ed900000| Untracked 
| 218|0x00000000eda00000, 0x00000000eda00000, 0x00000000edb00000|  0%| F|  |TAMS 0x00000000eda00000| PB 0x00000000eda00000| Untracked 
| 219|0x00000000edb00000, 0x00000000edb00000, 0x00000000edc00000|  0%| F|  |TAMS 0x00000000edb00000| PB 0x00000000edb00000| Untracked 
| 220|0x00000000edc00000, 0x00000000edc00000, 0x00000000edd00000|  0%| F|  |TAMS 0x00000000edc00000| PB 0x00000000edc00000| Untracked 
| 221|0x00000000edd00000, 0x00000000edd00000, 0x00000000ede00000|  0%| F|  |TAMS 0x00000000edd00000| PB 0x00000000edd00000| Untracked 
| 222|0x00000000ede00000, 0x00000000ede00000, 0x00000000edf00000|  0%| F|  |TAMS 0x00000000ede00000| PB 0x00000000ede00000| Untracked 
| 223|0x00000000edf00000, 0x00000000edf00000, 0x00000000ee000000|  0%| F|  |TAMS 0x00000000edf00000| PB 0x00000000edf00000| Untracked 
| 224|0x00000000ee000000, 0x00000000ee000000, 0x00000000ee100000|  0%| F|  |TAMS 0x00000000ee000000| PB 0x00000000ee000000| Untracked 
| 225|0x00000000ee100000, 0x00000000ee100000, 0x00000000ee200000|  0%| F|  |TAMS 0x00000000ee100000| PB 0x00000000ee100000| Untracked 
| 226|0x00000000ee200000, 0x00000000ee276e50, 0x00000000ee300000| 46%| E|  |TAMS 0x00000000ee200000| PB 0x00000000ee200000| Complete 
| 227|0x00000000ee300000, 0x00000000ee400000, 0x00000000ee400000|100%| E|CS|TAMS 0x00000000ee300000| PB 0x00000000ee300000| Complete 
| 228|0x00000000ee400000, 0x00000000ee500000, 0x00000000ee500000|100%| E|CS|TAMS 0x00000000ee400000| PB 0x00000000ee400000| Complete 
| 229|0x00000000ee500000, 0x00000000ee600000, 0x00000000ee600000|100%| E|CS|TAMS 0x00000000ee500000| PB 0x00000000ee500000| Complete 
| 230|0x00000000ee600000, 0x00000000ee700000, 0x00000000ee700000|100%| E|CS|TAMS 0x00000000ee600000| PB 0x00000000ee600000| Complete 
| 231|0x00000000ee700000, 0x00000000ee800000, 0x00000000ee800000|100%| E|CS|TAMS 0x00000000ee700000| PB 0x00000000ee700000| Complete 
| 232|0x00000000ee800000, 0x00000000ee900000, 0x00000000ee900000|100%| E|CS|TAMS 0x00000000ee800000| PB 0x00000000ee800000| Complete 
| 233|0x00000000ee900000, 0x00000000eea00000, 0x00000000eea00000|100%| E|CS|TAMS 0x00000000ee900000| PB 0x00000000ee900000| Complete 
| 234|0x00000000eea00000, 0x00000000eeb00000, 0x00000000eeb00000|100%| E|CS|TAMS 0x00000000eea00000| PB 0x00000000eea00000| Complete 
| 235|0x00000000eeb00000, 0x00000000eec00000, 0x00000000eec00000|100%| E|CS|TAMS 0x00000000eeb00000| PB 0x00000000eeb00000| Complete 
| 236|0x00000000eec00000, 0x00000000eed00000, 0x00000000eed00000|100%| E|CS|TAMS 0x00000000eec00000| PB 0x00000000eec00000| Complete 
| 237|0x00000000eed00000, 0x00000000eee00000, 0x00000000eee00000|100%| E|CS|TAMS 0x00000000eed00000| PB 0x00000000eed00000| Complete 
| 238|0x00000000eee00000, 0x00000000eef00000, 0x00000000eef00000|100%| E|CS|TAMS 0x00000000eee00000| PB 0x00000000eee00000| Complete 
| 239|0x00000000eef00000, 0x00000000ef000000, 0x00000000ef000000|100%| E|CS|TAMS 0x00000000eef00000| PB 0x00000000eef00000| Complete 
| 240|0x00000000ef000000, 0x00000000ef100000, 0x00000000ef100000|100%| E|CS|TAMS 0x00000000ef000000| PB 0x00000000ef000000| Complete 
| 241|0x00000000ef100000, 0x00000000ef200000, 0x00000000ef200000|100%| E|CS|TAMS 0x00000000ef100000| PB 0x00000000ef100000| Complete 
| 242|0x00000000ef200000, 0x00000000ef300000, 0x00000000ef300000|100%| E|CS|TAMS 0x00000000ef200000| PB 0x00000000ef200000| Complete 
| 243|0x00000000ef300000, 0x00000000ef400000, 0x00000000ef400000|100%| E|CS|TAMS 0x00000000ef300000| PB 0x00000000ef300000| Complete 
| 244|0x00000000ef400000, 0x00000000ef500000, 0x00000000ef500000|100%| E|CS|TAMS 0x00000000ef400000| PB 0x00000000ef400000| Complete 
| 245|0x00000000ef500000, 0x00000000ef600000, 0x00000000ef600000|100%| E|CS|TAMS 0x00000000ef500000| PB 0x00000000ef500000| Complete 
| 246|0x00000000ef600000, 0x00000000ef700000, 0x00000000ef700000|100%| E|CS|TAMS 0x00000000ef600000| PB 0x00000000ef600000| Complete 
| 247|0x00000000ef700000, 0x00000000ef800000, 0x00000000ef800000|100%| E|CS|TAMS 0x00000000ef700000| PB 0x00000000ef700000| Complete 
| 248|0x00000000ef800000, 0x00000000ef900000, 0x00000000ef900000|100%| E|CS|TAMS 0x00000000ef800000| PB 0x00000000ef800000| Complete 
| 249|0x00000000ef900000, 0x00000000efa00000, 0x00000000efa00000|100%| E|CS|TAMS 0x00000000ef900000| PB 0x00000000ef900000| Complete 
| 250|0x00000000efa00000, 0x00000000efb00000, 0x00000000efb00000|100%| E|CS|TAMS 0x00000000efa00000| PB 0x00000000efa00000| Complete 
| 251|0x00000000efb00000, 0x00000000efc00000, 0x00000000efc00000|100%| E|CS|TAMS 0x00000000efb00000| PB 0x00000000efb00000| Complete 
| 252|0x00000000efc00000, 0x00000000efd00000, 0x00000000efd00000|100%| E|CS|TAMS 0x00000000efc00000| PB 0x00000000efc00000| Complete 
| 253|0x00000000efd00000, 0x00000000efe00000, 0x00000000efe00000|100%| E|CS|TAMS 0x00000000efd00000| PB 0x00000000efd00000| Complete 
| 254|0x00000000efe00000, 0x00000000eff00000, 0x00000000eff00000|100%| E|CS|TAMS 0x00000000efe00000| PB 0x00000000efe00000| Complete 
| 255|0x00000000eff00000, 0x00000000f0000000, 0x00000000f0000000|100%| E|CS|TAMS 0x00000000eff00000| PB 0x00000000eff00000| Complete 

Card table byte_map: [0x000001b2587e0000,0x000001b2588e0000] _byte_map_base: 0x000001b2580e0000

Marking Bits: (CMBitMap*) 0x000001b241112560
 Bits: [0x000001b2588e0000, 0x000001b2590e0000)

Polling page: 0x000001b23eeb0000

Metaspace:

Usage:
  Non-class:     51.52 MB used.
      Class:      8.63 MB used.
       Both:     60.15 MB used.

Virtual space:
  Non-class space:       64.00 MB reserved,      52.56 MB ( 82%) committed,  1 nodes.
      Class space:      320.00 MB reserved,       9.62 MB (  3%) committed,  1 nodes.
             Both:      384.00 MB reserved,      62.19 MB ( 16%) committed. 

Chunk freelists:
   Non-Class:  10.70 MB
       Class:  6.34 MB
        Both:  17.05 MB

MaxMetaspaceSize: 384.00 MB
CompressedClassSpaceSize: 320.00 MB
Initial GC threshold: 21.00 MB
Current GC threshold: 98.44 MB
CDS: on
 - commit_granule_bytes: 65536.
 - commit_granule_words: 8192.
 - virtual_space_node_default_size: 8388608.
 - enlarge_chunks_in_place: 1.
 - use_allocation_guard: 0.


Internal statistics:

num_allocs_failed_limit: 9.
num_arena_births: 3758.
num_arena_deaths: 0.
num_vsnodes_births: 2.
num_vsnodes_deaths: 0.
num_space_committed: 995.
num_space_uncommitted: 0.
num_chunks_returned_to_freelist: 9.
num_chunks_taken_from_freelist: 6939.
num_chunk_merges: 6.
num_chunk_splits: 4360.
num_chunks_enlarged: 2555.
num_inconsistent_stats: 0.

CodeHeap 'non-profiled nmethods': size=120000Kb used=4588Kb max_used=4588Kb free=115411Kb
 bounds [0x000001b2512b0000, 0x000001b251730000, 0x000001b2587e0000]
CodeHeap 'profiled nmethods': size=120000Kb used=18343Kb max_used=18343Kb free=101656Kb
 bounds [0x000001b2497e0000, 0x000001b24a9d0000, 0x000001b250d10000]
CodeHeap 'non-nmethods': size=5760Kb used=2754Kb max_used=2834Kb free=3005Kb
 bounds [0x000001b250d10000, 0x000001b250ff0000, 0x000001b2512b0000]
 total_blobs=10317 nmethods=9435 adapters=786
 compilation: enabled
              stopped_count=0, restarted_count=0
 full_count=0

Compilation events (20 events):
Event: 19.442 Thread 0x000001b25b6f5010 nmethod 10160 0x000001b251724c90 code [0x000001b251724e60, 0x000001b251725318]
Event: 19.442 Thread 0x000001b25b6f5010 10041       4       java.util.Spliterator::getExactSizeIfKnown (25 bytes)
Event: 19.443 Thread 0x000001b25b6f5010 nmethod 10041 0x000001b251725690 code [0x000001b251725820, 0x000001b251725900]
Event: 19.443 Thread 0x000001b25b6f5010 10107       4       com.google.common.collect.HashBiMap::seekByKey (47 bytes)
Event: 19.445 Thread 0x000001b25b6f5010 nmethod 10107 0x000001b251725a10 code [0x000001b251725ba0, 0x000001b251725d38]
Event: 19.445 Thread 0x000001b25b6f5010 10148       4       com.google.common.collect.HashBiMap::rehashIfNecessary (87 bytes)
Event: 19.463 Thread 0x000001b25b6f5010 nmethod 10148 0x000001b251725e90 code [0x000001b251726080, 0x000001b2517270e0]
Event: 19.463 Thread 0x000001b25b6f5010 10158       4       com.google.common.collect.ImmutableSet$RegularSetBuilderImpl::insertInHashTable (125 bytes)
Event: 19.481 Thread 0x000001b25b6f5010 nmethod 10158 0x000001b251727410 code [0x000001b251727680, 0x000001b2517287c0]
Event: 19.481 Thread 0x000001b25b6f5010 10149       4       com.google.common.collect.HashBiMap::seekByValue (47 bytes)
Event: 19.482 Thread 0x000001b25b6f5010 nmethod 10149 0x000001b251728f10 code [0x000001b2517290a0, 0x000001b251729200]
Event: 19.482 Thread 0x000001b25b6f5010 10126       4       com.google.common.collect.MapMakerInternalMap$Segment::getEntry (80 bytes)
Event: 19.488 Thread 0x000001b25b6f5010 nmethod 10126 0x000001b251729310 code [0x000001b251729500, 0x000001b251729ae0]
Event: 19.488 Thread 0x000001b25b6f5010 10052       4       org.gradle.internal.snapshot.VfsRelativePath::compareToFirstSegment (203 bytes)
Event: 19.495 Thread 0x000001b25b6f5010 nmethod 10052 0x000001b25172a010 code [0x000001b25172a220, 0x000001b25172a910]
Event: 19.495 Thread 0x000001b25b6f5010 10098       4       com.google.common.collect.Hashing::smearedHash (16 bytes)
Event: 19.496 Thread 0x000001b25b6f5010 nmethod 10098 0x000001b25172af10 code [0x000001b25172b0a0, 0x000001b25172b1b8]
Event: 19.496 Thread 0x000001b25b6f5010 10113       4       org.gradle.internal.serialize.HierarchicalNameSerializer::readName (51 bytes)
Event: 19.518 Thread 0x000001b25b6f6ac0 10170 %     3       com.google.common.collect.MapMakerInternalMap$Segment::expand @ 56 (276 bytes)
Event: 19.523 Thread 0x000001b25b6f6ac0 nmethod 10170% 0x000001b24a9b4b90 code [0x000001b24a9b53a0, 0x000001b24a9ba6e8]

GC Heap History (18 events):
Event: 0.958 GC heap before
{Heap before GC invocations=0 (full 0):
 garbage-first heap   total 262144K, used 12288K [0x00000000e0000000, 0x0000000100000000)
  region size 1024K, 13 young (13312K), 0 survivors (0K)
 Metaspace       used 826K, committed 960K, reserved 393216K
  class space    used 67K, committed 128K, reserved 327680K
}
Event: 0.960 GC heap after
{Heap after GC invocations=1 (full 0):
 garbage-first heap   total 262144K, used 1288K [0x00000000e0000000, 0x0000000100000000)
  region size 1024K, 2 young (2048K), 2 survivors (2048K)
 Metaspace       used 826K, committed 960K, reserved 393216K
  class space    used 67K, committed 128K, reserved 327680K
}
Event: 2.582 GC heap before
{Heap before GC invocations=1 (full 0):
 garbage-first heap   total 262144K, used 28936K [0x00000000e0000000, 0x0000000100000000)
  region size 1024K, 27 young (27648K), 2 survivors (2048K)
 Metaspace       used 3550K, committed 3712K, reserved 393216K
  class space    used 448K, committed 512K, reserved 327680K
}
Event: 2.587 GC heap after
{Heap after GC invocations=2 (full 0):
 garbage-first heap   total 262144K, used 10057K [0x00000000e0000000, 0x0000000100000000)
  region size 1024K, 4 young (4096K), 4 survivors (4096K)
 Metaspace       used 3550K, committed 3712K, reserved 393216K
  class space    used 448K, committed 512K, reserved 327680K
}
Event: 7.604 GC heap before
{Heap before GC invocations=2 (full 0):
 garbage-first heap   total 262144K, used 162633K [0x00000000e0000000, 0x0000000100000000)
  region size 1024K, 153 young (156672K), 4 survivors (4096K)
 Metaspace       used 20894K, committed 21504K, reserved 393216K
  class space    used 3026K, committed 3328K, reserved 327680K
}
Event: 7.626 GC heap after
{Heap after GC invocations=3 (full 0):
 garbage-first heap   total 262144K, used 23251K [0x00000000e0000000, 0x0000000100000000)
  region size 1024K, 16 young (16384K), 16 survivors (16384K)
 Metaspace       used 20894K, committed 21504K, reserved 393216K
  class space    used 3026K, committed 3328K, reserved 327680K
}
Event: 10.417 GC heap before
{Heap before GC invocations=4 (full 0):
 garbage-first heap   total 262144K, used 102099K [0x00000000e0000000, 0x0000000100000000)
  region size 1024K, 93 young (95232K), 16 survivors (16384K)
 Metaspace       used 31281K, committed 32576K, reserved 393216K
  class space    used 4762K, committed 5376K, reserved 327680K
}
Event: 10.439 GC heap after
{Heap after GC invocations=5 (full 0):
 garbage-first heap   total 262144K, used 29718K [0x00000000e0000000, 0x0000000100000000)
  region size 1024K, 6 young (6144K), 6 survivors (6144K)
 Metaspace       used 31281K, committed 32576K, reserved 393216K
  class space    used 4762K, committed 5376K, reserved 327680K
}
Event: 11.304 GC heap before
{Heap before GC invocations=5 (full 0):
 garbage-first heap   total 262144K, used 43030K [0x00000000e0000000, 0x0000000100000000)
  region size 1024K, 20 young (20480K), 6 survivors (6144K)
 Metaspace       used 34839K, committed 36096K, reserved 393216K
  class space    used 5099K, committed 5696K, reserved 327680K
}
Event: 11.310 GC heap after
{Heap after GC invocations=6 (full 0):
 garbage-first heap   total 262144K, used 30316K [0x00000000e0000000, 0x0000000100000000)
  region size 1024K, 7 young (7168K), 7 survivors (7168K)
 Metaspace       used 34839K, committed 36096K, reserved 393216K
  class space    used 5099K, committed 5696K, reserved 327680K
}
Event: 14.433 GC heap before
{Heap before GC invocations=7 (full 0):
 garbage-first heap   total 262144K, used 185964K [0x00000000e0000000, 0x0000000100000000)
  region size 1024K, 153 young (156672K), 7 survivors (7168K)
 Metaspace       used 49980K, committed 51648K, reserved 393216K
  class space    used 7181K, committed 8000K, reserved 327680K
}
Event: 14.447 GC heap after
{Heap after GC invocations=8 (full 0):
 garbage-first heap   total 262144K, used 39918K [0x00000000e0000000, 0x0000000100000000)
  region size 1024K, 16 young (16384K), 16 survivors (16384K)
 Metaspace       used 49980K, committed 51648K, reserved 393216K
  class space    used 7181K, committed 8000K, reserved 327680K
}
Event: 17.160 GC heap before
{Heap before GC invocations=8 (full 0):
 garbage-first heap   total 262144K, used 180206K [0x00000000e0000000, 0x0000000100000000)
  region size 1024K, 153 young (156672K), 16 survivors (16384K)
 Metaspace       used 58143K, committed 60032K, reserved 393216K
  class space    used 8336K, committed 9280K, reserved 327680K
}
Event: 17.184 GC heap after
{Heap after GC invocations=9 (full 0):
 garbage-first heap   total 262144K, used 49542K [0x00000000e0000000, 0x0000000100000000)
  region size 1024K, 20 young (20480K), 20 survivors (20480K)
 Metaspace       used 58143K, committed 60032K, reserved 393216K
  class space    used 8336K, committed 9280K, reserved 327680K
}
Event: 17.448 GC heap before
{Heap before GC invocations=9 (full 0):
 garbage-first heap   total 262144K, used 71046K [0x00000000e0000000, 0x0000000100000000)
  region size 1024K, 43 young (44032K), 20 survivors (20480K)
 Metaspace       used 58449K, committed 60416K, reserved 393216K
  class space    used 8345K, committed 9344K, reserved 327680K
}
Event: 17.477 GC heap after
{Heap after GC invocations=10 (full 0):
 garbage-first heap   total 262144K, used 52736K [0x00000000e0000000, 0x0000000100000000)
  region size 1024K, 3 young (3072K), 3 survivors (3072K)
 Metaspace       used 58449K, committed 60416K, reserved 393216K
  class space    used 8345K, committed 9344K, reserved 327680K
}
Event: 19.557 GC heap before
{Heap before GC invocations=11 (full 0):
 garbage-first heap   total 262144K, used 205312K [0x00000000e0000000, 0x0000000100000000)
  region size 1024K, 153 young (156672K), 3 survivors (3072K)
 Metaspace       used 61552K, committed 63680K, reserved 393216K
  class space    used 8826K, committed 9856K, reserved 327680K
}
Event: 19.573 GC heap after
{Heap after GC invocations=12 (full 0):
 garbage-first heap   total 262144K, used 64512K [0x00000000e0000000, 0x0000000100000000)
  region size 1024K, 15 young (15360K), 15 survivors (15360K)
 Metaspace       used 61552K, committed 63680K, reserved 393216K
  class space    used 8826K, committed 9856K, reserved 327680K
}

Dll operation events (15 events):
Event: 0.015 Loaded shared library C:\Users\ASUS\.jdks\corretto-21.0.4\bin\java.dll
Event: 0.090 Loaded shared library C:\Users\ASUS\.jdks\corretto-21.0.4\bin\jsvml.dll
Event: 0.234 Loaded shared library C:\Users\ASUS\.jdks\corretto-21.0.4\bin\zip.dll
Event: 0.252 Loaded shared library C:\Users\ASUS\.jdks\corretto-21.0.4\bin\instrument.dll
Event: 0.265 Loaded shared library C:\Users\ASUS\.jdks\corretto-21.0.4\bin\net.dll
Event: 0.267 Loaded shared library C:\Users\ASUS\.jdks\corretto-21.0.4\bin\nio.dll
Event: 0.276 Loaded shared library C:\Users\ASUS\.jdks\corretto-21.0.4\bin\zip.dll
Event: 1.155 Loaded shared library C:\Users\ASUS\.jdks\corretto-21.0.4\bin\jimage.dll
Event: 1.930 Loaded shared library C:\Users\ASUS\.jdks\corretto-21.0.4\bin\verify.dll
Event: 2.222 Loaded shared library C:\Users\ASUS\.gradle\native\c067742578af261105cb4f569cf0c3c89f3d7b1fecec35dd04571415982c5e48\windows-amd64\native-platform.dll
Event: 2.270 Loaded shared library C:\Users\ASUS\.gradle\native\100fb08df4bc3b14c8652ba06237920a3bd2aa13389f12d3474272988ae205f9\windows-amd64\native-platform-file-events.dll
Event: 4.216 Loaded shared library C:\Users\ASUS\.jdks\corretto-21.0.4\bin\management.dll
Event: 4.228 Loaded shared library C:\Users\ASUS\.jdks\corretto-21.0.4\bin\management_ext.dll
Event: 4.913 Loaded shared library C:\Users\ASUS\.jdks\corretto-21.0.4\bin\extnet.dll
Event: 5.142 Loaded shared library C:\Users\ASUS\.jdks\corretto-21.0.4\bin\sunmscapi.dll

Deoptimization events (20 events):
Event: 19.165 Thread 0x000001b2773b7ff0 DEOPT PACKING pc=0x000001b2514efd60 sp=0x0000007b1e7f9ea0
Event: 19.165 Thread 0x000001b2773b7ff0 DEOPT UNPACKING pc=0x000001b250d646a2 sp=0x0000007b1e7f9e40 mode 2
Event: 19.173 Thread 0x000001b2773b7ff0 Uncommon trap: trap_request=0xffffffde fr.pc=0x000001b25139597c relative=0x000000000000115c
Event: 19.173 Thread 0x000001b2773b7ff0 Uncommon trap: reason=class_check action=maybe_recompile pc=0x000001b25139597c method=jdk.internal.loader.BuiltinClassLoader.loadClassOrNull(Ljava/lang/String;)Ljava/lang/Class; @ 3 c2
Event: 19.173 Thread 0x000001b2773b7ff0 DEOPT PACKING pc=0x000001b25139597c sp=0x0000007b1e7f8e80
Event: 19.173 Thread 0x000001b2773b7ff0 DEOPT UNPACKING pc=0x000001b250d646a2 sp=0x0000007b1e7f8dd8 mode 2
Event: 19.263 Thread 0x000001b2773b5890 Uncommon trap: trap_request=0xffffff45 fr.pc=0x000001b2515977c4 relative=0x0000000000000204
Event: 19.263 Thread 0x000001b2773b5890 Uncommon trap: reason=unstable_if action=reinterpret pc=0x000001b2515977c4 method=com.esotericsoftware.kryo.io.Input.require(I)I @ 65 c2
Event: 19.263 Thread 0x000001b2773b5890 DEOPT PACKING pc=0x000001b2515977c4 sp=0x0000007b1ecfe390
Event: 19.263 Thread 0x000001b2773b5890 DEOPT UNPACKING pc=0x000001b250d646a2 sp=0x0000007b1ecfe340 mode 2
Event: 19.301 Thread 0x000001b2773b5890 Uncommon trap: trap_request=0xffffff45 fr.pc=0x000001b251607684 relative=0x0000000000000324
Event: 19.301 Thread 0x000001b2773b5890 Uncommon trap: reason=unstable_if action=reinterpret pc=0x000001b251607684 method=com.esotericsoftware.kryo.io.Input.readVarInt(Z)I @ 81 c2
Event: 19.301 Thread 0x000001b2773b5890 DEOPT PACKING pc=0x000001b251607684 sp=0x0000007b1ecfe100
Event: 19.301 Thread 0x000001b2773b5890 DEOPT UNPACKING pc=0x000001b250d646a2 sp=0x0000007b1ecfdfe8 mode 2
Event: 19.303 Thread 0x000001b2773b5890 Uncommon trap: trap_request=0xffffff45 fr.pc=0x000001b251608194 relative=0x0000000000000334
Event: 19.303 Thread 0x000001b2773b5890 Uncommon trap: reason=unstable_if action=reinterpret pc=0x000001b251608194 method=com.esotericsoftware.kryo.io.Input.readVarInt(Z)I @ 81 c2
Event: 19.303 Thread 0x000001b2773b5890 DEOPT PACKING pc=0x000001b251608194 sp=0x0000007b1ecfe320
Event: 19.303 Thread 0x000001b2773b5890 DEOPT UNPACKING pc=0x000001b250d646a2 sp=0x0000007b1ecfe2c8 mode 2
Event: 19.313 Thread 0x000001b2773b5890 DEOPT PACKING pc=0x000001b24a9aade4 sp=0x0000007b1ecfe140
Event: 19.313 Thread 0x000001b2773b5890 DEOPT UNPACKING pc=0x000001b250d64e42 sp=0x0000007b1ecfd5d8 mode 0

Classes loaded (20 events):
Event: 18.747 Loading class jdk/internal/reflect/MethodHandleLongFieldAccessorImpl
Event: 18.748 Loading class jdk/internal/reflect/MethodHandleLongFieldAccessorImpl done
Event: 18.750 Loading class java/io/SerialCallbackContext
Event: 18.751 Loading class java/io/SerialCallbackContext done
Event: 18.763 Loading class java/util/stream/ReferencePipeline$4
Event: 18.764 Loading class java/util/stream/ReferencePipeline$4 done
Event: 18.764 Loading class java/util/stream/ReduceOps$6
Event: 18.765 Loading class java/util/stream/ReduceOps$6 done
Event: 18.765 Loading class java/util/stream/ReduceOps$5ReducingSink
Event: 18.765 Loading class java/util/stream/ReduceOps$5ReducingSink done
Event: 18.765 Loading class java/util/stream/ReferencePipeline$4$1
Event: 18.765 Loading class java/util/stream/ReferencePipeline$4$1 done
Event: 19.004 Loading class java/util/concurrent/ConcurrentSkipListMap$KeySet
Event: 19.005 Loading class java/util/concurrent/ConcurrentSkipListMap$KeySet done
Event: 19.005 Loading class java/util/concurrent/ConcurrentSkipListMap$KeyIterator
Event: 19.005 Loading class java/util/concurrent/ConcurrentSkipListMap$KeyIterator done
Event: 19.140 Loading class java/util/HashMap$EntrySpliterator
Event: 19.140 Loading class java/util/HashMap$EntrySpliterator done
Event: 19.142 Loading class java/util/LinkedList$LLSpliterator
Event: 19.143 Loading class java/util/LinkedList$LLSpliterator done

Classes unloaded (0 events):
No events

Classes redefined (0 events):
No events

Internal exceptions (20 events):
Event: 16.183 Thread 0x000001b276779720 Exception <a 'java/lang/NoSuchMethodError'{0x00000000e9e35d10}: 'void java.lang.invoke.Invokers$Holder.invokeExact_MT(java.lang.Object, java.lang.Object, java.lang.Object, java.lang.Object)'> (0x00000000e9e35d10) 
thrown [s\src\hotspot\share\interpreter\linkResolver.cpp, line 773]
Event: 18.647 Thread 0x000001b276779720 Exception <a 'java/lang/ClassNotFoundException'{0x00000000eb5681f8}: com/google/common/collect/RegularImmutableListBeanInfo> (0x00000000eb5681f8) 
thrown [s\src\hotspot\share\classfile\systemDictionary.cpp, line 312]
Event: 18.647 Thread 0x000001b276779720 Exception <a 'java/lang/ClassNotFoundException'{0x00000000eb572e38}: com/google/common/collect/ImmutableListBeanInfo> (0x00000000eb572e38) 
thrown [s\src\hotspot\share\classfile\systemDictionary.cpp, line 312]
Event: 18.647 Thread 0x000001b276779720 Exception <a 'java/lang/ClassNotFoundException'{0x00000000eb57dad0}: com/google/common/collect/ImmutableCollectionBeanInfo> (0x00000000eb57dad0) 
thrown [s\src\hotspot\share\classfile\systemDictionary.cpp, line 312]
Event: 18.648 Thread 0x000001b276779720 Exception <a 'java/lang/ClassNotFoundException'{0x00000000eb588e40}: com/google/common/collect/ImmutableCollectionCustomizer> (0x00000000eb588e40) 
thrown [s\src\hotspot\share\classfile\systemDictionary.cpp, line 312]
Event: 18.649 Thread 0x000001b276779720 Exception <a 'java/lang/ClassNotFoundException'{0x00000000eb5a3090}: com/google/common/collect/ImmutableListCustomizer> (0x00000000eb5a3090) 
thrown [s\src\hotspot\share\classfile\systemDictionary.cpp, line 312]
Event: 18.651 Thread 0x000001b276779720 Exception <a 'java/lang/ClassNotFoundException'{0x00000000eb4093d8}: com/google/common/collect/RegularImmutableListCustomizer> (0x00000000eb4093d8) 
thrown [s\src\hotspot\share\classfile\systemDictionary.cpp, line 312]
Event: 18.671 Thread 0x000001b2773b7ff0 Exception <a 'java/lang/NoSuchMethodError'{0x00000000eb330c48}: 'java.lang.Object java.lang.invoke.DirectMethodHandle$Holder.newInvokeSpecial(java.lang.Object, java.lang.Object, int, java.lang.Object, java.lang.Object)'> (0x00000000eb330c48) 
thrown [s\src\hotspot\share\interpreter\linkResolver.cpp, line 773]
Event: 18.693 Thread 0x000001b2773b7ff0 Exception <a 'java/lang/NoSuchMethodError'{0x00000000eb2c1d20}: 'void java.lang.invoke.DirectMethodHandle$Holder.invokeSpecial(java.lang.Object, java.lang.Object, java.lang.Object, java.lang.Object, int, java.lang.Object, java.lang.Object)'> (0x00000000eb2c1d20) 
thrown [s\src\hotspot\share\interpreter\linkResolver.cpp, line 773]
Event: 18.727 Thread 0x000001b2773b7ff0 Exception <a 'java/lang/NoSuchMethodError'{0x00000000eb0fe150}: 'java.lang.Object java.lang.invoke.DirectMethodHandle$Holder.invokeVirtual(java.lang.Object, java.lang.Object, java.lang.Object, java.lang.Object, java.lang.Object, java.lang.Object, java.lang.Object, java.lang.Object, java.lang.Object, java.lang.Object, java.lang.Object, java.lang.Object, java.lang.Object, java.lang.Object, java.lang.Object, java.lang.Object, java.lang.Object, java.lang.Object, java.lang.Object)'> (0x00000000eb0fe150) 
thrown
Event: 18.746 Thread 0x000001b27677b7f0 Exception <a 'java/lang/NoSuchMethodError'{0x00000000eae31c80}: static Lorg/gradle/internal/build/event/types/DefaultTaskStartedProgressEvent;.<clinit>()V> (0x00000000eae31c80) 
thrown [s\src\hotspot\share\prims\jni.cpp, line 1111]
Event: 18.746 Thread 0x000001b27677b7f0 Exception <a 'java/lang/NoSuchMethodError'{0x00000000eae33c90}: static Lorg/gradle/internal/build/event/types/AbstractProgressEvent;.<clinit>()V> (0x00000000eae33c90) 
thrown [s\src\hotspot\share\prims\jni.cpp, line 1111]
Event: 18.747 Thread 0x000001b27677b7f0 Exception <a 'java/lang/NoSuchMethodError'{0x00000000eae82708}: static Lorg/gradle/internal/build/event/types/DefaultTaskDescriptor;.<clinit>()V> (0x00000000eae82708) 
thrown [s\src\hotspot\share\prims\jni.cpp, line 1111]
Event: 18.748 Thread 0x000001b27677b7f0 Exception <a 'java/lang/NoSuchMethodError'{0x00000000eae88720}: 'long java.lang.invoke.DirectMethodHandle$Holder.invokeSpecial(java.lang.Object, java.lang.Object)'> (0x00000000eae88720) 
thrown [s\src\hotspot\share\interpreter\linkResolver.cpp, line 773]
Event: 18.749 Thread 0x000001b27677b7f0 Exception <a 'java/lang/NoSuchMethodError'{0x00000000eae8bb78}: 'long java.lang.invoke.Invokers$Holder.invokeExact_MT(java.lang.Object, java.lang.Object)'> (0x00000000eae8bb78) 
thrown [s\src\hotspot\share\interpreter\linkResolver.cpp, line 773]
Event: 18.752 Thread 0x000001b27677b7f0 Exception <a 'java/lang/NoSuchMethodError'{0x00000000eaee5030}: static Lorg/gradle/internal/operations/OperationIdentifier;.<clinit>()V> (0x00000000eaee5030) 
thrown [s\src\hotspot\share\prims\jni.cpp, line 1111]
Event: 18.753 Thread 0x000001b27677b7f0 Exception <a 'java/lang/NoSuchMethodError'{0x00000000eaeee900}: static Lorg/gradle/internal/build/event/types/DefaultBinaryPluginIdentifier;.<clinit>()V> (0x00000000eaeee900) 
thrown [s\src\hotspot\share\prims\jni.cpp, line 1111]
Event: 19.004 Thread 0x000001b2773b7ff0 Exception <a 'java/lang/IncompatibleClassChangeError'{0x00000000ea865520}: Found class java.lang.Object, but interface was expected> (0x00000000ea865520) 
thrown [s\src\hotspot\share\interpreter\linkResolver.cpp, line 840]
Event: 19.007 Thread 0x000001b2773b7ff0 Exception <a 'java/lang/NoSuchMethodError'{0x00000000ea877ba0}: static Ljava/lang/Object;.<clinit>()V> (0x00000000ea877ba0) 
thrown [s\src\hotspot\share\prims\jni.cpp, line 1111]
Event: 19.125 Thread 0x000001b2773b7ff0 Exception <a 'java/lang/NoSuchMethodError'{0x00000000ea02ac50}: 'int java.lang.invoke.DirectMethodHandle$Holder.invokeStaticInit(java.lang.Object, java.lang.Object, java.lang.Object, java.lang.Object, java.lang.Object)'> (0x00000000ea02ac50) 
thrown [s\src\hotspot\share\interpreter\linkResolver.cpp, line 773]

ZGC Phase Switch (0 events):
No events

VM Operations (20 events):
Event: 18.565 Executing VM operation: ICBufferFull
Event: 18.565 Executing VM operation: ICBufferFull done
Event: 18.654 Executing VM operation: HandshakeAllThreads (Deoptimize)
Event: 18.654 Executing VM operation: HandshakeAllThreads (Deoptimize) done
Event: 18.661 Executing VM operation: HandshakeAllThreads (Deoptimize)
Event: 18.661 Executing VM operation: HandshakeAllThreads (Deoptimize) done
Event: 18.701 Executing VM operation: HandshakeAllThreads (Deoptimize)
Event: 18.701 Executing VM operation: HandshakeAllThreads (Deoptimize) done
Event: 18.738 Executing VM operation: HandshakeAllThreads (Deoptimize)
Event: 18.738 Executing VM operation: HandshakeAllThreads (Deoptimize) done
Event: 18.770 Executing VM operation: HandshakeAllThreads (Deoptimize)
Event: 18.770 Executing VM operation: HandshakeAllThreads (Deoptimize) done
Event: 18.867 Executing VM operation: ICBufferFull
Event: 18.868 Executing VM operation: ICBufferFull done
Event: 19.025 Executing VM operation: ICBufferFull
Event: 19.025 Executing VM operation: ICBufferFull done
Event: 19.301 Executing VM operation: ICBufferFull
Event: 19.301 Executing VM operation: ICBufferFull done
Event: 19.557 Executing VM operation: G1CollectForAllocation (G1 Evacuation Pause)
Event: 19.573 Executing VM operation: G1CollectForAllocation (G1 Evacuation Pause) done

Memory protections (0 events):
No events

Nmethod flushes (20 events):
Event: 17.543 Thread 0x000001b25b6d0e80 flushing  nmethod 0x000001b249a1d890
Event: 17.543 Thread 0x000001b25b6d0e80 flushing  nmethod 0x000001b249a20290
Event: 17.543 Thread 0x000001b25b6d0e80 flushing  nmethod 0x000001b249a21190
Event: 17.543 Thread 0x000001b25b6d0e80 flushing  nmethod 0x000001b249a43b90
Event: 17.543 Thread 0x000001b25b6d0e80 flushing  nmethod 0x000001b249b16e10
Event: 17.543 Thread 0x000001b25b6d0e80 flushing  nmethod 0x000001b249bcdb90
Event: 17.543 Thread 0x000001b25b6d0e80 flushing  nmethod 0x000001b249bce890
Event: 17.543 Thread 0x000001b25b6d0e80 flushing  nmethod 0x000001b249c8ba90
Event: 17.543 Thread 0x000001b25b6d0e80 flushing  nmethod 0x000001b249c8d210
Event: 17.543 Thread 0x000001b25b6d0e80 flushing  nmethod 0x000001b249c93190
Event: 17.543 Thread 0x000001b25b6d0e80 flushing  nmethod 0x000001b249cb5f90
Event: 17.543 Thread 0x000001b25b6d0e80 flushing  nmethod 0x000001b249cb6490
Event: 17.543 Thread 0x000001b25b6d0e80 flushing  nmethod 0x000001b249cc3f10
Event: 17.543 Thread 0x000001b25b6d0e80 flushing  nmethod 0x000001b249cc5f10
Event: 17.543 Thread 0x000001b25b6d0e80 flushing  nmethod 0x000001b249cc6410
Event: 17.543 Thread 0x000001b25b6d0e80 flushing  nmethod 0x000001b249cc6790
Event: 17.543 Thread 0x000001b25b6d0e80 flushing  nmethod 0x000001b249d72b90
Event: 17.543 Thread 0x000001b25b6d0e80 flushing  nmethod 0x000001b249dea390
Event: 17.543 Thread 0x000001b25b6d0e80 flushing  nmethod 0x000001b249df2190
Event: 17.543 Thread 0x000001b25b6d0e80 flushing  nmethod 0x000001b249dfb910

Events (20 events):
Event: 16.721 Thread 0x000001b276779720 Thread added: 0x000001b276da7490
Event: 16.728 Thread 0x000001b276779720 Thread added: 0x000001b276da1220
Event: 16.735 Thread 0x000001b276779720 Thread added: 0x000001b2773b1060
Event: 16.742 Thread 0x000001b276779720 Thread added: 0x000001b2773b65b0
Event: 16.749 Thread 0x000001b276779720 Thread added: 0x000001b2773b7960
Event: 16.755 Thread 0x000001b276779720 Thread added: 0x000001b2773b5200
Event: 16.767 Thread 0x000001b276779720 Thread added: 0x000001b2773b3e50
Event: 16.774 Thread 0x000001b276779720 Thread added: 0x000001b2773b37c0
Event: 16.780 Thread 0x000001b276779720 Thread added: 0x000001b2773b44e0
Event: 16.787 Thread 0x000001b276779720 Thread added: 0x000001b2773b3130
Event: 16.793 Thread 0x000001b276779720 Thread added: 0x000001b2773b6c40
Event: 18.666 Thread 0x000001b276779720 Thread added: 0x000001b2773b7ff0
Event: 18.673 Thread 0x000001b2773b7ff0 Thread added: 0x000001b2773b8680
Event: 18.674 Thread 0x000001b2773b7ff0 Thread added: 0x000001b2773b2aa0
Event: 18.674 Thread 0x000001b2773b7ff0 Thread added: 0x000001b2773b4b70
Event: 18.711 Thread 0x000001b2773b7ff0 Thread added: 0x000001b2773b16f0
Event: 19.183 Thread 0x000001b2773b7ff0 Thread added: 0x000001b2773b5890
Event: 19.237 Thread 0x000001b2773b7ff0 Thread added: 0x000001b2773b1d80
Event: 19.237 Thread 0x000001b2773b7ff0 Thread added: 0x000001b2773b2410
Event: 19.237 Thread 0x000001b2773b7ff0 Thread added: 0x000001b2773b5f20


Dynamic libraries:
0x00007ff7ec020000 - 0x00007ff7ec02e000 	C:\Users\ASUS\.jdks\corretto-21.0.4\bin\java.exe
0x00007ffc2d5d0000 - 0x00007ffc2d7c8000 	C:\Windows\SYSTEM32\ntdll.dll
0x00007ffc2c1f0000 - 0x00007ffc2c2af000 	C:\Windows\System32\KERNEL32.DLL
0x00007ffc2b110000 - 0x00007ffc2b3e2000 	C:\Windows\System32\KERNELBASE.dll
0x00007ffc2ae00000 - 0x00007ffc2af00000 	C:\Windows\System32\ucrtbase.dll
0x00007ffc0fb80000 - 0x00007ffc0fb98000 	C:\Users\ASUS\.jdks\corretto-21.0.4\bin\jli.dll
0x00007ffc2b740000 - 0x00007ffc2b8e1000 	C:\Windows\System32\USER32.dll
0x00007ffc2b550000 - 0x00007ffc2b572000 	C:\Windows\System32\win32u.dll
0x00007ffc2d430000 - 0x00007ffc2d45b000 	C:\Windows\System32\GDI32.dll
0x00007ffc2acc0000 - 0x00007ffc2adcf000 	C:\Windows\System32\gdi32full.dll
0x00007ffc2b4b0000 - 0x00007ffc2b54d000 	C:\Windows\System32\msvcp_win.dll
0x00007ffc0bb30000 - 0x00007ffc0bb4b000 	C:\Users\ASUS\.jdks\corretto-21.0.4\bin\VCRUNTIME140.dll
0x00007ffc17fa0000 - 0x00007ffc1823a000 	C:\Windows\WinSxS\amd64_microsoft.windows.common-controls_6595b64144ccf1df_6.0.19041.1110_none_60b5254171f9507e\COMCTL32.dll
0x00007ffc2d1c0000 - 0x00007ffc2d25e000 	C:\Windows\System32\msvcrt.dll
0x00007ffc2cc60000 - 0x00007ffc2cc92000 	C:\Windows\System32\IMM32.DLL
0x00007ffc258d0000 - 0x00007ffc258dc000 	C:\Users\ASUS\.jdks\corretto-21.0.4\bin\vcruntime140_1.dll
0x00007ffbf8390000 - 0x00007ffbf841d000 	C:\Users\ASUS\.jdks\corretto-21.0.4\bin\msvcp140.dll
0x00007ffbafb40000 - 0x00007ffbb08d6000 	C:\Users\ASUS\.jdks\corretto-21.0.4\bin\server\jvm.dll
0x00007ffc2c2b0000 - 0x00007ffc2c35e000 	C:\Windows\System32\ADVAPI32.dll
0x00007ffc2c7b0000 - 0x00007ffc2c84c000 	C:\Windows\System32\sechost.dll
0x00007ffc2d460000 - 0x00007ffc2d585000 	C:\Windows\System32\RPCRT4.dll
0x00007ffc2c740000 - 0x00007ffc2c7ab000 	C:\Windows\System32\WS2_32.dll
0x00007ffc2a240000 - 0x00007ffc2a28b000 	C:\Windows\SYSTEM32\POWRPROF.dll
0x00007ffc1fcf0000 - 0x00007ffc1fd17000 	C:\Windows\SYSTEM32\WINMM.dll
0x00007ffc25030000 - 0x00007ffc2503a000 	C:\Windows\SYSTEM32\VERSION.dll
0x00007ffc2a100000 - 0x00007ffc2a112000 	C:\Windows\SYSTEM32\UMPDC.dll
0x00007ffc28aa0000 - 0x00007ffc28ab2000 	C:\Windows\SYSTEM32\kernel.appcore.dll
0x00007ffc0fbc0000 - 0x00007ffc0fbca000 	C:\Users\ASUS\.jdks\corretto-21.0.4\bin\jimage.dll
0x00007ffc15780000 - 0x00007ffc15964000 	C:\Windows\SYSTEM32\DBGHELP.DLL
0x00007ffc14750000 - 0x00007ffc14785000 	C:\Windows\SYSTEM32\dbgcore.DLL
0x00007ffc2b580000 - 0x00007ffc2b602000 	C:\Windows\System32\bcryptPrimitives.dll
0x00007ffc0fb70000 - 0x00007ffc0fb7e000 	C:\Users\ASUS\.jdks\corretto-21.0.4\bin\instrument.dll
0x00007ffc0b590000 - 0x00007ffc0b5af000 	C:\Users\ASUS\.jdks\corretto-21.0.4\bin\java.dll
0x00007ffc2b8f0000 - 0x00007ffc2c035000 	C:\Windows\System32\SHELL32.dll
0x00007ffc28d80000 - 0x00007ffc29512000 	C:\Windows\SYSTEM32\windows.storage.dll
0x00007ffc2c850000 - 0x00007ffc2cba5000 	C:\Windows\System32\combase.dll
0x00007ffc2a720000 - 0x00007ffc2a750000 	C:\Windows\SYSTEM32\Wldp.dll
0x00007ffc2d110000 - 0x00007ffc2d1bd000 	C:\Windows\System32\SHCORE.dll
0x00007ffc2c610000 - 0x00007ffc2c665000 	C:\Windows\System32\shlwapi.dll
0x00007ffc2ac00000 - 0x00007ffc2ac1f000 	C:\Windows\SYSTEM32\profapi.dll
0x00007ffbd5660000 - 0x00007ffbd5737000 	C:\Users\ASUS\.jdks\corretto-21.0.4\bin\jsvml.dll
0x00007ffc07b40000 - 0x00007ffc07b58000 	C:\Users\ASUS\.jdks\corretto-21.0.4\bin\zip.dll
0x00007ffc0be10000 - 0x00007ffc0be20000 	C:\Users\ASUS\.jdks\corretto-21.0.4\bin\net.dll
0x00007ffc22b30000 - 0x00007ffc22c3c000 	C:\Windows\SYSTEM32\WINHTTP.dll
0x00007ffc2a480000 - 0x00007ffc2a4ea000 	C:\Windows\system32\mswsock.dll
0x00007ffbfdb50000 - 0x00007ffbfdb66000 	C:\Users\ASUS\.jdks\corretto-21.0.4\bin\nio.dll
0x00007ffc0bbe0000 - 0x00007ffc0bbf0000 	C:\Users\ASUS\.jdks\corretto-21.0.4\bin\verify.dll
0x00007ffbffd50000 - 0x00007ffbffd77000 	C:\Users\ASUS\.gradle\native\c067742578af261105cb4f569cf0c3c89f3d7b1fecec35dd04571415982c5e48\windows-amd64\native-platform.dll
0x00007ffbd5510000 - 0x00007ffbd5654000 	C:\Users\ASUS\.gradle\native\100fb08df4bc3b14c8652ba06237920a3bd2aa13389f12d3474272988ae205f9\windows-amd64\native-platform-file-events.dll
0x00007ffbfe060000 - 0x00007ffbfe069000 	C:\Users\ASUS\.jdks\corretto-21.0.4\bin\management.dll
0x00007ffbfcbd0000 - 0x00007ffbfcbdb000 	C:\Users\ASUS\.jdks\corretto-21.0.4\bin\management_ext.dll
0x00007ffc2c510000 - 0x00007ffc2c518000 	C:\Windows\System32\PSAPI.DLL
0x00007ffc2a670000 - 0x00007ffc2a688000 	C:\Windows\SYSTEM32\CRYPTSP.dll
0x00007ffc29d30000 - 0x00007ffc29d64000 	C:\Windows\system32\rsaenh.dll
0x00007ffc2add0000 - 0x00007ffc2adf7000 	C:\Windows\System32\bcrypt.dll
0x00007ffc2abc0000 - 0x00007ffc2abee000 	C:\Windows\SYSTEM32\USERENV.dll
0x00007ffc2a690000 - 0x00007ffc2a69c000 	C:\Windows\SYSTEM32\CRYPTBASE.dll
0x00007ffc2a120000 - 0x00007ffc2a15b000 	C:\Windows\SYSTEM32\IPHLPAPI.DLL
0x00007ffc2c0a0000 - 0x00007ffc2c0a8000 	C:\Windows\System32\NSI.dll
0x00007ffbfcb40000 - 0x00007ffbfcb49000 	C:\Users\ASUS\.jdks\corretto-21.0.4\bin\extnet.dll
0x00007ffbf8550000 - 0x00007ffbf855e000 	C:\Users\ASUS\.jdks\corretto-21.0.4\bin\sunmscapi.dll
0x00007ffc2af00000 - 0x00007ffc2b056000 	C:\Windows\System32\CRYPT32.dll
0x00007ffc2a790000 - 0x00007ffc2a7b7000 	C:\Windows\SYSTEM32\ncrypt.dll
0x00007ffc2a750000 - 0x00007ffc2a78b000 	C:\Windows\SYSTEM32\NTASN1.dll
0x00007ffc1f1a0000 - 0x00007ffc1f1a7000 	C:\Windows\system32\wshunix.dll

dbghelp: loaded successfully - version: 4.0.5 - missing functions: none
symbol engine: initialized successfully - sym options: 0x614 - pdb path: .;C:\Users\ASUS\.jdks\corretto-21.0.4\bin;C:\Windows\SYSTEM32;C:\Windows\WinSxS\amd64_microsoft.windows.common-controls_6595b64144ccf1df_6.0.19041.1110_none_60b5254171f9507e;C:\Users\ASUS\.jdks\corretto-21.0.4\bin\server;C:\Users\ASUS\.gradle\native\c067742578af261105cb4f569cf0c3c89f3d7b1fecec35dd04571415982c5e48\windows-amd64;C:\Users\ASUS\.gradle\native\100fb08df4bc3b14c8652ba06237920a3bd2aa13389f12d3474272988ae205f9\windows-amd64

VM Arguments:
jvm_args: --add-opens=java.base/java.lang=ALL-UNNAMED --add-opens=java.base/java.lang.invoke=ALL-UNNAMED --add-opens=java.base/java.util=ALL-UNNAMED --add-opens=java.prefs/java.util.prefs=ALL-UNNAMED --add-exports=jdk.compiler/com.sun.tools.javac.api=ALL-UNNAMED --add-exports=jdk.compiler/com.sun.tools.javac.util=ALL-UNNAMED --add-opens=java.base/java.util=ALL-UNNAMED --add-opens=java.prefs/java.util.prefs=ALL-UNNAMED --add-opens=java.base/java.nio.charset=ALL-UNNAMED --add-opens=java.base/java.net=ALL-UNNAMED --add-opens=java.base/java.util.concurrent.atomic=ALL-UNNAMED --add-opens=java.xml/javax.xml.namespace=ALL-UNNAMED -XX:MaxMetaspaceSize=384m -XX:+HeapDumpOnOutOfMemoryError -Xms256m -Xmx512m -Dfile.encoding=windows-1252 -Duser.country=US -Duser.language=en -Duser.variant -javaagent:C:\Users\ASUS\.gradle\wrapper\dists\gradle-8.11.1-bin\bpt9gzteqjrbo1mjrsomdt32c\gradle-8.11.1\lib\agents\gradle-instrumentation-agent-8.11.1.jar 
java_command: org.gradle.launcher.daemon.bootstrap.GradleDaemon 8.11.1
java_class_path (initial): C:\Users\ASUS\.gradle\wrapper\dists\gradle-8.11.1-bin\bpt9gzteqjrbo1mjrsomdt32c\gradle-8.11.1\lib\gradle-daemon-main-8.11.1.jar
Launcher Type: SUN_STANDARD

[Global flags]
     intx CICompilerCount                          = 3                                         {product} {ergonomic}
   size_t CompressedClassSpaceSize                 = 335544320                                 {product} {ergonomic}
     uint ConcGCThreads                            = 1                                         {product} {ergonomic}
     uint G1ConcRefinementThreads                  = 4                                         {product} {ergonomic}
   size_t G1HeapRegionSize                         = 1048576                                   {product} {ergonomic}
    uintx GCDrainStackTargetSize                   = 64                                        {product} {ergonomic}
     bool HeapDumpOnOutOfMemoryError               = true                                   {manageable} {command line}
   size_t InitialHeapSize                          = 268435456                                 {product} {command line}
   size_t MarkStackSize                            = 4194304                                   {product} {ergonomic}
   size_t MaxHeapSize                              = 536870912                                 {product} {command line}
   size_t MaxMetaspaceSize                         = 402653184                                 {product} {command line}
   size_t MaxNewSize                               = 321912832                                 {product} {ergonomic}
   size_t MinHeapDeltaBytes                        = 1048576                                   {product} {ergonomic}
   size_t MinHeapSize                              = 268435456                                 {product} {command line}
    uintx NonNMethodCodeHeapSize                   = 5832780                                {pd product} {ergonomic}
    uintx NonProfiledCodeHeapSize                  = 122912730                              {pd product} {ergonomic}
    uintx ProfiledCodeHeapSize                     = 122912730                              {pd product} {ergonomic}
    uintx ReservedCodeCacheSize                    = 251658240                              {pd product} {ergonomic}
     bool SegmentedCodeCache                       = true                                      {product} {ergonomic}
   size_t SoftMaxHeapSize                          = 536870912                              {manageable} {ergonomic}
     bool UseCompressedOops                        = true                           {product lp64_product} {ergonomic}
     bool UseG1GC                                  = true                                      {product} {ergonomic}
     bool UseLargePagesIndividualAllocation        = false                                  {pd product} {ergonomic}

Logging:
Log output configuration:
 #0: stdout all=warning uptime,level,tags foldmultilines=false
 #1: stderr all=off uptime,level,tags foldmultilines=false

Environment Variables:
PATH=C:\Windows\system32;C:\Windows;C:\Windows\System32\Wbem;C:\Windows\System32\WindowsPowerShell\v1.0\;C:\Windows\System32\OpenSSH\;C:\Program Files\Git\cmd;C:\Users\ASUS\AppData\Local\Microsoft\WindowsApps;;D:\WebStorm 2024.1.5\bin;
USERNAME=ASUS
OS=Windows_NT
PROCESSOR_IDENTIFIER=Intel64 Family 6 Model 158 Stepping 9, GenuineIntel
TMP=C:\Users\ASUS\AppData\Local\Temp
TEMP=C:\Users\ASUS\AppData\Local\Temp




Periodic native trim disabled

---------------  S Y S T E M  ---------------

OS:
 Windows 10 , 64 bit Build 19041 (10.0.19041.2546)
OS uptime: 0 days 10:38 hours

CPU: total 4 (initial active 4) (4 cores per cpu, 1 threads per core) family 6 model 158 stepping 9 microcode 0xb4, cx8, cmov, fxsr, mmx, 3dnowpref, sse, sse2, sse3, ssse3, sse4.1, sse4.2, popcnt, lzcnt, tsc, tscinvbit, avx, avx2, aes, erms, clmul, bmi1, bmi2, adx, fma, vzeroupper, clflush, clflushopt, rdtscp, f16c
Processor Information for all 4 processors :
  Max Mhz: 2501, Current Mhz: 2501, Mhz Limit: 2501

Memory: 4k page, system-wide physical 8076M (321M free)
TotalPageFile size 16542M (AvailPageFile size 5M)
current process WorkingSet (physical memory assigned to process): 398M, peak: 412M
current process commit charge ("private bytes"): 503M, peak: 505M

vm_info: OpenJDK 64-Bit Server VM (21.0.4+7-LTS) for windows-amd64 JRE (21.0.4+7-LTS), built on 2024-07-10T17:34:29Z by "Administrator" with MS VC++ 16.10 / 16.11 (VS2019)

END.
