#
# There is insufficient memory for the Java Runtime Environment to continue.
# Native memory allocation (malloc) failed to allocate 1204976 bytes. Error detail: Chunk::new
# Possible reasons:
#   The system is out of physical RAM or swap space
#   This process is running with CompressedOops enabled, and the Java Heap may be blocking the growth of the native heap
# Possible solutions:
#   Reduce memory load on the system
#   Increase physical memory or swap space
#   Check if swap backing store is full
#   Decrease Java heap size (-Xmx/-Xms)
#   Decrease number of Java threads
#   Decrease Java thread stack sizes (-Xss)
#   Set larger code cache with -XX:ReservedCodeCacheSize=
#   JVM is running with Unscaled Compressed Oops mode in which the Java heap is
#     placed in the first 4GB address space. The Java Heap base address is the
#     maximum limit for the native heap growth. Please use -XX:HeapBaseMinAddress
#     to set the Java Heap base and to place the Java Heap above 4GB virtual address.
# This output file may be truncated or incomplete.
#
#  Out of Memory Error (arena.cpp:168), pid=1540, tid=4092
#
# JRE version: OpenJDK Runtime Environment Corretto-21.0.4.7.1 (21.0.4+7) (build 21.0.4+7-LTS)
# Java VM: OpenJDK 64-Bit Server VM Corretto-21.0.4.7.1 (21.0.4+7-LTS, mixed mode, sharing, tiered, compressed oops, compressed class ptrs, g1 gc, windows-amd64)
# No core dump will be written. Minidumps are not enabled by default on client versions of Windows
#

---------------  S U M M A R Y ------------

Command Line: --add-opens=java.base/java.lang=ALL-UNNAMED --add-opens=java.base/java.lang.invoke=ALL-UNNAMED --add-opens=java.base/java.util=ALL-UNNAMED --add-opens=java.prefs/java.util.prefs=ALL-UNNAMED --add-exports=jdk.compiler/com.sun.tools.javac.api=ALL-UNNAMED --add-exports=jdk.compiler/com.sun.tools.javac.util=ALL-UNNAMED --add-opens=java.base/java.util=ALL-UNNAMED --add-opens=java.prefs/java.util.prefs=ALL-UNNAMED --add-opens=java.base/java.nio.charset=ALL-UNNAMED --add-opens=java.base/java.net=ALL-UNNAMED --add-opens=java.base/java.util.concurrent.atomic=ALL-UNNAMED --add-opens=java.xml/javax.xml.namespace=ALL-UNNAMED -XX:MaxMetaspaceSize=384m -XX:+HeapDumpOnOutOfMemoryError -Xms256m -Xmx512m -Dfile.encoding=windows-1252 -Duser.country=US -Duser.language=en -Duser.variant -javaagent:C:\Users\ASUS\.gradle\wrapper\dists\gradle-8.11.1-bin\bpt9gzteqjrbo1mjrsomdt32c\gradle-8.11.1\lib\agents\gradle-instrumentation-agent-8.11.1.jar org.gradle.launcher.daemon.bootstrap.GradleDaemon 8.11.1

Host: Intel(R) Core(TM) i5-7300HQ CPU @ 2.50GHz, 4 cores, 7G,  Windows 10 , 64 bit Build 19041 (10.0.19041.2546)
Time: Wed Feb 12 11:21:04 2025 SE Asia Standard Time elapsed time: 11318.459566 seconds (0d 3h 8m 38s)

---------------  T H R E A D  ---------------

Current thread (0x000001949ac5a240):  JavaThread "C2 CompilerThread0" daemon [_thread_in_native, id=4092, stack(0x0000004f0c100000,0x0000004f0c200000) (1024K)]


Current CompileTask:
C2:11318459 33639       4       com.sun.tools.javac.comp.Resolve::findType (512 bytes)

Stack: [0x0000004f0c100000,0x0000004f0c200000]
Native frames: (J=compiled Java code, j=interpreted, Vv=VM code, C=native code)
V  [jvm.dll+0x6d83d9]
V  [jvm.dll+0x8b39f3]
V  [jvm.dll+0x8b5d4e]
V  [jvm.dll+0x8b6433]
V  [jvm.dll+0x285816]
V  [jvm.dll+0xc608d]
V  [jvm.dll+0xc65c3]
V  [jvm.dll+0x3bf061]
V  [jvm.dll+0x38afb7]
V  [jvm.dll+0x38a42a]
V  [jvm.dll+0x24dcb2]
V  [jvm.dll+0x24d281]
V  [jvm.dll+0x1cbda4]
V  [jvm.dll+0x25c819]
V  [jvm.dll+0x25adcb]
V  [jvm.dll+0x3f9936]
V  [jvm.dll+0x85c768]
V  [jvm.dll+0x6d6bdd]
C  [ucrtbase.dll+0x21bb2]
C  [KERNEL32.DLL+0x17614]
C  [ntdll.dll+0x526a1]


---------------  P R O C E S S  ---------------

Threads class SMR info:
_java_thread_list=0x00000194b65d3f60, length=94, elements={
0x00000194fe452e60, 0x000001949ac52e30, 0x000001949ac558a0, 0x000001949ac57310,
0x000001949ac57ff0, 0x000001949ac58a50, 0x000001949ac594b0, 0x000001949ac5a240,
0x000001949ac601f0, 0x00000194b40d2ff0, 0x00000194b4254a70, 0x00000194b59af8f0,
0x00000194b5a6f400, 0x00000194b59d27d0, 0x00000194b59f5570, 0x00000194b59f3b30,
0x00000194b59f20f0, 0x00000194b7d0c9a0, 0x00000194b7d0fe20, 0x00000194b7d11860,
0x00000194b7d104b0, 0x00000194b7d12c10, 0x00000194b7d0e3e0, 0x00000194b7d0ea70,
0x00000194b787f050, 0x00000194b91852b0, 0x00000194b9184590, 0x00000194b9183870,
0x00000194ba467ec0, 0x00000194ba463000, 0x00000194ba4671a0, 0x00000194ba2cac70,
0x00000194ba2c9f50, 0x00000194ba2ca5e0, 0x00000194ba2c8ba0, 0x00000194ba2c9230,
0x00000194ba2c77f0, 0x00000194ba2c6440, 0x00000194ba2c7160, 0x00000194ba2cb300,
0x00000194ba2cb990, 0x00000194ba2cc020, 0x00000194ba2c6ad0, 0x00000194ba2bf970,
0x00000194ba2b89e0, 0x00000194ba2bec50, 0x00000194ba2c0000, 0x00000194ba2b9070,
0x00000194ba2b9700, 0x00000194ba2b9d90, 0x00000194ba2bb140, 0x00000194ba2baab0,
0x00000194ba2bb7d0, 0x00000194ba2bbe60, 0x00000194ba2bc4f0, 0x00000194ba2bcb80,
0x00000194ba2bf2e0, 0x00000194ba2bdf30, 0x00000194ba2bd210, 0x00000194ba2bd8a0,
0x00000194ba466b10, 0x00000194ba467830, 0x00000194ba468550, 0x00000194ba463690,
0x00000194ba465df0, 0x00000194ba4615c0, 0x00000194ba461c50, 0x00000194ba4622e0,
0x00000194ba462970, 0x00000194ba463d20, 0x00000194ba4643b0, 0x00000194ba464a40,
0x00000194ba4650d0, 0x00000194ba465760, 0x00000194ba466480, 0x00000194b787f6e0,
0x00000194b7883880, 0x00000194b7883f10, 0x00000194b7881120, 0x00000194b7885fe0,
0x00000194b787fd70, 0x00000194b78831f0, 0x00000194b7880400, 0x00000194b78817b0,
0x00000194b78845a0, 0x00000194b7884c30, 0x00000194b78852c0, 0x00000194b91817a0,
0x00000194b9185940, 0x00000194b9185fd0, 0x00000194b917f040, 0x00000194b917f6d0,
0x00000194b91803f0, 0x00000194b9a03590
}

Java Threads: ( => current thread )
  0x00000194fe452e60 JavaThread "main"                              [_thread_blocked, id=11988, stack(0x0000004f0b300000,0x0000004f0b400000) (1024K)]
  0x000001949ac52e30 JavaThread "Reference Handler"          daemon [_thread_blocked, id=5748, stack(0x0000004f0bb00000,0x0000004f0bc00000) (1024K)]
  0x000001949ac558a0 JavaThread "Finalizer"                  daemon [_thread_blocked, id=13692, stack(0x0000004f0bc00000,0x0000004f0bd00000) (1024K)]
  0x000001949ac57310 JavaThread "Signal Dispatcher"          daemon [_thread_blocked, id=7132, stack(0x0000004f0bd00000,0x0000004f0be00000) (1024K)]
  0x000001949ac57ff0 JavaThread "Attach Listener"            daemon [_thread_blocked, id=11964, stack(0x0000004f0be00000,0x0000004f0bf00000) (1024K)]
  0x000001949ac58a50 JavaThread "Service Thread"             daemon [_thread_blocked, id=13676, stack(0x0000004f0bf00000,0x0000004f0c000000) (1024K)]
  0x000001949ac594b0 JavaThread "Monitor Deflation Thread"   daemon [_thread_blocked, id=6676, stack(0x0000004f0c000000,0x0000004f0c100000) (1024K)]
=>0x000001949ac5a240 JavaThread "C2 CompilerThread0"         daemon [_thread_in_native, id=4092, stack(0x0000004f0c100000,0x0000004f0c200000) (1024K)]
  0x000001949ac601f0 JavaThread "C1 CompilerThread0"         daemon [_thread_blocked, id=12028, stack(0x0000004f0c200000,0x0000004f0c300000) (1024K)]
  0x00000194b40d2ff0 JavaThread "Common-Cleaner"             daemon [_thread_blocked, id=15228, stack(0x0000004f0c300000,0x0000004f0c400000) (1024K)]
  0x00000194b4254a70 JavaThread "Notification Thread"        daemon [_thread_blocked, id=9420, stack(0x0000004f0c500000,0x0000004f0c600000) (1024K)]
  0x00000194b59af8f0 JavaThread "Daemon health stats"               [_thread_blocked, id=2172, stack(0x0000004f0c900000,0x0000004f0ca00000) (1024K)]
  0x00000194b5a6f400 JavaThread "Incoming local TCP Connector on port 59085"        [_thread_in_native, id=8732, stack(0x0000004f0ca00000,0x0000004f0cb00000) (1024K)]
  0x00000194b59d27d0 JavaThread "Daemon periodic checks"            [_thread_blocked, id=14420, stack(0x0000004f0cb00000,0x0000004f0cc00000) (1024K)]
  0x00000194b59f5570 JavaThread "Cache worker for journal cache (C:\Users\ASUS\.gradle\caches\journal-1)"        [_thread_blocked, id=8804, stack(0x0000004f0d300000,0x0000004f0d400000) (1024K)]
  0x00000194b59f3b30 JavaThread "File lock request listener"        [_thread_in_native, id=11184, stack(0x0000004f0d400000,0x0000004f0d500000) (1024K)]
  0x00000194b59f20f0 JavaThread "Cache worker for file hash cache (C:\Users\ASUS\.gradle\caches\8.11.1\fileHashes)"        [_thread_blocked, id=9240, stack(0x0000004f0d500000,0x0000004f0d600000) (1024K)]
  0x00000194b7d0c9a0 JavaThread "Cache worker for file content cache (C:\Users\ASUS\.gradle\caches\8.11.1\fileContent)"        [_thread_blocked, id=8020, stack(0x0000004f0d600000,0x0000004f0d700000) (1024K)]
  0x00000194b7d0fe20 JavaThread "File watcher server"        daemon [_thread_in_native, id=6508, stack(0x0000004f0d900000,0x0000004f0da00000) (1024K)]
  0x00000194b7d11860 JavaThread "File watcher consumer"      daemon [_thread_blocked, id=3544, stack(0x0000004f0da00000,0x0000004f0db00000) (1024K)]
  0x00000194b7d104b0 JavaThread "jar transforms"                    [_thread_blocked, id=13524, stack(0x0000004f0de00000,0x0000004f0df00000) (1024K)]
  0x00000194b7d12c10 JavaThread "jar transforms Thread 2"           [_thread_blocked, id=14848, stack(0x0000004f0df00000,0x0000004f0e000000) (1024K)]
  0x00000194b7d0e3e0 JavaThread "jar transforms Thread 3"           [_thread_blocked, id=1772, stack(0x0000004f0e000000,0x0000004f0e100000) (1024K)]
  0x00000194b7d0ea70 JavaThread "jar transforms Thread 4"           [_thread_blocked, id=5896, stack(0x0000004f0e100000,0x0000004f0e200000) (1024K)]
  0x00000194b787f050 JavaThread "Memory manager"                    [_thread_blocked, id=7744, stack(0x0000004f0eb00000,0x0000004f0ec00000) (1024K)]
  0x00000194b91852b0 JavaThread "Cache worker for Java compile cache (C:\Users\ASUS\.gradle\caches\8.11.1\javaCompile)"        [_thread_blocked, id=13920, stack(0x0000004f11400000,0x0000004f11500000) (1024K)]
  0x00000194b9184590 JavaThread "Daemon Thread 53"                  [_thread_blocked, id=5584, stack(0x0000004f0b000000,0x0000004f0b100000) (1024K)]
  0x00000194b9183870 JavaThread "Daemon worker Thread 42"           [_thread_blocked, id=15320, stack(0x0000004f0c400000,0x0000004f0c500000) (1024K)]
  0x00000194ba467ec0 JavaThread "ForkJoinPool.commonPool-worker-75" daemon [_thread_blocked, id=10492, stack(0x0000004f0e400000,0x0000004f0e500000) (1024K)]
  0x00000194ba463000 JavaThread "ForkJoinPool.commonPool-worker-76" daemon [_thread_blocked, id=3516, stack(0x0000004f0e500000,0x0000004f0e600000) (1024K)]
  0x00000194ba4671a0 JavaThread "ForkJoinPool.commonPool-worker-77" daemon [_thread_blocked, id=15000, stack(0x0000004f0e600000,0x0000004f0e700000) (1024K)]
  0x00000194ba2cac70 JavaThread "included builds"                   [_thread_blocked, id=264, stack(0x0000004f10a00000,0x0000004f10b00000) (1024K)]
  0x00000194ba2c9f50 JavaThread "VFS cleanup Thread 42"             [_thread_blocked, id=15268, stack(0x0000004f0cc00000,0x0000004f0cd00000) (1024K)]
  0x00000194ba2ca5e0 JavaThread "Handler for socket connection from /127.0.0.1:59085 to /127.0.0.1:63067"        [_thread_in_native, id=3088, stack(0x0000004f0b100000,0x0000004f0b200000) (1024K)]
  0x00000194ba2c8ba0 JavaThread "Cancel handler"                    [_thread_blocked, id=8576, stack(0x0000004f0b200000,0x0000004f0b300000) (1024K)]
  0x00000194ba2c9230 JavaThread "Asynchronous log dispatcher for DefaultDaemonConnection: socket connection from /127.0.0.1:59085 to /127.0.0.1:63067"        [_thread_blocked, id=11412, stack(0x0000004f0cd00000,0x0000004f0ce00000) (1024K)]
  0x00000194ba2c77f0 JavaThread "Stdin handler"                     [_thread_blocked, id=1812, stack(0x0000004f0ce00000,0x0000004f0cf00000) (1024K)]
  0x00000194ba2c6440 JavaThread "Daemon client event forwarder"        [_thread_blocked, id=12112, stack(0x0000004f0cf00000,0x0000004f0d000000) (1024K)]
  0x00000194ba2c7160 JavaThread "Cache worker for file hash cache (D:\codegym\bat_dong_san\case_study_module_4\case_study\case_study\.gradle\8.11.1\fileHashes)"        [_thread_blocked, id=10044, stack(0x0000004f0d000000,0x0000004f0d100000) (1024K)]
  0x00000194ba2cb300 JavaThread "Cache worker for Build Output Cleanup Cache (D:\codegym\bat_dong_san\case_study_module_4\case_study\case_study\.gradle\buildOutputCleanup)"        [_thread_blocked, id=11860, stack(0x0000004f0d100000,0x0000004f0d200000) (1024K)]
  0x00000194ba2cb990 JavaThread "Daemon Thread 54"                  [_thread_blocked, id=4364, stack(0x0000004f0d200000,0x0000004f0d300000) (1024K)]
  0x00000194ba2cc020 JavaThread "Cache worker for checksums cache (D:\codegym\bat_dong_san\case_study_module_4\case_study\case_study\.gradle\8.11.1\checksums)"        [_thread_blocked, id=13488, stack(0x0000004f0d800000,0x0000004f0d900000) (1024K)]
  0x00000194ba2c6ad0 JavaThread "Cache worker for cache directory md-rule (C:\Users\ASUS\.gradle\caches\8.11.1\md-rule)"        [_thread_blocked, id=11996, stack(0x0000004f0db00000,0x0000004f0dc00000) (1024K)]
  0x00000194ba2bf970 JavaThread "Cache worker for cache directory md-supplier (C:\Users\ASUS\.gradle\caches\8.11.1\md-supplier)"        [_thread_blocked, id=6448, stack(0x0000004f0dc00000,0x0000004f0dd00000) (1024K)]
  0x00000194ba2b89e0 JavaThread "Unconstrained build operations"        [_thread_blocked, id=1712, stack(0x0000004f0dd00000,0x0000004f0de00000) (1024K)]
  0x00000194ba2bec50 JavaThread "Unconstrained build operations Thread 2"        [_thread_blocked, id=12848, stack(0x0000004f0e200000,0x0000004f0e300000) (1024K)]
  0x00000194ba2c0000 JavaThread "Unconstrained build operations Thread 3"        [_thread_blocked, id=9008, stack(0x0000004f0e300000,0x0000004f0e400000) (1024K)]
  0x00000194ba2b9070 JavaThread "Unconstrained build operations Thread 4"        [_thread_blocked, id=7648, stack(0x0000004f0e700000,0x0000004f0e800000) (1024K)]
  0x00000194ba2b9700 JavaThread "Unconstrained build operations Thread 5"        [_thread_blocked, id=1536, stack(0x0000004f0e800000,0x0000004f0e900000) (1024K)]
  0x00000194ba2b9d90 JavaThread "Unconstrained build operations Thread 6"        [_thread_blocked, id=8148, stack(0x0000004f0e900000,0x0000004f0ea00000) (1024K)]
  0x00000194ba2bb140 JavaThread "Unconstrained build operations Thread 7"        [_thread_blocked, id=5712, stack(0x0000004f0ea00000,0x0000004f0eb00000) (1024K)]
  0x00000194ba2baab0 JavaThread "Unconstrained build operations Thread 8"        [_thread_blocked, id=13492, stack(0x0000004f0ec00000,0x0000004f0ed00000) (1024K)]
  0x00000194ba2bb7d0 JavaThread "Unconstrained build operations Thread 9"        [_thread_blocked, id=14472, stack(0x0000004f0ed00000,0x0000004f0ee00000) (1024K)]
  0x00000194ba2bbe60 JavaThread "Unconstrained build operations Thread 10"        [_thread_blocked, id=5324, stack(0x0000004f0ee00000,0x0000004f0ef00000) (1024K)]
  0x00000194ba2bc4f0 JavaThread "Unconstrained build operations Thread 11"        [_thread_blocked, id=1480, stack(0x0000004f0ef00000,0x0000004f0f000000) (1024K)]
  0x00000194ba2bcb80 JavaThread "Unconstrained build operations Thread 12"        [_thread_blocked, id=13704, stack(0x0000004f0f000000,0x0000004f0f100000) (1024K)]
  0x00000194ba2bf2e0 JavaThread "Unconstrained build operations Thread 13"        [_thread_blocked, id=12940, stack(0x0000004f0f100000,0x0000004f0f200000) (1024K)]
  0x00000194ba2bdf30 JavaThread "Unconstrained build operations Thread 14"        [_thread_blocked, id=14804, stack(0x0000004f0f200000,0x0000004f0f300000) (1024K)]
  0x00000194ba2bd210 JavaThread "Unconstrained build operations Thread 15"        [_thread_blocked, id=13656, stack(0x0000004f0f300000,0x0000004f0f400000) (1024K)]
  0x00000194ba2bd8a0 JavaThread "Unconstrained build operations Thread 16"        [_thread_blocked, id=2656, stack(0x0000004f0f400000,0x0000004f0f500000) (1024K)]
  0x00000194ba466b10 JavaThread "Unconstrained build operations Thread 17"        [_thread_blocked, id=14280, stack(0x0000004f0f500000,0x0000004f0f600000) (1024K)]
  0x00000194ba467830 JavaThread "Unconstrained build operations Thread 18"        [_thread_blocked, id=736, stack(0x0000004f0f600000,0x0000004f0f700000) (1024K)]
  0x00000194ba468550 JavaThread "Unconstrained build operations Thread 19"        [_thread_blocked, id=9068, stack(0x0000004f0f700000,0x0000004f0f800000) (1024K)]
  0x00000194ba463690 JavaThread "Unconstrained build operations Thread 20"        [_thread_blocked, id=14992, stack(0x0000004f0f800000,0x0000004f0f900000) (1024K)]
  0x00000194ba465df0 JavaThread "Unconstrained build operations Thread 21"        [_thread_blocked, id=14828, stack(0x0000004f0f900000,0x0000004f0fa00000) (1024K)]
  0x00000194ba4615c0 JavaThread "Unconstrained build operations Thread 22"        [_thread_blocked, id=4616, stack(0x0000004f0fa00000,0x0000004f0fb00000) (1024K)]
  0x00000194ba461c50 JavaThread "Unconstrained build operations Thread 23"        [_thread_blocked, id=14252, stack(0x0000004f0fb00000,0x0000004f0fc00000) (1024K)]
  0x00000194ba4622e0 JavaThread "Unconstrained build operations Thread 24"        [_thread_blocked, id=14484, stack(0x0000004f0fc00000,0x0000004f0fd00000) (1024K)]
  0x00000194ba462970 JavaThread "Unconstrained build operations Thread 25"        [_thread_blocked, id=14944, stack(0x0000004f0fd00000,0x0000004f0fe00000) (1024K)]
  0x00000194ba463d20 JavaThread "Unconstrained build operations Thread 26"        [_thread_blocked, id=3376, stack(0x0000004f0fe00000,0x0000004f0ff00000) (1024K)]
  0x00000194ba4643b0 JavaThread "Unconstrained build operations Thread 27"        [_thread_blocked, id=12104, stack(0x0000004f0ff00000,0x0000004f10000000) (1024K)]
  0x00000194ba464a40 JavaThread "Unconstrained build operations Thread 28"        [_thread_blocked, id=12496, stack(0x0000004f10000000,0x0000004f10100000) (1024K)]
  0x00000194ba4650d0 JavaThread "Unconstrained build operations Thread 29"        [_thread_blocked, id=11792, stack(0x0000004f10100000,0x0000004f10200000) (1024K)]
  0x00000194ba465760 JavaThread "Unconstrained build operations Thread 30"        [_thread_blocked, id=10944, stack(0x0000004f10200000,0x0000004f10300000) (1024K)]
  0x00000194ba466480 JavaThread "Unconstrained build operations Thread 31"        [_thread_blocked, id=13556, stack(0x0000004f10300000,0x0000004f10400000) (1024K)]
  0x00000194b787f6e0 JavaThread "Unconstrained build operations Thread 32"        [_thread_blocked, id=12688, stack(0x0000004f10400000,0x0000004f10500000) (1024K)]
  0x00000194b7883880 JavaThread "Unconstrained build operations Thread 33"        [_thread_blocked, id=5040, stack(0x0000004f10500000,0x0000004f10600000) (1024K)]
  0x00000194b7883f10 JavaThread "Unconstrained build operations Thread 34"        [_thread_blocked, id=3440, stack(0x0000004f10600000,0x0000004f10700000) (1024K)]
  0x00000194b7881120 JavaThread "Unconstrained build operations Thread 35"        [_thread_blocked, id=8144, stack(0x0000004f10700000,0x0000004f10800000) (1024K)]
  0x00000194b7885fe0 JavaThread "Unconstrained build operations Thread 36"        [_thread_blocked, id=5792, stack(0x0000004f10800000,0x0000004f10900000) (1024K)]
  0x00000194b787fd70 JavaThread "Unconstrained build operations Thread 37"        [_thread_blocked, id=15064, stack(0x0000004f10900000,0x0000004f10a00000) (1024K)]
  0x00000194b78831f0 JavaThread "Unconstrained build operations Thread 38"        [_thread_blocked, id=4776, stack(0x0000004f10b00000,0x0000004f10c00000) (1024K)]
  0x00000194b7880400 JavaThread "Unconstrained build operations Thread 39"        [_thread_blocked, id=2628, stack(0x0000004f10c00000,0x0000004f10d00000) (1024K)]
  0x00000194b78817b0 JavaThread "Unconstrained build operations Thread 40"        [_thread_blocked, id=6112, stack(0x0000004f10d00000,0x0000004f10e00000) (1024K)]
  0x00000194b78845a0 JavaThread "included builds"                   [_thread_blocked, id=15204, stack(0x0000004f0d700000,0x0000004f0d800000) (1024K)]
  0x00000194b7884c30 JavaThread "Execution worker"                  [_thread_blocked, id=11940, stack(0x0000004f10e00000,0x0000004f10f00000) (1024K)]
  0x00000194b78852c0 JavaThread "Execution worker Thread 2"         [_thread_blocked, id=12644, stack(0x0000004f10f00000,0x0000004f11000000) (1024K)]
  0x00000194b91817a0 JavaThread "Execution worker Thread 3"         [_thread_blocked, id=13428, stack(0x0000004f11000000,0x0000004f11100000) (1024K)]
  0x00000194b9185940 JavaThread "Cache worker for execution history cache (D:\codegym\bat_dong_san\case_study_module_4\case_study\case_study\.gradle\8.11.1\executionHistory)"        [_thread_blocked, id=11224, stack(0x0000004f11100000,0x0000004f11200000) (1024K)]
  0x00000194b9185fd0 JavaThread "Build operations"                  [_thread_blocked, id=14872, stack(0x0000004f11200000,0x0000004f11300000) (1024K)]
  0x00000194b917f040 JavaThread "Build operations Thread 2"         [_thread_blocked, id=9948, stack(0x0000004f11300000,0x0000004f11400000) (1024K)]
  0x00000194b917f6d0 JavaThread "Build operations Thread 3"         [_thread_blocked, id=3232, stack(0x0000004f11500000,0x0000004f11600000) (1024K)]
  0x00000194b91803f0 JavaThread "File lock release action executor Thread 4"        [_thread_blocked, id=2684, stack(0x0000004f11600000,0x0000004f11700000) (1024K)]
  0x00000194b9a03590 JavaThread "C2 CompilerThread1"         daemon [_thread_blocked, id=6832, stack(0x0000004f11700000,0x0000004f11800000) (1024K)]
Total: 94

Other Threads:
  0x000001949ac339b0 VMThread "VM Thread"                           [id=6564, stack(0x0000004f0ba00000,0x0000004f0bb00000) (1024K)]
  0x000001949ac1a450 WatcherThread "VM Periodic Task Thread"        [id=5952, stack(0x0000004f0b900000,0x0000004f0ba00000) (1024K)]
  0x00000194fff22020 WorkerThread "GC Thread#0"                     [id=14032, stack(0x0000004f0b400000,0x0000004f0b500000) (1024K)]
  0x00000194b42f1d10 WorkerThread "GC Thread#1"                     [id=9064, stack(0x0000004f0c600000,0x0000004f0c700000) (1024K)]
  0x00000194b4307680 WorkerThread "GC Thread#2"                     [id=14592, stack(0x0000004f0c700000,0x0000004f0c800000) (1024K)]
  0x00000194b4307a20 WorkerThread "GC Thread#3"                     [id=14672, stack(0x0000004f0c800000,0x0000004f0c900000) (1024K)]
  0x00000194fff26db0 ConcurrentGCThread "G1 Main Marker"            [id=244, stack(0x0000004f0b500000,0x0000004f0b600000) (1024K)]
  0x00000194fff27810 WorkerThread "G1 Conc#0"                       [id=15140, stack(0x0000004f0b600000,0x0000004f0b700000) (1024K)]
  0x000001949aaed580 ConcurrentGCThread "G1 Refine#0"               [id=1212, stack(0x0000004f0b700000,0x0000004f0b800000) (1024K)]
  0x000001949aaeedb0 ConcurrentGCThread "G1 Service"                [id=14444, stack(0x0000004f0b800000,0x0000004f0b900000) (1024K)]
Total: 10

Threads with active compile tasks:
C2 CompilerThread0  11318494 33639       4       com.sun.tools.javac.comp.Resolve::findType (512 bytes)
Total: 1

VM state: not at safepoint (normal execution)

VM Mutex/Monitor currently owned by a thread: None

Heap address: 0x00000000e0000000, size: 512 MB, Compressed Oops mode: 32-bit

CDS archive(s) mapped at: [0x000001949b000000-0x000001949bc90000-0x000001949bc90000), size 13172736, SharedBaseAddress: 0x000001949b000000, ArchiveRelocationMode: 1.
Compressed class space mapped at: 0x000001949c000000-0x00000194b0000000, reserved size: 335544320
Narrow klass base: 0x000001949b000000, Narrow klass shift: 0, Narrow klass range: 0x100000000

GC Precious Log:
 CardTable entry size: 512
 Card Set container configuration: InlinePtr #cards 5 size 8 Array Of Cards #cards 12 size 40 Howl #buckets 4 coarsen threshold 1843 Howl Bitmap #cards 512 size 80 coarsen threshold 460 Card regions per heap region 1 cards per card region 2048
 CPUs: 4 total, 4 available
 Memory: 8076M
 Large Page Support: Disabled
 NUMA Support: Disabled
 Compressed Oops: Enabled (32-bit)
 Heap Region Size: 1M
 Heap Min Capacity: 256M
 Heap Initial Capacity: 256M
 Heap Max Capacity: 512M
 Pre-touch: Disabled
 Parallel Workers: 4
 Concurrent Workers: 1
 Concurrent Refinement Workers: 4
 Periodic GC: Disabled

Heap:
 garbage-first heap   total 262144K, used 98152K [0x00000000e0000000, 0x0000000100000000)
  region size 1024K, 28 young (28672K), 20 survivors (20480K)
 Metaspace       used 82733K, committed 84736K, reserved 458752K
  class space    used 10461K, committed 11648K, reserved 327680K

Heap Regions: E=young(eden), S=young(survivor), O=old, HS=humongous(starts), HC=humongous(continues), CS=collection set, F=free, TAMS=top-at-mark-start, PB=parsable bottom
|   0|0x00000000e0000000, 0x00000000e0100000, 0x00000000e0100000|100%|HS|  |TAMS 0x00000000e0000000| PB 0x00000000e0000000| Complete 
|   1|0x00000000e0100000, 0x00000000e0200000, 0x00000000e0200000|100%|HC|  |TAMS 0x00000000e0100000| PB 0x00000000e0100000| Complete 
|   2|0x00000000e0200000, 0x00000000e0300000, 0x00000000e0300000|100%|HC|  |TAMS 0x00000000e0200000| PB 0x00000000e0200000| Complete 
|   3|0x00000000e0300000, 0x00000000e0400000, 0x00000000e0400000|100%| O|  |TAMS 0x00000000e0300000| PB 0x00000000e0300000| Untracked 
|   4|0x00000000e0400000, 0x00000000e0500000, 0x00000000e0500000|100%| O|  |TAMS 0x00000000e0400000| PB 0x00000000e0400000| Untracked 
|   5|0x00000000e0500000, 0x00000000e0600000, 0x00000000e0600000|100%| O|  |TAMS 0x00000000e0500000| PB 0x00000000e0500000| Untracked 
|   6|0x00000000e0600000, 0x00000000e0700000, 0x00000000e0700000|100%|HS|  |TAMS 0x00000000e0600000| PB 0x00000000e0600000| Complete 
|   7|0x00000000e0700000, 0x00000000e0800000, 0x00000000e0800000|100%| O|  |TAMS 0x00000000e0700000| PB 0x00000000e0700000| Untracked 
|   8|0x00000000e0800000, 0x00000000e0900000, 0x00000000e0900000|100%| O|  |TAMS 0x00000000e0800000| PB 0x00000000e0800000| Untracked 
|   9|0x00000000e0900000, 0x00000000e0a00000, 0x00000000e0a00000|100%| O|  |TAMS 0x00000000e0900000| PB 0x00000000e0900000| Untracked 
|  10|0x00000000e0a00000, 0x00000000e0b00000, 0x00000000e0b00000|100%| O|  |TAMS 0x00000000e0a00000| PB 0x00000000e0a00000| Untracked 
|  11|0x00000000e0b00000, 0x00000000e0c00000, 0x00000000e0c00000|100%| O|  |TAMS 0x00000000e0b00000| PB 0x00000000e0b00000| Untracked 
|  12|0x00000000e0c00000, 0x00000000e0d00000, 0x00000000e0d00000|100%| O|  |TAMS 0x00000000e0c00000| PB 0x00000000e0c00000| Untracked 
|  13|0x00000000e0d00000, 0x00000000e0e00000, 0x00000000e0e00000|100%| O|  |TAMS 0x00000000e0d00000| PB 0x00000000e0d00000| Untracked 
|  14|0x00000000e0e00000, 0x00000000e0f00000, 0x00000000e0f00000|100%| O|  |TAMS 0x00000000e0e00000| PB 0x00000000e0e00000| Untracked 
|  15|0x00000000e0f00000, 0x00000000e1000000, 0x00000000e1000000|100%| O|  |TAMS 0x00000000e0f00000| PB 0x00000000e0f00000| Untracked 
|  16|0x00000000e1000000, 0x00000000e1100000, 0x00000000e1100000|100%| O|  |TAMS 0x00000000e1000000| PB 0x00000000e1000000| Untracked 
|  17|0x00000000e1100000, 0x00000000e1200000, 0x00000000e1200000|100%| O|  |TAMS 0x00000000e1100000| PB 0x00000000e1100000| Untracked 
|  18|0x00000000e1200000, 0x00000000e1300000, 0x00000000e1300000|100%| O|  |TAMS 0x00000000e1200000| PB 0x00000000e1200000| Untracked 
|  19|0x00000000e1300000, 0x00000000e1400000, 0x00000000e1400000|100%| O|  |TAMS 0x00000000e1300000| PB 0x00000000e1300000| Untracked 
|  20|0x00000000e1400000, 0x00000000e1500000, 0x00000000e1500000|100%| O|  |TAMS 0x00000000e1400000| PB 0x00000000e1400000| Untracked 
|  21|0x00000000e1500000, 0x00000000e1600000, 0x00000000e1600000|100%| O|  |TAMS 0x00000000e1500000| PB 0x00000000e1500000| Untracked 
|  22|0x00000000e1600000, 0x00000000e1700000, 0x00000000e1700000|100%| O|  |TAMS 0x00000000e1600000| PB 0x00000000e1600000| Untracked 
|  23|0x00000000e1700000, 0x00000000e1800000, 0x00000000e1800000|100%| O|  |TAMS 0x00000000e1700000| PB 0x00000000e1700000| Untracked 
|  24|0x00000000e1800000, 0x00000000e1900000, 0x00000000e1900000|100%| O|  |TAMS 0x00000000e1800000| PB 0x00000000e1800000| Untracked 
|  25|0x00000000e1900000, 0x00000000e1a00000, 0x00000000e1a00000|100%| O|  |TAMS 0x00000000e1900000| PB 0x00000000e1900000| Untracked 
|  26|0x00000000e1a00000, 0x00000000e1b00000, 0x00000000e1b00000|100%| O|  |TAMS 0x00000000e1a00000| PB 0x00000000e1a00000| Untracked 
|  27|0x00000000e1b00000, 0x00000000e1c00000, 0x00000000e1c00000|100%| O|  |TAMS 0x00000000e1b00000| PB 0x00000000e1b00000| Untracked 
|  28|0x00000000e1c00000, 0x00000000e1d00000, 0x00000000e1d00000|100%| O|  |TAMS 0x00000000e1c00000| PB 0x00000000e1c00000| Untracked 
|  29|0x00000000e1d00000, 0x00000000e1e00000, 0x00000000e1e00000|100%| O|  |TAMS 0x00000000e1d00000| PB 0x00000000e1d00000| Untracked 
|  30|0x00000000e1e00000, 0x00000000e1f00000, 0x00000000e1f00000|100%| O|  |TAMS 0x00000000e1e00000| PB 0x00000000e1e00000| Untracked 
|  31|0x00000000e1f00000, 0x00000000e2000000, 0x00000000e2000000|100%| O|  |TAMS 0x00000000e1f00000| PB 0x00000000e1f00000| Untracked 
|  32|0x00000000e2000000, 0x00000000e2000000, 0x00000000e2100000|  0%| F|  |TAMS 0x00000000e2000000| PB 0x00000000e2000000| Untracked 
|  33|0x00000000e2100000, 0x00000000e2200000, 0x00000000e2200000|100%| O|  |TAMS 0x00000000e2100000| PB 0x00000000e2100000| Untracked 
|  34|0x00000000e2200000, 0x00000000e2300000, 0x00000000e2300000|100%| O|  |TAMS 0x00000000e2200000| PB 0x00000000e2200000| Untracked 
|  35|0x00000000e2300000, 0x00000000e2400000, 0x00000000e2400000|100%| O|  |TAMS 0x00000000e2300000| PB 0x00000000e2300000| Untracked 
|  36|0x00000000e2400000, 0x00000000e2500000, 0x00000000e2500000|100%| O|  |TAMS 0x00000000e2400000| PB 0x00000000e2400000| Untracked 
|  37|0x00000000e2500000, 0x00000000e2600000, 0x00000000e2600000|100%| O|  |TAMS 0x00000000e2500000| PB 0x00000000e2500000| Untracked 
|  38|0x00000000e2600000, 0x00000000e2700000, 0x00000000e2700000|100%| O|  |TAMS 0x00000000e2600000| PB 0x00000000e2600000| Untracked 
|  39|0x00000000e2700000, 0x00000000e2800000, 0x00000000e2800000|100%| O|  |TAMS 0x00000000e2700000| PB 0x00000000e2700000| Untracked 
|  40|0x00000000e2800000, 0x00000000e2900000, 0x00000000e2900000|100%| O|  |TAMS 0x00000000e2800000| PB 0x00000000e2800000| Untracked 
|  41|0x00000000e2900000, 0x00000000e2a00000, 0x00000000e2a00000|100%| O|  |TAMS 0x00000000e2900000| PB 0x00000000e2900000| Untracked 
|  42|0x00000000e2a00000, 0x00000000e2b00000, 0x00000000e2b00000|100%| O|  |TAMS 0x00000000e2a00000| PB 0x00000000e2a00000| Untracked 
|  43|0x00000000e2b00000, 0x00000000e2c00000, 0x00000000e2c00000|100%|HS|  |TAMS 0x00000000e2b00000| PB 0x00000000e2b00000| Complete 
|  44|0x00000000e2c00000, 0x00000000e2d00000, 0x00000000e2d00000|100%| O|  |TAMS 0x00000000e2c00000| PB 0x00000000e2c00000| Untracked 
|  45|0x00000000e2d00000, 0x00000000e2e00000, 0x00000000e2e00000|100%| O|  |TAMS 0x00000000e2d00000| PB 0x00000000e2d00000| Untracked 
|  46|0x00000000e2e00000, 0x00000000e2f00000, 0x00000000e2f00000|100%| O|  |TAMS 0x00000000e2e00000| PB 0x00000000e2e00000| Untracked 
|  47|0x00000000e2f00000, 0x00000000e3000000, 0x00000000e3000000|100%| O|  |TAMS 0x00000000e2f00000| PB 0x00000000e2f00000| Untracked 
|  48|0x00000000e3000000, 0x00000000e3100000, 0x00000000e3100000|100%| O|  |TAMS 0x00000000e3000000| PB 0x00000000e3000000| Untracked 
|  49|0x00000000e3100000, 0x00000000e3200000, 0x00000000e3200000|100%| O|  |TAMS 0x00000000e3100000| PB 0x00000000e3100000| Untracked 
|  50|0x00000000e3200000, 0x00000000e3300000, 0x00000000e3300000|100%| O|  |TAMS 0x00000000e3200000| PB 0x00000000e3200000| Untracked 
|  51|0x00000000e3300000, 0x00000000e3400000, 0x00000000e3400000|100%| O|  |TAMS 0x00000000e3300000| PB 0x00000000e3300000| Untracked 
|  52|0x00000000e3400000, 0x00000000e3500000, 0x00000000e3500000|100%| O|  |TAMS 0x00000000e3400000| PB 0x00000000e3400000| Untracked 
|  53|0x00000000e3500000, 0x00000000e3600000, 0x00000000e3600000|100%| O|  |TAMS 0x00000000e3500000| PB 0x00000000e3500000| Untracked 
|  54|0x00000000e3600000, 0x00000000e3700000, 0x00000000e3700000|100%| O|  |TAMS 0x00000000e3600000| PB 0x00000000e3600000| Untracked 
|  55|0x00000000e3700000, 0x00000000e3800000, 0x00000000e3800000|100%| O|  |TAMS 0x00000000e3700000| PB 0x00000000e3700000| Untracked 
|  56|0x00000000e3800000, 0x00000000e3900000, 0x00000000e3900000|100%| O|  |TAMS 0x00000000e3800000| PB 0x00000000e3800000| Untracked 
|  57|0x00000000e3900000, 0x00000000e3a00000, 0x00000000e3a00000|100%| O|  |TAMS 0x00000000e3900000| PB 0x00000000e3900000| Untracked 
|  58|0x00000000e3a00000, 0x00000000e3b00000, 0x00000000e3b00000|100%| O|  |TAMS 0x00000000e3a00000| PB 0x00000000e3a00000| Untracked 
|  59|0x00000000e3b00000, 0x00000000e3c00000, 0x00000000e3c00000|100%| O|  |TAMS 0x00000000e3b00000| PB 0x00000000e3b00000| Untracked 
|  60|0x00000000e3c00000, 0x00000000e3d00000, 0x00000000e3d00000|100%| O|  |TAMS 0x00000000e3c00000| PB 0x00000000e3c00000| Untracked 
|  61|0x00000000e3d00000, 0x00000000e3e00000, 0x00000000e3e00000|100%| O|  |TAMS 0x00000000e3d00000| PB 0x00000000e3d00000| Untracked 
|  62|0x00000000e3e00000, 0x00000000e3f00000, 0x00000000e3f00000|100%| O|  |TAMS 0x00000000e3e00000| PB 0x00000000e3e00000| Untracked 
|  63|0x00000000e3f00000, 0x00000000e4000000, 0x00000000e4000000|100%| O|  |TAMS 0x00000000e3f00000| PB 0x00000000e3f00000| Untracked 
|  64|0x00000000e4000000, 0x00000000e4100000, 0x00000000e4100000|100%| O|  |TAMS 0x00000000e4000000| PB 0x00000000e4000000| Untracked 
|  65|0x00000000e4100000, 0x00000000e4200000, 0x00000000e4200000|100%| O|  |TAMS 0x00000000e4100000| PB 0x00000000e4100000| Untracked 
|  66|0x00000000e4200000, 0x00000000e4300000, 0x00000000e4300000|100%| O|  |TAMS 0x00000000e4200000| PB 0x00000000e4200000| Untracked 
|  67|0x00000000e4300000, 0x00000000e43da128, 0x00000000e4400000| 85%| O|  |TAMS 0x00000000e4300000| PB 0x00000000e4300000| Untracked 
|  68|0x00000000e4400000, 0x00000000e4400000, 0x00000000e4500000|  0%| F|  |TAMS 0x00000000e4400000| PB 0x00000000e4400000| Untracked 
|  69|0x00000000e4500000, 0x00000000e4500000, 0x00000000e4600000|  0%| F|  |TAMS 0x00000000e4500000| PB 0x00000000e4500000| Untracked 
|  70|0x00000000e4600000, 0x00000000e4600000, 0x00000000e4700000|  0%| F|  |TAMS 0x00000000e4600000| PB 0x00000000e4600000| Untracked 
|  71|0x00000000e4700000, 0x00000000e4700000, 0x00000000e4800000|  0%| F|  |TAMS 0x00000000e4700000| PB 0x00000000e4700000| Untracked 
|  72|0x00000000e4800000, 0x00000000e4800000, 0x00000000e4900000|  0%| F|  |TAMS 0x00000000e4800000| PB 0x00000000e4800000| Untracked 
|  73|0x00000000e4900000, 0x00000000e4900000, 0x00000000e4a00000|  0%| F|  |TAMS 0x00000000e4900000| PB 0x00000000e4900000| Untracked 
|  74|0x00000000e4a00000, 0x00000000e4b00000, 0x00000000e4b00000|100%| O|Cm|TAMS 0x00000000e4a00000| PB 0x00000000e4a00000| Complete 
|  75|0x00000000e4b00000, 0x00000000e4b00000, 0x00000000e4c00000|  0%| F|  |TAMS 0x00000000e4b00000| PB 0x00000000e4b00000| Untracked 
|  76|0x00000000e4c00000, 0x00000000e4c00000, 0x00000000e4d00000|  0%| F|  |TAMS 0x00000000e4c00000| PB 0x00000000e4c00000| Untracked 
|  77|0x00000000e4d00000, 0x00000000e4d00000, 0x00000000e4e00000|  0%| F|  |TAMS 0x00000000e4d00000| PB 0x00000000e4d00000| Untracked 
|  78|0x00000000e4e00000, 0x00000000e4e00000, 0x00000000e4f00000|  0%| F|  |TAMS 0x00000000e4e00000| PB 0x00000000e4e00000| Untracked 
|  79|0x00000000e4f00000, 0x00000000e5000000, 0x00000000e5000000|100%| O|  |TAMS 0x00000000e4f00000| PB 0x00000000e4f00000| Untracked 
|  80|0x00000000e5000000, 0x00000000e5000000, 0x00000000e5100000|  0%| F|  |TAMS 0x00000000e5000000| PB 0x00000000e5000000| Untracked 
|  81|0x00000000e5100000, 0x00000000e5100000, 0x00000000e5200000|  0%| F|  |TAMS 0x00000000e5100000| PB 0x00000000e5100000| Untracked 
|  82|0x00000000e5200000, 0x00000000e5200000, 0x00000000e5300000|  0%| F|  |TAMS 0x00000000e5200000| PB 0x00000000e5200000| Untracked 
|  83|0x00000000e5300000, 0x00000000e5400000, 0x00000000e5400000|100%| S|CS|TAMS 0x00000000e5300000| PB 0x00000000e5300000| Complete 
|  84|0x00000000e5400000, 0x00000000e5500000, 0x00000000e5500000|100%| S|CS|TAMS 0x00000000e5400000| PB 0x00000000e5400000| Complete 
|  85|0x00000000e5500000, 0x00000000e5600000, 0x00000000e5600000|100%| S|CS|TAMS 0x00000000e5500000| PB 0x00000000e5500000| Complete 
|  86|0x00000000e5600000, 0x00000000e5700000, 0x00000000e5700000|100%| S|CS|TAMS 0x00000000e5600000| PB 0x00000000e5600000| Complete 
|  87|0x00000000e5700000, 0x00000000e5800000, 0x00000000e5800000|100%| S|CS|TAMS 0x00000000e5700000| PB 0x00000000e5700000| Complete 
|  88|0x00000000e5800000, 0x00000000e5900000, 0x00000000e5900000|100%| S|CS|TAMS 0x00000000e5800000| PB 0x00000000e5800000| Complete 
|  89|0x00000000e5900000, 0x00000000e5a00000, 0x00000000e5a00000|100%| S|CS|TAMS 0x00000000e5900000| PB 0x00000000e5900000| Complete 
|  90|0x00000000e5a00000, 0x00000000e5b00000, 0x00000000e5b00000|100%| S|CS|TAMS 0x00000000e5a00000| PB 0x00000000e5a00000| Complete 
|  91|0x00000000e5b00000, 0x00000000e5c00000, 0x00000000e5c00000|100%| S|CS|TAMS 0x00000000e5b00000| PB 0x00000000e5b00000| Complete 
|  92|0x00000000e5c00000, 0x00000000e5d00000, 0x00000000e5d00000|100%| S|CS|TAMS 0x00000000e5c00000| PB 0x00000000e5c00000| Complete 
|  93|0x00000000e5d00000, 0x00000000e5e00000, 0x00000000e5e00000|100%| S|CS|TAMS 0x00000000e5d00000| PB 0x00000000e5d00000| Complete 
|  94|0x00000000e5e00000, 0x00000000e5f00000, 0x00000000e5f00000|100%| S|CS|TAMS 0x00000000e5e00000| PB 0x00000000e5e00000| Complete 
|  95|0x00000000e5f00000, 0x00000000e6000000, 0x00000000e6000000|100%| S|CS|TAMS 0x00000000e5f00000| PB 0x00000000e5f00000| Complete 
|  96|0x00000000e6000000, 0x00000000e6100000, 0x00000000e6100000|100%| S|CS|TAMS 0x00000000e6000000| PB 0x00000000e6000000| Complete 
|  97|0x00000000e6100000, 0x00000000e6200000, 0x00000000e6200000|100%| S|CS|TAMS 0x00000000e6100000| PB 0x00000000e6100000| Complete 
|  98|0x00000000e6200000, 0x00000000e6300000, 0x00000000e6300000|100%| S|CS|TAMS 0x00000000e6200000| PB 0x00000000e6200000| Complete 
|  99|0x00000000e6300000, 0x00000000e6400000, 0x00000000e6400000|100%| S|CS|TAMS 0x00000000e6300000| PB 0x00000000e6300000| Complete 
| 100|0x00000000e6400000, 0x00000000e6500000, 0x00000000e6500000|100%| S|CS|TAMS 0x00000000e6400000| PB 0x00000000e6400000| Complete 
| 101|0x00000000e6500000, 0x00000000e6600000, 0x00000000e6600000|100%| S|CS|TAMS 0x00000000e6500000| PB 0x00000000e6500000| Complete 
| 102|0x00000000e6600000, 0x00000000e6700000, 0x00000000e6700000|100%| S|CS|TAMS 0x00000000e6600000| PB 0x00000000e6600000| Complete 
| 103|0x00000000e6700000, 0x00000000e6700000, 0x00000000e6800000|  0%| F|  |TAMS 0x00000000e6700000| PB 0x00000000e6700000| Untracked 
| 104|0x00000000e6800000, 0x00000000e6800000, 0x00000000e6900000|  0%| F|  |TAMS 0x00000000e6800000| PB 0x00000000e6800000| Untracked 
| 105|0x00000000e6900000, 0x00000000e6900000, 0x00000000e6a00000|  0%| F|  |TAMS 0x00000000e6900000| PB 0x00000000e6900000| Untracked 
| 106|0x00000000e6a00000, 0x00000000e6a00000, 0x00000000e6b00000|  0%| F|  |TAMS 0x00000000e6a00000| PB 0x00000000e6a00000| Untracked 
| 107|0x00000000e6b00000, 0x00000000e6b00000, 0x00000000e6c00000|  0%| F|  |TAMS 0x00000000e6b00000| PB 0x00000000e6b00000| Untracked 
| 108|0x00000000e6c00000, 0x00000000e6c00000, 0x00000000e6d00000|  0%| F|  |TAMS 0x00000000e6c00000| PB 0x00000000e6c00000| Untracked 
| 109|0x00000000e6d00000, 0x00000000e6d00000, 0x00000000e6e00000|  0%| F|  |TAMS 0x00000000e6d00000| PB 0x00000000e6d00000| Untracked 
| 110|0x00000000e6e00000, 0x00000000e6e00000, 0x00000000e6f00000|  0%| F|  |TAMS 0x00000000e6e00000| PB 0x00000000e6e00000| Untracked 
| 111|0x00000000e6f00000, 0x00000000e6f00000, 0x00000000e7000000|  0%| F|  |TAMS 0x00000000e6f00000| PB 0x00000000e6f00000| Untracked 
| 112|0x00000000e7000000, 0x00000000e7000000, 0x00000000e7100000|  0%| F|  |TAMS 0x00000000e7000000| PB 0x00000000e7000000| Untracked 
| 113|0x00000000e7100000, 0x00000000e7100000, 0x00000000e7200000|  0%| F|  |TAMS 0x00000000e7100000| PB 0x00000000e7100000| Untracked 
| 114|0x00000000e7200000, 0x00000000e7200000, 0x00000000e7300000|  0%| F|  |TAMS 0x00000000e7200000| PB 0x00000000e7200000| Untracked 
| 115|0x00000000e7300000, 0x00000000e7300000, 0x00000000e7400000|  0%| F|  |TAMS 0x00000000e7300000| PB 0x00000000e7300000| Untracked 
| 116|0x00000000e7400000, 0x00000000e7400000, 0x00000000e7500000|  0%| F|  |TAMS 0x00000000e7400000| PB 0x00000000e7400000| Untracked 
| 117|0x00000000e7500000, 0x00000000e7500000, 0x00000000e7600000|  0%| F|  |TAMS 0x00000000e7500000| PB 0x00000000e7500000| Untracked 
| 118|0x00000000e7600000, 0x00000000e7600000, 0x00000000e7700000|  0%| F|  |TAMS 0x00000000e7600000| PB 0x00000000e7600000| Untracked 
| 119|0x00000000e7700000, 0x00000000e7700000, 0x00000000e7800000|  0%| F|  |TAMS 0x00000000e7700000| PB 0x00000000e7700000| Untracked 
| 120|0x00000000e7800000, 0x00000000e7800000, 0x00000000e7900000|  0%| F|  |TAMS 0x00000000e7800000| PB 0x00000000e7800000| Untracked 
| 121|0x00000000e7900000, 0x00000000e7900000, 0x00000000e7a00000|  0%| F|  |TAMS 0x00000000e7900000| PB 0x00000000e7900000| Untracked 
| 122|0x00000000e7a00000, 0x00000000e7a00000, 0x00000000e7b00000|  0%| F|  |TAMS 0x00000000e7a00000| PB 0x00000000e7a00000| Untracked 
| 123|0x00000000e7b00000, 0x00000000e7b00000, 0x00000000e7c00000|  0%| F|  |TAMS 0x00000000e7b00000| PB 0x00000000e7b00000| Untracked 
| 124|0x00000000e7c00000, 0x00000000e7c00000, 0x00000000e7d00000|  0%| F|  |TAMS 0x00000000e7c00000| PB 0x00000000e7c00000| Untracked 
| 125|0x00000000e7d00000, 0x00000000e7d00000, 0x00000000e7e00000|  0%| F|  |TAMS 0x00000000e7d00000| PB 0x00000000e7d00000| Untracked 
| 126|0x00000000e7e00000, 0x00000000e7e00000, 0x00000000e7f00000|  0%| F|  |TAMS 0x00000000e7e00000| PB 0x00000000e7e00000| Untracked 
| 127|0x00000000e7f00000, 0x00000000e7f00000, 0x00000000e8000000|  0%| F|  |TAMS 0x00000000e7f00000| PB 0x00000000e7f00000| Untracked 
| 128|0x00000000e8000000, 0x00000000e8000000, 0x00000000e8100000|  0%| F|  |TAMS 0x00000000e8000000| PB 0x00000000e8000000| Untracked 
| 129|0x00000000e8100000, 0x00000000e8100000, 0x00000000e8200000|  0%| F|  |TAMS 0x00000000e8100000| PB 0x00000000e8100000| Untracked 
| 130|0x00000000e8200000, 0x00000000e8200000, 0x00000000e8300000|  0%| F|  |TAMS 0x00000000e8200000| PB 0x00000000e8200000| Untracked 
| 131|0x00000000e8300000, 0x00000000e8300000, 0x00000000e8400000|  0%| F|  |TAMS 0x00000000e8300000| PB 0x00000000e8300000| Untracked 
| 132|0x00000000e8400000, 0x00000000e8400000, 0x00000000e8500000|  0%| F|  |TAMS 0x00000000e8400000| PB 0x00000000e8400000| Untracked 
| 133|0x00000000e8500000, 0x00000000e8500000, 0x00000000e8600000|  0%| F|  |TAMS 0x00000000e8500000| PB 0x00000000e8500000| Untracked 
| 134|0x00000000e8600000, 0x00000000e8600000, 0x00000000e8700000|  0%| F|  |TAMS 0x00000000e8600000| PB 0x00000000e8600000| Untracked 
| 135|0x00000000e8700000, 0x00000000e8700000, 0x00000000e8800000|  0%| F|  |TAMS 0x00000000e8700000| PB 0x00000000e8700000| Untracked 
| 136|0x00000000e8800000, 0x00000000e8800000, 0x00000000e8900000|  0%| F|  |TAMS 0x00000000e8800000| PB 0x00000000e8800000| Untracked 
| 137|0x00000000e8900000, 0x00000000e8900000, 0x00000000e8a00000|  0%| F|  |TAMS 0x00000000e8900000| PB 0x00000000e8900000| Untracked 
| 138|0x00000000e8a00000, 0x00000000e8a00000, 0x00000000e8b00000|  0%| F|  |TAMS 0x00000000e8a00000| PB 0x00000000e8a00000| Untracked 
| 139|0x00000000e8b00000, 0x00000000e8b00000, 0x00000000e8c00000|  0%| F|  |TAMS 0x00000000e8b00000| PB 0x00000000e8b00000| Untracked 
| 140|0x00000000e8c00000, 0x00000000e8c00000, 0x00000000e8d00000|  0%| F|  |TAMS 0x00000000e8c00000| PB 0x00000000e8c00000| Untracked 
| 141|0x00000000e8d00000, 0x00000000e8d00000, 0x00000000e8e00000|  0%| F|  |TAMS 0x00000000e8d00000| PB 0x00000000e8d00000| Untracked 
| 142|0x00000000e8e00000, 0x00000000e8e00000, 0x00000000e8f00000|  0%| F|  |TAMS 0x00000000e8e00000| PB 0x00000000e8e00000| Untracked 
| 143|0x00000000e8f00000, 0x00000000e8f00000, 0x00000000e9000000|  0%| F|  |TAMS 0x00000000e8f00000| PB 0x00000000e8f00000| Untracked 
| 144|0x00000000e9000000, 0x00000000e9000000, 0x00000000e9100000|  0%| F|  |TAMS 0x00000000e9000000| PB 0x00000000e9000000| Untracked 
| 145|0x00000000e9100000, 0x00000000e9100000, 0x00000000e9200000|  0%| F|  |TAMS 0x00000000e9100000| PB 0x00000000e9100000| Untracked 
| 146|0x00000000e9200000, 0x00000000e9200000, 0x00000000e9300000|  0%| F|  |TAMS 0x00000000e9200000| PB 0x00000000e9200000| Untracked 
| 147|0x00000000e9300000, 0x00000000e9300000, 0x00000000e9400000|  0%| F|  |TAMS 0x00000000e9300000| PB 0x00000000e9300000| Untracked 
| 148|0x00000000e9400000, 0x00000000e9400000, 0x00000000e9500000|  0%| F|  |TAMS 0x00000000e9400000| PB 0x00000000e9400000| Untracked 
| 149|0x00000000e9500000, 0x00000000e9500000, 0x00000000e9600000|  0%| F|  |TAMS 0x00000000e9500000| PB 0x00000000e9500000| Untracked 
| 150|0x00000000e9600000, 0x00000000e9600000, 0x00000000e9700000|  0%| F|  |TAMS 0x00000000e9600000| PB 0x00000000e9600000| Untracked 
| 151|0x00000000e9700000, 0x00000000e9700000, 0x00000000e9800000|  0%| F|  |TAMS 0x00000000e9700000| PB 0x00000000e9700000| Untracked 
| 152|0x00000000e9800000, 0x00000000e9800000, 0x00000000e9900000|  0%| F|  |TAMS 0x00000000e9800000| PB 0x00000000e9800000| Untracked 
| 153|0x00000000e9900000, 0x00000000e9900000, 0x00000000e9a00000|  0%| F|  |TAMS 0x00000000e9900000| PB 0x00000000e9900000| Untracked 
| 154|0x00000000e9a00000, 0x00000000e9a00000, 0x00000000e9b00000|  0%| F|  |TAMS 0x00000000e9a00000| PB 0x00000000e9a00000| Untracked 
| 155|0x00000000e9b00000, 0x00000000e9b00000, 0x00000000e9c00000|  0%| F|  |TAMS 0x00000000e9b00000| PB 0x00000000e9b00000| Untracked 
| 156|0x00000000e9c00000, 0x00000000e9c00000, 0x00000000e9d00000|  0%| F|  |TAMS 0x00000000e9c00000| PB 0x00000000e9c00000| Untracked 
| 157|0x00000000e9d00000, 0x00000000e9d00000, 0x00000000e9e00000|  0%| F|  |TAMS 0x00000000e9d00000| PB 0x00000000e9d00000| Untracked 
| 158|0x00000000e9e00000, 0x00000000e9e00000, 0x00000000e9f00000|  0%| F|  |TAMS 0x00000000e9e00000| PB 0x00000000e9e00000| Untracked 
| 159|0x00000000e9f00000, 0x00000000e9f00000, 0x00000000ea000000|  0%| F|  |TAMS 0x00000000e9f00000| PB 0x00000000e9f00000| Untracked 
| 160|0x00000000ea000000, 0x00000000ea000000, 0x00000000ea100000|  0%| F|  |TAMS 0x00000000ea000000| PB 0x00000000ea000000| Untracked 
| 161|0x00000000ea100000, 0x00000000ea100000, 0x00000000ea200000|  0%| F|  |TAMS 0x00000000ea100000| PB 0x00000000ea100000| Untracked 
| 162|0x00000000ea200000, 0x00000000ea200000, 0x00000000ea300000|  0%| F|  |TAMS 0x00000000ea200000| PB 0x00000000ea200000| Untracked 
| 163|0x00000000ea300000, 0x00000000ea300000, 0x00000000ea400000|  0%| F|  |TAMS 0x00000000ea300000| PB 0x00000000ea300000| Untracked 
| 164|0x00000000ea400000, 0x00000000ea400000, 0x00000000ea500000|  0%| F|  |TAMS 0x00000000ea400000| PB 0x00000000ea400000| Untracked 
| 165|0x00000000ea500000, 0x00000000ea500000, 0x00000000ea600000|  0%| F|  |TAMS 0x00000000ea500000| PB 0x00000000ea500000| Untracked 
| 166|0x00000000ea600000, 0x00000000ea600000, 0x00000000ea700000|  0%| F|  |TAMS 0x00000000ea600000| PB 0x00000000ea600000| Untracked 
| 167|0x00000000ea700000, 0x00000000ea700000, 0x00000000ea800000|  0%| F|  |TAMS 0x00000000ea700000| PB 0x00000000ea700000| Untracked 
| 168|0x00000000ea800000, 0x00000000ea800000, 0x00000000ea900000|  0%| F|  |TAMS 0x00000000ea800000| PB 0x00000000ea800000| Untracked 
| 169|0x00000000ea900000, 0x00000000ea900000, 0x00000000eaa00000|  0%| F|  |TAMS 0x00000000ea900000| PB 0x00000000ea900000| Untracked 
| 170|0x00000000eaa00000, 0x00000000eaa00000, 0x00000000eab00000|  0%| F|  |TAMS 0x00000000eaa00000| PB 0x00000000eaa00000| Untracked 
| 171|0x00000000eab00000, 0x00000000eab00000, 0x00000000eac00000|  0%| F|  |TAMS 0x00000000eab00000| PB 0x00000000eab00000| Untracked 
| 172|0x00000000eac00000, 0x00000000eac00000, 0x00000000ead00000|  0%| F|  |TAMS 0x00000000eac00000| PB 0x00000000eac00000| Untracked 
| 173|0x00000000ead00000, 0x00000000ead00000, 0x00000000eae00000|  0%| F|  |TAMS 0x00000000ead00000| PB 0x00000000ead00000| Untracked 
| 174|0x00000000eae00000, 0x00000000eae00000, 0x00000000eaf00000|  0%| F|  |TAMS 0x00000000eae00000| PB 0x00000000eae00000| Untracked 
| 175|0x00000000eaf00000, 0x00000000eaf00000, 0x00000000eb000000|  0%| F|  |TAMS 0x00000000eaf00000| PB 0x00000000eaf00000| Untracked 
| 176|0x00000000eb000000, 0x00000000eb000000, 0x00000000eb100000|  0%| F|  |TAMS 0x00000000eb000000| PB 0x00000000eb000000| Untracked 
| 177|0x00000000eb100000, 0x00000000eb100000, 0x00000000eb200000|  0%| F|  |TAMS 0x00000000eb100000| PB 0x00000000eb100000| Untracked 
| 178|0x00000000eb200000, 0x00000000eb200000, 0x00000000eb300000|  0%| F|  |TAMS 0x00000000eb200000| PB 0x00000000eb200000| Untracked 
| 179|0x00000000eb300000, 0x00000000eb300000, 0x00000000eb400000|  0%| F|  |TAMS 0x00000000eb300000| PB 0x00000000eb300000| Untracked 
| 180|0x00000000eb400000, 0x00000000eb400000, 0x00000000eb500000|  0%| F|  |TAMS 0x00000000eb400000| PB 0x00000000eb400000| Untracked 
| 181|0x00000000eb500000, 0x00000000eb500000, 0x00000000eb600000|  0%| F|  |TAMS 0x00000000eb500000| PB 0x00000000eb500000| Untracked 
| 182|0x00000000eb600000, 0x00000000eb600000, 0x00000000eb700000|  0%| F|  |TAMS 0x00000000eb600000| PB 0x00000000eb600000| Untracked 
| 183|0x00000000eb700000, 0x00000000eb700000, 0x00000000eb800000|  0%| F|  |TAMS 0x00000000eb700000| PB 0x00000000eb700000| Untracked 
| 184|0x00000000eb800000, 0x00000000eb800000, 0x00000000eb900000|  0%| F|  |TAMS 0x00000000eb800000| PB 0x00000000eb800000| Untracked 
| 185|0x00000000eb900000, 0x00000000eb900000, 0x00000000eba00000|  0%| F|  |TAMS 0x00000000eb900000| PB 0x00000000eb900000| Untracked 
| 186|0x00000000eba00000, 0x00000000eba00000, 0x00000000ebb00000|  0%| F|  |TAMS 0x00000000eba00000| PB 0x00000000eba00000| Untracked 
| 187|0x00000000ebb00000, 0x00000000ebb00000, 0x00000000ebc00000|  0%| F|  |TAMS 0x00000000ebb00000| PB 0x00000000ebb00000| Untracked 
| 188|0x00000000ebc00000, 0x00000000ebc00000, 0x00000000ebd00000|  0%| F|  |TAMS 0x00000000ebc00000| PB 0x00000000ebc00000| Untracked 
| 189|0x00000000ebd00000, 0x00000000ebd00000, 0x00000000ebe00000|  0%| F|  |TAMS 0x00000000ebd00000| PB 0x00000000ebd00000| Untracked 
| 190|0x00000000ebe00000, 0x00000000ebe00000, 0x00000000ebf00000|  0%| F|  |TAMS 0x00000000ebe00000| PB 0x00000000ebe00000| Untracked 
| 191|0x00000000ebf00000, 0x00000000ebf00000, 0x00000000ec000000|  0%| F|  |TAMS 0x00000000ebf00000| PB 0x00000000ebf00000| Untracked 
| 192|0x00000000ec000000, 0x00000000ec000000, 0x00000000ec100000|  0%| F|  |TAMS 0x00000000ec000000| PB 0x00000000ec000000| Untracked 
| 193|0x00000000ec100000, 0x00000000ec100000, 0x00000000ec200000|  0%| F|  |TAMS 0x00000000ec100000| PB 0x00000000ec100000| Untracked 
| 194|0x00000000ec200000, 0x00000000ec200000, 0x00000000ec300000|  0%| F|  |TAMS 0x00000000ec200000| PB 0x00000000ec200000| Untracked 
| 195|0x00000000ec300000, 0x00000000ec300000, 0x00000000ec400000|  0%| F|  |TAMS 0x00000000ec300000| PB 0x00000000ec300000| Untracked 
| 196|0x00000000ec400000, 0x00000000ec400000, 0x00000000ec500000|  0%| F|  |TAMS 0x00000000ec400000| PB 0x00000000ec400000| Untracked 
| 197|0x00000000ec500000, 0x00000000ec500000, 0x00000000ec600000|  0%| F|  |TAMS 0x00000000ec500000| PB 0x00000000ec500000| Untracked 
| 198|0x00000000ec600000, 0x00000000ec600000, 0x00000000ec700000|  0%| F|  |TAMS 0x00000000ec600000| PB 0x00000000ec600000| Untracked 
| 199|0x00000000ec700000, 0x00000000ec700000, 0x00000000ec800000|  0%| F|  |TAMS 0x00000000ec700000| PB 0x00000000ec700000| Untracked 
| 200|0x00000000ec800000, 0x00000000ec800000, 0x00000000ec900000|  0%| F|  |TAMS 0x00000000ec800000| PB 0x00000000ec800000| Untracked 
| 201|0x00000000ec900000, 0x00000000ec900000, 0x00000000eca00000|  0%| F|  |TAMS 0x00000000ec900000| PB 0x00000000ec900000| Untracked 
| 202|0x00000000eca00000, 0x00000000eca00000, 0x00000000ecb00000|  0%| F|  |TAMS 0x00000000eca00000| PB 0x00000000eca00000| Untracked 
| 203|0x00000000ecb00000, 0x00000000ecb00000, 0x00000000ecc00000|  0%| F|  |TAMS 0x00000000ecb00000| PB 0x00000000ecb00000| Untracked 
| 204|0x00000000ecc00000, 0x00000000ecc00000, 0x00000000ecd00000|  0%| F|  |TAMS 0x00000000ecc00000| PB 0x00000000ecc00000| Untracked 
| 205|0x00000000ecd00000, 0x00000000ecd00000, 0x00000000ece00000|  0%| F|  |TAMS 0x00000000ecd00000| PB 0x00000000ecd00000| Untracked 
| 206|0x00000000ece00000, 0x00000000ece00000, 0x00000000ecf00000|  0%| F|  |TAMS 0x00000000ece00000| PB 0x00000000ece00000| Untracked 
| 207|0x00000000ecf00000, 0x00000000ecf00000, 0x00000000ed000000|  0%| F|  |TAMS 0x00000000ecf00000| PB 0x00000000ecf00000| Untracked 
| 208|0x00000000ed000000, 0x00000000ed000000, 0x00000000ed100000|  0%| F|  |TAMS 0x00000000ed000000| PB 0x00000000ed000000| Untracked 
| 209|0x00000000ed100000, 0x00000000ed100000, 0x00000000ed200000|  0%| F|  |TAMS 0x00000000ed100000| PB 0x00000000ed100000| Untracked 
| 210|0x00000000ed200000, 0x00000000ed200000, 0x00000000ed300000|  0%| F|  |TAMS 0x00000000ed200000| PB 0x00000000ed200000| Untracked 
| 211|0x00000000ed300000, 0x00000000ed300000, 0x00000000ed400000|  0%| F|  |TAMS 0x00000000ed300000| PB 0x00000000ed300000| Untracked 
| 212|0x00000000ed400000, 0x00000000ed400000, 0x00000000ed500000|  0%| F|  |TAMS 0x00000000ed400000| PB 0x00000000ed400000| Untracked 
| 213|0x00000000ed500000, 0x00000000ed500000, 0x00000000ed600000|  0%| F|  |TAMS 0x00000000ed500000| PB 0x00000000ed500000| Untracked 
| 214|0x00000000ed600000, 0x00000000ed600000, 0x00000000ed700000|  0%| F|  |TAMS 0x00000000ed600000| PB 0x00000000ed600000| Untracked 
| 215|0x00000000ed700000, 0x00000000ed700000, 0x00000000ed800000|  0%| F|  |TAMS 0x00000000ed700000| PB 0x00000000ed700000| Untracked 
| 216|0x00000000ed800000, 0x00000000ed800000, 0x00000000ed900000|  0%| F|  |TAMS 0x00000000ed800000| PB 0x00000000ed800000| Untracked 
| 217|0x00000000ed900000, 0x00000000ed900000, 0x00000000eda00000|  0%| F|  |TAMS 0x00000000ed900000| PB 0x00000000ed900000| Untracked 
| 218|0x00000000eda00000, 0x00000000eda00000, 0x00000000edb00000|  0%| F|  |TAMS 0x00000000eda00000| PB 0x00000000eda00000| Untracked 
| 219|0x00000000edb00000, 0x00000000edb00000, 0x00000000edc00000|  0%| F|  |TAMS 0x00000000edb00000| PB 0x00000000edb00000| Untracked 
| 220|0x00000000edc00000, 0x00000000edc00000, 0x00000000edd00000|  0%| F|  |TAMS 0x00000000edc00000| PB 0x00000000edc00000| Untracked 
| 221|0x00000000edd00000, 0x00000000edd00000, 0x00000000ede00000|  0%| F|  |TAMS 0x00000000edd00000| PB 0x00000000edd00000| Untracked 
| 222|0x00000000ede00000, 0x00000000ede00000, 0x00000000edf00000|  0%| F|  |TAMS 0x00000000ede00000| PB 0x00000000ede00000| Untracked 
| 223|0x00000000edf00000, 0x00000000edf00000, 0x00000000ee000000|  0%| F|  |TAMS 0x00000000edf00000| PB 0x00000000edf00000| Untracked 
| 224|0x00000000ee000000, 0x00000000ee000000, 0x00000000ee100000|  0%| F|  |TAMS 0x00000000ee000000| PB 0x00000000ee000000| Untracked 
| 225|0x00000000ee100000, 0x00000000ee100000, 0x00000000ee200000|  0%| F|  |TAMS 0x00000000ee100000| PB 0x00000000ee100000| Untracked 
| 226|0x00000000ee200000, 0x00000000ee200000, 0x00000000ee300000|  0%| F|  |TAMS 0x00000000ee200000| PB 0x00000000ee200000| Untracked 
| 227|0x00000000ee300000, 0x00000000ee300000, 0x00000000ee400000|  0%| F|  |TAMS 0x00000000ee300000| PB 0x00000000ee300000| Untracked 
| 228|0x00000000ee400000, 0x00000000ee400000, 0x00000000ee500000|  0%| F|  |TAMS 0x00000000ee400000| PB 0x00000000ee400000| Untracked 
| 229|0x00000000ee500000, 0x00000000ee500000, 0x00000000ee600000|  0%| F|  |TAMS 0x00000000ee500000| PB 0x00000000ee500000| Untracked 
| 230|0x00000000ee600000, 0x00000000ee600000, 0x00000000ee700000|  0%| F|  |TAMS 0x00000000ee600000| PB 0x00000000ee600000| Untracked 
| 231|0x00000000ee700000, 0x00000000ee700000, 0x00000000ee800000|  0%| F|  |TAMS 0x00000000ee700000| PB 0x00000000ee700000| Untracked 
| 232|0x00000000ee800000, 0x00000000ee800000, 0x00000000ee900000|  0%| F|  |TAMS 0x00000000ee800000| PB 0x00000000ee800000| Untracked 
| 233|0x00000000ee900000, 0x00000000ee900000, 0x00000000eea00000|  0%| F|  |TAMS 0x00000000ee900000| PB 0x00000000ee900000| Untracked 
| 234|0x00000000eea00000, 0x00000000eea00000, 0x00000000eeb00000|  0%| F|  |TAMS 0x00000000eea00000| PB 0x00000000eea00000| Untracked 
| 235|0x00000000eeb00000, 0x00000000eeb00000, 0x00000000eec00000|  0%| F|  |TAMS 0x00000000eeb00000| PB 0x00000000eeb00000| Untracked 
| 236|0x00000000eec00000, 0x00000000eec00000, 0x00000000eed00000|  0%| F|  |TAMS 0x00000000eec00000| PB 0x00000000eec00000| Untracked 
| 237|0x00000000eed00000, 0x00000000eed00000, 0x00000000eee00000|  0%| F|  |TAMS 0x00000000eed00000| PB 0x00000000eed00000| Untracked 
| 238|0x00000000eee00000, 0x00000000eee00000, 0x00000000eef00000|  0%| F|  |TAMS 0x00000000eee00000| PB 0x00000000eee00000| Untracked 
| 239|0x00000000eef00000, 0x00000000eef00000, 0x00000000ef000000|  0%| F|  |TAMS 0x00000000eef00000| PB 0x00000000eef00000| Untracked 
| 240|0x00000000ef000000, 0x00000000ef000000, 0x00000000ef100000|  0%| F|  |TAMS 0x00000000ef000000| PB 0x00000000ef000000| Untracked 
| 241|0x00000000ef100000, 0x00000000ef100000, 0x00000000ef200000|  0%| F|  |TAMS 0x00000000ef100000| PB 0x00000000ef100000| Untracked 
| 242|0x00000000ef200000, 0x00000000ef200000, 0x00000000ef300000|  0%| F|  |TAMS 0x00000000ef200000| PB 0x00000000ef200000| Untracked 
| 243|0x00000000ef300000, 0x00000000ef300000, 0x00000000ef400000|  0%| F|  |TAMS 0x00000000ef300000| PB 0x00000000ef300000| Untracked 
| 244|0x00000000ef400000, 0x00000000ef400000, 0x00000000ef500000|  0%| F|  |TAMS 0x00000000ef400000| PB 0x00000000ef400000| Untracked 
| 245|0x00000000ef500000, 0x00000000ef500000, 0x00000000ef600000|  0%| F|  |TAMS 0x00000000ef500000| PB 0x00000000ef500000| Untracked 
| 246|0x00000000ef600000, 0x00000000ef600000, 0x00000000ef700000|  0%| F|  |TAMS 0x00000000ef600000| PB 0x00000000ef600000| Untracked 
| 247|0x00000000ef700000, 0x00000000ef700000, 0x00000000ef800000|  0%| F|  |TAMS 0x00000000ef700000| PB 0x00000000ef700000| Untracked 
| 248|0x00000000ef800000, 0x00000000ef880800, 0x00000000ef900000| 50%| E|  |TAMS 0x00000000ef800000| PB 0x00000000ef800000| Complete 
| 249|0x00000000ef900000, 0x00000000efa00000, 0x00000000efa00000|100%| E|CS|TAMS 0x00000000ef900000| PB 0x00000000ef900000| Complete 
| 250|0x00000000efa00000, 0x00000000efb00000, 0x00000000efb00000|100%| E|CS|TAMS 0x00000000efa00000| PB 0x00000000efa00000| Complete 
| 251|0x00000000efb00000, 0x00000000efc00000, 0x00000000efc00000|100%| E|CS|TAMS 0x00000000efb00000| PB 0x00000000efb00000| Complete 
| 252|0x00000000efc00000, 0x00000000efd00000, 0x00000000efd00000|100%| E|CS|TAMS 0x00000000efc00000| PB 0x00000000efc00000| Complete 
| 253|0x00000000efd00000, 0x00000000efe00000, 0x00000000efe00000|100%| E|CS|TAMS 0x00000000efd00000| PB 0x00000000efd00000| Complete 
| 254|0x00000000efe00000, 0x00000000eff00000, 0x00000000eff00000|100%| E|CS|TAMS 0x00000000efe00000| PB 0x00000000efe00000| Complete 
| 255|0x00000000eff00000, 0x00000000f0000000, 0x00000000f0000000|100%| E|CS|TAMS 0x00000000eff00000| PB 0x00000000eff00000| Complete 

Card table byte_map: [0x0000019497d40000,0x0000019497e40000] _byte_map_base: 0x0000019497640000

Marking Bits: (CMBitMap*) 0x00000194fff224d0
 Bits: [0x0000019497e40000, 0x0000019498640000)

Polling page: 0x00000194fe650000

Metaspace:

Usage:
  Non-class:     70.58 MB used.
      Class:     10.22 MB used.
       Both:     80.79 MB used.

Virtual space:
  Non-class space:      128.00 MB reserved,      71.38 MB ( 56%) committed,  2 nodes.
      Class space:      320.00 MB reserved,      11.38 MB (  4%) committed,  1 nodes.
             Both:      448.00 MB reserved,      82.75 MB ( 18%) committed. 

Chunk freelists:
   Non-Class:  7.76 MB
       Class:  4.95 MB
        Both:  12.72 MB

MaxMetaspaceSize: 384.00 MB
CompressedClassSpaceSize: 320.00 MB
Initial GC threshold: 21.00 MB
Current GC threshold: 135.94 MB
CDS: on
 - commit_granule_bytes: 65536.
 - commit_granule_words: 8192.
 - virtual_space_node_default_size: 8388608.
 - enlarge_chunks_in_place: 1.
 - use_allocation_guard: 0.


Internal statistics:

num_allocs_failed_limit: 9.
num_arena_births: 7396.
num_arena_deaths: 4288.
num_vsnodes_births: 3.
num_vsnodes_deaths: 0.
num_space_committed: 1387.
num_space_uncommitted: 45.
num_chunks_returned_to_freelist: 6016.
num_chunks_taken_from_freelist: 14205.
num_chunk_merges: 1602.
num_chunk_splits: 7320.
num_chunks_enlarged: 3998.
num_inconsistent_stats: 0.

CodeHeap 'non-profiled nmethods': size=120000Kb used=23779Kb max_used=23779Kb free=96220Kb
 bounds [0x00000194900f0000, 0x0000019491830000, 0x0000019497620000]
CodeHeap 'profiled nmethods': size=120000Kb used=27363Kb max_used=35831Kb free=92636Kb
 bounds [0x0000019488620000, 0x000001948a920000, 0x000001948fb50000]
CodeHeap 'non-nmethods': size=5760Kb used=2817Kb max_used=2955Kb free=2943Kb
 bounds [0x000001948fb50000, 0x000001948fe50000, 0x00000194900f0000]
 total_blobs=16923 nmethods=15997 adapters=829
 compilation: enabled
              stopped_count=0, restarted_count=0
 full_count=0

Compilation events (20 events):
Event: 11318.338 Thread 0x000001949ac601f0 33650       3       com.sun.tools.javac.comp.TypeEnter$AbstractHeaderPhase::modelMissingTypes (33 bytes)
Event: 11318.338 Thread 0x000001949ac601f0 nmethod 33650 0x000001948a123890 code [0x000001948a123a80, 0x000001948a123ff8]
Event: 11318.338 Thread 0x000001949ac601f0 33648       3       java.lang.invoke.VarHandleInts$FieldInstanceReadOnly::get (27 bytes)
Event: 11318.339 Thread 0x000001949ac601f0 nmethod 33648 0x000001948a122c90 code [0x000001948a122e80, 0x000001948a1233e8]
Event: 11318.339 Thread 0x000001949ac601f0 33649       1       org.gradle.cache.internal.locklistener.DefaultFileLockContentionHandler::access$300 (5 bytes)
Event: 11318.339 Thread 0x000001949ac601f0 nmethod 33649 0x0000019491826c90 code [0x0000019491826e20, 0x0000019491826ed0]
Event: 11318.347 Thread 0x000001949ac601f0 33651       3       com.sun.tools.javac.code.Scope$StarImportScope::isFilled (8 bytes)
Event: 11318.347 Thread 0x000001949ac601f0 nmethod 33651 0x0000019488e24e90 code [0x0000019488e25040, 0x0000019488e25220]
Event: 11318.352 Thread 0x000001949ac601f0 33652       3       com.sun.tools.javac.code.Type$ClassType::constType (13 bytes)
Event: 11318.360 Thread 0x000001949ac601f0 nmethod 33652 0x0000019489209810 code [0x0000019489209a80, 0x000001948920a970]
Event: 11318.364 Thread 0x000001949ac601f0 33653       3       com.sun.tools.javac.comp.Annotate$$Lambda/0x000001949caf15c0::run (24 bytes)
Event: 11318.364 Thread 0x000001949ac601f0 nmethod 33653 0x0000019489209410 code [0x00000194892095c0, 0x0000019489209718]
Event: 11318.364 Thread 0x000001949ac601f0 33654   !   3       com.sun.tools.javac.comp.Annotate::lambda$annotateLater$0 (224 bytes)
Event: 11318.385 Thread 0x000001949ac601f0 nmethod 33654 0x0000019489206190 code [0x0000019489206560, 0x00000194892087f0]
Event: 11318.385 Thread 0x000001949ac601f0 33655       3       com.sun.tools.javac.code.TypeAnnotations$TypeAnnotationPositions::visitVarDef (465 bytes)
Event: 11318.408 Thread 0x000001949ac601f0 nmethod 33655 0x0000019489200b90 code [0x00000194892011e0, 0x0000019489204eb8]
Event: 11318.410 Thread 0x000001949ac601f0 33657       3       com.sun.tools.javac.comp.Attr$TypeAnnotationsValidator::visitClassDef (88 bytes)
Event: 11318.421 Thread 0x000001949ac601f0 nmethod 33657 0x00000194891fe410 code [0x00000194891fe740, 0x0000019489200468]
Event: 11318.421 Thread 0x000001949ac601f0 33658       3       com.sun.tools.javac.comp.Attr$TypeAnnotationsValidator::visitVarDef (71 bytes)
Event: 11318.421 Thread 0x000001949ac601f0 nmethod 33658 0x00000194891fd510 code [0x00000194891fd740, 0x00000194891fe150]

GC Heap History (20 events):
Event: 10168.779 GC heap before
{Heap before GC invocations=228 (full 0):
 garbage-first heap   total 262144K, used 214733K [0x00000000e0000000, 0x0000000100000000)
  region size 1024K, 153 young (156672K), 5 survivors (5120K)
 Metaspace       used 81338K, committed 83520K, reserved 458752K
  class space    used 10353K, committed 11648K, reserved 327680K
}
Event: 10168.787 GC heap after
{Heap after GC invocations=229 (full 0):
 garbage-first heap   total 262144K, used 67882K [0x00000000e0000000, 0x0000000100000000)
  region size 1024K, 9 young (9216K), 9 survivors (9216K)
 Metaspace       used 81338K, committed 83520K, reserved 458752K
  class space    used 10353K, committed 11648K, reserved 327680K
}
Event: 10171.228 GC heap before
{Heap before GC invocations=229 (full 0):
 garbage-first heap   total 262144K, used 215338K [0x00000000e0000000, 0x0000000100000000)
  region size 1024K, 153 young (156672K), 9 survivors (9216K)
 Metaspace       used 81338K, committed 83520K, reserved 458752K
  class space    used 10353K, committed 11648K, reserved 327680K
}
Event: 10171.237 GC heap after
{Heap after GC invocations=230 (full 0):
 garbage-first heap   total 262144K, used 71047K [0x00000000e0000000, 0x0000000100000000)
  region size 1024K, 12 young (12288K), 12 survivors (12288K)
 Metaspace       used 81338K, committed 83520K, reserved 458752K
  class space    used 10353K, committed 11648K, reserved 327680K
}
Event: 10309.106 GC heap before
{Heap before GC invocations=231 (full 0):
 garbage-first heap   total 262144K, used 214407K [0x00000000e0000000, 0x0000000100000000)
  region size 1024K, 153 young (156672K), 12 survivors (12288K)
 Metaspace       used 81340K, committed 83520K, reserved 458752K
  class space    used 10353K, committed 11648K, reserved 327680K
}
Event: 10309.113 GC heap after
{Heap after GC invocations=232 (full 0):
 garbage-first heap   total 262144K, used 61373K [0x00000000e0000000, 0x0000000100000000)
  region size 1024K, 2 young (2048K), 2 survivors (2048K)
 Metaspace       used 81340K, committed 83520K, reserved 458752K
  class space    used 10353K, committed 11648K, reserved 327680K
}
Event: 10354.752 GC heap before
{Heap before GC invocations=232 (full 0):
 garbage-first heap   total 262144K, used 215997K [0x00000000e0000000, 0x0000000100000000)
  region size 1024K, 153 young (156672K), 2 survivors (2048K)
 Metaspace       used 81341K, committed 83520K, reserved 458752K
  class space    used 10353K, committed 11648K, reserved 327680K
}
Event: 10354.757 GC heap after
{Heap after GC invocations=233 (full 0):
 garbage-first heap   total 262144K, used 63651K [0x00000000e0000000, 0x0000000100000000)
  region size 1024K, 5 young (5120K), 5 survivors (5120K)
 Metaspace       used 81341K, committed 83520K, reserved 458752K
  class space    used 10353K, committed 11648K, reserved 327680K
}
Event: 10375.031 GC heap before
{Heap before GC invocations=234 (full 0):
 garbage-first heap   total 262144K, used 215203K [0x00000000e0000000, 0x0000000100000000)
  region size 1024K, 153 young (156672K), 5 survivors (5120K)
 Metaspace       used 81341K, committed 83520K, reserved 458752K
  class space    used 10353K, committed 11648K, reserved 327680K
}
Event: 10375.039 GC heap after
{Heap after GC invocations=235 (full 0):
 garbage-first heap   total 262144K, used 66948K [0x00000000e0000000, 0x0000000100000000)
  region size 1024K, 8 young (8192K), 8 survivors (8192K)
 Metaspace       used 81341K, committed 83520K, reserved 458752K
  class space    used 10353K, committed 11648K, reserved 327680K
}
Event: 10385.731 GC heap before
{Heap before GC invocations=235 (full 0):
 garbage-first heap   total 262144K, used 215428K [0x00000000e0000000, 0x0000000100000000)
  region size 1024K, 153 young (156672K), 8 survivors (8192K)
 Metaspace       used 81348K, committed 83584K, reserved 458752K
  class space    used 10354K, committed 11648K, reserved 327680K
}
Event: 10385.748 GC heap after
{Heap after GC invocations=236 (full 0):
 garbage-first heap   total 262144K, used 70108K [0x00000000e0000000, 0x0000000100000000)
  region size 1024K, 11 young (11264K), 11 survivors (11264K)
 Metaspace       used 81348K, committed 83584K, reserved 458752K
  class space    used 10354K, committed 11648K, reserved 327680K
}
Event: 10652.514 GC heap before
{Heap before GC invocations=236 (full 0):
 garbage-first heap   total 262144K, used 215516K [0x00000000e0000000, 0x0000000100000000)
  region size 1024K, 153 young (156672K), 11 survivors (11264K)
 Metaspace       used 81350K, committed 83584K, reserved 458752K
  class space    used 10354K, committed 11648K, reserved 327680K
}
Event: 10652.567 GC heap after
{Heap after GC invocations=237 (full 0):
 garbage-first heap   total 262144K, used 60524K [0x00000000e0000000, 0x0000000100000000)
  region size 1024K, 2 young (2048K), 2 survivors (2048K)
 Metaspace       used 81350K, committed 83584K, reserved 458752K
  class space    used 10354K, committed 11648K, reserved 327680K
}
Event: 11307.619 GC heap before
{Heap before GC invocations=238 (full 0):
 garbage-first heap   total 262144K, used 214124K [0x00000000e0000000, 0x0000000100000000)
  region size 1024K, 153 young (156672K), 2 survivors (2048K)
 Metaspace       used 81317K, committed 83584K, reserved 458752K
  class space    used 10348K, committed 11648K, reserved 327680K
}
Event: 11307.710 GC heap after
{Heap after GC invocations=239 (full 0):
 garbage-first heap   total 262144K, used 63018K [0x00000000e0000000, 0x0000000100000000)
  region size 1024K, 4 young (4096K), 4 survivors (4096K)
 Metaspace       used 81317K, committed 83584K, reserved 458752K
  class space    used 10348K, committed 11648K, reserved 327680K
}
Event: 11308.783 GC heap before
{Heap before GC invocations=239 (full 0):
 garbage-first heap   total 262144K, used 173610K [0x00000000e0000000, 0x0000000100000000)
  region size 1024K, 114 young (116736K), 4 survivors (4096K)
 Metaspace       used 81351K, committed 83584K, reserved 458752K
  class space    used 10353K, committed 11648K, reserved 327680K
}
Event: 11308.819 GC heap after
{Heap after GC invocations=240 (full 0):
 garbage-first heap   total 262144K, used 69799K [0x00000000e0000000, 0x0000000100000000)
  region size 1024K, 11 young (11264K), 11 survivors (11264K)
 Metaspace       used 81351K, committed 83584K, reserved 458752K
  class space    used 10353K, committed 11648K, reserved 327680K
}
Event: 11317.171 GC heap before
{Heap before GC invocations=241 (full 0):
 garbage-first heap   total 262144K, used 216231K [0x00000000e0000000, 0x0000000100000000)
  region size 1024K, 153 young (156672K), 11 survivors (11264K)
 Metaspace       used 82726K, committed 84736K, reserved 458752K
  class space    used 10460K, committed 11648K, reserved 327680K
}
Event: 11318.308 GC heap after
{Heap after GC invocations=242 (full 0):
 garbage-first heap   total 262144K, used 90984K [0x00000000e0000000, 0x0000000100000000)
  region size 1024K, 20 young (20480K), 20 survivors (20480K)
 Metaspace       used 82726K, committed 84736K, reserved 458752K
  class space    used 10460K, committed 11648K, reserved 327680K
}

Dll operation events (15 events):
Event: 0.015 Loaded shared library C:\Users\ASUS\.jdks\corretto-21.0.4\bin\java.dll
Event: 0.046 Loaded shared library C:\Users\ASUS\.jdks\corretto-21.0.4\bin\jsvml.dll
Event: 0.085 Loaded shared library C:\Users\ASUS\.jdks\corretto-21.0.4\bin\zip.dll
Event: 0.088 Loaded shared library C:\Users\ASUS\.jdks\corretto-21.0.4\bin\instrument.dll
Event: 0.091 Loaded shared library C:\Users\ASUS\.jdks\corretto-21.0.4\bin\net.dll
Event: 0.093 Loaded shared library C:\Users\ASUS\.jdks\corretto-21.0.4\bin\nio.dll
Event: 0.095 Loaded shared library C:\Users\ASUS\.jdks\corretto-21.0.4\bin\zip.dll
Event: 0.449 Loaded shared library C:\Users\ASUS\.jdks\corretto-21.0.4\bin\jimage.dll
Event: 0.696 Loaded shared library C:\Users\ASUS\.jdks\corretto-21.0.4\bin\verify.dll
Event: 0.829 Loaded shared library C:\Users\ASUS\.gradle\native\c067742578af261105cb4f569cf0c3c89f3d7b1fecec35dd04571415982c5e48\windows-amd64\native-platform.dll
Event: 0.857 Loaded shared library C:\Users\ASUS\.gradle\native\100fb08df4bc3b14c8652ba06237920a3bd2aa13389f12d3474272988ae205f9\windows-amd64\native-platform-file-events.dll
Event: 2.124 Loaded shared library C:\Users\ASUS\.jdks\corretto-21.0.4\bin\management.dll
Event: 2.126 Loaded shared library C:\Users\ASUS\.jdks\corretto-21.0.4\bin\management_ext.dll
Event: 2.348 Loaded shared library C:\Users\ASUS\.jdks\corretto-21.0.4\bin\extnet.dll
Event: 2.523 Loaded shared library C:\Users\ASUS\.jdks\corretto-21.0.4\bin\sunmscapi.dll

Deoptimization events (20 events):
Event: 11316.504 Thread 0x00000194b7884c30 Uncommon trap: trap_request=0xffffff45 fr.pc=0x00000194917fb404 relative=0x00000000000007e4
Event: 11316.504 Thread 0x00000194b7884c30 Uncommon trap: reason=unstable_if action=reinterpret pc=0x00000194917fb404 method=lombok.core.configuration.FileSystemSourceCache.parseIfNeccesary(Llombok/core/configuration/ConfigurationFile;Llombok/core/configuration/ConfigurationParser;)Llombok/core/co
Event: 11316.504 Thread 0x00000194b7884c30 DEOPT PACKING pc=0x00000194917fb404 sp=0x0000004f10ef95b0
Event: 11316.504 Thread 0x00000194b7884c30 DEOPT UNPACKING pc=0x000001948fba46a2 sp=0x0000004f10ef9558 mode 2
Event: 11316.539 Thread 0x00000194b7884c30 Uncommon trap: trap_request=0xffffffbe fr.pc=0x00000194917daa50 relative=0x0000000000007c70
Event: 11316.539 Thread 0x00000194b7884c30 Uncommon trap: reason=profile_predicate action=maybe_recompile pc=0x00000194917daa50 method=lombok.core.AST.buildWithCollection(Ljava/lang/Class;Ljava/lang/Object;Ljava/util/Collection;I)V @ 69 c2
Event: 11316.539 Thread 0x00000194b7884c30 DEOPT PACKING pc=0x00000194917daa50 sp=0x0000004f10ef9a80
Event: 11316.539 Thread 0x00000194b7884c30 DEOPT UNPACKING pc=0x000001948fba46a2 sp=0x0000004f10ef9680 mode 2
Event: 11316.580 Thread 0x00000194b7884c30 Uncommon trap: trap_request=0xffffffbe fr.pc=0x00000194917daa50 relative=0x0000000000007c70
Event: 11316.580 Thread 0x00000194b7884c30 Uncommon trap: reason=profile_predicate action=maybe_recompile pc=0x00000194917daa50 method=lombok.core.AST.buildWithCollection(Ljava/lang/Class;Ljava/lang/Object;Ljava/util/Collection;I)V @ 69 c2
Event: 11316.580 Thread 0x00000194b7884c30 DEOPT PACKING pc=0x00000194917daa50 sp=0x0000004f10ef9640
Event: 11316.580 Thread 0x00000194b7884c30 DEOPT UNPACKING pc=0x000001948fba46a2 sp=0x0000004f10ef9240 mode 2
Event: 11316.580 Thread 0x00000194b7884c30 Uncommon trap: trap_request=0xffffffbe fr.pc=0x00000194917daa50 relative=0x0000000000007c70
Event: 11316.580 Thread 0x00000194b7884c30 Uncommon trap: reason=profile_predicate action=maybe_recompile pc=0x00000194917daa50 method=lombok.core.AST.buildWithCollection(Ljava/lang/Class;Ljava/lang/Object;Ljava/util/Collection;I)V @ 69 c2
Event: 11316.580 Thread 0x00000194b7884c30 DEOPT PACKING pc=0x00000194917daa50 sp=0x0000004f10ef97a0
Event: 11316.580 Thread 0x00000194b7884c30 DEOPT UNPACKING pc=0x000001948fba46a2 sp=0x0000004f10ef93a0 mode 2
Event: 11316.580 Thread 0x00000194b7884c30 Uncommon trap: trap_request=0xffffffbe fr.pc=0x00000194917daa50 relative=0x0000000000007c70
Event: 11316.580 Thread 0x00000194b7884c30 Uncommon trap: reason=profile_predicate action=maybe_recompile pc=0x00000194917daa50 method=lombok.core.AST.buildWithCollection(Ljava/lang/Class;Ljava/lang/Object;Ljava/util/Collection;I)V @ 69 c2
Event: 11316.580 Thread 0x00000194b7884c30 DEOPT PACKING pc=0x00000194917daa50 sp=0x0000004f10ef90f0
Event: 11316.580 Thread 0x00000194b7884c30 DEOPT UNPACKING pc=0x000001948fba46a2 sp=0x0000004f10ef8cf0 mode 2

Classes loaded (20 events):
Event: 2160.860 Loading class jdk/internal/module/IllegalAccessLogger
Event: 2160.860 Loading class jdk/internal/module/IllegalAccessLogger done
Event: 4302.307 Loading class java/io/CharArrayWriter
Event: 4302.309 Loading class java/io/CharArrayWriter done
Event: 4613.759 Loading class jdk/internal/module/IllegalAccessLogger
Event: 4613.759 Loading class jdk/internal/module/IllegalAccessLogger done
Event: 4614.983 Loading class java/util/regex/Pattern$LazyLoop
Event: 4614.994 Loading class java/util/regex/Pattern$LazyLoop done
Event: 4616.770 Loading class java/lang/invoke/MethodHandleImpl$CountingWrapper
Event: 4616.771 Loading class java/lang/invoke/MethodHandleImpl$CountingWrapper done
Event: 4616.785 Loading class java/util/stream/Nodes$IntFixedNodeBuilder
Event: 4616.786 Loading class java/util/stream/Node$Builder$OfInt
Event: 4616.786 Loading class java/util/stream/Node$Builder$OfInt done
Event: 4616.786 Loading class java/util/stream/Nodes$IntArrayNode
Event: 4616.787 Loading class java/util/stream/Nodes$IntArrayNode done
Event: 4616.787 Loading class java/util/stream/Nodes$IntFixedNodeBuilder done
Event: 4801.594 Loading class jdk/internal/module/IllegalAccessLogger
Event: 4801.594 Loading class jdk/internal/module/IllegalAccessLogger done
Event: 11312.272 Loading class jdk/internal/module/IllegalAccessLogger
Event: 11312.275 Loading class jdk/internal/module/IllegalAccessLogger done

Classes unloaded (20 events):
Event: 11308.964 Thread 0x000001949ac339b0 Unloading class 0x000001949c264800 'java/lang/invoke/LambdaForm$MH+0x000001949c264800'
Event: 11308.964 Thread 0x000001949ac339b0 Unloading class 0x000001949cafd000 'org/gradle/api/execution/TaskExecutionGraph$whenReady'
Event: 11308.964 Thread 0x000001949ac339b0 Unloading class 0x000001949c2b8400 'java/lang/invoke/LambdaForm$MH+0x000001949c2b8400'
Event: 11308.964 Thread 0x000001949ac339b0 Unloading class 0x000001949c2c0800 'java/lang/invoke/LambdaForm$MH+0x000001949c2c0800'
Event: 11308.964 Thread 0x000001949ac339b0 Unloading class 0x000001949cb60000 'org/gradle/api/plugins/ExtraPropertiesExtension$has'
Event: 11308.964 Thread 0x000001949ac339b0 Unloading class 0x000001949c304800 'java/lang/invoke/LambdaForm$MH+0x000001949c304800'
Event: 11308.964 Thread 0x000001949ac339b0 Unloading class 0x000001949c305000 'java/lang/invoke/LambdaForm$MH+0x000001949c305000'
Event: 11308.964 Thread 0x000001949ac339b0 Unloading class 0x000001949c333800 'java/lang/invoke/LambdaForm$MH+0x000001949c333800'
Event: 11308.964 Thread 0x000001949ac339b0 Unloading class 0x000001949c334000 'java/lang/invoke/LambdaForm$MH+0x000001949c334000'
Event: 11308.964 Thread 0x000001949ac339b0 Unloading class 0x000001949c3e0400 'java/lang/invoke/LambdaForm$MH+0x000001949c3e0400'
Event: 11308.964 Thread 0x000001949ac339b0 Unloading class 0x000001949c3e0800 'java/lang/invoke/LambdaForm$MH+0x000001949c3e0800'
Event: 11308.964 Thread 0x000001949ac339b0 Unloading class 0x000001949c429800 'java/lang/invoke/LambdaForm$MH+0x000001949c429800'
Event: 11308.964 Thread 0x000001949ac339b0 Unloading class 0x000001949c42b400 'java/lang/invoke/LambdaForm$MH+0x000001949c42b400'
Event: 11308.964 Thread 0x000001949ac339b0 Unloading class 0x000001949c42cc00 'java/lang/invoke/LambdaForm$MH+0x000001949c42cc00'
Event: 11308.964 Thread 0x000001949ac339b0 Unloading class 0x000001949c457400 'java/lang/invoke/LambdaForm$MH+0x000001949c457400'
Event: 11308.964 Thread 0x000001949ac339b0 Unloading class 0x000001949c459400 'java/lang/invoke/LambdaForm$MH+0x000001949c459400'
Event: 11308.964 Thread 0x000001949ac339b0 Unloading class 0x000001949c46c800 'java/lang/invoke/LambdaForm$MH+0x000001949c46c800'
Event: 11308.964 Thread 0x000001949ac339b0 Unloading class 0x000001949c46d400 'java/lang/invoke/LambdaForm$MH+0x000001949c46d400'
Event: 11308.964 Thread 0x000001949ac339b0 Unloading class 0x000001949c268800 'java/lang/invoke/LambdaForm$MH+0x000001949c268800'
Event: 11308.964 Thread 0x000001949ac339b0 Unloading class 0x000001949ca98800 'java/lang/invoke/LambdaForm$MH+0x000001949ca98800'

Classes redefined (0 events):
No events

Internal exceptions (20 events):
Event: 11311.741 Thread 0x00000194b7884c30 Exception <a 'sun/nio/fs/WindowsException'{0x00000000ec1823d8}> (0x00000000ec1823d8) 
thrown [s\src\hotspot\share\prims\jni.cpp, line 520]
Event: 11311.768 Thread 0x00000194b7884c30 Exception <a 'sun/nio/fs/WindowsException'{0x00000000ec01a098}> (0x00000000ec01a098) 
thrown [s\src\hotspot\share\prims\jni.cpp, line 520]
Event: 11311.769 Thread 0x00000194b7884c30 Exception <a 'sun/nio/fs/WindowsException'{0x00000000ec03bd00}> (0x00000000ec03bd00) 
thrown [s\src\hotspot\share\prims\jni.cpp, line 520]
Event: 11311.769 Thread 0x00000194b7884c30 Exception <a 'sun/nio/fs/WindowsException'{0x00000000ec043cc0}> (0x00000000ec043cc0) 
thrown [s\src\hotspot\share\prims\jni.cpp, line 520]
Event: 11311.777 Thread 0x00000194b7884c30 Exception <a 'sun/nio/fs/WindowsException'{0x00000000ec07ae58}> (0x00000000ec07ae58) 
thrown [s\src\hotspot\share\prims\jni.cpp, line 520]
Event: 11311.786 Thread 0x00000194b7884c30 Exception <a 'sun/nio/fs/WindowsException'{0x00000000ec0f3f30}> (0x00000000ec0f3f30) 
thrown [s\src\hotspot\share\prims\jni.cpp, line 520]
Event: 11311.905 Thread 0x00000194b7884c30 Exception <a 'sun/nio/fs/WindowsException'{0x00000000ebb412f0}> (0x00000000ebb412f0) 
thrown [s\src\hotspot\share\prims\jni.cpp, line 520]
Event: 11311.905 Thread 0x00000194b7884c30 Exception <a 'sun/nio/fs/WindowsException'{0x00000000ebb438c0}> (0x00000000ebb438c0) 
thrown [s\src\hotspot\share\prims\jni.cpp, line 520]
Event: 11311.905 Thread 0x00000194b7884c30 Exception <a 'sun/nio/fs/WindowsException'{0x00000000ebb45f38}> (0x00000000ebb45f38) 
thrown [s\src\hotspot\share\prims\jni.cpp, line 520]
Event: 11311.914 Thread 0x00000194b7884c30 Exception <a 'sun/nio/fs/WindowsException'{0x00000000ebbbf888}> (0x00000000ebbbf888) 
thrown [s\src\hotspot\share\prims\jni.cpp, line 520]
Event: 11311.914 Thread 0x00000194b7884c30 Exception <a 'sun/nio/fs/WindowsException'{0x00000000ebbcf8e8}> (0x00000000ebbcf8e8) 
thrown [s\src\hotspot\share\prims\jni.cpp, line 520]
Event: 11311.918 Thread 0x00000194b7884c30 Exception <a 'sun/nio/fs/WindowsException'{0x00000000ebbdf018}> (0x00000000ebbdf018) 
thrown [s\src\hotspot\share\prims\jni.cpp, line 520]
Event: 11311.920 Thread 0x00000194b7884c30 Exception <a 'sun/nio/fs/WindowsException'{0x00000000eba21390}> (0x00000000eba21390) 
thrown [s\src\hotspot\share\prims\jni.cpp, line 520]
Event: 11311.930 Thread 0x00000194b7884c30 Exception <a 'sun/nio/fs/WindowsException'{0x00000000eb912f68}> (0x00000000eb912f68) 
thrown [s\src\hotspot\share\prims\jni.cpp, line 520]
Event: 11311.976 Thread 0x00000194b7884c30 Exception <a 'sun/nio/fs/WindowsException'{0x00000000eb611a98}> (0x00000000eb611a98) 
thrown [s\src\hotspot\share\prims\jni.cpp, line 520]
Event: 11312.140 Thread 0x00000194b7884c30 Exception <a 'sun/nio/fs/WindowsException'{0x00000000eb6630a0}> (0x00000000eb6630a0) 
thrown [s\src\hotspot\share\prims\jni.cpp, line 520]
Event: 11314.920 Thread 0x00000194b7884c30 Exception <a 'java/lang/NoSuchMethodError'{0x00000000e8174860}: 'void java.lang.invoke.DelegatingMethodHandle$Holder.reinvoke_L(java.lang.Object, java.lang.Object, java.lang.Object, int)'> (0x00000000e8174860) 
thrown [s\src\hotspot\share\interpreter\linkResolver.cpp, line 773]
Event: 11315.069 Thread 0x00000194b7884c30 Exception <a 'java/lang/NoSuchMethodError'{0x00000000e81891e8}: 'java.lang.Object java.lang.invoke.DirectMethodHandle$Holder.invokeVirtual(java.lang.Object, java.lang.Object, long, java.lang.Object)'> (0x00000000e81891e8) 
thrown [s\src\hotspot\share\interpreter\linkResolver.cpp, line 773]
Event: 11315.069 Thread 0x00000194b7884c30 Exception <a 'java/lang/NoSuchMethodError'{0x00000000e818d468}: 'java.lang.Object java.lang.invoke.DelegatingMethodHandle$Holder.reinvoke_L(java.lang.Object, java.lang.Object, long, java.lang.Object)'> (0x00000000e818d468) 
thrown [s\src\hotspot\share\interpreter\linkResolver.cpp, line 773]
Event: 11317.077 Thread 0x00000194b7884c30 Exception <a 'sun/nio/fs/WindowsException'{0x00000000e694ba60}> (0x00000000e694ba60) 
thrown [s\src\hotspot\share\prims\jni.cpp, line 520]

ZGC Phase Switch (0 events):
No events

VM Operations (20 events):
Event: 11308.783 Executing VM operation: G1TryInitiateConcMark (G1 Humongous Allocation)
Event: 11308.819 Executing VM operation: G1TryInitiateConcMark (G1 Humongous Allocation) done
Event: 11308.956 Executing VM operation: G1PauseRemark
Event: 11309.177 Executing VM operation: G1PauseRemark done
Event: 11309.239 Executing VM operation: G1PauseCleanup
Event: 11309.240 Executing VM operation: G1PauseCleanup done
Event: 11310.250 Executing VM operation: Cleanup
Event: 11310.312 Executing VM operation: Cleanup done
Event: 11311.318 Executing VM operation: Cleanup
Event: 11311.320 Executing VM operation: Cleanup done
Event: 11312.334 Executing VM operation: Cleanup
Event: 11312.335 Executing VM operation: Cleanup done
Event: 11314.362 Executing VM operation: Cleanup
Event: 11314.363 Executing VM operation: Cleanup done
Event: 11315.373 Executing VM operation: Cleanup
Event: 11315.484 Executing VM operation: Cleanup done
Event: 11316.488 Executing VM operation: Cleanup
Event: 11316.503 Executing VM operation: Cleanup done
Event: 11317.171 Executing VM operation: G1CollectForAllocation (G1 Evacuation Pause)
Event: 11318.309 Executing VM operation: G1CollectForAllocation (G1 Evacuation Pause) done

Memory protections (0 events):
No events

Nmethod flushes (20 events):
Event: 11309.003 Thread 0x000001949ac339b0 flushing  nmethod 0x0000019489790e10
Event: 11309.003 Thread 0x000001949ac339b0 flushing  nmethod 0x0000019489d2a110
Event: 11309.003 Thread 0x000001949ac339b0 flushing  nmethod 0x0000019489edbb90
Event: 11309.003 Thread 0x000001949ac339b0 flushing  nmethod 0x000001948a089d10
Event: 11309.003 Thread 0x000001949ac339b0 flushing  nmethod 0x000001948a0ef910
Event: 11309.003 Thread 0x000001949ac339b0 flushing  nmethod 0x000001948a116410
Event: 11309.003 Thread 0x000001949ac339b0 flushing  nmethod 0x000001948a13e590
Event: 11309.003 Thread 0x000001949ac339b0 flushing  nmethod 0x000001948a4af890
Event: 11309.003 Thread 0x000001949ac339b0 flushing  nmethod 0x000001948a4b0290
Event: 11309.003 Thread 0x000001949ac339b0 flushing  nmethod 0x000001948a88fd10
Event: 11309.003 Thread 0x000001949ac339b0 flushing  nmethod 0x00000194887ba810
Event: 11309.003 Thread 0x000001949ac339b0 flushing  nmethod 0x00000194889e9b90
Event: 11309.003 Thread 0x000001949ac339b0 flushing  nmethod 0x0000019489069990
Event: 11309.003 Thread 0x000001949ac339b0 flushing  nmethod 0x0000019489486c10
Event: 11309.003 Thread 0x000001949ac339b0 flushing  nmethod 0x00000194897cbf10
Event: 11309.003 Thread 0x000001949ac339b0 flushing  nmethod 0x00000194899f2590
Event: 11309.003 Thread 0x000001949ac339b0 flushing  nmethod 0x0000019489ebe690
Event: 11309.003 Thread 0x000001949ac339b0 flushing  nmethod 0x000001948a33e890
Event: 11309.003 Thread 0x000001949ac339b0 flushing  nmethod 0x000001948a341510
Event: 11309.003 Thread 0x000001949ac339b0 flushing  nmethod 0x000001948a48c010

Events (20 events):
Event: 11307.729 Thread 0x00000194b9183870 Thread added: 0x00000194b7881120
Event: 11307.731 Thread 0x00000194b9183870 Thread added: 0x00000194b7885fe0
Event: 11307.734 Thread 0x00000194b9183870 Thread added: 0x00000194b787fd70
Event: 11307.736 Thread 0x00000194b9183870 Thread added: 0x00000194b78831f0
Event: 11307.743 Thread 0x00000194b9183870 Thread added: 0x00000194b7880400
Event: 11307.744 Thread 0x00000194b9183870 Thread added: 0x00000194b78817b0
Event: 11308.079 Thread 0x00000194ba2c4a00 Thread exited: 0x00000194ba2c4a00
Event: 11308.124 Thread 0x00000194b9183870 Thread added: 0x00000194b78845a0
Event: 11308.128 Thread 0x00000194b78845a0 Thread added: 0x00000194b7884c30
Event: 11308.128 Thread 0x00000194b78845a0 Thread added: 0x00000194b78852c0
Event: 11308.129 Thread 0x00000194b78845a0 Thread added: 0x00000194b91817a0
Event: 11308.129 Thread 0x00000194b7884c30 Thread added: 0x00000194b9185940
Event: 11308.362 Thread 0x00000194b7884c30 Thread added: 0x00000194b9185fd0
Event: 11308.362 Thread 0x00000194b7884c30 Thread added: 0x00000194b917f040
Event: 11308.362 Thread 0x00000194b7884c30 Thread added: 0x00000194b917f6d0
Event: 11310.002 Thread 0x000001949ac601f0 Thread added: 0x00000194b9a05e70
Event: 11310.662 Thread 0x00000194b9a05e70 Thread exited: 0x00000194b9a05e70
Event: 11310.839 Thread 0x00000194b59f3b30 Thread added: 0x00000194b91803f0
Event: 11314.572 Thread 0x000001949ac601f0 Thread added: 0x00000194b9a04a00
Event: 11315.880 Thread 0x00000194b9a04a00 Thread exited: 0x00000194b9a04a00


Dynamic libraries:
0x00007ff6a3f10000 - 0x00007ff6a3f1e000 	C:\Users\ASUS\.jdks\corretto-21.0.4\bin\java.exe
0x00007ffb22c50000 - 0x00007ffb22e48000 	C:\Windows\SYSTEM32\ntdll.dll
0x00007ffb20db0000 - 0x00007ffb20e6f000 	C:\Windows\System32\KERNEL32.DLL
0x00007ffb207f0000 - 0x00007ffb20ac2000 	C:\Windows\System32\KERNELBASE.dll
0x00007ffb20340000 - 0x00007ffb20440000 	C:\Windows\System32\ucrtbase.dll
0x00007ffb1c040000 - 0x00007ffb1c058000 	C:\Users\ASUS\.jdks\corretto-21.0.4\bin\jli.dll
0x00007ffb1b510000 - 0x00007ffb1b52b000 	C:\Users\ASUS\.jdks\corretto-21.0.4\bin\VCRUNTIME140.dll
0x00007ffb228c0000 - 0x00007ffb22a61000 	C:\Windows\System32\USER32.dll
0x00007ffb20b80000 - 0x00007ffb20ba2000 	C:\Windows\System32\win32u.dll
0x00007ffb0dcf0000 - 0x00007ffb0df8a000 	C:\Windows\WinSxS\amd64_microsoft.windows.common-controls_6595b64144ccf1df_6.0.19041.1110_none_60b5254171f9507e\COMCTL32.dll
0x00007ffb225f0000 - 0x00007ffb2261b000 	C:\Windows\System32\GDI32.dll
0x00007ffb21a90000 - 0x00007ffb21b2e000 	C:\Windows\System32\msvcrt.dll
0x00007ffb206b0000 - 0x00007ffb207bf000 	C:\Windows\System32\gdi32full.dll
0x00007ffb20440000 - 0x00007ffb204dd000 	C:\Windows\System32\msvcp_win.dll
0x00007ffb22a70000 - 0x00007ffb22aa2000 	C:\Windows\System32\IMM32.DLL
0x00007ffb1c030000 - 0x00007ffb1c03c000 	C:\Users\ASUS\.jdks\corretto-21.0.4\bin\vcruntime140_1.dll
0x00007ffb06ac0000 - 0x00007ffb06b4d000 	C:\Users\ASUS\.jdks\corretto-21.0.4\bin\msvcp140.dll
0x00007ffaf85f0000 - 0x00007ffaf9386000 	C:\Users\ASUS\.jdks\corretto-21.0.4\bin\server\jvm.dll
0x00007ffb22b60000 - 0x00007ffb22c0e000 	C:\Windows\System32\ADVAPI32.dll
0x00007ffb20e70000 - 0x00007ffb20f0c000 	C:\Windows\System32\sechost.dll
0x00007ffb21e20000 - 0x00007ffb21f45000 	C:\Windows\System32\RPCRT4.dll
0x00007ffb216c0000 - 0x00007ffb2172b000 	C:\Windows\System32\WS2_32.dll
0x00007ffb1f8b0000 - 0x00007ffb1f8fb000 	C:\Windows\SYSTEM32\POWRPROF.dll
0x00007ffb17280000 - 0x00007ffb172a7000 	C:\Windows\SYSTEM32\WINMM.dll
0x00007ffb1ab00000 - 0x00007ffb1ab0a000 	C:\Windows\SYSTEM32\VERSION.dll
0x00007ffb1f780000 - 0x00007ffb1f792000 	C:\Windows\SYSTEM32\UMPDC.dll
0x00007ffb1e200000 - 0x00007ffb1e212000 	C:\Windows\SYSTEM32\kernel.appcore.dll
0x00007ffb1acc0000 - 0x00007ffb1acca000 	C:\Users\ASUS\.jdks\corretto-21.0.4\bin\jimage.dll
0x00007ffb0acb0000 - 0x00007ffb0ae94000 	C:\Windows\SYSTEM32\DBGHELP.DLL
0x00007ffb09c00000 - 0x00007ffb09c35000 	C:\Windows\SYSTEM32\dbgcore.DLL
0x00007ffb20c00000 - 0x00007ffb20c82000 	C:\Windows\System32\bcryptPrimitives.dll
0x00007ffb1acb0000 - 0x00007ffb1acbe000 	C:\Users\ASUS\.jdks\corretto-21.0.4\bin\instrument.dll
0x00007ffb1ac90000 - 0x00007ffb1acaf000 	C:\Users\ASUS\.jdks\corretto-21.0.4\bin\java.dll
0x00007ffb20f10000 - 0x00007ffb21655000 	C:\Windows\System32\SHELL32.dll
0x00007ffb1e400000 - 0x00007ffb1eb92000 	C:\Windows\SYSTEM32\windows.storage.dll
0x00007ffb21730000 - 0x00007ffb21a85000 	C:\Windows\System32\combase.dll
0x00007ffb1fda0000 - 0x00007ffb1fdd0000 	C:\Windows\SYSTEM32\Wldp.dll
0x00007ffb21d70000 - 0x00007ffb21e1d000 	C:\Windows\System32\SHCORE.dll
0x00007ffb22860000 - 0x00007ffb228b5000 	C:\Windows\System32\shlwapi.dll
0x00007ffb20280000 - 0x00007ffb2029f000 	C:\Windows\SYSTEM32\profapi.dll
0x00007ffaed750000 - 0x00007ffaed827000 	C:\Users\ASUS\.jdks\corretto-21.0.4\bin\jsvml.dll
0x00007ffb1abd0000 - 0x00007ffb1abe8000 	C:\Users\ASUS\.jdks\corretto-21.0.4\bin\zip.dll
0x00007ffb1ac80000 - 0x00007ffb1ac90000 	C:\Users\ASUS\.jdks\corretto-21.0.4\bin\net.dll
0x00007ffb197e0000 - 0x00007ffb198ec000 	C:\Windows\SYSTEM32\WINHTTP.dll
0x00007ffb1fb00000 - 0x00007ffb1fb6a000 	C:\Windows\system32\mswsock.dll
0x00007ffb19360000 - 0x00007ffb19376000 	C:\Users\ASUS\.jdks\corretto-21.0.4\bin\nio.dll
0x00007ffb1abc0000 - 0x00007ffb1abd0000 	C:\Users\ASUS\.jdks\corretto-21.0.4\bin\verify.dll
0x00007ffb1c060000 - 0x00007ffb1c087000 	C:\Users\ASUS\.gradle\native\c067742578af261105cb4f569cf0c3c89f3d7b1fecec35dd04571415982c5e48\windows-amd64\native-platform.dll
0x00007ffa9b9f0000 - 0x00007ffa9bb34000 	C:\Users\ASUS\.gradle\native\100fb08df4bc3b14c8652ba06237920a3bd2aa13389f12d3474272988ae205f9\windows-amd64\native-platform-file-events.dll
0x00007ffb088a0000 - 0x00007ffb088a9000 	C:\Users\ASUS\.jdks\corretto-21.0.4\bin\management.dll
0x00007ffb08890000 - 0x00007ffb0889b000 	C:\Users\ASUS\.jdks\corretto-21.0.4\bin\management_ext.dll
0x00007ffb22620000 - 0x00007ffb22628000 	C:\Windows\System32\PSAPI.DLL
0x00007ffb1fcf0000 - 0x00007ffb1fd08000 	C:\Windows\SYSTEM32\CRYPTSP.dll
0x00007ffb1f340000 - 0x00007ffb1f374000 	C:\Windows\system32\rsaenh.dll
0x00007ffb207c0000 - 0x00007ffb207e7000 	C:\Windows\System32\bcrypt.dll
0x00007ffb20240000 - 0x00007ffb2026e000 	C:\Windows\SYSTEM32\USERENV.dll
0x00007ffb1fd10000 - 0x00007ffb1fd1c000 	C:\Windows\SYSTEM32\CRYPTBASE.dll
0x00007ffb1f7a0000 - 0x00007ffb1f7db000 	C:\Windows\SYSTEM32\IPHLPAPI.DLL
0x00007ffb21b30000 - 0x00007ffb21b38000 	C:\Windows\System32\NSI.dll
0x00007ffb08880000 - 0x00007ffb08889000 	C:\Users\ASUS\.jdks\corretto-21.0.4\bin\extnet.dll
0x00007ffb08870000 - 0x00007ffb0887e000 	C:\Users\ASUS\.jdks\corretto-21.0.4\bin\sunmscapi.dll
0x00007ffb20550000 - 0x00007ffb206a6000 	C:\Windows\System32\CRYPT32.dll
0x00007ffb1fe10000 - 0x00007ffb1fe37000 	C:\Windows\SYSTEM32\ncrypt.dll
0x00007ffb1fdd0000 - 0x00007ffb1fe0b000 	C:\Windows\SYSTEM32\NTASN1.dll
0x00007ffb16c30000 - 0x00007ffb16c37000 	C:\Windows\system32\wshunix.dll
0x00007ffb1f4d0000 - 0x00007ffb1f503000 	C:\Windows\SYSTEM32\ntmarta.dll

dbghelp: loaded successfully - version: 4.0.5 - missing functions: none
symbol engine: initialized successfully - sym options: 0x614 - pdb path: .;C:\Users\ASUS\.jdks\corretto-21.0.4\bin;C:\Windows\SYSTEM32;C:\Windows\WinSxS\amd64_microsoft.windows.common-controls_6595b64144ccf1df_6.0.19041.1110_none_60b5254171f9507e;C:\Users\ASUS\.jdks\corretto-21.0.4\bin\server;C:\Users\ASUS\.gradle\native\c067742578af261105cb4f569cf0c3c89f3d7b1fecec35dd04571415982c5e48\windows-amd64;C:\Users\ASUS\.gradle\native\100fb08df4bc3b14c8652ba06237920a3bd2aa13389f12d3474272988ae205f9\windows-amd64

VM Arguments:
jvm_args: --add-opens=java.base/java.lang=ALL-UNNAMED --add-opens=java.base/java.lang.invoke=ALL-UNNAMED --add-opens=java.base/java.util=ALL-UNNAMED --add-opens=java.prefs/java.util.prefs=ALL-UNNAMED --add-exports=jdk.compiler/com.sun.tools.javac.api=ALL-UNNAMED --add-exports=jdk.compiler/com.sun.tools.javac.util=ALL-UNNAMED --add-opens=java.base/java.util=ALL-UNNAMED --add-opens=java.prefs/java.util.prefs=ALL-UNNAMED --add-opens=java.base/java.nio.charset=ALL-UNNAMED --add-opens=java.base/java.net=ALL-UNNAMED --add-opens=java.base/java.util.concurrent.atomic=ALL-UNNAMED --add-opens=java.xml/javax.xml.namespace=ALL-UNNAMED -XX:MaxMetaspaceSize=384m -XX:+HeapDumpOnOutOfMemoryError -Xms256m -Xmx512m -Dfile.encoding=windows-1252 -Duser.country=US -Duser.language=en -Duser.variant -javaagent:C:\Users\ASUS\.gradle\wrapper\dists\gradle-8.11.1-bin\bpt9gzteqjrbo1mjrsomdt32c\gradle-8.11.1\lib\agents\gradle-instrumentation-agent-8.11.1.jar 
java_command: org.gradle.launcher.daemon.bootstrap.GradleDaemon 8.11.1
java_class_path (initial): C:\Users\ASUS\.gradle\wrapper\dists\gradle-8.11.1-bin\bpt9gzteqjrbo1mjrsomdt32c\gradle-8.11.1\lib\gradle-daemon-main-8.11.1.jar
Launcher Type: SUN_STANDARD

[Global flags]
     intx CICompilerCount                          = 3                                         {product} {ergonomic}
   size_t CompressedClassSpaceSize                 = 335544320                                 {product} {ergonomic}
     uint ConcGCThreads                            = 1                                         {product} {ergonomic}
     uint G1ConcRefinementThreads                  = 4                                         {product} {ergonomic}
   size_t G1HeapRegionSize                         = 1048576                                   {product} {ergonomic}
    uintx GCDrainStackTargetSize                   = 64                                        {product} {ergonomic}
     bool HeapDumpOnOutOfMemoryError               = true                                   {manageable} {command line}
   size_t InitialHeapSize                          = 268435456                                 {product} {command line}
   size_t MarkStackSize                            = 4194304                                   {product} {ergonomic}
   size_t MaxHeapSize                              = 536870912                                 {product} {command line}
   size_t MaxMetaspaceSize                         = 402653184                                 {product} {command line}
   size_t MaxNewSize                               = 321912832                                 {product} {ergonomic}
   size_t MinHeapDeltaBytes                        = 1048576                                   {product} {ergonomic}
   size_t MinHeapSize                              = 268435456                                 {product} {command line}
    uintx NonNMethodCodeHeapSize                   = 5832780                                {pd product} {ergonomic}
    uintx NonProfiledCodeHeapSize                  = 122912730                              {pd product} {ergonomic}
    uintx ProfiledCodeHeapSize                     = 122912730                              {pd product} {ergonomic}
    uintx ReservedCodeCacheSize                    = 251658240                              {pd product} {ergonomic}
     bool SegmentedCodeCache                       = true                                      {product} {ergonomic}
   size_t SoftMaxHeapSize                          = 536870912                              {manageable} {ergonomic}
     bool UseCompressedOops                        = true                           {product lp64_product} {ergonomic}
     bool UseG1GC                                  = true                                      {product} {ergonomic}
     bool UseLargePagesIndividualAllocation        = false                                  {pd product} {ergonomic}

Logging:
Log output configuration:
 #0: stdout all=warning uptime,level,tags foldmultilines=false
 #1: stderr all=off uptime,level,tags foldmultilines=false

Environment Variables:
PATH=C:\Windows\system32;C:\Windows;C:\Windows\System32\Wbem;C:\Windows\System32\WindowsPowerShell\v1.0\;C:\Windows\System32\OpenSSH\;C:\Program Files\Git\cmd;C:\Users\ASUS\AppData\Local\Microsoft\WindowsApps;;D:\WebStorm 2024.1.5\bin;
USERNAME=ASUS
OS=Windows_NT
PROCESSOR_IDENTIFIER=Intel64 Family 6 Model 158 Stepping 9, GenuineIntel
TMP=C:\Users\ASUS\AppData\Local\Temp
TEMP=C:\Users\ASUS\AppData\Local\Temp




Periodic native trim disabled

---------------  S Y S T E M  ---------------

OS:
 Windows 10 , 64 bit Build 19041 (10.0.19041.2546)
OS uptime: 1 days 1:47 hours

CPU: total 4 (initial active 4) (4 cores per cpu, 1 threads per core) family 6 model 158 stepping 9 microcode 0xb4, cx8, cmov, fxsr, mmx, 3dnowpref, sse, sse2, sse3, ssse3, sse4.1, sse4.2, popcnt, lzcnt, tsc, tscinvbit, avx, avx2, aes, erms, clmul, bmi1, bmi2, adx, fma, vzeroupper, clflush, clflushopt, rdtscp, f16c
Processor Information for all 4 processors :
  Max Mhz: 2501, Current Mhz: 2501, Mhz Limit: 2501

Memory: 4k page, system-wide physical 8076M (486M free)
TotalPageFile size 16542M (AvailPageFile size 29M)
current process WorkingSet (physical memory assigned to process): 452M, peak: 501M
current process commit charge ("private bytes"): 587M, peak: 611M

vm_info: OpenJDK 64-Bit Server VM (21.0.4+7-LTS) for windows-amd64 JRE (21.0.4+7-LTS), built on 2024-07-10T17:34:29Z by "Administrator" with MS VC++ 16.10 / 16.11 (VS2019)

END.
